15:16:00 nid00234 SmartSim[6691] INFO Connecting clients
SmartRedis Library@15-16-00:WARNING: Environment variable SR_LOG_FILE is not set. Defaulting to stdout
SmartRedis Library@15-16-00:WARNING: Environment variable SR_LOG_LEVEL is not set. Defaulting to INFO
Connecting clients
Consuming list 0
15:16:00 nid00234 SmartSim[6691] INFO Consuming list 0
Consuming list 1
15:16:00 nid00234 SmartSim[6691] INFO Consuming list 1
Consuming list 2
15:16:02 nid00234 SmartSim[6691] INFO Consuming list 2
Consuming list 3
15:16:04 nid00234 SmartSim[6691] INFO Consuming list 3
Consuming list 4
15:16:06 nid00234 SmartSim[6691] INFO Consuming list 4
Consuming list 5
15:16:07 nid00234 SmartSim[6691] INFO Consuming list 5
Consuming list 6
15:16:08 nid00234 SmartSim[6691] INFO Consuming list 6
Consuming list 7
15:16:09 nid00234 SmartSim[6691] INFO Consuming list 7
Consuming list 8
15:16:10 nid00234 SmartSim[6691] INFO Consuming list 8
Consuming list 9
15:16:11 nid00234 SmartSim[6691] INFO Consuming list 9
Consuming list 10
15:16:13 nid00234 SmartSim[6691] INFO Consuming list 10
Consuming list 11
15:16:14 nid00234 SmartSim[6691] INFO Consuming list 11
Consuming list 12
15:16:15 nid00234 SmartSim[6691] INFO Consuming list 12
Consuming list 13
15:16:16 nid00234 SmartSim[6691] INFO Consuming list 13
Consuming list 14
15:16:17 nid00234 SmartSim[6691] INFO Consuming list 14
Consuming list 15
15:16:19 nid00234 SmartSim[6691] INFO Consuming list 15
Consuming list 16
15:16:20 nid00234 SmartSim[6691] INFO Consuming list 16
Consuming list 17
15:16:21 nid00234 SmartSim[6691] INFO Consuming list 17
Consuming list 18
15:16:22 nid00234 SmartSim[6691] INFO Consuming list 18
Consuming list 19
15:16:23 nid00234 SmartSim[6691] INFO Consuming list 19
Consuming list 20
15:16:24 nid00234 SmartSim[6691] INFO Consuming list 20
Consuming list 21
15:16:25 nid00234 SmartSim[6691] INFO Consuming list 21
Consuming list 22
15:16:26 nid00234 SmartSim[6691] INFO Consuming list 22
Consuming list 23
15:16:28 nid00234 SmartSim[6691] INFO Consuming list 23
Consuming list 24
15:16:29 nid00234 SmartSim[6691] INFO Consuming list 24
Consuming list 25
15:16:30 nid00234 SmartSim[6691] INFO Consuming list 25
Consuming list 26
15:16:31 nid00234 SmartSim[6691] INFO Consuming list 26
Consuming list 27
15:16:32 nid00234 SmartSim[6691] INFO Consuming list 27
Consuming list 28
15:16:33 nid00234 SmartSim[6691] INFO Consuming list 28
Consuming list 29
15:16:34 nid00234 SmartSim[6691] INFO Consuming list 29
Consuming list 30
15:16:35 nid00234 SmartSim[6691] INFO Consuming list 30
Consuming list 31
15:16:36 nid00234 SmartSim[6691] INFO Consuming list 31
Consuming list 32
15:16:37 nid00234 SmartSim[6691] INFO Consuming list 32
Consuming list 33
15:16:39 nid00234 SmartSim[6691] INFO Consuming list 33
Consuming list 34
15:16:40 nid00234 SmartSim[6691] INFO Consuming list 34
Consuming list 35
15:16:41 nid00234 SmartSim[6691] INFO Consuming list 35
Consuming list 36
15:16:42 nid00234 SmartSim[6691] INFO Consuming list 36
Consuming list 37
15:16:43 nid00234 SmartSim[6691] INFO Consuming list 37
Consuming list 38
15:16:45 nid00234 SmartSim[6691] INFO Consuming list 38
Consuming list 39
15:16:46 nid00234 SmartSim[6691] INFO Consuming list 39
Consuming list 40
15:16:47 nid00234 SmartSim[6691] INFO Consuming list 40
Consuming list 41
15:16:49 nid00234 SmartSim[6691] INFO Consuming list 41
Consuming list 42
15:16:51 nid00234 SmartSim[6691] INFO Consuming list 42
Consuming list 43
15:16:53 nid00234 SmartSim[6691] INFO Consuming list 43
Consuming list 44
15:16:55 nid00234 SmartSim[6691] INFO Consuming list 44
Consuming list 45
15:16:55 nid00234 SmartSim[6691] INFO Consuming list 45
Consuming list 46
15:16:57 nid00234 SmartSim[6691] INFO Consuming list 46
Consuming list 47
15:16:58 nid00234 SmartSim[6691] INFO Consuming list 47
Consuming list 48
15:16:59 nid00234 SmartSim[6691] INFO Consuming list 48
Consuming list 49
15:17:00 nid00234 SmartSim[6691] INFO Consuming list 49
Consuming list 50
15:17:02 nid00234 SmartSim[6691] INFO Consuming list 50
Consuming list 51
15:17:03 nid00234 SmartSim[6691] INFO Consuming list 51
Consuming list 52
15:17:04 nid00234 SmartSim[6691] INFO Consuming list 52
Consuming list 53
15:17:05 nid00234 SmartSim[6691] INFO Consuming list 53
Consuming list 54
15:17:06 nid00234 SmartSim[6691] INFO Consuming list 54
Consuming list 55
15:17:07 nid00234 SmartSim[6691] INFO Consuming list 55
Consuming list 56
15:17:08 nid00234 SmartSim[6691] INFO Consuming list 56
Consuming list 57
15:17:09 nid00234 SmartSim[6691] INFO Consuming list 57
Consuming list 58
15:17:10 nid00234 SmartSim[6691] INFO Consuming list 58
Consuming list 59
15:17:11 nid00234 SmartSim[6691] INFO Consuming list 59
Consuming list 60
15:17:13 nid00234 SmartSim[6691] INFO Consuming list 60
Consuming list 61
15:17:14 nid00234 SmartSim[6691] INFO Consuming list 61
Consuming list 62
15:17:15 nid00234 SmartSim[6691] INFO Consuming list 62
Consuming list 63
15:17:16 nid00234 SmartSim[6691] INFO Consuming list 63
Consuming list 64
15:17:17 nid00234 SmartSim[6691] INFO Consuming list 64
Consuming list 65
15:17:18 nid00234 SmartSim[6691] INFO Consuming list 65
Consuming list 66
15:17:19 nid00234 SmartSim[6691] INFO Consuming list 66
Consuming list 67
15:17:20 nid00234 SmartSim[6691] INFO Consuming list 67
Consuming list 68
15:17:21 nid00234 SmartSim[6691] INFO Consuming list 68
Consuming list 69
15:17:23 nid00234 SmartSim[6691] INFO Consuming list 69
Consuming list 70
15:17:24 nid00234 SmartSim[6691] INFO Consuming list 70
Consuming list 71
15:17:25 nid00234 SmartSim[6691] INFO Consuming list 71
Consuming list 72
15:17:26 nid00234 SmartSim[6691] INFO Consuming list 72
Consuming list 73
15:17:27 nid00234 SmartSim[6691] INFO Consuming list 73
Consuming list 74
15:17:28 nid00234 SmartSim[6691] INFO Consuming list 74
Consuming list 75
15:17:29 nid00234 SmartSim[6691] INFO Consuming list 75
Consuming list 76
15:17:31 nid00234 SmartSim[6691] INFO Consuming list 76
Consuming list 77
15:17:32 nid00234 SmartSim[6691] INFO Consuming list 77
Consuming list 78
15:17:33 nid00234 SmartSim[6691] INFO Consuming list 78
Consuming list 79
15:17:34 nid00234 SmartSim[6691] INFO Consuming list 79
Consuming list 80
15:17:35 nid00234 SmartSim[6691] INFO Consuming list 80
Consuming list 81
15:17:36 nid00234 SmartSim[6691] INFO Consuming list 81
Consuming list 82
15:17:37 nid00234 SmartSim[6691] INFO Consuming list 82
Consuming list 83
15:17:39 nid00234 SmartSim[6691] INFO Consuming list 83
Consuming list 84
15:17:40 nid00234 SmartSim[6691] INFO Consuming list 84
Consuming list 85
15:17:41 nid00234 SmartSim[6691] INFO Consuming list 85
Consuming list 86
15:17:42 nid00234 SmartSim[6691] INFO Consuming list 86
Consuming list 87
15:17:43 nid00234 SmartSim[6691] INFO Consuming list 87
Consuming list 88
15:17:45 nid00234 SmartSim[6691] INFO Consuming list 88
Consuming list 89
15:17:46 nid00234 SmartSim[6691] INFO Consuming list 89
Consuming list 90
15:17:47 nid00234 SmartSim[6691] INFO Consuming list 90
Consuming list 91
15:17:48 nid00234 SmartSim[6691] INFO Consuming list 91
Consuming list 92
15:17:49 nid00234 SmartSim[6691] INFO Consuming list 92
Consuming list 93
15:17:50 nid00234 SmartSim[6691] INFO Consuming list 93
Consuming list 94
15:17:52 nid00234 SmartSim[6691] INFO Consuming list 94
Consuming list 95
15:17:53 nid00234 SmartSim[6691] INFO Consuming list 95
Consuming list 96
15:17:54 nid00234 SmartSim[6691] INFO Consuming list 96
Consuming list 97
15:17:55 nid00234 SmartSim[6691] INFO Consuming list 97
Consuming list 98
15:17:56 nid00234 SmartSim[6691] INFO Consuming list 98
Consuming list 99
15:17:57 nid00234 SmartSim[6691] INFO Consuming list 99
15:17:59 nid00234 SmartSim[6691] INFO Finished aggregation scaling py consumer.

Finished aggregation scaling py consumer.

