SmartRedis Library@15-05-31:WARNING: Environment variable SR_LOG_FILE is not set. Defaulting to stdout
SmartRedis Library@15-05-31:WARNING: Environment variable SR_LOG_LEVEL is not set. Defaulting to INFO
SmartRedis Library@15-05-31:WARNING: Environment variable SR_LOG_FILE is not set. Defaulting to stdout
SmartRedis Library@15-05-31:WARNING: Environment variable SR_LOG_LEVEL is not set. Defaulting to INFO
SmartRedis Library@15-05-31:WARNING: Environment variable SR_LOG_FILE is not set. Defaulting to stdout
SmartRedis Library@15-05-31:WARNING: Environment variable SR_LOG_LEVEL is not set. Defaulting to INFO
SmartRedis Library@15-05-31:WARNING: Environment variable SR_LOG_FILE is not set. Defaulting to stdout
SmartRedis Library@15-05-31:WARNING: Environment variable SR_LOG_LEVEL is not set. Defaulting to INFO
SmartRedis Library@15-05-31:WARNING: Environment variable SR_LOG_FILE is not set. Defaulting to stdout
SmartRedis Library@15-05-31:WARNING: Environment variable SR_LOG_LEVEL is not set. Defaulting to INFO
SmartRedis Library@15-05-31:WARNING: Environment variable SR_LOG_FILE is not set. Defaulting to stdout
SmartRedis Library@15-05-31:WARNING: Environment variable SR_LOG_LEVEL is not set. Defaulting to INFO
SmartRedis Library@15-05-31:WARNING: Environment variable SR_LOG_FILE is not set. Defaulting to stdout
SmartRedis Library@15-05-31:WARNING: Environment variable SR_LOG_LEVEL is not set. Defaulting to INFO
SmartRedis Library@15-05-31:WARNING: Environment variable SR_LOG_FILE is not set. Defaulting to stdout
SmartRedis Library@15-05-31:WARNING: Environment variable SR_LOG_FILE is not set. Defaulting to stdout
SmartRedis Library@15-05-31:WARNING: Environment variable SR_LOG_LEVEL is not set. Defaulting to INFO
SmartRedis Library@15-05-31:WARNING: Environment variable SR_LOG_FILE is not set. Defaulting to stdout
SmartRedis Library@15-05-31:WARNING: Environment variable SR_LOG_LEVEL is not set. Defaulting to INFO
SmartRedis Library@15-05-31:WARNING: Environment variable SR_LOG_FILE is not set. Defaulting to stdout
SmartRedis Library@15-05-31:WARNING: Environment variable SR_LOG_LEVEL is not set. Defaulting to INFO
SmartRedis Library@15-05-31:WARNING: Environment variable SR_LOG_FILE is not set. Defaulting to stdout
SmartRedis Library@15-05-31:WARNING: Environment variable SR_LOG_LEVEL is not set. Defaulting to INFO
SmartRedis Library@15-05-31:WARNING: Environment variable SR_LOG_FILE is not set. Defaulting to stdout
SmartRedis Library@15-05-31:WARNING: Environment variable SR_LOG_LEVEL is not set. Defaulting to INFO
SmartRedis Library@15-05-31:WARNING: Environment variable SR_LOG_FILE is not set. Defaulting to stdout
SmartRedis Library@15-05-31:WARNING: Environment variable SR_LOG_LEVEL is not set. Defaulting to INFO
SmartRedis Library@15-05-31:WARNING: Environment variable SR_LOG_FILE is not set. Defaulting to stdout
SmartRedis Library@15-05-31:WARNING: Environment variable SR_LOG_LEVEL is not set. Defaulting to INFO
SmartRedis Library@15-05-31:WARNING: Environment variable SR_LOG_FILE is not set. Defaulting to stdout
SmartRedis Library@15-05-31:WARNING: Environment variable SR_LOG_LEVEL is not set. Defaulting to INFO
SmartRedis Library@15-05-31:WARNING: Environment variable SR_LOG_FILE is not set. Defaulting to stdout
SmartRedis Library@15-05-31:WARNING: Environment variable SR_LOG_LEVEL is not set. Defaulting to INFO
SmartRedis Library@15-05-31:WARNING: Environment variable SR_LOG_FILE is not set. Defaulting to stdout
SmartRedis Library@15-05-31:WARNING: Environment variable SR_LOG_LEVEL is not set. Defaulting to INFO
SmartRedis Library@15-05-31:WARNING: Environment variable SR_LOG_FILE is not set. Defaulting to stdout
SmartRedis Library@15-05-31:WARNING: Environment variable SR_LOG_LEVEL is not set. Defaulting to INFO
SmartRedis Library@15-05-31:WARNING: Environment variable SR_LOG_FILE is not set. Defaulting to stdout
SmartRedis Library@15-05-31:WARNING: Environment variable SR_LOG_LEVEL is not set. Defaulting to INFO
SmartRedis Library@15-05-31:WARNING: Environment variable SR_LOG_FILE is not set. Defaulting to stdout
SmartRedis Library@15-05-31:WARNING: Environment variable SR_LOG_LEVEL is not set. Defaulting to INFO
SmartRedis Library@15-05-31:WARNING: Environment variable SR_LOG_FILE is not set. Defaulting to stdout
SmartRedis Library@15-05-31:WARNING: Environment variable SR_LOG_LEVEL is not set. Defaulting to INFO
SmartRedis Library@15-05-31:WARNING: Environment variable SR_LOG_FILE is not set. Defaulting to stdout
SmartRedis Library@15-05-31:WARNING: Environment variable SR_LOG_LEVEL is not set. Defaulting to INFO
SmartRedis Library@15-05-31:WARNING: Environment variable SR_LOG_FILE is not set. Defaulting to stdout
SmartRedis Library@15-05-31:WARNING: Environment variable SR_LOG_LEVEL is not set. Defaulting to INFO
SmartRedis Library@15-05-31:WARNING: Environment variable SR_LOG_FILE is not set. Defaulting to stdout
SmartRedis Library@15-05-31:WARNING: Environment variable SR_LOG_LEVEL is not set. Defaulting to INFO
SmartRedis Library@15-05-31:WARNING: Environment variable SR_LOG_FILE is not set. Defaulting to stdout
SmartRedis Library@15-05-31:WARNING: Environment variable SR_LOG_LEVEL is not set. Defaulting to INFO
SmartRedis Library@15-05-31:WARNING: Environment variable SR_LOG_FILE is not set. Defaulting to stdout
SmartRedis Library@15-05-31:WARNING: Environment variable SR_LOG_LEVEL is not set. Defaulting to INFO
SmartRedis Library@15-05-31:WARNING: Environment variable SR_LOG_FILE is not set. Defaulting to stdout
SmartRedis Library@15-05-31:WARNING: Environment variable SR_LOG_LEVEL is not set. Defaulting to INFO
SmartRedis Library@15-05-31:WARNING: Environment variable SR_LOG_FILE is not set. Defaulting to stdout
SmartRedis Library@15-05-31:WARNING: Environment variable SR_LOG_LEVEL is not set. Defaulting to INFO
SmartRedis Library@15-05-31:WARNING: Environment variable SR_LOG_FILE is not set. Defaulting to stdout
SmartRedis Library@15-05-31:WARNING: Environment variable SR_LOG_LEVEL is not set. Defaulting to INFO
SmartRedis Library@15-05-31:WARNING: Environment variable SR_LOG_FILE is not set. Defaulting to stdout
SmartRedis Library@15-05-31:WARNING: Environment variable SR_LOG_LEVEL is not set. Defaulting to INFO
SmartRedis Library@15-05-31:WARNING: Environment variable SR_LOG_FILE is not set. Defaulting to stdout
SmartRedis Library@15-05-31:WARNING: Environment variable SR_LOG_LEVEL is not set. Defaulting to INFO
SmartRedis Library@15-05-31:WARNING: Environment variable SR_LOG_FILE is not set. Defaulting to stdout
SmartRedis Library@15-05-31:WARNING: Environment variable SR_LOG_LEVEL is not set. Defaulting to INFO
Data Aggregation PY Tests Rank: 0@15-05-31:Running aggregate scaling producer test with tensor size of 1024 bytes and 4 tensors per dataset.
Running aggregate scaling producer test with tensor size of 1024 bytes and 4 tensors per dataset.
Data Aggregation PY MPI Producer Rank: 0@15-05-31:Connecting clients
Connecting clients
SmartRedis Library@15-05-31:WARNING: Environment variable SR_LOG_FILE is not set. Defaulting to stdout
SmartRedis Library@15-05-31:WARNING: Environment variable SR_LOG_LEVEL is not set. Defaulting to INFO
SmartRedis Library@15-05-31:WARNING: Environment variable SR_LOG_FILE is not set. Defaulting to stdout
SmartRedis Library@15-05-31:WARNING: Environment variable SR_LOG_LEVEL is not set. Defaulting to INFO
SmartRedis Library@15-05-31:WARNING: Environment variable SR_LOG_FILE is not set. Defaulting to stdout
SmartRedis Library@15-05-31:WARNING: Environment variable SR_LOG_LEVEL is not set. Defaulting to INFO
SmartRedis Library@15-05-31:WARNING: Environment variable SR_LOG_FILE is not set. Defaulting to stdout
SmartRedis Library@15-05-31:WARNING: Environment variable SR_LOG_LEVEL is not set. Defaulting to INFO
SmartRedis Library@15-05-31:WARNING: Environment variable SR_LOG_FILE is not set. Defaulting to stdout
SmartRedis Library@15-05-31:WARNING: Environment variable SR_LOG_LEVEL is not set. Defaulting to INFO
SmartRedis Library@15-05-31:WARNING: Environment variable SR_LOG_FILE is not set. Defaulting to stdout
SmartRedis Library@15-05-31:WARNING: Environment variable SR_LOG_LEVEL is not set. Defaulting to INFO
SmartRedis Library@15-05-31:WARNING: Environment variable SR_LOG_FILE is not set. Defaulting to stdout
SmartRedis Library@15-05-31:WARNING: Environment variable SR_LOG_LEVEL is not set. Defaulting to INFO
SmartRedis Library@15-05-31:WARNING: Environment variable SR_LOG_FILE is not set. Defaulting to stdout
SmartRedis Library@15-05-31:WARNING: Environment variable SR_LOG_LEVEL is not set. Defaulting to INFO
SmartRedis Library@15-05-31:WARNING: Environment variable SR_LOG_FILE is not set. Defaulting to stdout
SmartRedis Library@15-05-31:WARNING: Environment variable SR_LOG_LEVEL is not set. Defaulting to INFO
SmartRedis Library@15-05-31:WARNING: Environment variable SR_LOG_FILE is not set. Defaulting to stdout
SmartRedis Library@15-05-31:WARNING: Environment variable SR_LOG_LEVEL is not set. Defaulting to INFO
SmartRedis Library@15-05-31:WARNING: Environment variable SR_LOG_FILE is not set. Defaulting to stdout
SmartRedis Library@15-05-31:WARNING: Environment variable SR_LOG_LEVEL is not set. Defaulting to INFO
SmartRedis Library@15-05-31:WARNING: Environment variable SR_LOG_FILE is not set. Defaulting to stdout
SmartRedis Library@15-05-31:WARNING: Environment variable SR_LOG_LEVEL is not set. Defaulting to INFO
SmartRedis Library@15-05-31:WARNING: Environment variable SR_LOG_FILE is not set. Defaulting to stdout
SmartRedis Library@15-05-31:WARNING: Environment variable SR_LOG_LEVEL is not set. Defaulting to INFO
SmartRedis Library@15-05-31:WARNING: Environment variable SR_LOG_FILE is not set. Defaulting to stdout
SmartRedis Library@15-05-31:WARNING: Environment variable SR_LOG_LEVEL is not set. Defaulting to INFO
SmartRedis Library@15-05-31:WARNING: Environment variable SR_LOG_FILE is not set. Defaulting to stdout
SmartRedis Library@15-05-31:WARNING: Environment variable SR_LOG_LEVEL is not set. Defaulting to INFO
SmartRedis Library@15-05-31:WARNING: Environment variable SR_LOG_FILE is not set. Defaulting to stdout
SmartRedis Library@15-05-31:WARNING: Environment variable SR_LOG_LEVEL is not set. Defaulting to INFO
SmartRedis Library@15-05-31:WARNING: Environment variable SR_LOG_FILE is not set. Defaulting to stdout
SmartRedis Library@15-05-31:WARNING: Environment variable SR_LOG_LEVEL is not set. Defaulting to INFO
SmartRedis Library@15-05-31:WARNING: Environment variable SR_LOG_FILE is not set. Defaulting to stdout
SmartRedis Library@15-05-31:WARNING: Environment variable SR_LOG_LEVEL is not set. Defaulting to INFO
SmartRedis Library@15-05-31:WARNING: Environment variable SR_LOG_FILE is not set. Defaulting to stdout
SmartRedis Library@15-05-31:WARNING: Environment variable SR_LOG_LEVEL is not set. Defaulting to INFO
SmartRedis Library@15-05-31:WARNING: Environment variable SR_LOG_FILE is not set. Defaulting to stdout
SmartRedis Library@15-05-31:WARNING: Environment variable SR_LOG_LEVEL is not set. Defaulting to INFO
SmartRedis Library@15-05-31:WARNING: Environment variable SR_LOG_FILE is not set. Defaulting to stdout
SmartRedis Library@15-05-31:WARNING: Environment variable SR_LOG_LEVEL is not set. Defaulting to INFO
SmartRedis Library@15-05-31:WARNING: Environment variable SR_LOG_FILE is not set. Defaulting to stdout
SmartRedis Library@15-05-31:WARNING: Environment variable SR_LOG_LEVEL is not set. Defaulting to INFO
SmartRedis Library@15-05-31:WARNING: Environment variable SR_LOG_LEVEL is not set. Defaulting to INFO
SmartRedis Library@15-05-31:WARNING: Environment variable SR_LOG_FILE is not set. Defaulting to stdout
SmartRedis Library@15-05-31:WARNING: Environment variable SR_LOG_LEVEL is not set. Defaulting to INFO
SmartRedis Library@15-05-31:WARNING: Environment variable SR_LOG_FILE is not set. Defaulting to stdout
SmartRedis Library@15-05-31:WARNING: Environment variable SR_LOG_LEVEL is not set. Defaulting to INFO
SmartRedis Library@15-05-31:WARNING: Environment variable SR_LOG_FILE is not set. Defaulting to stdout
SmartRedis Library@15-05-31:WARNING: Environment variable SR_LOG_LEVEL is not set. Defaulting to INFO
SmartRedis Library@15-05-31:WARNING: Environment variable SR_LOG_FILE is not set. Defaulting to stdout
SmartRedis Library@15-05-31:WARNING: Environment variable SR_LOG_LEVEL is not set. Defaulting to INFO
SmartRedis Library@15-05-31:WARNING: Environment variable SR_LOG_FILE is not set. Defaulting to stdout
SmartRedis Library@15-05-31:WARNING: Environment variable SR_LOG_LEVEL is not set. Defaulting to INFO
SmartRedis Library@15-05-31:WARNING: Environment variable SR_LOG_FILE is not set. Defaulting to stdout
SmartRedis Library@15-05-31:WARNING: Environment variable SR_LOG_LEVEL is not set. Defaulting to INFO
SmartRedis Library@15-05-31:WARNING: Environment variable SR_LOG_FILE is not set. Defaulting to stdout
SmartRedis Library@15-05-31:WARNING: Environment variable SR_LOG_LEVEL is not set. Defaulting to INFO
SmartRedis Library@15-05-31:WARNING: Environment variable SR_LOG_FILE is not set. Defaulting to stdout
SmartRedis Library@15-05-31:WARNING: Environment variable SR_LOG_LEVEL is not set. Defaulting to INFO
SmartRedis Library@15-05-31:WARNING: Environment variable SR_LOG_FILE is not set. Defaulting to stdout
SmartRedis Library@15-05-31:WARNING: Environment variable SR_LOG_LEVEL is not set. Defaulting to INFO
SmartRedis Library@15-05-31:WARNING: Environment variable SR_LOG_FILE is not set. Defaulting to stdout
SmartRedis Library@15-05-31:WARNING: Environment variable SR_LOG_LEVEL is not set. Defaulting to INFO
SmartRedis Library@15-05-31:WARNING: Environment variable SR_LOG_FILE is not set. Defaulting to stdout
SmartRedis Library@15-05-31:WARNING: Environment variable SR_LOG_LEVEL is not set. Defaulting to INFO
SmartRedis Library@15-05-31:WARNING: Environment variable SR_LOG_FILE is not set. Defaulting to stdout
SmartRedis Library@15-05-31:WARNING: Environment variable SR_LOG_LEVEL is not set. Defaulting to INFO
SmartRedis Library@15-05-31:WARNING: Environment variable SR_LOG_FILE is not set. Defaulting to stdout
SmartRedis Library@15-05-31:WARNING: Environment variable SR_LOG_LEVEL is not set. Defaulting to INFO
SmartRedis Library@15-05-31:WARNING: Environment variable SR_LOG_FILE is not set. Defaulting to stdout
SmartRedis Library@15-05-31:WARNING: Environment variable SR_LOG_LEVEL is not set. Defaulting to INFO
SmartRedis Library@15-05-31:WARNING: Environment variable SR_LOG_FILE is not set. Defaulting to stdout
SmartRedis Library@15-05-31:WARNING: Environment variable SR_LOG_LEVEL is not set. Defaulting to INFO
SmartRedis Library@15-05-31:WARNING: Environment variable SR_LOG_FILE is not set. Defaulting to stdout
SmartRedis Library@15-05-31:WARNING: Environment variable SR_LOG_LEVEL is not set. Defaulting to INFO
SmartRedis Library@15-05-31:WARNING: Environment variable SR_LOG_FILE is not set. Defaulting to stdout
SmartRedis Library@15-05-31:WARNING: Environment variable SR_LOG_LEVEL is not set. Defaulting to INFO
SmartRedis Library@15-05-31:WARNING: Environment variable SR_LOG_FILE is not set. Defaulting to stdout
SmartRedis Library@15-05-31:WARNING: Environment variable SR_LOG_LEVEL is not set. Defaulting to INFO
SmartRedis Library@15-05-31:WARNING: Environment variable SR_LOG_FILE is not set. Defaulting to stdout
SmartRedis Library@15-05-31:WARNING: Environment variable SR_LOG_LEVEL is not set. Defaulting to INFO
SmartRedis Library@15-05-31:WARNING: Environment variable SR_LOG_FILE is not set. Defaulting to stdout
SmartRedis Library@15-05-31:WARNING: Environment variable SR_LOG_LEVEL is not set. Defaulting to INFO
SmartRedis Library@15-05-31:WARNING: Environment variable SR_LOG_FILE is not set. Defaulting to stdout
SmartRedis Library@15-05-31:WARNING: Environment variable SR_LOG_LEVEL is not set. Defaulting to INFO
SmartRedis Library@15-05-31:WARNING: Environment variable SR_LOG_FILE is not set. Defaulting to stdout
SmartRedis Library@15-05-31:WARNING: Environment variable SR_LOG_LEVEL is not set. Defaulting to INFO
SmartRedis Library@15-05-31:WARNING: Environment variable SR_LOG_FILE is not set. Defaulting to stdout
SmartRedis Library@15-05-31:WARNING: Environment variable SR_LOG_LEVEL is not set. Defaulting to INFO
SmartRedis Library@15-05-31:WARNING: Environment variable SR_LOG_FILE is not set. Defaulting to stdout
SmartRedis Library@15-05-31:WARNING: Environment variable SR_LOG_LEVEL is not set. Defaulting to INFO
SmartRedis Library@15-05-31:WARNING: Environment variable SR_LOG_FILE is not set. Defaulting to stdout
SmartRedis Library@15-05-31:WARNING: Environment variable SR_LOG_LEVEL is not set. Defaulting to INFO
SmartRedis Library@15-05-31:WARNING: Environment variable SR_LOG_FILE is not set. Defaulting to stdout
SmartRedis Library@15-05-31:WARNING: Environment variable SR_LOG_LEVEL is not set. Defaulting to INFO
SmartRedis Library@15-05-31:WARNING: Environment variable SR_LOG_FILE is not set. Defaulting to stdout
SmartRedis Library@15-05-31:WARNING: Environment variable SR_LOG_LEVEL is not set. Defaulting to INFO
SmartRedis Library@15-05-31:WARNING: Environment variable SR_LOG_FILE is not set. Defaulting to stdout
SmartRedis Library@15-05-31:WARNING: Environment variable SR_LOG_LEVEL is not set. Defaulting to INFO
SmartRedis Library@15-05-31:WARNING: Environment variable SR_LOG_FILE is not set. Defaulting to stdout
SmartRedis Library@15-05-31:WARNING: Environment variable SR_LOG_LEVEL is not set. Defaulting to INFO
SmartRedis Library@15-05-31:WARNING: Environment variable SR_LOG_FILE is not set. Defaulting to stdout
SmartRedis Library@15-05-31:WARNING: Environment variable SR_LOG_LEVEL is not set. Defaulting to INFO
SmartRedis Library@15-05-31:WARNING: Environment variable SR_LOG_FILE is not set. Defaulting to stdout
SmartRedis Library@15-05-31:WARNING: Environment variable SR_LOG_LEVEL is not set. Defaulting to INFO
SmartRedis Library@15-05-31:WARNING: Environment variable SR_LOG_FILE is not set. Defaulting to stdout
SmartRedis Library@15-05-31:WARNING: Environment variable SR_LOG_LEVEL is not set. Defaulting to INFO
SmartRedis Library@15-05-31:WARNING: Environment variable SR_LOG_FILE is not set. Defaulting to stdout
SmartRedis Library@15-05-31:WARNING: Environment variable SR_LOG_LEVEL is not set. Defaulting to INFO
SmartRedis Library@15-05-31:WARNING: Environment variable SR_LOG_FILE is not set. Defaulting to stdout
SmartRedis Library@15-05-31:WARNING: Environment variable SR_LOG_LEVEL is not set. Defaulting to INFO
SmartRedis Library@15-05-31:WARNING: Environment variable SR_LOG_FILE is not set. Defaulting to stdout
SmartRedis Library@15-05-31:WARNING: Environment variable SR_LOG_LEVEL is not set. Defaulting to INFO
SmartRedis Library@15-05-31:WARNING: Environment variable SR_LOG_FILE is not set. Defaulting to stdout
SmartRedis Library@15-05-31:WARNING: Environment variable SR_LOG_LEVEL is not set. Defaulting to INFO
SmartRedis Library@15-05-31:WARNING: Environment variable SR_LOG_FILE is not set. Defaulting to stdout
SmartRedis Library@15-05-31:WARNING: Environment variable SR_LOG_LEVEL is not set. Defaulting to INFO
SmartRedis Library@15-05-31:WARNING: Environment variable SR_LOG_FILE is not set. Defaulting to stdout
SmartRedis Library@15-05-31:WARNING: Environment variable SR_LOG_LEVEL is not set. Defaulting to INFO
SmartRedis Library@15-05-31:WARNING: Environment variable SR_LOG_FILE is not set. Defaulting to stdout
SmartRedis Library@15-05-31:WARNING: Environment variable SR_LOG_LEVEL is not set. Defaulting to INFO
SmartRedis Library@15-05-31:WARNING: Environment variable SR_LOG_FILE is not set. Defaulting to stdout
SmartRedis Library@15-05-31:WARNING: Environment variable SR_LOG_LEVEL is not set. Defaulting to INFO
SmartRedis Library@15-05-31:WARNING: Environment variable SR_LOG_FILE is not set. Defaulting to stdout
SmartRedis Library@15-05-31:WARNING: Environment variable SR_LOG_LEVEL is not set. Defaulting to INFO
SmartRedis Library@15-05-31:WARNING: Environment variable SR_LOG_FILE is not set. Defaulting to stdout
SmartRedis Library@15-05-31:WARNING: Environment variable SR_LOG_LEVEL is not set. Defaulting to INFO
SmartRedis Library@15-05-31:WARNING: Environment variable SR_LOG_FILE is not set. Defaulting to stdout
SmartRedis Library@15-05-31:WARNING: Environment variable SR_LOG_LEVEL is not set. Defaulting to INFO
SmartRedis Library@15-05-31:WARNING: Environment variable SR_LOG_FILE is not set. Defaulting to stdout
SmartRedis Library@15-05-31:WARNING: Environment variable SR_LOG_LEVEL is not set. Defaulting to INFO
SmartRedis Library@15-05-31:WARNING: Environment variable SR_LOG_FILE is not set. Defaulting to stdout
SmartRedis Library@15-05-31:WARNING: Environment variable SR_LOG_LEVEL is not set. Defaulting to INFO
SmartRedis Library@15-05-31:WARNING: Environment variable SR_LOG_FILE is not set. Defaulting to stdout
SmartRedis Library@15-05-31:WARNING: Environment variable SR_LOG_LEVEL is not set. Defaulting to INFO
SmartRedis Library@15-05-31:WARNING: Environment variable SR_LOG_FILE is not set. Defaulting to stdout
SmartRedis Library@15-05-31:WARNING: Environment variable SR_LOG_LEVEL is not set. Defaulting to INFO
SmartRedis Library@15-05-31:WARNING: Environment variable SR_LOG_FILE is not set. Defaulting to stdout
SmartRedis Library@15-05-31:WARNING: Environment variable SR_LOG_LEVEL is not set. Defaulting to INFO
SmartRedis Library@15-05-31:WARNING: Environment variable SR_LOG_FILE is not set. Defaulting to stdout
SmartRedis Library@15-05-31:WARNING: Environment variable SR_LOG_LEVEL is not set. Defaulting to INFO
SmartRedis Library@15-05-31:WARNING: Environment variable SR_LOG_FILE is not set. Defaulting to stdout
SmartRedis Library@15-05-31:WARNING: Environment variable SR_LOG_LEVEL is not set. Defaulting to INFO
SmartRedis Library@15-05-31:WARNING: Environment variable SR_LOG_FILE is not set. Defaulting to stdout
SmartRedis Library@15-05-31:WARNING: Environment variable SR_LOG_LEVEL is not set. Defaulting to INFO
SmartRedis Library@15-05-31:WARNING: Environment variable SR_LOG_FILE is not set. Defaulting to stdout
SmartRedis Library@15-05-31:WARNING: Environment variable SR_LOG_LEVEL is not set. Defaulting to INFO
SmartRedis Library@15-05-31:WARNING: Environment variable SR_LOG_FILE is not set. Defaulting to stdout
SmartRedis Library@15-05-31:WARNING: Environment variable SR_LOG_LEVEL is not set. Defaulting to INFO
SmartRedis Library@15-05-31:WARNING: Environment variable SR_LOG_FILE is not set. Defaulting to stdout
SmartRedis Library@15-05-31:WARNING: Environment variable SR_LOG_LEVEL is not set. Defaulting to INFO
SmartRedis Library@15-05-31:WARNING: Environment variable SR_LOG_FILE is not set. Defaulting to stdout
SmartRedis Library@15-05-31:WARNING: Environment variable SR_LOG_LEVEL is not set. Defaulting to INFO
SmartRedis Library@15-05-31:WARNING: Environment variable SR_LOG_FILE is not set. Defaulting to stdout
SmartRedis Library@15-05-31:WARNING: Environment variable SR_LOG_LEVEL is not set. Defaulting to INFO
SmartRedis Library@15-05-31:WARNING: Environment variable SR_LOG_FILE is not set. Defaulting to stdout
SmartRedis Library@15-05-31:WARNING: Environment variable SR_LOG_LEVEL is not set. Defaulting to INFO
SmartRedis Library@15-05-31:WARNING: Environment variable SR_LOG_FILE is not set. Defaulting to stdout
SmartRedis Library@15-05-31:WARNING: Environment variable SR_LOG_LEVEL is not set. Defaulting to INFO
SmartRedis Library@15-05-31:WARNING: Environment variable SR_LOG_FILE is not set. Defaulting to stdout
SmartRedis Library@15-05-31:WARNING: Environment variable SR_LOG_LEVEL is not set. Defaulting to INFO
SmartRedis Library@15-05-31:WARNING: Environment variable SR_LOG_FILE is not set. Defaulting to stdout
SmartRedis Library@15-05-31:WARNING: Environment variable SR_LOG_LEVEL is not set. Defaulting to INFO
SmartRedis Library@15-05-31:WARNING: Environment variable SR_LOG_FILE is not set. Defaulting to stdout
SmartRedis Library@15-05-31:WARNING: Environment variable SR_LOG_LEVEL is not set. Defaulting to INFO
SmartRedis Library@15-05-31:WARNING: Environment variable SR_LOG_FILE is not set. Defaulting to stdout
SmartRedis Library@15-05-31:WARNING: Environment variable SR_LOG_LEVEL is not set. Defaulting to INFO
SmartRedis Library@15-05-31:WARNING: Environment variable SR_LOG_FILE is not set. Defaulting to stdout
SmartRedis Library@15-05-31:WARNING: Environment variable SR_LOG_LEVEL is not set. Defaulting to INFO
SmartRedis Library@15-05-31:WARNING: Environment variable SR_LOG_FILE is not set. Defaulting to stdout
SmartRedis Library@15-05-31:WARNING: Environment variable SR_LOG_LEVEL is not set. Defaulting to INFO
SmartRedis Library@15-05-31:WARNING: Environment variable SR_LOG_FILE is not set. Defaulting to stdout
SmartRedis Library@15-05-31:WARNING: Environment variable SR_LOG_LEVEL is not set. Defaulting to INFO
SmartRedis Library@15-05-31:WARNING: Environment variable SR_LOG_FILE is not set. Defaulting to stdout
SmartRedis Library@15-05-31:WARNING: Environment variable SR_LOG_LEVEL is not set. Defaulting to INFO
SmartRedis Library@15-05-31:WARNING: Environment variable SR_LOG_FILE is not set. Defaulting to stdout
SmartRedis Library@15-05-31:WARNING: Environment variable SR_LOG_LEVEL is not set. Defaulting to INFO
SmartRedis Library@15-05-31:WARNING: Environment variable SR_LOG_FILE is not set. Defaulting to stdout
SmartRedis Library@15-05-31:WARNING: Environment variable SR_LOG_LEVEL is not set. Defaulting to INFO
SmartRedis Library@15-05-31:WARNING: Environment variable SR_LOG_FILE is not set. Defaulting to stdout
SmartRedis Library@15-05-31:WARNING: Environment variable SR_LOG_LEVEL is not set. Defaulting to INFO
SmartRedis Library@15-05-31:WARNING: Environment variable SR_LOG_FILE is not set. Defaulting to stdout
SmartRedis Library@15-05-31:WARNING: Environment variable SR_LOG_LEVEL is not set. Defaulting to INFO
SmartRedis Library@15-05-31:WARNING: Environment variable SR_LOG_FILE is not set. Defaulting to stdout
SmartRedis Library@15-05-31:WARNING: Environment variable SR_LOG_LEVEL is not set. Defaulting to INFO
SmartRedis Library@15-05-31:WARNING: Environment variable SR_LOG_FILE is not set. Defaulting to stdout
SmartRedis Library@15-05-31:WARNING: Environment variable SR_LOG_LEVEL is not set. Defaulting to INFO
SmartRedis Library@15-05-31:WARNING: Environment variable SR_LOG_FILE is not set. Defaulting to stdout
SmartRedis Library@15-05-31:WARNING: Environment variable SR_LOG_LEVEL is not set. Defaulting to INFO
Data Aggregation PY Tests Rank: 0@15-07-15:Finished data aggregation production.
Finished data aggregation production.
