15:56:58 horizon SmartSim[14127] INFO Running name with value: run-2023-07-20-15:56:58
15:56:58 horizon SmartSim[14127] INFO Running path with value: results/aggregation-standard-scaling-py-fs/run-2023-07-20-15:56:58
15:56:58 horizon SmartSim[14127] INFO Running smartsim_version with value: 0.5.0
15:56:58 horizon SmartSim[14127] INFO Running smartredis_version with value: 0.3.1
15:56:58 horizon SmartSim[14127] INFO Running db with value: redis-server
15:56:58 horizon SmartSim[14127] INFO Running date with value: 2023-07-20
15:56:58 horizon SmartSim[14127] INFO Running language with value: ['cpp']
15:56:58 horizon SmartSim[14127] INFO Running colocated with value: 0
15:56:58 horizon SmartSim[14127] INFO Running client_per_node with value: [32]
15:56:58 horizon SmartSim[14127] INFO Running client_nodes with value: [4, 8, 16, 32, 64, 128]
15:56:58 horizon SmartSim[14127] INFO Running iterations with value: 100
15:56:58 horizon SmartSim[14127] INFO Running tensor_bytes with value: [1024]
15:56:58 horizon SmartSim[14127] INFO Running tensors_per_dataset with value: [4]
15:56:58 horizon SmartSim[14127] INFO Running client_threads with value: [32]
15:56:58 horizon SmartSim[14127] INFO Running cpu_hyperthreads with value: 2
15:56:58 horizon SmartSim[14127] INFO Running language with value: ['cpp']
15:56:58 horizon SmartSim[14127] INFO Running with processes: 32
15:56:58 horizon SmartSim[14127] INFO Working in previously created experiment
15:56:58 horizon SmartSim[14127] DEBUG Producer session created
15:56:58 horizon SmartSim[14127] INFO Working in previously created experiment
15:56:58 horizon SmartSim[14127] INFO Working in previously created experiment
15:56:58 horizon SmartSim[14127] DEBUG Configuring model aggregate-sess-cons-python-cpp-N4-T32-DBN0-ITER100-TB1024-TPD4-CT32-40b1 with params {}
15:56:58 horizon SmartSim[14127] DEBUG Consumer session created
15:56:58 horizon SmartSim[14127] INFO 

=== Launch Summary ===
Experiment: results/aggregation-standard-scaling-py-fs/run-2023-07-20-15:56:58
Experiment Path: /lus/cls01029/richaama/smartsim-scaling/SmartSim-Scaling/results/aggregation-standard-scaling-py-fs/run-2023-07-20-15:56:58
Launcher: slurm
Models: 2
Database Status: inactive

=== Models ===
aggregate-sess-prod-for-python-consumer-file-system-cpp-N4-T32-DBN0-ITER100-TB1024-TPD4-c8fc
Executable: /lus/cls01029/richaama/smartsim-scaling/SmartSim-Scaling/cpp-py-data-aggregation/fs/build/aggregation_producer
Executable Arguments: 1024 4
Run Command: srun
Run Arguments:
	ntasks = 128
	ntasks-per-node = 32
	nodes = 4
aggregate-sess-cons-python-cpp-N4-T32-DBN0-ITER100-TB1024-TPD4-CT32-40b1
Executable: /lus/scratch/richaama/miniconda3/envs/plz3/bin/python
Executable Arguments: aggregation_consumer.py 128
Run Command: srun
Run Arguments:
	ntasks-per-node = 1
	cpus-per-task = 64
	cpu-bind = v
	nodes = 1



15:56:58 horizon SmartSim[14127] DEBUG Running on allocation 3958326 gleaned from user environment
15:56:58 horizon SmartSim[14127] DEBUG Running on allocation 3958326 gleaned from user environment
15:57:01 horizon SmartSim[14127] DEBUG Launching aggregate-sess-prod-for-python-consumer-file-system-cpp-N4-T32-DBN0-ITER100-TB1024-TPD4-c8fc
15:57:04 horizon SmartSim[14127] DEBUG Launching aggregate-sess-cons-python-cpp-N4-T32-DBN0-ITER100-TB1024-TPD4-CT32-40b1
15:57:04 horizon SmartSim[14127] DEBUG Starting Job Manager
15:57:09 horizon SmartSim[14127] INFO aggregate-sess-prod-for-python-consumer-file-system-cpp-N4-T32-DBN0-ITER100-TB1024-TPD4-c8fc(3958326.36): New
15:57:09 horizon SmartSim[14127] INFO aggregate-sess-cons-python-cpp-N4-T32-DBN0-ITER100-TB1024-TPD4-CT32-40b1(3958326.37): New
15:57:14 horizon SmartSim[14127] INFO aggregate-sess-prod-for-python-consumer-file-system-cpp-N4-T32-DBN0-ITER100-TB1024-TPD4-c8fc(3958326.36): Running
15:57:14 horizon SmartSim[14127] INFO aggregate-sess-cons-python-cpp-N4-T32-DBN0-ITER100-TB1024-TPD4-CT32-40b1(3958326.37): Running
15:57:19 horizon SmartSim[14127] INFO aggregate-sess-prod-for-python-consumer-file-system-cpp-N4-T32-DBN0-ITER100-TB1024-TPD4-c8fc(3958326.36): Running
15:57:19 horizon SmartSim[14127] INFO aggregate-sess-cons-python-cpp-N4-T32-DBN0-ITER100-TB1024-TPD4-CT32-40b1(3958326.37): Running
15:57:24 horizon SmartSim[14127] INFO aggregate-sess-prod-for-python-consumer-file-system-cpp-N4-T32-DBN0-ITER100-TB1024-TPD4-c8fc(3958326.36): Running
15:57:24 horizon SmartSim[14127] INFO aggregate-sess-cons-python-cpp-N4-T32-DBN0-ITER100-TB1024-TPD4-CT32-40b1(3958326.37): Running
15:57:29 horizon SmartSim[14127] INFO aggregate-sess-prod-for-python-consumer-file-system-cpp-N4-T32-DBN0-ITER100-TB1024-TPD4-c8fc(3958326.36): Running
15:57:29 horizon SmartSim[14127] INFO aggregate-sess-cons-python-cpp-N4-T32-DBN0-ITER100-TB1024-TPD4-CT32-40b1(3958326.37): Running
15:57:34 horizon SmartSim[14127] INFO aggregate-sess-prod-for-python-consumer-file-system-cpp-N4-T32-DBN0-ITER100-TB1024-TPD4-c8fc(3958326.36): Running
15:57:34 horizon SmartSim[14127] INFO aggregate-sess-cons-python-cpp-N4-T32-DBN0-ITER100-TB1024-TPD4-CT32-40b1(3958326.37): Running
15:57:39 horizon SmartSim[14127] INFO aggregate-sess-prod-for-python-consumer-file-system-cpp-N4-T32-DBN0-ITER100-TB1024-TPD4-c8fc(3958326.36): Running
15:57:39 horizon SmartSim[14127] INFO aggregate-sess-cons-python-cpp-N4-T32-DBN0-ITER100-TB1024-TPD4-CT32-40b1(3958326.37): Running
15:57:44 horizon SmartSim[14127] INFO aggregate-sess-prod-for-python-consumer-file-system-cpp-N4-T32-DBN0-ITER100-TB1024-TPD4-c8fc(3958326.36): Running
15:57:44 horizon SmartSim[14127] INFO aggregate-sess-cons-python-cpp-N4-T32-DBN0-ITER100-TB1024-TPD4-CT32-40b1(3958326.37): Running
15:57:49 horizon SmartSim[14127] INFO aggregate-sess-prod-for-python-consumer-file-system-cpp-N4-T32-DBN0-ITER100-TB1024-TPD4-c8fc(3958326.36): Running
15:57:49 horizon SmartSim[14127] INFO aggregate-sess-cons-python-cpp-N4-T32-DBN0-ITER100-TB1024-TPD4-CT32-40b1(3958326.37): Running
15:57:54 horizon SmartSim[14127] INFO aggregate-sess-prod-for-python-consumer-file-system-cpp-N4-T32-DBN0-ITER100-TB1024-TPD4-c8fc(3958326.36): Running
15:57:54 horizon SmartSim[14127] INFO aggregate-sess-cons-python-cpp-N4-T32-DBN0-ITER100-TB1024-TPD4-CT32-40b1(3958326.37): Running
15:57:59 horizon SmartSim[14127] INFO aggregate-sess-prod-for-python-consumer-file-system-cpp-N4-T32-DBN0-ITER100-TB1024-TPD4-c8fc(3958326.36): Running
15:57:59 horizon SmartSim[14127] INFO aggregate-sess-cons-python-cpp-N4-T32-DBN0-ITER100-TB1024-TPD4-CT32-40b1(3958326.37): Running
15:58:04 horizon SmartSim[14127] INFO aggregate-sess-prod-for-python-consumer-file-system-cpp-N4-T32-DBN0-ITER100-TB1024-TPD4-c8fc(3958326.36): Running
15:58:04 horizon SmartSim[14127] INFO aggregate-sess-cons-python-cpp-N4-T32-DBN0-ITER100-TB1024-TPD4-CT32-40b1(3958326.37): Running
15:58:09 horizon SmartSim[14127] INFO aggregate-sess-prod-for-python-consumer-file-system-cpp-N4-T32-DBN0-ITER100-TB1024-TPD4-c8fc(3958326.36): Running
15:58:09 horizon SmartSim[14127] INFO aggregate-sess-cons-python-cpp-N4-T32-DBN0-ITER100-TB1024-TPD4-CT32-40b1(3958326.37): Running
15:58:15 horizon SmartSim[14127] INFO aggregate-sess-prod-for-python-consumer-file-system-cpp-N4-T32-DBN0-ITER100-TB1024-TPD4-c8fc(3958326.36): Running
15:58:15 horizon SmartSim[14127] INFO aggregate-sess-cons-python-cpp-N4-T32-DBN0-ITER100-TB1024-TPD4-CT32-40b1(3958326.37): Running
15:58:20 horizon SmartSim[14127] INFO aggregate-sess-prod-for-python-consumer-file-system-cpp-N4-T32-DBN0-ITER100-TB1024-TPD4-c8fc(3958326.36): Running
15:58:20 horizon SmartSim[14127] INFO aggregate-sess-cons-python-cpp-N4-T32-DBN0-ITER100-TB1024-TPD4-CT32-40b1(3958326.37): Running
15:58:25 horizon SmartSim[14127] INFO aggregate-sess-prod-for-python-consumer-file-system-cpp-N4-T32-DBN0-ITER100-TB1024-TPD4-c8fc(3958326.36): Running
15:58:25 horizon SmartSim[14127] INFO aggregate-sess-cons-python-cpp-N4-T32-DBN0-ITER100-TB1024-TPD4-CT32-40b1(3958326.37): Running
15:58:30 horizon SmartSim[14127] INFO aggregate-sess-prod-for-python-consumer-file-system-cpp-N4-T32-DBN0-ITER100-TB1024-TPD4-c8fc(3958326.36): Running
15:58:30 horizon SmartSim[14127] INFO aggregate-sess-cons-python-cpp-N4-T32-DBN0-ITER100-TB1024-TPD4-CT32-40b1(3958326.37): Running
15:58:35 horizon SmartSim[14127] INFO aggregate-sess-prod-for-python-consumer-file-system-cpp-N4-T32-DBN0-ITER100-TB1024-TPD4-c8fc(3958326.36): Running
15:58:35 horizon SmartSim[14127] INFO aggregate-sess-cons-python-cpp-N4-T32-DBN0-ITER100-TB1024-TPD4-CT32-40b1(3958326.37): Running
15:58:40 horizon SmartSim[14127] INFO aggregate-sess-prod-for-python-consumer-file-system-cpp-N4-T32-DBN0-ITER100-TB1024-TPD4-c8fc(3958326.36): Running
15:58:40 horizon SmartSim[14127] INFO aggregate-sess-cons-python-cpp-N4-T32-DBN0-ITER100-TB1024-TPD4-CT32-40b1(3958326.37): Running
15:58:45 horizon SmartSim[14127] INFO aggregate-sess-prod-for-python-consumer-file-system-cpp-N4-T32-DBN0-ITER100-TB1024-TPD4-c8fc(3958326.36): Running
15:58:45 horizon SmartSim[14127] INFO aggregate-sess-cons-python-cpp-N4-T32-DBN0-ITER100-TB1024-TPD4-CT32-40b1(3958326.37): Running
15:58:50 horizon SmartSim[14127] INFO aggregate-sess-prod-for-python-consumer-file-system-cpp-N4-T32-DBN0-ITER100-TB1024-TPD4-c8fc(3958326.36): Running
15:58:50 horizon SmartSim[14127] INFO aggregate-sess-cons-python-cpp-N4-T32-DBN0-ITER100-TB1024-TPD4-CT32-40b1(3958326.37): Running
15:58:55 horizon SmartSim[14127] INFO aggregate-sess-prod-for-python-consumer-file-system-cpp-N4-T32-DBN0-ITER100-TB1024-TPD4-c8fc(3958326.36): Running
15:58:55 horizon SmartSim[14127] INFO aggregate-sess-cons-python-cpp-N4-T32-DBN0-ITER100-TB1024-TPD4-CT32-40b1(3958326.37): Running
15:59:00 horizon SmartSim[14127] INFO aggregate-sess-prod-for-python-consumer-file-system-cpp-N4-T32-DBN0-ITER100-TB1024-TPD4-c8fc(3958326.36): Running
15:59:00 horizon SmartSim[14127] INFO aggregate-sess-cons-python-cpp-N4-T32-DBN0-ITER100-TB1024-TPD4-CT32-40b1(3958326.37): Running
15:59:05 horizon SmartSim[14127] INFO aggregate-sess-prod-for-python-consumer-file-system-cpp-N4-T32-DBN0-ITER100-TB1024-TPD4-c8fc(3958326.36): Running
15:59:05 horizon SmartSim[14127] INFO aggregate-sess-cons-python-cpp-N4-T32-DBN0-ITER100-TB1024-TPD4-CT32-40b1(3958326.37): Running
15:59:10 horizon SmartSim[14127] INFO aggregate-sess-prod-for-python-consumer-file-system-cpp-N4-T32-DBN0-ITER100-TB1024-TPD4-c8fc(3958326.36): Running
15:59:10 horizon SmartSim[14127] INFO aggregate-sess-cons-python-cpp-N4-T32-DBN0-ITER100-TB1024-TPD4-CT32-40b1(3958326.37): Running
15:59:15 horizon SmartSim[14127] INFO aggregate-sess-prod-for-python-consumer-file-system-cpp-N4-T32-DBN0-ITER100-TB1024-TPD4-c8fc(3958326.36): Running
15:59:15 horizon SmartSim[14127] INFO aggregate-sess-cons-python-cpp-N4-T32-DBN0-ITER100-TB1024-TPD4-CT32-40b1(3958326.37): Running
15:59:20 horizon SmartSim[14127] INFO aggregate-sess-prod-for-python-consumer-file-system-cpp-N4-T32-DBN0-ITER100-TB1024-TPD4-c8fc(3958326.36): Running
15:59:20 horizon SmartSim[14127] INFO aggregate-sess-cons-python-cpp-N4-T32-DBN0-ITER100-TB1024-TPD4-CT32-40b1(3958326.37): Running
15:59:25 horizon SmartSim[14127] INFO aggregate-sess-prod-for-python-consumer-file-system-cpp-N4-T32-DBN0-ITER100-TB1024-TPD4-c8fc(3958326.36): Running
15:59:25 horizon SmartSim[14127] INFO aggregate-sess-cons-python-cpp-N4-T32-DBN0-ITER100-TB1024-TPD4-CT32-40b1(3958326.37): Running
15:59:30 horizon SmartSim[14127] INFO aggregate-sess-prod-for-python-consumer-file-system-cpp-N4-T32-DBN0-ITER100-TB1024-TPD4-c8fc(3958326.36): Running
15:59:30 horizon SmartSim[14127] INFO aggregate-sess-cons-python-cpp-N4-T32-DBN0-ITER100-TB1024-TPD4-CT32-40b1(3958326.37): Running
15:59:35 horizon SmartSim[14127] INFO aggregate-sess-prod-for-python-consumer-file-system-cpp-N4-T32-DBN0-ITER100-TB1024-TPD4-c8fc(3958326.36): Running
15:59:35 horizon SmartSim[14127] INFO aggregate-sess-cons-python-cpp-N4-T32-DBN0-ITER100-TB1024-TPD4-CT32-40b1(3958326.37): Running
15:59:40 horizon SmartSim[14127] INFO aggregate-sess-prod-for-python-consumer-file-system-cpp-N4-T32-DBN0-ITER100-TB1024-TPD4-c8fc(3958326.36): Running
15:59:40 horizon SmartSim[14127] INFO aggregate-sess-cons-python-cpp-N4-T32-DBN0-ITER100-TB1024-TPD4-CT32-40b1(3958326.37): Running
15:59:45 horizon SmartSim[14127] INFO aggregate-sess-prod-for-python-consumer-file-system-cpp-N4-T32-DBN0-ITER100-TB1024-TPD4-c8fc(3958326.36): Running
15:59:45 horizon SmartSim[14127] INFO aggregate-sess-cons-python-cpp-N4-T32-DBN0-ITER100-TB1024-TPD4-CT32-40b1(3958326.37): Running
15:59:50 horizon SmartSim[14127] INFO aggregate-sess-prod-for-python-consumer-file-system-cpp-N4-T32-DBN0-ITER100-TB1024-TPD4-c8fc(3958326.36): Running
15:59:50 horizon SmartSim[14127] INFO aggregate-sess-cons-python-cpp-N4-T32-DBN0-ITER100-TB1024-TPD4-CT32-40b1(3958326.37): Running
15:59:55 horizon SmartSim[14127] INFO aggregate-sess-prod-for-python-consumer-file-system-cpp-N4-T32-DBN0-ITER100-TB1024-TPD4-c8fc(3958326.36): Running
15:59:55 horizon SmartSim[14127] INFO aggregate-sess-cons-python-cpp-N4-T32-DBN0-ITER100-TB1024-TPD4-CT32-40b1(3958326.37): Running
16:00:00 horizon SmartSim[14127] INFO aggregate-sess-prod-for-python-consumer-file-system-cpp-N4-T32-DBN0-ITER100-TB1024-TPD4-c8fc(3958326.36): Running
16:00:00 horizon SmartSim[14127] INFO aggregate-sess-cons-python-cpp-N4-T32-DBN0-ITER100-TB1024-TPD4-CT32-40b1(3958326.37): Running
16:00:05 horizon SmartSim[14127] INFO aggregate-sess-prod-for-python-consumer-file-system-cpp-N4-T32-DBN0-ITER100-TB1024-TPD4-c8fc(3958326.36): Running
16:00:05 horizon SmartSim[14127] INFO aggregate-sess-cons-python-cpp-N4-T32-DBN0-ITER100-TB1024-TPD4-CT32-40b1(3958326.37): Running
16:00:10 horizon SmartSim[14127] INFO aggregate-sess-prod-for-python-consumer-file-system-cpp-N4-T32-DBN0-ITER100-TB1024-TPD4-c8fc(3958326.36): Running
16:00:10 horizon SmartSim[14127] INFO aggregate-sess-cons-python-cpp-N4-T32-DBN0-ITER100-TB1024-TPD4-CT32-40b1(3958326.37): Running
16:00:15 horizon SmartSim[14127] INFO aggregate-sess-prod-for-python-consumer-file-system-cpp-N4-T32-DBN0-ITER100-TB1024-TPD4-c8fc(3958326.36): Running
16:00:15 horizon SmartSim[14127] INFO aggregate-sess-cons-python-cpp-N4-T32-DBN0-ITER100-TB1024-TPD4-CT32-40b1(3958326.37): Running
16:00:20 horizon SmartSim[14127] INFO aggregate-sess-prod-for-python-consumer-file-system-cpp-N4-T32-DBN0-ITER100-TB1024-TPD4-c8fc(3958326.36): Running
16:00:20 horizon SmartSim[14127] INFO aggregate-sess-cons-python-cpp-N4-T32-DBN0-ITER100-TB1024-TPD4-CT32-40b1(3958326.37): Running
16:00:25 horizon SmartSim[14127] INFO aggregate-sess-prod-for-python-consumer-file-system-cpp-N4-T32-DBN0-ITER100-TB1024-TPD4-c8fc(3958326.36): Completed
16:00:25 horizon SmartSim[14127] INFO aggregate-sess-prod-for-python-consumer-file-system-cpp-N4-T32-DBN0-ITER100-TB1024-TPD4-c8fc(3958326.36): Completed
16:00:25 horizon SmartSim[14127] INFO aggregate-sess-cons-python-cpp-N4-T32-DBN0-ITER100-TB1024-TPD4-CT32-40b1(3958326.37): Completed
16:00:25 horizon SmartSim[14127] INFO aggregate-sess-cons-python-cpp-N4-T32-DBN0-ITER100-TB1024-TPD4-CT32-40b1(3958326.37): Completed
16:00:25 horizon SmartSim[14127] DEBUG Sleeping, no jobs to monitor
16:00:30 horizon SmartSim[14127] INFO Running with processes: 32
16:00:30 horizon SmartSim[14127] INFO Working in previously created experiment
16:00:30 horizon SmartSim[14127] DEBUG Producer session created
16:00:30 horizon SmartSim[14127] INFO Working in previously created experiment
16:00:30 horizon SmartSim[14127] INFO Working in previously created experiment
16:00:30 horizon SmartSim[14127] DEBUG Configuring model aggregate-sess-cons-python-cpp-N8-T32-DBN0-ITER100-TB1024-TPD4-CT32-f599 with params {}
16:00:30 horizon SmartSim[14127] DEBUG Consumer session created
16:00:30 horizon SmartSim[14127] INFO 

=== Launch Summary ===
Experiment: results/aggregation-standard-scaling-py-fs/run-2023-07-20-15:56:58
Experiment Path: /lus/cls01029/richaama/smartsim-scaling/SmartSim-Scaling/results/aggregation-standard-scaling-py-fs/run-2023-07-20-15:56:58
Launcher: slurm
Models: 2
Database Status: inactive

=== Models ===
aggregate-sess-prod-for-python-consumer-file-system-cpp-N8-T32-DBN0-ITER100-TB1024-TPD4-2d2e
Executable: /lus/cls01029/richaama/smartsim-scaling/SmartSim-Scaling/cpp-py-data-aggregation/fs/build/aggregation_producer
Executable Arguments: 1024 4
Run Command: srun
Run Arguments:
	ntasks = 256
	ntasks-per-node = 32
	nodes = 8
aggregate-sess-cons-python-cpp-N8-T32-DBN0-ITER100-TB1024-TPD4-CT32-f599
Executable: /lus/scratch/richaama/miniconda3/envs/plz3/bin/python
Executable Arguments: aggregation_consumer.py 256
Run Command: srun
Run Arguments:
	ntasks-per-node = 1
	cpus-per-task = 64
	cpu-bind = v
	nodes = 1



16:00:30 horizon SmartSim[14127] DEBUG Running on allocation 3958326 gleaned from user environment
16:00:30 horizon SmartSim[14127] DEBUG Running on allocation 3958326 gleaned from user environment
16:00:33 horizon SmartSim[14127] DEBUG Launching aggregate-sess-prod-for-python-consumer-file-system-cpp-N8-T32-DBN0-ITER100-TB1024-TPD4-2d2e
16:00:37 horizon SmartSim[14127] DEBUG Launching aggregate-sess-cons-python-cpp-N8-T32-DBN0-ITER100-TB1024-TPD4-CT32-f599
16:00:37 horizon SmartSim[14127] DEBUG Starting Job Manager
16:00:42 horizon SmartSim[14127] INFO aggregate-sess-prod-for-python-consumer-file-system-cpp-N8-T32-DBN0-ITER100-TB1024-TPD4-2d2e(3958326.38): New
16:00:42 horizon SmartSim[14127] INFO aggregate-sess-cons-python-cpp-N8-T32-DBN0-ITER100-TB1024-TPD4-CT32-f599(3958326.39): New
16:00:47 horizon SmartSim[14127] INFO aggregate-sess-prod-for-python-consumer-file-system-cpp-N8-T32-DBN0-ITER100-TB1024-TPD4-2d2e(3958326.38): New
16:00:47 horizon SmartSim[14127] INFO aggregate-sess-cons-python-cpp-N8-T32-DBN0-ITER100-TB1024-TPD4-CT32-f599(3958326.39): New
16:00:52 horizon SmartSim[14127] INFO aggregate-sess-prod-for-python-consumer-file-system-cpp-N8-T32-DBN0-ITER100-TB1024-TPD4-2d2e(3958326.38): Running
16:00:52 horizon SmartSim[14127] INFO aggregate-sess-cons-python-cpp-N8-T32-DBN0-ITER100-TB1024-TPD4-CT32-f599(3958326.39): Running
16:00:57 horizon SmartSim[14127] INFO aggregate-sess-prod-for-python-consumer-file-system-cpp-N8-T32-DBN0-ITER100-TB1024-TPD4-2d2e(3958326.38): Running
16:00:57 horizon SmartSim[14127] INFO aggregate-sess-cons-python-cpp-N8-T32-DBN0-ITER100-TB1024-TPD4-CT32-f599(3958326.39): Running
16:01:02 horizon SmartSim[14127] INFO aggregate-sess-prod-for-python-consumer-file-system-cpp-N8-T32-DBN0-ITER100-TB1024-TPD4-2d2e(3958326.38): Running
16:01:02 horizon SmartSim[14127] INFO aggregate-sess-cons-python-cpp-N8-T32-DBN0-ITER100-TB1024-TPD4-CT32-f599(3958326.39): Running
16:01:07 horizon SmartSim[14127] INFO aggregate-sess-prod-for-python-consumer-file-system-cpp-N8-T32-DBN0-ITER100-TB1024-TPD4-2d2e(3958326.38): Running
16:01:07 horizon SmartSim[14127] INFO aggregate-sess-cons-python-cpp-N8-T32-DBN0-ITER100-TB1024-TPD4-CT32-f599(3958326.39): Running
16:01:12 horizon SmartSim[14127] INFO aggregate-sess-prod-for-python-consumer-file-system-cpp-N8-T32-DBN0-ITER100-TB1024-TPD4-2d2e(3958326.38): Running
16:01:12 horizon SmartSim[14127] INFO aggregate-sess-cons-python-cpp-N8-T32-DBN0-ITER100-TB1024-TPD4-CT32-f599(3958326.39): Running
16:01:17 horizon SmartSim[14127] INFO aggregate-sess-prod-for-python-consumer-file-system-cpp-N8-T32-DBN0-ITER100-TB1024-TPD4-2d2e(3958326.38): Running
16:01:17 horizon SmartSim[14127] INFO aggregate-sess-cons-python-cpp-N8-T32-DBN0-ITER100-TB1024-TPD4-CT32-f599(3958326.39): Running
16:01:22 horizon SmartSim[14127] INFO aggregate-sess-prod-for-python-consumer-file-system-cpp-N8-T32-DBN0-ITER100-TB1024-TPD4-2d2e(3958326.38): Running
16:01:22 horizon SmartSim[14127] INFO aggregate-sess-cons-python-cpp-N8-T32-DBN0-ITER100-TB1024-TPD4-CT32-f599(3958326.39): Running
16:01:27 horizon SmartSim[14127] INFO aggregate-sess-prod-for-python-consumer-file-system-cpp-N8-T32-DBN0-ITER100-TB1024-TPD4-2d2e(3958326.38): Running
16:01:27 horizon SmartSim[14127] INFO aggregate-sess-cons-python-cpp-N8-T32-DBN0-ITER100-TB1024-TPD4-CT32-f599(3958326.39): Running
16:01:32 horizon SmartSim[14127] INFO aggregate-sess-prod-for-python-consumer-file-system-cpp-N8-T32-DBN0-ITER100-TB1024-TPD4-2d2e(3958326.38): Running
16:01:32 horizon SmartSim[14127] INFO aggregate-sess-cons-python-cpp-N8-T32-DBN0-ITER100-TB1024-TPD4-CT32-f599(3958326.39): Running
16:01:37 horizon SmartSim[14127] INFO aggregate-sess-prod-for-python-consumer-file-system-cpp-N8-T32-DBN0-ITER100-TB1024-TPD4-2d2e(3958326.38): Running
16:01:37 horizon SmartSim[14127] INFO aggregate-sess-cons-python-cpp-N8-T32-DBN0-ITER100-TB1024-TPD4-CT32-f599(3958326.39): Running
16:01:42 horizon SmartSim[14127] INFO aggregate-sess-prod-for-python-consumer-file-system-cpp-N8-T32-DBN0-ITER100-TB1024-TPD4-2d2e(3958326.38): Running
16:01:42 horizon SmartSim[14127] INFO aggregate-sess-cons-python-cpp-N8-T32-DBN0-ITER100-TB1024-TPD4-CT32-f599(3958326.39): Running
16:01:47 horizon SmartSim[14127] INFO aggregate-sess-prod-for-python-consumer-file-system-cpp-N8-T32-DBN0-ITER100-TB1024-TPD4-2d2e(3958326.38): Running
16:01:47 horizon SmartSim[14127] INFO aggregate-sess-cons-python-cpp-N8-T32-DBN0-ITER100-TB1024-TPD4-CT32-f599(3958326.39): Running
16:01:52 horizon SmartSim[14127] INFO aggregate-sess-prod-for-python-consumer-file-system-cpp-N8-T32-DBN0-ITER100-TB1024-TPD4-2d2e(3958326.38): Running
16:01:52 horizon SmartSim[14127] INFO aggregate-sess-cons-python-cpp-N8-T32-DBN0-ITER100-TB1024-TPD4-CT32-f599(3958326.39): Running
16:01:57 horizon SmartSim[14127] INFO aggregate-sess-prod-for-python-consumer-file-system-cpp-N8-T32-DBN0-ITER100-TB1024-TPD4-2d2e(3958326.38): Running
16:01:57 horizon SmartSim[14127] INFO aggregate-sess-cons-python-cpp-N8-T32-DBN0-ITER100-TB1024-TPD4-CT32-f599(3958326.39): Running
16:02:02 horizon SmartSim[14127] INFO aggregate-sess-prod-for-python-consumer-file-system-cpp-N8-T32-DBN0-ITER100-TB1024-TPD4-2d2e(3958326.38): Running
16:02:02 horizon SmartSim[14127] INFO aggregate-sess-cons-python-cpp-N8-T32-DBN0-ITER100-TB1024-TPD4-CT32-f599(3958326.39): Running
16:02:07 horizon SmartSim[14127] INFO aggregate-sess-prod-for-python-consumer-file-system-cpp-N8-T32-DBN0-ITER100-TB1024-TPD4-2d2e(3958326.38): Running
16:02:07 horizon SmartSim[14127] INFO aggregate-sess-cons-python-cpp-N8-T32-DBN0-ITER100-TB1024-TPD4-CT32-f599(3958326.39): Running
16:02:12 horizon SmartSim[14127] INFO aggregate-sess-prod-for-python-consumer-file-system-cpp-N8-T32-DBN0-ITER100-TB1024-TPD4-2d2e(3958326.38): Running
16:02:12 horizon SmartSim[14127] INFO aggregate-sess-cons-python-cpp-N8-T32-DBN0-ITER100-TB1024-TPD4-CT32-f599(3958326.39): Running
16:02:17 horizon SmartSim[14127] INFO aggregate-sess-prod-for-python-consumer-file-system-cpp-N8-T32-DBN0-ITER100-TB1024-TPD4-2d2e(3958326.38): Running
16:02:17 horizon SmartSim[14127] INFO aggregate-sess-cons-python-cpp-N8-T32-DBN0-ITER100-TB1024-TPD4-CT32-f599(3958326.39): Running
16:02:22 horizon SmartSim[14127] INFO aggregate-sess-prod-for-python-consumer-file-system-cpp-N8-T32-DBN0-ITER100-TB1024-TPD4-2d2e(3958326.38): Running
16:02:22 horizon SmartSim[14127] INFO aggregate-sess-cons-python-cpp-N8-T32-DBN0-ITER100-TB1024-TPD4-CT32-f599(3958326.39): Running
16:02:27 horizon SmartSim[14127] INFO aggregate-sess-prod-for-python-consumer-file-system-cpp-N8-T32-DBN0-ITER100-TB1024-TPD4-2d2e(3958326.38): Running
16:02:27 horizon SmartSim[14127] INFO aggregate-sess-cons-python-cpp-N8-T32-DBN0-ITER100-TB1024-TPD4-CT32-f599(3958326.39): Running
16:02:32 horizon SmartSim[14127] INFO aggregate-sess-prod-for-python-consumer-file-system-cpp-N8-T32-DBN0-ITER100-TB1024-TPD4-2d2e(3958326.38): Running
16:02:32 horizon SmartSim[14127] INFO aggregate-sess-cons-python-cpp-N8-T32-DBN0-ITER100-TB1024-TPD4-CT32-f599(3958326.39): Running
16:02:37 horizon SmartSim[14127] INFO aggregate-sess-prod-for-python-consumer-file-system-cpp-N8-T32-DBN0-ITER100-TB1024-TPD4-2d2e(3958326.38): Running
16:02:37 horizon SmartSim[14127] INFO aggregate-sess-cons-python-cpp-N8-T32-DBN0-ITER100-TB1024-TPD4-CT32-f599(3958326.39): Running
16:02:42 horizon SmartSim[14127] INFO aggregate-sess-prod-for-python-consumer-file-system-cpp-N8-T32-DBN0-ITER100-TB1024-TPD4-2d2e(3958326.38): Running
16:02:42 horizon SmartSim[14127] INFO aggregate-sess-cons-python-cpp-N8-T32-DBN0-ITER100-TB1024-TPD4-CT32-f599(3958326.39): Running
16:02:47 horizon SmartSim[14127] INFO aggregate-sess-prod-for-python-consumer-file-system-cpp-N8-T32-DBN0-ITER100-TB1024-TPD4-2d2e(3958326.38): Running
16:02:47 horizon SmartSim[14127] INFO aggregate-sess-cons-python-cpp-N8-T32-DBN0-ITER100-TB1024-TPD4-CT32-f599(3958326.39): Running
16:02:52 horizon SmartSim[14127] INFO aggregate-sess-prod-for-python-consumer-file-system-cpp-N8-T32-DBN0-ITER100-TB1024-TPD4-2d2e(3958326.38): Running
16:02:52 horizon SmartSim[14127] INFO aggregate-sess-cons-python-cpp-N8-T32-DBN0-ITER100-TB1024-TPD4-CT32-f599(3958326.39): Running
16:02:57 horizon SmartSim[14127] INFO aggregate-sess-prod-for-python-consumer-file-system-cpp-N8-T32-DBN0-ITER100-TB1024-TPD4-2d2e(3958326.38): Running
16:02:57 horizon SmartSim[14127] INFO aggregate-sess-cons-python-cpp-N8-T32-DBN0-ITER100-TB1024-TPD4-CT32-f599(3958326.39): Running
16:03:02 horizon SmartSim[14127] INFO aggregate-sess-prod-for-python-consumer-file-system-cpp-N8-T32-DBN0-ITER100-TB1024-TPD4-2d2e(3958326.38): Running
16:03:02 horizon SmartSim[14127] INFO aggregate-sess-cons-python-cpp-N8-T32-DBN0-ITER100-TB1024-TPD4-CT32-f599(3958326.39): Running
16:03:07 horizon SmartSim[14127] INFO aggregate-sess-prod-for-python-consumer-file-system-cpp-N8-T32-DBN0-ITER100-TB1024-TPD4-2d2e(3958326.38): Running
16:03:07 horizon SmartSim[14127] INFO aggregate-sess-cons-python-cpp-N8-T32-DBN0-ITER100-TB1024-TPD4-CT32-f599(3958326.39): Running
16:03:12 horizon SmartSim[14127] INFO aggregate-sess-prod-for-python-consumer-file-system-cpp-N8-T32-DBN0-ITER100-TB1024-TPD4-2d2e(3958326.38): Running
16:03:12 horizon SmartSim[14127] INFO aggregate-sess-cons-python-cpp-N8-T32-DBN0-ITER100-TB1024-TPD4-CT32-f599(3958326.39): Running
16:03:17 horizon SmartSim[14127] INFO aggregate-sess-prod-for-python-consumer-file-system-cpp-N8-T32-DBN0-ITER100-TB1024-TPD4-2d2e(3958326.38): Running
16:03:17 horizon SmartSim[14127] INFO aggregate-sess-cons-python-cpp-N8-T32-DBN0-ITER100-TB1024-TPD4-CT32-f599(3958326.39): Running
16:03:22 horizon SmartSim[14127] INFO aggregate-sess-prod-for-python-consumer-file-system-cpp-N8-T32-DBN0-ITER100-TB1024-TPD4-2d2e(3958326.38): Running
16:03:22 horizon SmartSim[14127] INFO aggregate-sess-cons-python-cpp-N8-T32-DBN0-ITER100-TB1024-TPD4-CT32-f599(3958326.39): Running
16:03:27 horizon SmartSim[14127] INFO aggregate-sess-prod-for-python-consumer-file-system-cpp-N8-T32-DBN0-ITER100-TB1024-TPD4-2d2e(3958326.38): Running
16:03:27 horizon SmartSim[14127] INFO aggregate-sess-cons-python-cpp-N8-T32-DBN0-ITER100-TB1024-TPD4-CT32-f599(3958326.39): Running
16:03:27 horizon SmartSim[14127] INFO aggregate-sess-prod-for-python-consumer-file-system-cpp-N8-T32-DBN0-ITER100-TB1024-TPD4-2d2e(3958326.38): Completed
16:03:27 horizon SmartSim[14127] INFO aggregate-sess-cons-python-cpp-N8-T32-DBN0-ITER100-TB1024-TPD4-CT32-f599(3958326.39): Completed
16:03:27 horizon SmartSim[14127] DEBUG Sleeping, no jobs to monitor
16:03:32 horizon SmartSim[14127] INFO Running with processes: 32
16:03:32 horizon SmartSim[14127] INFO Working in previously created experiment
16:03:32 horizon SmartSim[14127] DEBUG Producer session created
16:03:32 horizon SmartSim[14127] INFO Working in previously created experiment
16:03:32 horizon SmartSim[14127] INFO Working in previously created experiment
16:03:32 horizon SmartSim[14127] DEBUG Configuring model aggregate-sess-cons-python-cpp-N16-T32-DBN0-ITER100-TB1024-TPD4-CT32-bc3c with params {}
16:03:32 horizon SmartSim[14127] DEBUG Consumer session created
16:03:32 horizon SmartSim[14127] INFO 

=== Launch Summary ===
Experiment: results/aggregation-standard-scaling-py-fs/run-2023-07-20-15:56:58
Experiment Path: /lus/cls01029/richaama/smartsim-scaling/SmartSim-Scaling/results/aggregation-standard-scaling-py-fs/run-2023-07-20-15:56:58
Launcher: slurm
Models: 2
Database Status: inactive

=== Models ===
aggregate-sess-prod-for-python-consumer-file-system-cpp-N16-T32-DBN0-ITER100-TB1024-TPD4-c690
Executable: /lus/cls01029/richaama/smartsim-scaling/SmartSim-Scaling/cpp-py-data-aggregation/fs/build/aggregation_producer
Executable Arguments: 1024 4
Run Command: srun
Run Arguments:
	ntasks = 512
	ntasks-per-node = 32
	nodes = 16
aggregate-sess-cons-python-cpp-N16-T32-DBN0-ITER100-TB1024-TPD4-CT32-bc3c
Executable: /lus/scratch/richaama/miniconda3/envs/plz3/bin/python
Executable Arguments: aggregation_consumer.py 512
Run Command: srun
Run Arguments:
	ntasks-per-node = 1
	cpus-per-task = 64
	cpu-bind = v
	nodes = 1



16:03:32 horizon SmartSim[14127] DEBUG Running on allocation 3958326 gleaned from user environment
16:03:32 horizon SmartSim[14127] DEBUG Running on allocation 3958326 gleaned from user environment
16:03:35 horizon SmartSim[14127] DEBUG Launching aggregate-sess-prod-for-python-consumer-file-system-cpp-N16-T32-DBN0-ITER100-TB1024-TPD4-c690
16:03:38 horizon SmartSim[14127] DEBUG Launching aggregate-sess-cons-python-cpp-N16-T32-DBN0-ITER100-TB1024-TPD4-CT32-bc3c
16:03:38 horizon SmartSim[14127] DEBUG Starting Job Manager
16:03:43 horizon SmartSim[14127] INFO aggregate-sess-prod-for-python-consumer-file-system-cpp-N16-T32-DBN0-ITER100-TB1024-TPD4-c690(3958326.40): New
16:03:43 horizon SmartSim[14127] INFO aggregate-sess-cons-python-cpp-N16-T32-DBN0-ITER100-TB1024-TPD4-CT32-bc3c(3958326.41): New
16:03:48 horizon SmartSim[14127] INFO aggregate-sess-prod-for-python-consumer-file-system-cpp-N16-T32-DBN0-ITER100-TB1024-TPD4-c690(3958326.40): Running
16:03:48 horizon SmartSim[14127] INFO aggregate-sess-cons-python-cpp-N16-T32-DBN0-ITER100-TB1024-TPD4-CT32-bc3c(3958326.41): Running
16:03:53 horizon SmartSim[14127] INFO aggregate-sess-prod-for-python-consumer-file-system-cpp-N16-T32-DBN0-ITER100-TB1024-TPD4-c690(3958326.40): Running
16:03:53 horizon SmartSim[14127] INFO aggregate-sess-cons-python-cpp-N16-T32-DBN0-ITER100-TB1024-TPD4-CT32-bc3c(3958326.41): Running
16:03:58 horizon SmartSim[14127] INFO aggregate-sess-prod-for-python-consumer-file-system-cpp-N16-T32-DBN0-ITER100-TB1024-TPD4-c690(3958326.40): Running
16:03:58 horizon SmartSim[14127] INFO aggregate-sess-cons-python-cpp-N16-T32-DBN0-ITER100-TB1024-TPD4-CT32-bc3c(3958326.41): Running
16:04:03 horizon SmartSim[14127] INFO aggregate-sess-prod-for-python-consumer-file-system-cpp-N16-T32-DBN0-ITER100-TB1024-TPD4-c690(3958326.40): Running
16:04:03 horizon SmartSim[14127] INFO aggregate-sess-cons-python-cpp-N16-T32-DBN0-ITER100-TB1024-TPD4-CT32-bc3c(3958326.41): Running
16:04:08 horizon SmartSim[14127] INFO aggregate-sess-prod-for-python-consumer-file-system-cpp-N16-T32-DBN0-ITER100-TB1024-TPD4-c690(3958326.40): Running
16:04:08 horizon SmartSim[14127] INFO aggregate-sess-cons-python-cpp-N16-T32-DBN0-ITER100-TB1024-TPD4-CT32-bc3c(3958326.41): Running
16:04:13 horizon SmartSim[14127] INFO aggregate-sess-prod-for-python-consumer-file-system-cpp-N16-T32-DBN0-ITER100-TB1024-TPD4-c690(3958326.40): Running
16:04:13 horizon SmartSim[14127] INFO aggregate-sess-cons-python-cpp-N16-T32-DBN0-ITER100-TB1024-TPD4-CT32-bc3c(3958326.41): Running
16:04:18 horizon SmartSim[14127] INFO aggregate-sess-prod-for-python-consumer-file-system-cpp-N16-T32-DBN0-ITER100-TB1024-TPD4-c690(3958326.40): Running
16:04:18 horizon SmartSim[14127] INFO aggregate-sess-cons-python-cpp-N16-T32-DBN0-ITER100-TB1024-TPD4-CT32-bc3c(3958326.41): Running
16:04:23 horizon SmartSim[14127] INFO aggregate-sess-prod-for-python-consumer-file-system-cpp-N16-T32-DBN0-ITER100-TB1024-TPD4-c690(3958326.40): Running
16:04:23 horizon SmartSim[14127] INFO aggregate-sess-cons-python-cpp-N16-T32-DBN0-ITER100-TB1024-TPD4-CT32-bc3c(3958326.41): Running
16:04:28 horizon SmartSim[14127] INFO aggregate-sess-prod-for-python-consumer-file-system-cpp-N16-T32-DBN0-ITER100-TB1024-TPD4-c690(3958326.40): Running
16:04:28 horizon SmartSim[14127] INFO aggregate-sess-cons-python-cpp-N16-T32-DBN0-ITER100-TB1024-TPD4-CT32-bc3c(3958326.41): Running
16:04:33 horizon SmartSim[14127] INFO aggregate-sess-prod-for-python-consumer-file-system-cpp-N16-T32-DBN0-ITER100-TB1024-TPD4-c690(3958326.40): Running
16:04:33 horizon SmartSim[14127] INFO aggregate-sess-cons-python-cpp-N16-T32-DBN0-ITER100-TB1024-TPD4-CT32-bc3c(3958326.41): Running
16:04:39 horizon SmartSim[14127] INFO aggregate-sess-prod-for-python-consumer-file-system-cpp-N16-T32-DBN0-ITER100-TB1024-TPD4-c690(3958326.40): Running
16:04:39 horizon SmartSim[14127] INFO aggregate-sess-cons-python-cpp-N16-T32-DBN0-ITER100-TB1024-TPD4-CT32-bc3c(3958326.41): Running
16:04:44 horizon SmartSim[14127] INFO aggregate-sess-prod-for-python-consumer-file-system-cpp-N16-T32-DBN0-ITER100-TB1024-TPD4-c690(3958326.40): Running
16:04:44 horizon SmartSim[14127] INFO aggregate-sess-cons-python-cpp-N16-T32-DBN0-ITER100-TB1024-TPD4-CT32-bc3c(3958326.41): Running
16:04:49 horizon SmartSim[14127] INFO aggregate-sess-prod-for-python-consumer-file-system-cpp-N16-T32-DBN0-ITER100-TB1024-TPD4-c690(3958326.40): Running
16:04:49 horizon SmartSim[14127] INFO aggregate-sess-cons-python-cpp-N16-T32-DBN0-ITER100-TB1024-TPD4-CT32-bc3c(3958326.41): Running
16:04:54 horizon SmartSim[14127] INFO aggregate-sess-prod-for-python-consumer-file-system-cpp-N16-T32-DBN0-ITER100-TB1024-TPD4-c690(3958326.40): Running
16:04:54 horizon SmartSim[14127] INFO aggregate-sess-cons-python-cpp-N16-T32-DBN0-ITER100-TB1024-TPD4-CT32-bc3c(3958326.41): Running
16:04:59 horizon SmartSim[14127] INFO aggregate-sess-prod-for-python-consumer-file-system-cpp-N16-T32-DBN0-ITER100-TB1024-TPD4-c690(3958326.40): Running
16:04:59 horizon SmartSim[14127] INFO aggregate-sess-cons-python-cpp-N16-T32-DBN0-ITER100-TB1024-TPD4-CT32-bc3c(3958326.41): Running
16:05:04 horizon SmartSim[14127] INFO aggregate-sess-prod-for-python-consumer-file-system-cpp-N16-T32-DBN0-ITER100-TB1024-TPD4-c690(3958326.40): Running
16:05:04 horizon SmartSim[14127] INFO aggregate-sess-cons-python-cpp-N16-T32-DBN0-ITER100-TB1024-TPD4-CT32-bc3c(3958326.41): Running
16:05:09 horizon SmartSim[14127] INFO aggregate-sess-prod-for-python-consumer-file-system-cpp-N16-T32-DBN0-ITER100-TB1024-TPD4-c690(3958326.40): Running
16:05:09 horizon SmartSim[14127] INFO aggregate-sess-cons-python-cpp-N16-T32-DBN0-ITER100-TB1024-TPD4-CT32-bc3c(3958326.41): Running
16:05:14 horizon SmartSim[14127] INFO aggregate-sess-prod-for-python-consumer-file-system-cpp-N16-T32-DBN0-ITER100-TB1024-TPD4-c690(3958326.40): Running
16:05:14 horizon SmartSim[14127] INFO aggregate-sess-cons-python-cpp-N16-T32-DBN0-ITER100-TB1024-TPD4-CT32-bc3c(3958326.41): Running
16:05:19 horizon SmartSim[14127] INFO aggregate-sess-prod-for-python-consumer-file-system-cpp-N16-T32-DBN0-ITER100-TB1024-TPD4-c690(3958326.40): Running
16:05:19 horizon SmartSim[14127] INFO aggregate-sess-cons-python-cpp-N16-T32-DBN0-ITER100-TB1024-TPD4-CT32-bc3c(3958326.41): Running
16:05:24 horizon SmartSim[14127] INFO aggregate-sess-prod-for-python-consumer-file-system-cpp-N16-T32-DBN0-ITER100-TB1024-TPD4-c690(3958326.40): Running
16:05:24 horizon SmartSim[14127] INFO aggregate-sess-cons-python-cpp-N16-T32-DBN0-ITER100-TB1024-TPD4-CT32-bc3c(3958326.41): Running
16:05:29 horizon SmartSim[14127] INFO aggregate-sess-prod-for-python-consumer-file-system-cpp-N16-T32-DBN0-ITER100-TB1024-TPD4-c690(3958326.40): Running
16:05:29 horizon SmartSim[14127] INFO aggregate-sess-cons-python-cpp-N16-T32-DBN0-ITER100-TB1024-TPD4-CT32-bc3c(3958326.41): Running
16:05:34 horizon SmartSim[14127] INFO aggregate-sess-prod-for-python-consumer-file-system-cpp-N16-T32-DBN0-ITER100-TB1024-TPD4-c690(3958326.40): Running
16:05:34 horizon SmartSim[14127] INFO aggregate-sess-cons-python-cpp-N16-T32-DBN0-ITER100-TB1024-TPD4-CT32-bc3c(3958326.41): Running
16:05:39 horizon SmartSim[14127] INFO aggregate-sess-prod-for-python-consumer-file-system-cpp-N16-T32-DBN0-ITER100-TB1024-TPD4-c690(3958326.40): Running
16:05:39 horizon SmartSim[14127] INFO aggregate-sess-cons-python-cpp-N16-T32-DBN0-ITER100-TB1024-TPD4-CT32-bc3c(3958326.41): Running
16:05:44 horizon SmartSim[14127] INFO aggregate-sess-prod-for-python-consumer-file-system-cpp-N16-T32-DBN0-ITER100-TB1024-TPD4-c690(3958326.40): Running
16:05:44 horizon SmartSim[14127] INFO aggregate-sess-cons-python-cpp-N16-T32-DBN0-ITER100-TB1024-TPD4-CT32-bc3c(3958326.41): Running
16:05:49 horizon SmartSim[14127] INFO aggregate-sess-prod-for-python-consumer-file-system-cpp-N16-T32-DBN0-ITER100-TB1024-TPD4-c690(3958326.40): Running
16:05:49 horizon SmartSim[14127] INFO aggregate-sess-cons-python-cpp-N16-T32-DBN0-ITER100-TB1024-TPD4-CT32-bc3c(3958326.41): Running
16:05:54 horizon SmartSim[14127] INFO aggregate-sess-prod-for-python-consumer-file-system-cpp-N16-T32-DBN0-ITER100-TB1024-TPD4-c690(3958326.40): Running
16:05:54 horizon SmartSim[14127] INFO aggregate-sess-cons-python-cpp-N16-T32-DBN0-ITER100-TB1024-TPD4-CT32-bc3c(3958326.41): Running
16:05:59 horizon SmartSim[14127] INFO aggregate-sess-prod-for-python-consumer-file-system-cpp-N16-T32-DBN0-ITER100-TB1024-TPD4-c690(3958326.40): Completed
16:05:59 horizon SmartSim[14127] INFO aggregate-sess-prod-for-python-consumer-file-system-cpp-N16-T32-DBN0-ITER100-TB1024-TPD4-c690(3958326.40): Completed
16:05:59 horizon SmartSim[14127] INFO aggregate-sess-cons-python-cpp-N16-T32-DBN0-ITER100-TB1024-TPD4-CT32-bc3c(3958326.41): Completed
16:05:59 horizon SmartSim[14127] INFO aggregate-sess-cons-python-cpp-N16-T32-DBN0-ITER100-TB1024-TPD4-CT32-bc3c(3958326.41): Completed
16:05:59 horizon SmartSim[14127] DEBUG Sleeping, no jobs to monitor
16:06:04 horizon SmartSim[14127] INFO Running with processes: 32
16:06:04 horizon SmartSim[14127] INFO Working in previously created experiment
16:06:04 horizon SmartSim[14127] DEBUG Producer session created
16:06:04 horizon SmartSim[14127] INFO Working in previously created experiment
16:06:04 horizon SmartSim[14127] INFO Working in previously created experiment
16:06:04 horizon SmartSim[14127] DEBUG Configuring model aggregate-sess-cons-python-cpp-N32-T32-DBN0-ITER100-TB1024-TPD4-CT32-d43b with params {}
16:06:04 horizon SmartSim[14127] DEBUG Consumer session created
16:06:04 horizon SmartSim[14127] INFO 

=== Launch Summary ===
Experiment: results/aggregation-standard-scaling-py-fs/run-2023-07-20-15:56:58
Experiment Path: /lus/cls01029/richaama/smartsim-scaling/SmartSim-Scaling/results/aggregation-standard-scaling-py-fs/run-2023-07-20-15:56:58
Launcher: slurm
Models: 2
Database Status: inactive

=== Models ===
aggregate-sess-prod-for-python-consumer-file-system-cpp-N32-T32-DBN0-ITER100-TB1024-TPD4-554b
Executable: /lus/cls01029/richaama/smartsim-scaling/SmartSim-Scaling/cpp-py-data-aggregation/fs/build/aggregation_producer
Executable Arguments: 1024 4
Run Command: srun
Run Arguments:
	ntasks = 1024
	ntasks-per-node = 32
	nodes = 32
aggregate-sess-cons-python-cpp-N32-T32-DBN0-ITER100-TB1024-TPD4-CT32-d43b
Executable: /lus/scratch/richaama/miniconda3/envs/plz3/bin/python
Executable Arguments: aggregation_consumer.py 1024
Run Command: srun
Run Arguments:
	ntasks-per-node = 1
	cpus-per-task = 64
	cpu-bind = v
	nodes = 1



16:06:04 horizon SmartSim[14127] DEBUG Running on allocation 3958326 gleaned from user environment
16:06:04 horizon SmartSim[14127] DEBUG Running on allocation 3958326 gleaned from user environment
16:06:07 horizon SmartSim[14127] DEBUG Launching aggregate-sess-prod-for-python-consumer-file-system-cpp-N32-T32-DBN0-ITER100-TB1024-TPD4-554b
16:06:10 horizon SmartSim[14127] DEBUG Launching aggregate-sess-cons-python-cpp-N32-T32-DBN0-ITER100-TB1024-TPD4-CT32-d43b
16:06:10 horizon SmartSim[14127] DEBUG Starting Job Manager
16:06:15 horizon SmartSim[14127] INFO aggregate-sess-prod-for-python-consumer-file-system-cpp-N32-T32-DBN0-ITER100-TB1024-TPD4-554b(3958326.42): New
16:06:15 horizon SmartSim[14127] INFO aggregate-sess-cons-python-cpp-N32-T32-DBN0-ITER100-TB1024-TPD4-CT32-d43b(3958326.43): New
16:06:20 horizon SmartSim[14127] INFO aggregate-sess-prod-for-python-consumer-file-system-cpp-N32-T32-DBN0-ITER100-TB1024-TPD4-554b(3958326.42): Running
16:06:20 horizon SmartSim[14127] INFO aggregate-sess-cons-python-cpp-N32-T32-DBN0-ITER100-TB1024-TPD4-CT32-d43b(3958326.43): Running
16:06:25 horizon SmartSim[14127] INFO aggregate-sess-prod-for-python-consumer-file-system-cpp-N32-T32-DBN0-ITER100-TB1024-TPD4-554b(3958326.42): Running
16:06:25 horizon SmartSim[14127] INFO aggregate-sess-cons-python-cpp-N32-T32-DBN0-ITER100-TB1024-TPD4-CT32-d43b(3958326.43): Running
16:06:30 horizon SmartSim[14127] INFO aggregate-sess-prod-for-python-consumer-file-system-cpp-N32-T32-DBN0-ITER100-TB1024-TPD4-554b(3958326.42): Running
16:06:30 horizon SmartSim[14127] INFO aggregate-sess-cons-python-cpp-N32-T32-DBN0-ITER100-TB1024-TPD4-CT32-d43b(3958326.43): Running
16:06:35 horizon SmartSim[14127] INFO aggregate-sess-prod-for-python-consumer-file-system-cpp-N32-T32-DBN0-ITER100-TB1024-TPD4-554b(3958326.42): Running
16:06:35 horizon SmartSim[14127] INFO aggregate-sess-cons-python-cpp-N32-T32-DBN0-ITER100-TB1024-TPD4-CT32-d43b(3958326.43): Running
16:06:40 horizon SmartSim[14127] INFO aggregate-sess-prod-for-python-consumer-file-system-cpp-N32-T32-DBN0-ITER100-TB1024-TPD4-554b(3958326.42): Running
16:06:40 horizon SmartSim[14127] INFO aggregate-sess-cons-python-cpp-N32-T32-DBN0-ITER100-TB1024-TPD4-CT32-d43b(3958326.43): Running
16:06:45 horizon SmartSim[14127] INFO aggregate-sess-prod-for-python-consumer-file-system-cpp-N32-T32-DBN0-ITER100-TB1024-TPD4-554b(3958326.42): Running
16:06:45 horizon SmartSim[14127] INFO aggregate-sess-cons-python-cpp-N32-T32-DBN0-ITER100-TB1024-TPD4-CT32-d43b(3958326.43): Running
16:06:51 horizon SmartSim[14127] INFO aggregate-sess-prod-for-python-consumer-file-system-cpp-N32-T32-DBN0-ITER100-TB1024-TPD4-554b(3958326.42): Running
16:06:51 horizon SmartSim[14127] INFO aggregate-sess-cons-python-cpp-N32-T32-DBN0-ITER100-TB1024-TPD4-CT32-d43b(3958326.43): Running
16:06:56 horizon SmartSim[14127] INFO aggregate-sess-prod-for-python-consumer-file-system-cpp-N32-T32-DBN0-ITER100-TB1024-TPD4-554b(3958326.42): Running
16:06:56 horizon SmartSim[14127] INFO aggregate-sess-cons-python-cpp-N32-T32-DBN0-ITER100-TB1024-TPD4-CT32-d43b(3958326.43): Running
16:07:01 horizon SmartSim[14127] INFO aggregate-sess-prod-for-python-consumer-file-system-cpp-N32-T32-DBN0-ITER100-TB1024-TPD4-554b(3958326.42): Running
16:07:01 horizon SmartSim[14127] INFO aggregate-sess-cons-python-cpp-N32-T32-DBN0-ITER100-TB1024-TPD4-CT32-d43b(3958326.43): Running
16:07:06 horizon SmartSim[14127] INFO aggregate-sess-prod-for-python-consumer-file-system-cpp-N32-T32-DBN0-ITER100-TB1024-TPD4-554b(3958326.42): Running
16:07:06 horizon SmartSim[14127] INFO aggregate-sess-cons-python-cpp-N32-T32-DBN0-ITER100-TB1024-TPD4-CT32-d43b(3958326.43): Running
16:07:11 horizon SmartSim[14127] INFO aggregate-sess-prod-for-python-consumer-file-system-cpp-N32-T32-DBN0-ITER100-TB1024-TPD4-554b(3958326.42): Running
16:07:11 horizon SmartSim[14127] INFO aggregate-sess-cons-python-cpp-N32-T32-DBN0-ITER100-TB1024-TPD4-CT32-d43b(3958326.43): Running
16:07:16 horizon SmartSim[14127] INFO aggregate-sess-prod-for-python-consumer-file-system-cpp-N32-T32-DBN0-ITER100-TB1024-TPD4-554b(3958326.42): Running
16:07:16 horizon SmartSim[14127] INFO aggregate-sess-cons-python-cpp-N32-T32-DBN0-ITER100-TB1024-TPD4-CT32-d43b(3958326.43): Running
16:07:21 horizon SmartSim[14127] INFO aggregate-sess-prod-for-python-consumer-file-system-cpp-N32-T32-DBN0-ITER100-TB1024-TPD4-554b(3958326.42): Running
16:07:21 horizon SmartSim[14127] INFO aggregate-sess-cons-python-cpp-N32-T32-DBN0-ITER100-TB1024-TPD4-CT32-d43b(3958326.43): Running
16:07:26 horizon SmartSim[14127] INFO aggregate-sess-prod-for-python-consumer-file-system-cpp-N32-T32-DBN0-ITER100-TB1024-TPD4-554b(3958326.42): Running
16:07:26 horizon SmartSim[14127] INFO aggregate-sess-cons-python-cpp-N32-T32-DBN0-ITER100-TB1024-TPD4-CT32-d43b(3958326.43): Running
16:07:31 horizon SmartSim[14127] INFO aggregate-sess-prod-for-python-consumer-file-system-cpp-N32-T32-DBN0-ITER100-TB1024-TPD4-554b(3958326.42): Running
16:07:31 horizon SmartSim[14127] INFO aggregate-sess-cons-python-cpp-N32-T32-DBN0-ITER100-TB1024-TPD4-CT32-d43b(3958326.43): Running
16:07:36 horizon SmartSim[14127] INFO aggregate-sess-prod-for-python-consumer-file-system-cpp-N32-T32-DBN0-ITER100-TB1024-TPD4-554b(3958326.42): Running
16:07:36 horizon SmartSim[14127] INFO aggregate-sess-cons-python-cpp-N32-T32-DBN0-ITER100-TB1024-TPD4-CT32-d43b(3958326.43): Running
16:07:41 horizon SmartSim[14127] INFO aggregate-sess-prod-for-python-consumer-file-system-cpp-N32-T32-DBN0-ITER100-TB1024-TPD4-554b(3958326.42): Running
16:07:41 horizon SmartSim[14127] INFO aggregate-sess-cons-python-cpp-N32-T32-DBN0-ITER100-TB1024-TPD4-CT32-d43b(3958326.43): Running
16:07:46 horizon SmartSim[14127] INFO aggregate-sess-prod-for-python-consumer-file-system-cpp-N32-T32-DBN0-ITER100-TB1024-TPD4-554b(3958326.42): Running
16:07:46 horizon SmartSim[14127] INFO aggregate-sess-cons-python-cpp-N32-T32-DBN0-ITER100-TB1024-TPD4-CT32-d43b(3958326.43): Running
16:07:51 horizon SmartSim[14127] INFO aggregate-sess-prod-for-python-consumer-file-system-cpp-N32-T32-DBN0-ITER100-TB1024-TPD4-554b(3958326.42): Running
16:07:51 horizon SmartSim[14127] INFO aggregate-sess-cons-python-cpp-N32-T32-DBN0-ITER100-TB1024-TPD4-CT32-d43b(3958326.43): Running
16:07:56 horizon SmartSim[14127] INFO aggregate-sess-prod-for-python-consumer-file-system-cpp-N32-T32-DBN0-ITER100-TB1024-TPD4-554b(3958326.42): Running
16:07:56 horizon SmartSim[14127] INFO aggregate-sess-cons-python-cpp-N32-T32-DBN0-ITER100-TB1024-TPD4-CT32-d43b(3958326.43): Running
16:08:01 horizon SmartSim[14127] INFO aggregate-sess-prod-for-python-consumer-file-system-cpp-N32-T32-DBN0-ITER100-TB1024-TPD4-554b(3958326.42): Running
16:08:01 horizon SmartSim[14127] INFO aggregate-sess-cons-python-cpp-N32-T32-DBN0-ITER100-TB1024-TPD4-CT32-d43b(3958326.43): Running
16:08:06 horizon SmartSim[14127] INFO aggregate-sess-prod-for-python-consumer-file-system-cpp-N32-T32-DBN0-ITER100-TB1024-TPD4-554b(3958326.42): Running
16:08:06 horizon SmartSim[14127] INFO aggregate-sess-cons-python-cpp-N32-T32-DBN0-ITER100-TB1024-TPD4-CT32-d43b(3958326.43): Running
16:08:11 horizon SmartSim[14127] INFO aggregate-sess-prod-for-python-consumer-file-system-cpp-N32-T32-DBN0-ITER100-TB1024-TPD4-554b(3958326.42): Running
16:08:11 horizon SmartSim[14127] INFO aggregate-sess-cons-python-cpp-N32-T32-DBN0-ITER100-TB1024-TPD4-CT32-d43b(3958326.43): Running
16:08:16 horizon SmartSim[14127] INFO aggregate-sess-prod-for-python-consumer-file-system-cpp-N32-T32-DBN0-ITER100-TB1024-TPD4-554b(3958326.42): Running
16:08:16 horizon SmartSim[14127] INFO aggregate-sess-cons-python-cpp-N32-T32-DBN0-ITER100-TB1024-TPD4-CT32-d43b(3958326.43): Running
16:08:21 horizon SmartSim[14127] INFO aggregate-sess-prod-for-python-consumer-file-system-cpp-N32-T32-DBN0-ITER100-TB1024-TPD4-554b(3958326.42): Running
16:08:21 horizon SmartSim[14127] INFO aggregate-sess-cons-python-cpp-N32-T32-DBN0-ITER100-TB1024-TPD4-CT32-d43b(3958326.43): Running
16:08:26 horizon SmartSim[14127] INFO aggregate-sess-prod-for-python-consumer-file-system-cpp-N32-T32-DBN0-ITER100-TB1024-TPD4-554b(3958326.42): Running
16:08:26 horizon SmartSim[14127] INFO aggregate-sess-cons-python-cpp-N32-T32-DBN0-ITER100-TB1024-TPD4-CT32-d43b(3958326.43): Running
16:08:31 horizon SmartSim[14127] INFO aggregate-sess-prod-for-python-consumer-file-system-cpp-N32-T32-DBN0-ITER100-TB1024-TPD4-554b(3958326.42): Running
16:08:31 horizon SmartSim[14127] INFO aggregate-sess-cons-python-cpp-N32-T32-DBN0-ITER100-TB1024-TPD4-CT32-d43b(3958326.43): Running
16:08:36 horizon SmartSim[14127] INFO aggregate-sess-prod-for-python-consumer-file-system-cpp-N32-T32-DBN0-ITER100-TB1024-TPD4-554b(3958326.42): Running
16:08:36 horizon SmartSim[14127] INFO aggregate-sess-cons-python-cpp-N32-T32-DBN0-ITER100-TB1024-TPD4-CT32-d43b(3958326.43): Running
16:08:41 horizon SmartSim[14127] INFO aggregate-sess-prod-for-python-consumer-file-system-cpp-N32-T32-DBN0-ITER100-TB1024-TPD4-554b(3958326.42): Completed
16:08:41 horizon SmartSim[14127] INFO aggregate-sess-prod-for-python-consumer-file-system-cpp-N32-T32-DBN0-ITER100-TB1024-TPD4-554b(3958326.42): Completed
16:08:41 horizon SmartSim[14127] INFO aggregate-sess-cons-python-cpp-N32-T32-DBN0-ITER100-TB1024-TPD4-CT32-d43b(3958326.43): Completed
16:08:41 horizon SmartSim[14127] INFO aggregate-sess-cons-python-cpp-N32-T32-DBN0-ITER100-TB1024-TPD4-CT32-d43b(3958326.43): Completed
16:08:41 horizon SmartSim[14127] DEBUG Sleeping, no jobs to monitor
16:08:46 horizon SmartSim[14127] INFO Running with processes: 32
16:08:46 horizon SmartSim[14127] INFO Working in previously created experiment
16:08:46 horizon SmartSim[14127] DEBUG Producer session created
16:08:46 horizon SmartSim[14127] INFO Working in previously created experiment
16:08:46 horizon SmartSim[14127] INFO Working in previously created experiment
16:08:46 horizon SmartSim[14127] DEBUG Configuring model aggregate-sess-cons-python-cpp-N64-T32-DBN0-ITER100-TB1024-TPD4-CT32-9cf9 with params {}
16:08:46 horizon SmartSim[14127] DEBUG Consumer session created
16:08:46 horizon SmartSim[14127] INFO 

=== Launch Summary ===
Experiment: results/aggregation-standard-scaling-py-fs/run-2023-07-20-15:56:58
Experiment Path: /lus/cls01029/richaama/smartsim-scaling/SmartSim-Scaling/results/aggregation-standard-scaling-py-fs/run-2023-07-20-15:56:58
Launcher: slurm
Models: 2
Database Status: inactive

=== Models ===
aggregate-sess-prod-for-python-consumer-file-system-cpp-N64-T32-DBN0-ITER100-TB1024-TPD4-4a33
Executable: /lus/cls01029/richaama/smartsim-scaling/SmartSim-Scaling/cpp-py-data-aggregation/fs/build/aggregation_producer
Executable Arguments: 1024 4
Run Command: srun
Run Arguments:
	ntasks = 2048
	ntasks-per-node = 32
	nodes = 64
aggregate-sess-cons-python-cpp-N64-T32-DBN0-ITER100-TB1024-TPD4-CT32-9cf9
Executable: /lus/scratch/richaama/miniconda3/envs/plz3/bin/python
Executable Arguments: aggregation_consumer.py 2048
Run Command: srun
Run Arguments:
	ntasks-per-node = 1
	cpus-per-task = 64
	cpu-bind = v
	nodes = 1



16:08:46 horizon SmartSim[14127] DEBUG Running on allocation 3958326 gleaned from user environment
16:08:46 horizon SmartSim[14127] DEBUG Running on allocation 3958326 gleaned from user environment
16:08:49 horizon SmartSim[14127] DEBUG Launching aggregate-sess-prod-for-python-consumer-file-system-cpp-N64-T32-DBN0-ITER100-TB1024-TPD4-4a33
16:08:52 horizon SmartSim[14127] DEBUG Launching aggregate-sess-cons-python-cpp-N64-T32-DBN0-ITER100-TB1024-TPD4-CT32-9cf9
16:08:52 horizon SmartSim[14127] DEBUG Starting Job Manager
16:08:57 horizon SmartSim[14127] INFO aggregate-sess-prod-for-python-consumer-file-system-cpp-N64-T32-DBN0-ITER100-TB1024-TPD4-4a33(3958326.44): New
16:08:57 horizon SmartSim[14127] INFO aggregate-sess-cons-python-cpp-N64-T32-DBN0-ITER100-TB1024-TPD4-CT32-9cf9(3958326.45): New
16:09:02 horizon SmartSim[14127] INFO aggregate-sess-prod-for-python-consumer-file-system-cpp-N64-T32-DBN0-ITER100-TB1024-TPD4-4a33(3958326.44): Running
16:09:02 horizon SmartSim[14127] INFO aggregate-sess-cons-python-cpp-N64-T32-DBN0-ITER100-TB1024-TPD4-CT32-9cf9(3958326.45): Running
16:09:08 horizon SmartSim[14127] INFO aggregate-sess-prod-for-python-consumer-file-system-cpp-N64-T32-DBN0-ITER100-TB1024-TPD4-4a33(3958326.44): Running
16:09:08 horizon SmartSim[14127] INFO aggregate-sess-cons-python-cpp-N64-T32-DBN0-ITER100-TB1024-TPD4-CT32-9cf9(3958326.45): Running
16:09:13 horizon SmartSim[14127] INFO aggregate-sess-prod-for-python-consumer-file-system-cpp-N64-T32-DBN0-ITER100-TB1024-TPD4-4a33(3958326.44): Running
16:09:13 horizon SmartSim[14127] INFO aggregate-sess-cons-python-cpp-N64-T32-DBN0-ITER100-TB1024-TPD4-CT32-9cf9(3958326.45): Running
16:09:18 horizon SmartSim[14127] INFO aggregate-sess-prod-for-python-consumer-file-system-cpp-N64-T32-DBN0-ITER100-TB1024-TPD4-4a33(3958326.44): Running
16:09:18 horizon SmartSim[14127] INFO aggregate-sess-cons-python-cpp-N64-T32-DBN0-ITER100-TB1024-TPD4-CT32-9cf9(3958326.45): Running
16:09:23 horizon SmartSim[14127] INFO aggregate-sess-prod-for-python-consumer-file-system-cpp-N64-T32-DBN0-ITER100-TB1024-TPD4-4a33(3958326.44): Running
16:09:23 horizon SmartSim[14127] INFO aggregate-sess-cons-python-cpp-N64-T32-DBN0-ITER100-TB1024-TPD4-CT32-9cf9(3958326.45): Running
16:09:28 horizon SmartSim[14127] INFO aggregate-sess-prod-for-python-consumer-file-system-cpp-N64-T32-DBN0-ITER100-TB1024-TPD4-4a33(3958326.44): Running
16:09:28 horizon SmartSim[14127] INFO aggregate-sess-cons-python-cpp-N64-T32-DBN0-ITER100-TB1024-TPD4-CT32-9cf9(3958326.45): Running
16:09:33 horizon SmartSim[14127] INFO aggregate-sess-prod-for-python-consumer-file-system-cpp-N64-T32-DBN0-ITER100-TB1024-TPD4-4a33(3958326.44): Running
16:09:33 horizon SmartSim[14127] INFO aggregate-sess-cons-python-cpp-N64-T32-DBN0-ITER100-TB1024-TPD4-CT32-9cf9(3958326.45): Running
16:09:38 horizon SmartSim[14127] INFO aggregate-sess-prod-for-python-consumer-file-system-cpp-N64-T32-DBN0-ITER100-TB1024-TPD4-4a33(3958326.44): Running
16:09:38 horizon SmartSim[14127] INFO aggregate-sess-cons-python-cpp-N64-T32-DBN0-ITER100-TB1024-TPD4-CT32-9cf9(3958326.45): Running
16:09:43 horizon SmartSim[14127] INFO aggregate-sess-prod-for-python-consumer-file-system-cpp-N64-T32-DBN0-ITER100-TB1024-TPD4-4a33(3958326.44): Running
16:09:43 horizon SmartSim[14127] INFO aggregate-sess-cons-python-cpp-N64-T32-DBN0-ITER100-TB1024-TPD4-CT32-9cf9(3958326.45): Running
16:09:48 horizon SmartSim[14127] INFO aggregate-sess-prod-for-python-consumer-file-system-cpp-N64-T32-DBN0-ITER100-TB1024-TPD4-4a33(3958326.44): Running
16:09:48 horizon SmartSim[14127] INFO aggregate-sess-cons-python-cpp-N64-T32-DBN0-ITER100-TB1024-TPD4-CT32-9cf9(3958326.45): Running
16:09:53 horizon SmartSim[14127] INFO aggregate-sess-prod-for-python-consumer-file-system-cpp-N64-T32-DBN0-ITER100-TB1024-TPD4-4a33(3958326.44): Running
16:09:53 horizon SmartSim[14127] INFO aggregate-sess-cons-python-cpp-N64-T32-DBN0-ITER100-TB1024-TPD4-CT32-9cf9(3958326.45): Running
16:09:58 horizon SmartSim[14127] INFO aggregate-sess-prod-for-python-consumer-file-system-cpp-N64-T32-DBN0-ITER100-TB1024-TPD4-4a33(3958326.44): Running
16:09:58 horizon SmartSim[14127] INFO aggregate-sess-cons-python-cpp-N64-T32-DBN0-ITER100-TB1024-TPD4-CT32-9cf9(3958326.45): Running
16:10:03 horizon SmartSim[14127] INFO aggregate-sess-prod-for-python-consumer-file-system-cpp-N64-T32-DBN0-ITER100-TB1024-TPD4-4a33(3958326.44): Running
16:10:03 horizon SmartSim[14127] INFO aggregate-sess-cons-python-cpp-N64-T32-DBN0-ITER100-TB1024-TPD4-CT32-9cf9(3958326.45): Running
16:10:08 horizon SmartSim[14127] INFO aggregate-sess-prod-for-python-consumer-file-system-cpp-N64-T32-DBN0-ITER100-TB1024-TPD4-4a33(3958326.44): Running
16:10:08 horizon SmartSim[14127] INFO aggregate-sess-cons-python-cpp-N64-T32-DBN0-ITER100-TB1024-TPD4-CT32-9cf9(3958326.45): Running
16:10:13 horizon SmartSim[14127] INFO aggregate-sess-prod-for-python-consumer-file-system-cpp-N64-T32-DBN0-ITER100-TB1024-TPD4-4a33(3958326.44): Running
16:10:13 horizon SmartSim[14127] INFO aggregate-sess-cons-python-cpp-N64-T32-DBN0-ITER100-TB1024-TPD4-CT32-9cf9(3958326.45): Running
16:10:18 horizon SmartSim[14127] INFO aggregate-sess-prod-for-python-consumer-file-system-cpp-N64-T32-DBN0-ITER100-TB1024-TPD4-4a33(3958326.44): Running
16:10:18 horizon SmartSim[14127] INFO aggregate-sess-cons-python-cpp-N64-T32-DBN0-ITER100-TB1024-TPD4-CT32-9cf9(3958326.45): Running
16:10:23 horizon SmartSim[14127] INFO aggregate-sess-prod-for-python-consumer-file-system-cpp-N64-T32-DBN0-ITER100-TB1024-TPD4-4a33(3958326.44): Running
16:10:23 horizon SmartSim[14127] INFO aggregate-sess-cons-python-cpp-N64-T32-DBN0-ITER100-TB1024-TPD4-CT32-9cf9(3958326.45): Running
16:10:28 horizon SmartSim[14127] INFO aggregate-sess-prod-for-python-consumer-file-system-cpp-N64-T32-DBN0-ITER100-TB1024-TPD4-4a33(3958326.44): Running
16:10:28 horizon SmartSim[14127] INFO aggregate-sess-cons-python-cpp-N64-T32-DBN0-ITER100-TB1024-TPD4-CT32-9cf9(3958326.45): Running
16:10:33 horizon SmartSim[14127] INFO aggregate-sess-prod-for-python-consumer-file-system-cpp-N64-T32-DBN0-ITER100-TB1024-TPD4-4a33(3958326.44): Running
16:10:33 horizon SmartSim[14127] INFO aggregate-sess-cons-python-cpp-N64-T32-DBN0-ITER100-TB1024-TPD4-CT32-9cf9(3958326.45): Running
16:10:38 horizon SmartSim[14127] INFO aggregate-sess-prod-for-python-consumer-file-system-cpp-N64-T32-DBN0-ITER100-TB1024-TPD4-4a33(3958326.44): Running
16:10:38 horizon SmartSim[14127] INFO aggregate-sess-cons-python-cpp-N64-T32-DBN0-ITER100-TB1024-TPD4-CT32-9cf9(3958326.45): Running
16:10:43 horizon SmartSim[14127] INFO aggregate-sess-prod-for-python-consumer-file-system-cpp-N64-T32-DBN0-ITER100-TB1024-TPD4-4a33(3958326.44): Running
16:10:43 horizon SmartSim[14127] INFO aggregate-sess-cons-python-cpp-N64-T32-DBN0-ITER100-TB1024-TPD4-CT32-9cf9(3958326.45): Running
16:10:48 horizon SmartSim[14127] INFO aggregate-sess-prod-for-python-consumer-file-system-cpp-N64-T32-DBN0-ITER100-TB1024-TPD4-4a33(3958326.44): Running
16:10:48 horizon SmartSim[14127] INFO aggregate-sess-cons-python-cpp-N64-T32-DBN0-ITER100-TB1024-TPD4-CT32-9cf9(3958326.45): Running
16:10:53 horizon SmartSim[14127] INFO aggregate-sess-prod-for-python-consumer-file-system-cpp-N64-T32-DBN0-ITER100-TB1024-TPD4-4a33(3958326.44): Running
16:10:53 horizon SmartSim[14127] INFO aggregate-sess-cons-python-cpp-N64-T32-DBN0-ITER100-TB1024-TPD4-CT32-9cf9(3958326.45): Running
16:10:58 horizon SmartSim[14127] INFO aggregate-sess-prod-for-python-consumer-file-system-cpp-N64-T32-DBN0-ITER100-TB1024-TPD4-4a33(3958326.44): Running
16:10:58 horizon SmartSim[14127] INFO aggregate-sess-cons-python-cpp-N64-T32-DBN0-ITER100-TB1024-TPD4-CT32-9cf9(3958326.45): Running
16:11:03 horizon SmartSim[14127] INFO aggregate-sess-prod-for-python-consumer-file-system-cpp-N64-T32-DBN0-ITER100-TB1024-TPD4-4a33(3958326.44): Running
16:11:03 horizon SmartSim[14127] INFO aggregate-sess-cons-python-cpp-N64-T32-DBN0-ITER100-TB1024-TPD4-CT32-9cf9(3958326.45): Running
16:11:08 horizon SmartSim[14127] INFO aggregate-sess-prod-for-python-consumer-file-system-cpp-N64-T32-DBN0-ITER100-TB1024-TPD4-4a33(3958326.44): Running
16:11:08 horizon SmartSim[14127] INFO aggregate-sess-cons-python-cpp-N64-T32-DBN0-ITER100-TB1024-TPD4-CT32-9cf9(3958326.45): Running
16:11:13 horizon SmartSim[14127] INFO aggregate-sess-prod-for-python-consumer-file-system-cpp-N64-T32-DBN0-ITER100-TB1024-TPD4-4a33(3958326.44): Running
16:11:13 horizon SmartSim[14127] INFO aggregate-sess-cons-python-cpp-N64-T32-DBN0-ITER100-TB1024-TPD4-CT32-9cf9(3958326.45): Running
16:11:18 horizon SmartSim[14127] INFO aggregate-sess-prod-for-python-consumer-file-system-cpp-N64-T32-DBN0-ITER100-TB1024-TPD4-4a33(3958326.44): Running
16:11:18 horizon SmartSim[14127] INFO aggregate-sess-cons-python-cpp-N64-T32-DBN0-ITER100-TB1024-TPD4-CT32-9cf9(3958326.45): Running
16:11:23 horizon SmartSim[14127] INFO aggregate-sess-prod-for-python-consumer-file-system-cpp-N64-T32-DBN0-ITER100-TB1024-TPD4-4a33(3958326.44): Completed
16:11:23 horizon SmartSim[14127] INFO aggregate-sess-prod-for-python-consumer-file-system-cpp-N64-T32-DBN0-ITER100-TB1024-TPD4-4a33(3958326.44): Completed
16:11:23 horizon SmartSim[14127] INFO aggregate-sess-cons-python-cpp-N64-T32-DBN0-ITER100-TB1024-TPD4-CT32-9cf9(3958326.45): Completed
16:11:23 horizon SmartSim[14127] INFO aggregate-sess-cons-python-cpp-N64-T32-DBN0-ITER100-TB1024-TPD4-CT32-9cf9(3958326.45): Completed
16:11:23 horizon SmartSim[14127] DEBUG Sleeping, no jobs to monitor
16:11:28 horizon SmartSim[14127] INFO Running with processes: 32
16:11:28 horizon SmartSim[14127] INFO Working in previously created experiment
16:11:28 horizon SmartSim[14127] DEBUG Producer session created
16:11:28 horizon SmartSim[14127] INFO Working in previously created experiment
16:11:28 horizon SmartSim[14127] INFO Working in previously created experiment
16:11:28 horizon SmartSim[14127] DEBUG Configuring model aggregate-sess-cons-python-cpp-N128-T32-DBN0-ITER100-TB1024-TPD4-CT32-9915 with params {}
16:11:28 horizon SmartSim[14127] DEBUG Consumer session created
16:11:28 horizon SmartSim[14127] INFO 

=== Launch Summary ===
Experiment: results/aggregation-standard-scaling-py-fs/run-2023-07-20-15:56:58
Experiment Path: /lus/cls01029/richaama/smartsim-scaling/SmartSim-Scaling/results/aggregation-standard-scaling-py-fs/run-2023-07-20-15:56:58
Launcher: slurm
Models: 2
Database Status: inactive

=== Models ===
aggregate-sess-prod-for-python-consumer-file-system-cpp-N128-T32-DBN0-ITER100-TB1024-TPD4-daaf
Executable: /lus/cls01029/richaama/smartsim-scaling/SmartSim-Scaling/cpp-py-data-aggregation/fs/build/aggregation_producer
Executable Arguments: 1024 4
Run Command: srun
Run Arguments:
	ntasks = 4096
	ntasks-per-node = 32
	nodes = 128
aggregate-sess-cons-python-cpp-N128-T32-DBN0-ITER100-TB1024-TPD4-CT32-9915
Executable: /lus/scratch/richaama/miniconda3/envs/plz3/bin/python
Executable Arguments: aggregation_consumer.py 4096
Run Command: srun
Run Arguments:
	ntasks-per-node = 1
	cpus-per-task = 64
	cpu-bind = v
	nodes = 1



16:11:28 horizon SmartSim[14127] DEBUG Running on allocation 3958326 gleaned from user environment
16:11:28 horizon SmartSim[14127] DEBUG Running on allocation 3958326 gleaned from user environment
16:11:31 horizon SmartSim[14127] DEBUG Launching aggregate-sess-prod-for-python-consumer-file-system-cpp-N128-T32-DBN0-ITER100-TB1024-TPD4-daaf
16:11:35 horizon SmartSim[14127] DEBUG Launching aggregate-sess-cons-python-cpp-N128-T32-DBN0-ITER100-TB1024-TPD4-CT32-9915
16:11:35 horizon SmartSim[14127] DEBUG Starting Job Manager
16:11:40 horizon SmartSim[14127] INFO aggregate-sess-prod-for-python-consumer-file-system-cpp-N128-T32-DBN0-ITER100-TB1024-TPD4-daaf(3958326.46): New
16:11:40 horizon SmartSim[14127] INFO aggregate-sess-cons-python-cpp-N128-T32-DBN0-ITER100-TB1024-TPD4-CT32-9915(3958326.47): New
16:11:45 horizon SmartSim[14127] INFO aggregate-sess-prod-for-python-consumer-file-system-cpp-N128-T32-DBN0-ITER100-TB1024-TPD4-daaf(3958326.46): Running
16:11:45 horizon SmartSim[14127] INFO aggregate-sess-cons-python-cpp-N128-T32-DBN0-ITER100-TB1024-TPD4-CT32-9915(3958326.47): Running
16:11:50 horizon SmartSim[14127] INFO aggregate-sess-prod-for-python-consumer-file-system-cpp-N128-T32-DBN0-ITER100-TB1024-TPD4-daaf(3958326.46): Running
16:11:50 horizon SmartSim[14127] INFO aggregate-sess-cons-python-cpp-N128-T32-DBN0-ITER100-TB1024-TPD4-CT32-9915(3958326.47): Running
16:11:55 horizon SmartSim[14127] INFO aggregate-sess-prod-for-python-consumer-file-system-cpp-N128-T32-DBN0-ITER100-TB1024-TPD4-daaf(3958326.46): Running
16:11:55 horizon SmartSim[14127] INFO aggregate-sess-cons-python-cpp-N128-T32-DBN0-ITER100-TB1024-TPD4-CT32-9915(3958326.47): Running
16:12:00 horizon SmartSim[14127] INFO aggregate-sess-prod-for-python-consumer-file-system-cpp-N128-T32-DBN0-ITER100-TB1024-TPD4-daaf(3958326.46): Running
16:12:00 horizon SmartSim[14127] INFO aggregate-sess-cons-python-cpp-N128-T32-DBN0-ITER100-TB1024-TPD4-CT32-9915(3958326.47): Running
16:12:05 horizon SmartSim[14127] INFO aggregate-sess-prod-for-python-consumer-file-system-cpp-N128-T32-DBN0-ITER100-TB1024-TPD4-daaf(3958326.46): Running
16:12:05 horizon SmartSim[14127] INFO aggregate-sess-cons-python-cpp-N128-T32-DBN0-ITER100-TB1024-TPD4-CT32-9915(3958326.47): Running
16:12:10 horizon SmartSim[14127] INFO aggregate-sess-prod-for-python-consumer-file-system-cpp-N128-T32-DBN0-ITER100-TB1024-TPD4-daaf(3958326.46): Running
16:12:10 horizon SmartSim[14127] INFO aggregate-sess-cons-python-cpp-N128-T32-DBN0-ITER100-TB1024-TPD4-CT32-9915(3958326.47): Running
16:12:15 horizon SmartSim[14127] INFO aggregate-sess-prod-for-python-consumer-file-system-cpp-N128-T32-DBN0-ITER100-TB1024-TPD4-daaf(3958326.46): Running
16:12:15 horizon SmartSim[14127] INFO aggregate-sess-cons-python-cpp-N128-T32-DBN0-ITER100-TB1024-TPD4-CT32-9915(3958326.47): Running
16:12:20 horizon SmartSim[14127] INFO aggregate-sess-prod-for-python-consumer-file-system-cpp-N128-T32-DBN0-ITER100-TB1024-TPD4-daaf(3958326.46): Running
16:12:20 horizon SmartSim[14127] INFO aggregate-sess-cons-python-cpp-N128-T32-DBN0-ITER100-TB1024-TPD4-CT32-9915(3958326.47): Running
16:12:25 horizon SmartSim[14127] INFO aggregate-sess-prod-for-python-consumer-file-system-cpp-N128-T32-DBN0-ITER100-TB1024-TPD4-daaf(3958326.46): Running
16:12:25 horizon SmartSim[14127] INFO aggregate-sess-cons-python-cpp-N128-T32-DBN0-ITER100-TB1024-TPD4-CT32-9915(3958326.47): Running
16:12:30 horizon SmartSim[14127] INFO aggregate-sess-prod-for-python-consumer-file-system-cpp-N128-T32-DBN0-ITER100-TB1024-TPD4-daaf(3958326.46): Running
16:12:30 horizon SmartSim[14127] INFO aggregate-sess-cons-python-cpp-N128-T32-DBN0-ITER100-TB1024-TPD4-CT32-9915(3958326.47): Running
16:12:35 horizon SmartSim[14127] INFO aggregate-sess-prod-for-python-consumer-file-system-cpp-N128-T32-DBN0-ITER100-TB1024-TPD4-daaf(3958326.46): Running
16:12:35 horizon SmartSim[14127] INFO aggregate-sess-cons-python-cpp-N128-T32-DBN0-ITER100-TB1024-TPD4-CT32-9915(3958326.47): Running
16:12:40 horizon SmartSim[14127] INFO aggregate-sess-prod-for-python-consumer-file-system-cpp-N128-T32-DBN0-ITER100-TB1024-TPD4-daaf(3958326.46): Running
16:12:40 horizon SmartSim[14127] INFO aggregate-sess-cons-python-cpp-N128-T32-DBN0-ITER100-TB1024-TPD4-CT32-9915(3958326.47): Running
16:12:45 horizon SmartSim[14127] INFO aggregate-sess-prod-for-python-consumer-file-system-cpp-N128-T32-DBN0-ITER100-TB1024-TPD4-daaf(3958326.46): Running
16:12:45 horizon SmartSim[14127] INFO aggregate-sess-cons-python-cpp-N128-T32-DBN0-ITER100-TB1024-TPD4-CT32-9915(3958326.47): Running
16:12:50 horizon SmartSim[14127] INFO aggregate-sess-prod-for-python-consumer-file-system-cpp-N128-T32-DBN0-ITER100-TB1024-TPD4-daaf(3958326.46): Running
16:12:50 horizon SmartSim[14127] INFO aggregate-sess-cons-python-cpp-N128-T32-DBN0-ITER100-TB1024-TPD4-CT32-9915(3958326.47): Running
16:12:55 horizon SmartSim[14127] INFO aggregate-sess-prod-for-python-consumer-file-system-cpp-N128-T32-DBN0-ITER100-TB1024-TPD4-daaf(3958326.46): Running
16:12:55 horizon SmartSim[14127] INFO aggregate-sess-cons-python-cpp-N128-T32-DBN0-ITER100-TB1024-TPD4-CT32-9915(3958326.47): Running
16:13:00 horizon SmartSim[14127] INFO aggregate-sess-prod-for-python-consumer-file-system-cpp-N128-T32-DBN0-ITER100-TB1024-TPD4-daaf(3958326.46): Running
16:13:00 horizon SmartSim[14127] INFO aggregate-sess-cons-python-cpp-N128-T32-DBN0-ITER100-TB1024-TPD4-CT32-9915(3958326.47): Running
16:13:05 horizon SmartSim[14127] INFO aggregate-sess-prod-for-python-consumer-file-system-cpp-N128-T32-DBN0-ITER100-TB1024-TPD4-daaf(3958326.46): Running
16:13:05 horizon SmartSim[14127] INFO aggregate-sess-cons-python-cpp-N128-T32-DBN0-ITER100-TB1024-TPD4-CT32-9915(3958326.47): Running
16:13:10 horizon SmartSim[14127] INFO aggregate-sess-prod-for-python-consumer-file-system-cpp-N128-T32-DBN0-ITER100-TB1024-TPD4-daaf(3958326.46): Running
16:13:10 horizon SmartSim[14127] INFO aggregate-sess-cons-python-cpp-N128-T32-DBN0-ITER100-TB1024-TPD4-CT32-9915(3958326.47): Running
16:13:15 horizon SmartSim[14127] INFO aggregate-sess-prod-for-python-consumer-file-system-cpp-N128-T32-DBN0-ITER100-TB1024-TPD4-daaf(3958326.46): Running
16:13:15 horizon SmartSim[14127] INFO aggregate-sess-cons-python-cpp-N128-T32-DBN0-ITER100-TB1024-TPD4-CT32-9915(3958326.47): Running
16:13:20 horizon SmartSim[14127] INFO aggregate-sess-prod-for-python-consumer-file-system-cpp-N128-T32-DBN0-ITER100-TB1024-TPD4-daaf(3958326.46): Running
16:13:20 horizon SmartSim[14127] INFO aggregate-sess-cons-python-cpp-N128-T32-DBN0-ITER100-TB1024-TPD4-CT32-9915(3958326.47): Running
16:13:25 horizon SmartSim[14127] INFO aggregate-sess-prod-for-python-consumer-file-system-cpp-N128-T32-DBN0-ITER100-TB1024-TPD4-daaf(3958326.46): Running
16:13:25 horizon SmartSim[14127] INFO aggregate-sess-cons-python-cpp-N128-T32-DBN0-ITER100-TB1024-TPD4-CT32-9915(3958326.47): Running
16:13:30 horizon SmartSim[14127] INFO aggregate-sess-prod-for-python-consumer-file-system-cpp-N128-T32-DBN0-ITER100-TB1024-TPD4-daaf(3958326.46): Running
16:13:30 horizon SmartSim[14127] INFO aggregate-sess-cons-python-cpp-N128-T32-DBN0-ITER100-TB1024-TPD4-CT32-9915(3958326.47): Running
16:13:35 horizon SmartSim[14127] INFO aggregate-sess-prod-for-python-consumer-file-system-cpp-N128-T32-DBN0-ITER100-TB1024-TPD4-daaf(3958326.46): Running
16:13:35 horizon SmartSim[14127] INFO aggregate-sess-cons-python-cpp-N128-T32-DBN0-ITER100-TB1024-TPD4-CT32-9915(3958326.47): Running
16:13:40 horizon SmartSim[14127] INFO aggregate-sess-prod-for-python-consumer-file-system-cpp-N128-T32-DBN0-ITER100-TB1024-TPD4-daaf(3958326.46): Running
16:13:40 horizon SmartSim[14127] INFO aggregate-sess-cons-python-cpp-N128-T32-DBN0-ITER100-TB1024-TPD4-CT32-9915(3958326.47): Running
16:13:45 horizon SmartSim[14127] INFO aggregate-sess-prod-for-python-consumer-file-system-cpp-N128-T32-DBN0-ITER100-TB1024-TPD4-daaf(3958326.46): Running
16:13:45 horizon SmartSim[14127] INFO aggregate-sess-cons-python-cpp-N128-T32-DBN0-ITER100-TB1024-TPD4-CT32-9915(3958326.47): Running
16:13:50 horizon SmartSim[14127] INFO aggregate-sess-prod-for-python-consumer-file-system-cpp-N128-T32-DBN0-ITER100-TB1024-TPD4-daaf(3958326.46): Running
16:13:50 horizon SmartSim[14127] INFO aggregate-sess-cons-python-cpp-N128-T32-DBN0-ITER100-TB1024-TPD4-CT32-9915(3958326.47): Running
16:13:55 horizon SmartSim[14127] INFO aggregate-sess-prod-for-python-consumer-file-system-cpp-N128-T32-DBN0-ITER100-TB1024-TPD4-daaf(3958326.46): Running
16:13:55 horizon SmartSim[14127] INFO aggregate-sess-cons-python-cpp-N128-T32-DBN0-ITER100-TB1024-TPD4-CT32-9915(3958326.47): Running
16:14:00 horizon SmartSim[14127] INFO aggregate-sess-prod-for-python-consumer-file-system-cpp-N128-T32-DBN0-ITER100-TB1024-TPD4-daaf(3958326.46): Running
16:14:00 horizon SmartSim[14127] INFO aggregate-sess-cons-python-cpp-N128-T32-DBN0-ITER100-TB1024-TPD4-CT32-9915(3958326.47): Running
16:14:05 horizon SmartSim[14127] INFO aggregate-sess-prod-for-python-consumer-file-system-cpp-N128-T32-DBN0-ITER100-TB1024-TPD4-daaf(3958326.46): Running
16:14:05 horizon SmartSim[14127] INFO aggregate-sess-cons-python-cpp-N128-T32-DBN0-ITER100-TB1024-TPD4-CT32-9915(3958326.47): Running
16:14:10 horizon SmartSim[14127] INFO aggregate-sess-prod-for-python-consumer-file-system-cpp-N128-T32-DBN0-ITER100-TB1024-TPD4-daaf(3958326.46): Running
16:14:10 horizon SmartSim[14127] INFO aggregate-sess-cons-python-cpp-N128-T32-DBN0-ITER100-TB1024-TPD4-CT32-9915(3958326.47): Running
16:14:15 horizon SmartSim[14127] INFO aggregate-sess-prod-for-python-consumer-file-system-cpp-N128-T32-DBN0-ITER100-TB1024-TPD4-daaf(3958326.46): Running
16:14:15 horizon SmartSim[14127] INFO aggregate-sess-cons-python-cpp-N128-T32-DBN0-ITER100-TB1024-TPD4-CT32-9915(3958326.47): Running
16:14:20 horizon SmartSim[14127] INFO aggregate-sess-prod-for-python-consumer-file-system-cpp-N128-T32-DBN0-ITER100-TB1024-TPD4-daaf(3958326.46): Running
16:14:20 horizon SmartSim[14127] INFO aggregate-sess-cons-python-cpp-N128-T32-DBN0-ITER100-TB1024-TPD4-CT32-9915(3958326.47): Running
16:14:25 horizon SmartSim[14127] INFO aggregate-sess-prod-for-python-consumer-file-system-cpp-N128-T32-DBN0-ITER100-TB1024-TPD4-daaf(3958326.46): Running
16:14:25 horizon SmartSim[14127] INFO aggregate-sess-cons-python-cpp-N128-T32-DBN0-ITER100-TB1024-TPD4-CT32-9915(3958326.47): Running
16:14:30 horizon SmartSim[14127] INFO aggregate-sess-prod-for-python-consumer-file-system-cpp-N128-T32-DBN0-ITER100-TB1024-TPD4-daaf(3958326.46): Running
16:14:30 horizon SmartSim[14127] INFO aggregate-sess-cons-python-cpp-N128-T32-DBN0-ITER100-TB1024-TPD4-CT32-9915(3958326.47): Running
16:14:35 horizon SmartSim[14127] INFO aggregate-sess-prod-for-python-consumer-file-system-cpp-N128-T32-DBN0-ITER100-TB1024-TPD4-daaf(3958326.46): Running
16:14:35 horizon SmartSim[14127] INFO aggregate-sess-cons-python-cpp-N128-T32-DBN0-ITER100-TB1024-TPD4-CT32-9915(3958326.47): Running
16:14:40 horizon SmartSim[14127] INFO aggregate-sess-prod-for-python-consumer-file-system-cpp-N128-T32-DBN0-ITER100-TB1024-TPD4-daaf(3958326.46): Running
16:14:40 horizon SmartSim[14127] INFO aggregate-sess-cons-python-cpp-N128-T32-DBN0-ITER100-TB1024-TPD4-CT32-9915(3958326.47): Running
16:14:45 horizon SmartSim[14127] INFO aggregate-sess-prod-for-python-consumer-file-system-cpp-N128-T32-DBN0-ITER100-TB1024-TPD4-daaf(3958326.46): Running
16:14:45 horizon SmartSim[14127] INFO aggregate-sess-cons-python-cpp-N128-T32-DBN0-ITER100-TB1024-TPD4-CT32-9915(3958326.47): Running
16:14:50 horizon SmartSim[14127] INFO aggregate-sess-prod-for-python-consumer-file-system-cpp-N128-T32-DBN0-ITER100-TB1024-TPD4-daaf(3958326.46): Running
16:14:50 horizon SmartSim[14127] INFO aggregate-sess-cons-python-cpp-N128-T32-DBN0-ITER100-TB1024-TPD4-CT32-9915(3958326.47): Running
16:14:55 horizon SmartSim[14127] INFO aggregate-sess-prod-for-python-consumer-file-system-cpp-N128-T32-DBN0-ITER100-TB1024-TPD4-daaf(3958326.46): Running
16:14:55 horizon SmartSim[14127] INFO aggregate-sess-cons-python-cpp-N128-T32-DBN0-ITER100-TB1024-TPD4-CT32-9915(3958326.47): Running
16:15:00 horizon SmartSim[14127] INFO aggregate-sess-prod-for-python-consumer-file-system-cpp-N128-T32-DBN0-ITER100-TB1024-TPD4-daaf(3958326.46): Running
16:15:00 horizon SmartSim[14127] INFO aggregate-sess-cons-python-cpp-N128-T32-DBN0-ITER100-TB1024-TPD4-CT32-9915(3958326.47): Running
16:15:05 horizon SmartSim[14127] INFO aggregate-sess-prod-for-python-consumer-file-system-cpp-N128-T32-DBN0-ITER100-TB1024-TPD4-daaf(3958326.46): Running
16:15:05 horizon SmartSim[14127] INFO aggregate-sess-cons-python-cpp-N128-T32-DBN0-ITER100-TB1024-TPD4-CT32-9915(3958326.47): Running
16:15:10 horizon SmartSim[14127] INFO aggregate-sess-prod-for-python-consumer-file-system-cpp-N128-T32-DBN0-ITER100-TB1024-TPD4-daaf(3958326.46): Running
16:15:10 horizon SmartSim[14127] INFO aggregate-sess-cons-python-cpp-N128-T32-DBN0-ITER100-TB1024-TPD4-CT32-9915(3958326.47): Running
16:15:15 horizon SmartSim[14127] INFO aggregate-sess-prod-for-python-consumer-file-system-cpp-N128-T32-DBN0-ITER100-TB1024-TPD4-daaf(3958326.46): Running
16:15:15 horizon SmartSim[14127] INFO aggregate-sess-cons-python-cpp-N128-T32-DBN0-ITER100-TB1024-TPD4-CT32-9915(3958326.47): Running
16:15:20 horizon SmartSim[14127] INFO aggregate-sess-prod-for-python-consumer-file-system-cpp-N128-T32-DBN0-ITER100-TB1024-TPD4-daaf(3958326.46): Running
16:15:20 horizon SmartSim[14127] INFO aggregate-sess-cons-python-cpp-N128-T32-DBN0-ITER100-TB1024-TPD4-CT32-9915(3958326.47): Running
16:15:25 horizon SmartSim[14127] INFO aggregate-sess-prod-for-python-consumer-file-system-cpp-N128-T32-DBN0-ITER100-TB1024-TPD4-daaf(3958326.46): Running
16:15:25 horizon SmartSim[14127] INFO aggregate-sess-cons-python-cpp-N128-T32-DBN0-ITER100-TB1024-TPD4-CT32-9915(3958326.47): Running
16:15:30 horizon SmartSim[14127] INFO aggregate-sess-prod-for-python-consumer-file-system-cpp-N128-T32-DBN0-ITER100-TB1024-TPD4-daaf(3958326.46): Running
16:15:30 horizon SmartSim[14127] INFO aggregate-sess-cons-python-cpp-N128-T32-DBN0-ITER100-TB1024-TPD4-CT32-9915(3958326.47): Running
16:15:35 horizon SmartSim[14127] INFO aggregate-sess-prod-for-python-consumer-file-system-cpp-N128-T32-DBN0-ITER100-TB1024-TPD4-daaf(3958326.46): Running
16:15:35 horizon SmartSim[14127] INFO aggregate-sess-cons-python-cpp-N128-T32-DBN0-ITER100-TB1024-TPD4-CT32-9915(3958326.47): Running
16:15:40 horizon SmartSim[14127] INFO aggregate-sess-prod-for-python-consumer-file-system-cpp-N128-T32-DBN0-ITER100-TB1024-TPD4-daaf(3958326.46): Running
16:15:40 horizon SmartSim[14127] INFO aggregate-sess-cons-python-cpp-N128-T32-DBN0-ITER100-TB1024-TPD4-CT32-9915(3958326.47): Running
16:15:45 horizon SmartSim[14127] INFO aggregate-sess-prod-for-python-consumer-file-system-cpp-N128-T32-DBN0-ITER100-TB1024-TPD4-daaf(3958326.46): Running
16:15:45 horizon SmartSim[14127] INFO aggregate-sess-cons-python-cpp-N128-T32-DBN0-ITER100-TB1024-TPD4-CT32-9915(3958326.47): Running
16:15:50 horizon SmartSim[14127] INFO aggregate-sess-prod-for-python-consumer-file-system-cpp-N128-T32-DBN0-ITER100-TB1024-TPD4-daaf(3958326.46): Running
16:15:50 horizon SmartSim[14127] INFO aggregate-sess-cons-python-cpp-N128-T32-DBN0-ITER100-TB1024-TPD4-CT32-9915(3958326.47): Running
16:15:55 horizon SmartSim[14127] INFO aggregate-sess-prod-for-python-consumer-file-system-cpp-N128-T32-DBN0-ITER100-TB1024-TPD4-daaf(3958326.46): Running
16:15:55 horizon SmartSim[14127] INFO aggregate-sess-cons-python-cpp-N128-T32-DBN0-ITER100-TB1024-TPD4-CT32-9915(3958326.47): Running
16:15:55 horizon SmartSim[14127] INFO aggregate-sess-prod-for-python-consumer-file-system-cpp-N128-T32-DBN0-ITER100-TB1024-TPD4-daaf(3958326.46): Completed
16:15:55 horizon SmartSim[14127] INFO aggregate-sess-cons-python-cpp-N128-T32-DBN0-ITER100-TB1024-TPD4-CT32-9915(3958326.47): Completed
16:15:55 horizon SmartSim[14127] DEBUG Sleeping, no jobs to monitor
