14:52:23 nid00004 SmartSim[52121] INFO Connecting clients
SmartRedis Library@14-52-23:WARNING: Environment variable SR_LOG_FILE is not set. Defaulting to stdout
SmartRedis Library@14-52-23:WARNING: Environment variable SR_LOG_LEVEL is not set. Defaulting to INFO
Connecting clients
Consuming list 0
14:52:23 nid00004 SmartSim[52121] INFO Consuming list 0
Consuming list 1
14:52:23 nid00004 SmartSim[52121] INFO Consuming list 1
Consuming list 2
14:52:23 nid00004 SmartSim[52121] INFO Consuming list 2
Consuming list 3
14:52:24 nid00004 SmartSim[52121] INFO Consuming list 3
Consuming list 4
14:52:25 nid00004 SmartSim[52121] INFO Consuming list 4
Consuming list 5
14:52:26 nid00004 SmartSim[52121] INFO Consuming list 5
Consuming list 6
14:52:27 nid00004 SmartSim[52121] INFO Consuming list 6
Consuming list 7
14:52:28 nid00004 SmartSim[52121] INFO Consuming list 7
Consuming list 8
14:52:29 nid00004 SmartSim[52121] INFO Consuming list 8
Consuming list 9
14:52:30 nid00004 SmartSim[52121] INFO Consuming list 9
Consuming list 10
14:52:31 nid00004 SmartSim[52121] INFO Consuming list 10
Consuming list 11
14:52:32 nid00004 SmartSim[52121] INFO Consuming list 11
Consuming list 12
14:52:33 nid00004 SmartSim[52121] INFO Consuming list 12
Consuming list 13
14:52:34 nid00004 SmartSim[52121] INFO Consuming list 13
Consuming list 14
14:52:35 nid00004 SmartSim[52121] INFO Consuming list 14
Consuming list 15
14:52:36 nid00004 SmartSim[52121] INFO Consuming list 15
Consuming list 16
14:52:37 nid00004 SmartSim[52121] INFO Consuming list 16
Consuming list 17
14:52:38 nid00004 SmartSim[52121] INFO Consuming list 17
Consuming list 18
14:52:39 nid00004 SmartSim[52121] INFO Consuming list 18
Consuming list 19
14:52:40 nid00004 SmartSim[52121] INFO Consuming list 19
Consuming list 20
14:52:41 nid00004 SmartSim[52121] INFO Consuming list 20
Consuming list 21
14:52:42 nid00004 SmartSim[52121] INFO Consuming list 21
Consuming list 22
14:52:43 nid00004 SmartSim[52121] INFO Consuming list 22
Consuming list 23
14:52:44 nid00004 SmartSim[52121] INFO Consuming list 23
Consuming list 24
14:52:45 nid00004 SmartSim[52121] INFO Consuming list 24
Consuming list 25
14:52:46 nid00004 SmartSim[52121] INFO Consuming list 25
Consuming list 26
14:52:47 nid00004 SmartSim[52121] INFO Consuming list 26
Consuming list 27
14:52:48 nid00004 SmartSim[52121] INFO Consuming list 27
Consuming list 28
14:52:49 nid00004 SmartSim[52121] INFO Consuming list 28
Consuming list 29
14:52:50 nid00004 SmartSim[52121] INFO Consuming list 29
Consuming list 30
14:52:51 nid00004 SmartSim[52121] INFO Consuming list 30
Consuming list 31
14:52:52 nid00004 SmartSim[52121] INFO Consuming list 31
Consuming list 32
14:52:53 nid00004 SmartSim[52121] INFO Consuming list 32
Consuming list 33
14:52:54 nid00004 SmartSim[52121] INFO Consuming list 33
Consuming list 34
14:52:55 nid00004 SmartSim[52121] INFO Consuming list 34
Consuming list 35
14:52:56 nid00004 SmartSim[52121] INFO Consuming list 35
Consuming list 36
14:52:57 nid00004 SmartSim[52121] INFO Consuming list 36
Consuming list 37
14:52:58 nid00004 SmartSim[52121] INFO Consuming list 37
Consuming list 38
14:52:59 nid00004 SmartSim[52121] INFO Consuming list 38
Consuming list 39
14:53:00 nid00004 SmartSim[52121] INFO Consuming list 39
Consuming list 40
14:53:01 nid00004 SmartSim[52121] INFO Consuming list 40
Consuming list 41
14:53:02 nid00004 SmartSim[52121] INFO Consuming list 41
Consuming list 42
14:53:03 nid00004 SmartSim[52121] INFO Consuming list 42
Consuming list 43
14:53:04 nid00004 SmartSim[52121] INFO Consuming list 43
Consuming list 44
14:53:05 nid00004 SmartSim[52121] INFO Consuming list 44
Consuming list 45
14:53:06 nid00004 SmartSim[52121] INFO Consuming list 45
Consuming list 46
14:53:07 nid00004 SmartSim[52121] INFO Consuming list 46
Consuming list 47
14:53:08 nid00004 SmartSim[52121] INFO Consuming list 47
Consuming list 48
14:53:09 nid00004 SmartSim[52121] INFO Consuming list 48
Consuming list 49
14:53:10 nid00004 SmartSim[52121] INFO Consuming list 49
Consuming list 50
14:53:11 nid00004 SmartSim[52121] INFO Consuming list 50
Consuming list 51
14:53:12 nid00004 SmartSim[52121] INFO Consuming list 51
Consuming list 52
14:53:13 nid00004 SmartSim[52121] INFO Consuming list 52
Consuming list 53
14:53:14 nid00004 SmartSim[52121] INFO Consuming list 53
Consuming list 54
14:53:15 nid00004 SmartSim[52121] INFO Consuming list 54
Consuming list 55
14:53:16 nid00004 SmartSim[52121] INFO Consuming list 55
Consuming list 56
14:53:18 nid00004 SmartSim[52121] INFO Consuming list 56
Consuming list 57
14:53:18 nid00004 SmartSim[52121] INFO Consuming list 57
Consuming list 58
14:53:19 nid00004 SmartSim[52121] INFO Consuming list 58
Consuming list 59
14:53:20 nid00004 SmartSim[52121] INFO Consuming list 59
Consuming list 60
14:53:21 nid00004 SmartSim[52121] INFO Consuming list 60
Consuming list 61
14:53:22 nid00004 SmartSim[52121] INFO Consuming list 61
Consuming list 62
14:53:23 nid00004 SmartSim[52121] INFO Consuming list 62
Consuming list 63
14:53:24 nid00004 SmartSim[52121] INFO Consuming list 63
Consuming list 64
14:53:25 nid00004 SmartSim[52121] INFO Consuming list 64
Consuming list 65
14:53:26 nid00004 SmartSim[52121] INFO Consuming list 65
Consuming list 66
14:53:27 nid00004 SmartSim[52121] INFO Consuming list 66
Consuming list 67
14:53:28 nid00004 SmartSim[52121] INFO Consuming list 67
Consuming list 68
14:53:29 nid00004 SmartSim[52121] INFO Consuming list 68
Consuming list 69
14:53:30 nid00004 SmartSim[52121] INFO Consuming list 69
Consuming list 70
14:53:31 nid00004 SmartSim[52121] INFO Consuming list 70
Consuming list 71
14:53:32 nid00004 SmartSim[52121] INFO Consuming list 71
Consuming list 72
14:53:33 nid00004 SmartSim[52121] INFO Consuming list 72
Consuming list 73
14:53:34 nid00004 SmartSim[52121] INFO Consuming list 73
Consuming list 74
14:53:35 nid00004 SmartSim[52121] INFO Consuming list 74
Consuming list 75
14:53:36 nid00004 SmartSim[52121] INFO Consuming list 75
Consuming list 76
14:53:37 nid00004 SmartSim[52121] INFO Consuming list 76
Consuming list 77
14:53:38 nid00004 SmartSim[52121] INFO Consuming list 77
Consuming list 78
14:53:39 nid00004 SmartSim[52121] INFO Consuming list 78
Consuming list 79
14:53:40 nid00004 SmartSim[52121] INFO Consuming list 79
Consuming list 80
14:53:41 nid00004 SmartSim[52121] INFO Consuming list 80
Consuming list 81
14:53:42 nid00004 SmartSim[52121] INFO Consuming list 81
Consuming list 82
14:53:43 nid00004 SmartSim[52121] INFO Consuming list 82
Consuming list 83
14:53:44 nid00004 SmartSim[52121] INFO Consuming list 83
Consuming list 84
14:53:45 nid00004 SmartSim[52121] INFO Consuming list 84
Consuming list 85
14:53:46 nid00004 SmartSim[52121] INFO Consuming list 85
Consuming list 86
14:53:47 nid00004 SmartSim[52121] INFO Consuming list 86
Consuming list 87
14:53:48 nid00004 SmartSim[52121] INFO Consuming list 87
Consuming list 88
14:53:49 nid00004 SmartSim[52121] INFO Consuming list 88
Consuming list 89
14:53:50 nid00004 SmartSim[52121] INFO Consuming list 89
Consuming list 90
14:53:51 nid00004 SmartSim[52121] INFO Consuming list 90
Consuming list 91
14:53:52 nid00004 SmartSim[52121] INFO Consuming list 91
Consuming list 92
14:53:53 nid00004 SmartSim[52121] INFO Consuming list 92
Consuming list 93
14:53:54 nid00004 SmartSim[52121] INFO Consuming list 93
Consuming list 94
14:53:55 nid00004 SmartSim[52121] INFO Consuming list 94
Consuming list 95
14:53:56 nid00004 SmartSim[52121] INFO Consuming list 95
Consuming list 96
14:53:57 nid00004 SmartSim[52121] INFO Consuming list 96
Consuming list 97
14:53:58 nid00004 SmartSim[52121] INFO Consuming list 97
Consuming list 98
14:53:59 nid00004 SmartSim[52121] INFO Consuming list 98
Consuming list 99
14:54:00 nid00004 SmartSim[52121] INFO Consuming list 99
14:54:01 nid00004 SmartSim[52121] INFO Finished aggregation scaling py consumer.

Finished aggregation scaling py consumer.

