15:21:12 nid00008 SmartSim[40963] INFO Connecting clients
SmartRedis Library@15-21-12:WARNING: Environment variable SR_LOG_FILE is not set. Defaulting to stdout
SmartRedis Library@15-21-12:WARNING: Environment variable SR_LOG_LEVEL is not set. Defaulting to INFO
Connecting clients
Consuming list 0
15:21:12 nid00008 SmartSim[40963] INFO Consuming list 0
Consuming list 1
15:21:12 nid00008 SmartSim[40963] INFO Consuming list 1
Consuming list 2
15:21:13 nid00008 SmartSim[40963] INFO Consuming list 2
Consuming list 3
15:21:14 nid00008 SmartSim[40963] INFO Consuming list 3
Consuming list 4
15:21:15 nid00008 SmartSim[40963] INFO Consuming list 4
Consuming list 5
15:21:16 nid00008 SmartSim[40963] INFO Consuming list 5
Consuming list 6
15:21:17 nid00008 SmartSim[40963] INFO Consuming list 6
Consuming list 7
15:21:18 nid00008 SmartSim[40963] INFO Consuming list 7
Consuming list 8
15:21:19 nid00008 SmartSim[40963] INFO Consuming list 8
Consuming list 9
15:21:20 nid00008 SmartSim[40963] INFO Consuming list 9
Consuming list 10
15:21:21 nid00008 SmartSim[40963] INFO Consuming list 10
Consuming list 11
15:21:22 nid00008 SmartSim[40963] INFO Consuming list 11
Consuming list 12
15:21:23 nid00008 SmartSim[40963] INFO Consuming list 12
Consuming list 13
15:21:24 nid00008 SmartSim[40963] INFO Consuming list 13
Consuming list 14
15:21:25 nid00008 SmartSim[40963] INFO Consuming list 14
Consuming list 15
15:21:26 nid00008 SmartSim[40963] INFO Consuming list 15
Consuming list 16
15:21:27 nid00008 SmartSim[40963] INFO Consuming list 16
Consuming list 17
15:21:28 nid00008 SmartSim[40963] INFO Consuming list 17
Consuming list 18
15:21:29 nid00008 SmartSim[40963] INFO Consuming list 18
Consuming list 19
15:21:30 nid00008 SmartSim[40963] INFO Consuming list 19
Consuming list 20
15:21:31 nid00008 SmartSim[40963] INFO Consuming list 20
Consuming list 21
15:21:32 nid00008 SmartSim[40963] INFO Consuming list 21
Consuming list 22
15:21:33 nid00008 SmartSim[40963] INFO Consuming list 22
Consuming list 23
15:21:34 nid00008 SmartSim[40963] INFO Consuming list 23
Consuming list 24
15:21:35 nid00008 SmartSim[40963] INFO Consuming list 24
Consuming list 25
15:21:36 nid00008 SmartSim[40963] INFO Consuming list 25
Consuming list 26
15:21:37 nid00008 SmartSim[40963] INFO Consuming list 26
Consuming list 27
15:21:38 nid00008 SmartSim[40963] INFO Consuming list 27
Consuming list 28
15:21:39 nid00008 SmartSim[40963] INFO Consuming list 28
Consuming list 29
15:21:40 nid00008 SmartSim[40963] INFO Consuming list 29
Consuming list 30
15:21:41 nid00008 SmartSim[40963] INFO Consuming list 30
Consuming list 31
15:21:42 nid00008 SmartSim[40963] INFO Consuming list 31
Consuming list 32
15:21:43 nid00008 SmartSim[40963] INFO Consuming list 32
Consuming list 33
15:21:44 nid00008 SmartSim[40963] INFO Consuming list 33
Consuming list 34
15:21:45 nid00008 SmartSim[40963] INFO Consuming list 34
Consuming list 35
15:21:46 nid00008 SmartSim[40963] INFO Consuming list 35
Consuming list 36
15:21:47 nid00008 SmartSim[40963] INFO Consuming list 36
Consuming list 37
15:21:48 nid00008 SmartSim[40963] INFO Consuming list 37
Consuming list 38
15:21:49 nid00008 SmartSim[40963] INFO Consuming list 38
Consuming list 39
15:21:50 nid00008 SmartSim[40963] INFO Consuming list 39
Consuming list 40
15:21:51 nid00008 SmartSim[40963] INFO Consuming list 40
Consuming list 41
15:21:52 nid00008 SmartSim[40963] INFO Consuming list 41
Consuming list 42
15:21:53 nid00008 SmartSim[40963] INFO Consuming list 42
Consuming list 43
15:21:54 nid00008 SmartSim[40963] INFO Consuming list 43
Consuming list 44
15:21:55 nid00008 SmartSim[40963] INFO Consuming list 44
Consuming list 45
15:21:56 nid00008 SmartSim[40963] INFO Consuming list 45
Consuming list 46
15:21:57 nid00008 SmartSim[40963] INFO Consuming list 46
Consuming list 47
15:21:58 nid00008 SmartSim[40963] INFO Consuming list 47
Consuming list 48
15:21:59 nid00008 SmartSim[40963] INFO Consuming list 48
Consuming list 49
15:22:00 nid00008 SmartSim[40963] INFO Consuming list 49
Consuming list 50
15:22:01 nid00008 SmartSim[40963] INFO Consuming list 50
Consuming list 51
15:22:02 nid00008 SmartSim[40963] INFO Consuming list 51
Consuming list 52
15:22:04 nid00008 SmartSim[40963] INFO Consuming list 52
Consuming list 53
15:22:04 nid00008 SmartSim[40963] INFO Consuming list 53
Consuming list 54
15:22:05 nid00008 SmartSim[40963] INFO Consuming list 54
Consuming list 55
15:22:06 nid00008 SmartSim[40963] INFO Consuming list 55
Consuming list 56
15:22:07 nid00008 SmartSim[40963] INFO Consuming list 56
Consuming list 57
15:22:08 nid00008 SmartSim[40963] INFO Consuming list 57
Consuming list 58
15:22:09 nid00008 SmartSim[40963] INFO Consuming list 58
Consuming list 59
15:22:10 nid00008 SmartSim[40963] INFO Consuming list 59
Consuming list 60
15:22:11 nid00008 SmartSim[40963] INFO Consuming list 60
Consuming list 61
15:22:13 nid00008 SmartSim[40963] INFO Consuming list 61
Consuming list 62
15:22:13 nid00008 SmartSim[40963] INFO Consuming list 62
Consuming list 63
15:22:14 nid00008 SmartSim[40963] INFO Consuming list 63
Consuming list 64
15:22:15 nid00008 SmartSim[40963] INFO Consuming list 64
Consuming list 65
15:22:16 nid00008 SmartSim[40963] INFO Consuming list 65
Consuming list 66
15:22:18 nid00008 SmartSim[40963] INFO Consuming list 66
Consuming list 67
15:22:18 nid00008 SmartSim[40963] INFO Consuming list 67
Consuming list 68
15:22:19 nid00008 SmartSim[40963] INFO Consuming list 68
Consuming list 69
15:22:20 nid00008 SmartSim[40963] INFO Consuming list 69
Consuming list 70
15:22:21 nid00008 SmartSim[40963] INFO Consuming list 70
Consuming list 71
15:22:22 nid00008 SmartSim[40963] INFO Consuming list 71
Consuming list 72
15:22:23 nid00008 SmartSim[40963] INFO Consuming list 72
Consuming list 73
15:22:24 nid00008 SmartSim[40963] INFO Consuming list 73
Consuming list 74
15:22:25 nid00008 SmartSim[40963] INFO Consuming list 74
Consuming list 75
15:22:27 nid00008 SmartSim[40963] INFO Consuming list 75
Consuming list 76
15:22:27 nid00008 SmartSim[40963] INFO Consuming list 76
Consuming list 77
15:22:28 nid00008 SmartSim[40963] INFO Consuming list 77
Consuming list 78
15:22:29 nid00008 SmartSim[40963] INFO Consuming list 78
Consuming list 79
15:22:30 nid00008 SmartSim[40963] INFO Consuming list 79
Consuming list 80
15:22:31 nid00008 SmartSim[40963] INFO Consuming list 80
Consuming list 81
15:22:33 nid00008 SmartSim[40963] INFO Consuming list 81
Consuming list 82
15:22:34 nid00008 SmartSim[40963] INFO Consuming list 82
Consuming list 83
15:22:34 nid00008 SmartSim[40963] INFO Consuming list 83
Consuming list 84
15:22:35 nid00008 SmartSim[40963] INFO Consuming list 84
Consuming list 85
15:22:36 nid00008 SmartSim[40963] INFO Consuming list 85
Consuming list 86
15:22:37 nid00008 SmartSim[40963] INFO Consuming list 86
Consuming list 87
15:22:38 nid00008 SmartSim[40963] INFO Consuming list 87
Consuming list 88
15:22:39 nid00008 SmartSim[40963] INFO Consuming list 88
Consuming list 89
15:22:40 nid00008 SmartSim[40963] INFO Consuming list 89
Consuming list 90
15:22:42 nid00008 SmartSim[40963] INFO Consuming list 90
Consuming list 91
15:22:42 nid00008 SmartSim[40963] INFO Consuming list 91
Consuming list 92
15:22:43 nid00008 SmartSim[40963] INFO Consuming list 92
Consuming list 93
15:22:44 nid00008 SmartSim[40963] INFO Consuming list 93
Consuming list 94
15:22:45 nid00008 SmartSim[40963] INFO Consuming list 94
Consuming list 95
15:22:46 nid00008 SmartSim[40963] INFO Consuming list 95
Consuming list 96
15:22:47 nid00008 SmartSim[40963] INFO Consuming list 96
Consuming list 97
15:22:48 nid00008 SmartSim[40963] INFO Consuming list 97
Consuming list 98
15:22:49 nid00008 SmartSim[40963] INFO Consuming list 98
Consuming list 99
15:22:50 nid00008 SmartSim[40963] INFO Consuming list 99
15:22:51 nid00008 SmartSim[40963] INFO Finished aggregation scaling py consumer.

Finished aggregation scaling py consumer.

