15:07:39 nid00008 SmartSim[39780] INFO Connecting clients
SmartRedis Library@15-07-39:WARNING: Environment variable SR_LOG_FILE is not set. Defaulting to stdout
SmartRedis Library@15-07-39:WARNING: Environment variable SR_LOG_LEVEL is not set. Defaulting to INFO
Connecting clients
Consuming list 0
15:07:39 nid00008 SmartSim[39780] INFO Consuming list 0
Consuming list 1
15:07:39 nid00008 SmartSim[39780] INFO Consuming list 1
Consuming list 2
15:07:39 nid00008 SmartSim[39780] INFO Consuming list 2
Consuming list 3
15:07:40 nid00008 SmartSim[39780] INFO Consuming list 3
Consuming list 4
15:07:41 nid00008 SmartSim[39780] INFO Consuming list 4
Consuming list 5
15:07:42 nid00008 SmartSim[39780] INFO Consuming list 5
Consuming list 6
15:07:43 nid00008 SmartSim[39780] INFO Consuming list 6
Consuming list 7
15:07:44 nid00008 SmartSim[39780] INFO Consuming list 7
Consuming list 8
15:07:45 nid00008 SmartSim[39780] INFO Consuming list 8
Consuming list 9
15:07:46 nid00008 SmartSim[39780] INFO Consuming list 9
Consuming list 10
15:07:47 nid00008 SmartSim[39780] INFO Consuming list 10
Consuming list 11
15:07:48 nid00008 SmartSim[39780] INFO Consuming list 11
Consuming list 12
15:07:49 nid00008 SmartSim[39780] INFO Consuming list 12
Consuming list 13
15:07:50 nid00008 SmartSim[39780] INFO Consuming list 13
Consuming list 14
15:07:51 nid00008 SmartSim[39780] INFO Consuming list 14
Consuming list 15
15:07:52 nid00008 SmartSim[39780] INFO Consuming list 15
Consuming list 16
15:07:53 nid00008 SmartSim[39780] INFO Consuming list 16
Consuming list 17
15:07:54 nid00008 SmartSim[39780] INFO Consuming list 17
Consuming list 18
15:07:55 nid00008 SmartSim[39780] INFO Consuming list 18
Consuming list 19
15:07:56 nid00008 SmartSim[39780] INFO Consuming list 19
Consuming list 20
15:07:57 nid00008 SmartSim[39780] INFO Consuming list 20
Consuming list 21
15:07:58 nid00008 SmartSim[39780] INFO Consuming list 21
Consuming list 22
15:07:59 nid00008 SmartSim[39780] INFO Consuming list 22
Consuming list 23
15:08:00 nid00008 SmartSim[39780] INFO Consuming list 23
Consuming list 24
15:08:01 nid00008 SmartSim[39780] INFO Consuming list 24
Consuming list 25
15:08:02 nid00008 SmartSim[39780] INFO Consuming list 25
Consuming list 26
15:08:03 nid00008 SmartSim[39780] INFO Consuming list 26
Consuming list 27
15:08:04 nid00008 SmartSim[39780] INFO Consuming list 27
Consuming list 28
15:08:05 nid00008 SmartSim[39780] INFO Consuming list 28
Consuming list 29
15:08:06 nid00008 SmartSim[39780] INFO Consuming list 29
Consuming list 30
15:08:07 nid00008 SmartSim[39780] INFO Consuming list 30
Consuming list 31
15:08:08 nid00008 SmartSim[39780] INFO Consuming list 31
Consuming list 32
15:08:09 nid00008 SmartSim[39780] INFO Consuming list 32
Consuming list 33
15:08:10 nid00008 SmartSim[39780] INFO Consuming list 33
Consuming list 34
15:08:10 nid00008 SmartSim[39780] INFO Consuming list 34
Consuming list 35
15:08:11 nid00008 SmartSim[39780] INFO Consuming list 35
Consuming list 36
15:08:12 nid00008 SmartSim[39780] INFO Consuming list 36
Consuming list 37
15:08:13 nid00008 SmartSim[39780] INFO Consuming list 37
Consuming list 38
15:08:14 nid00008 SmartSim[39780] INFO Consuming list 38
Consuming list 39
15:08:15 nid00008 SmartSim[39780] INFO Consuming list 39
Consuming list 40
15:08:17 nid00008 SmartSim[39780] INFO Consuming list 40
Consuming list 41
15:08:17 nid00008 SmartSim[39780] INFO Consuming list 41
Consuming list 42
15:08:18 nid00008 SmartSim[39780] INFO Consuming list 42
Consuming list 43
15:08:19 nid00008 SmartSim[39780] INFO Consuming list 43
Consuming list 44
15:08:21 nid00008 SmartSim[39780] INFO Consuming list 44
Consuming list 45
15:08:22 nid00008 SmartSim[39780] INFO Consuming list 45
Consuming list 46
15:08:23 nid00008 SmartSim[39780] INFO Consuming list 46
Consuming list 47
15:08:23 nid00008 SmartSim[39780] INFO Consuming list 47
Consuming list 48
15:08:25 nid00008 SmartSim[39780] INFO Consuming list 48
Consuming list 49
15:08:26 nid00008 SmartSim[39780] INFO Consuming list 49
Consuming list 50
15:08:27 nid00008 SmartSim[39780] INFO Consuming list 50
Consuming list 51
15:08:28 nid00008 SmartSim[39780] INFO Consuming list 51
Consuming list 52
15:08:29 nid00008 SmartSim[39780] INFO Consuming list 52
Consuming list 53
15:08:30 nid00008 SmartSim[39780] INFO Consuming list 53
Consuming list 54
15:08:31 nid00008 SmartSim[39780] INFO Consuming list 54
Consuming list 55
15:08:32 nid00008 SmartSim[39780] INFO Consuming list 55
Consuming list 56
15:08:33 nid00008 SmartSim[39780] INFO Consuming list 56
Consuming list 57
15:08:34 nid00008 SmartSim[39780] INFO Consuming list 57
Consuming list 58
15:08:35 nid00008 SmartSim[39780] INFO Consuming list 58
Consuming list 59
15:08:36 nid00008 SmartSim[39780] INFO Consuming list 59
Consuming list 60
15:08:37 nid00008 SmartSim[39780] INFO Consuming list 60
Consuming list 61
15:08:38 nid00008 SmartSim[39780] INFO Consuming list 61
Consuming list 62
15:08:39 nid00008 SmartSim[39780] INFO Consuming list 62
Consuming list 63
15:08:40 nid00008 SmartSim[39780] INFO Consuming list 63
Consuming list 64
15:08:41 nid00008 SmartSim[39780] INFO Consuming list 64
Consuming list 65
15:08:42 nid00008 SmartSim[39780] INFO Consuming list 65
Consuming list 66
15:08:43 nid00008 SmartSim[39780] INFO Consuming list 66
Consuming list 67
15:08:44 nid00008 SmartSim[39780] INFO Consuming list 67
Consuming list 68
15:08:45 nid00008 SmartSim[39780] INFO Consuming list 68
Consuming list 69
15:08:46 nid00008 SmartSim[39780] INFO Consuming list 69
Consuming list 70
15:08:47 nid00008 SmartSim[39780] INFO Consuming list 70
Consuming list 71
15:08:48 nid00008 SmartSim[39780] INFO Consuming list 71
Consuming list 72
15:08:49 nid00008 SmartSim[39780] INFO Consuming list 72
Consuming list 73
15:08:50 nid00008 SmartSim[39780] INFO Consuming list 73
Consuming list 74
15:08:51 nid00008 SmartSim[39780] INFO Consuming list 74
Consuming list 75
15:08:52 nid00008 SmartSim[39780] INFO Consuming list 75
Consuming list 76
15:08:53 nid00008 SmartSim[39780] INFO Consuming list 76
Consuming list 77
15:08:54 nid00008 SmartSim[39780] INFO Consuming list 77
Consuming list 78
15:08:55 nid00008 SmartSim[39780] INFO Consuming list 78
Consuming list 79
15:08:56 nid00008 SmartSim[39780] INFO Consuming list 79
Consuming list 80
15:08:57 nid00008 SmartSim[39780] INFO Consuming list 80
Consuming list 81
15:08:58 nid00008 SmartSim[39780] INFO Consuming list 81
Consuming list 82
15:08:59 nid00008 SmartSim[39780] INFO Consuming list 82
Consuming list 83
15:09:00 nid00008 SmartSim[39780] INFO Consuming list 83
Consuming list 84
15:09:01 nid00008 SmartSim[39780] INFO Consuming list 84
Consuming list 85
15:09:02 nid00008 SmartSim[39780] INFO Consuming list 85
Consuming list 86
15:09:03 nid00008 SmartSim[39780] INFO Consuming list 86
Consuming list 87
15:09:04 nid00008 SmartSim[39780] INFO Consuming list 87
Consuming list 88
15:09:05 nid00008 SmartSim[39780] INFO Consuming list 88
Consuming list 89
15:09:06 nid00008 SmartSim[39780] INFO Consuming list 89
Consuming list 90
15:09:07 nid00008 SmartSim[39780] INFO Consuming list 90
Consuming list 91
15:09:08 nid00008 SmartSim[39780] INFO Consuming list 91
Consuming list 92
15:09:09 nid00008 SmartSim[39780] INFO Consuming list 92
Consuming list 93
15:09:10 nid00008 SmartSim[39780] INFO Consuming list 93
Consuming list 94
15:09:11 nid00008 SmartSim[39780] INFO Consuming list 94
Consuming list 95
15:09:12 nid00008 SmartSim[39780] INFO Consuming list 95
Consuming list 96
15:09:13 nid00008 SmartSim[39780] INFO Consuming list 96
Consuming list 97
15:09:14 nid00008 SmartSim[39780] INFO Consuming list 97
Consuming list 98
15:09:15 nid00008 SmartSim[39780] INFO Consuming list 98
Consuming list 99
15:09:16 nid00008 SmartSim[39780] INFO Consuming list 99
15:09:17 nid00008 SmartSim[39780] INFO Finished aggregation scaling py consumer.

Finished aggregation scaling py consumer.

