14:56:27 nid00024 SmartSim[83263] INFO Connecting clients
SmartRedis Library@14-56-27:WARNING: Environment variable SR_LOG_FILE is not set. Defaulting to stdout
SmartRedis Library@14-56-27:WARNING: Environment variable SR_LOG_LEVEL is not set. Defaulting to INFO
Connecting clients
Consuming list 0
14:56:27 nid00024 SmartSim[83263] INFO Consuming list 0
Consuming list 1
14:56:27 nid00024 SmartSim[83263] INFO Consuming list 1
Consuming list 2
14:56:27 nid00024 SmartSim[83263] INFO Consuming list 2
Consuming list 3
14:56:28 nid00024 SmartSim[83263] INFO Consuming list 3
Consuming list 4
14:56:29 nid00024 SmartSim[83263] INFO Consuming list 4
Consuming list 5
14:56:30 nid00024 SmartSim[83263] INFO Consuming list 5
Consuming list 6
14:56:31 nid00024 SmartSim[83263] INFO Consuming list 6
Consuming list 7
14:56:32 nid00024 SmartSim[83263] INFO Consuming list 7
Consuming list 8
14:56:33 nid00024 SmartSim[83263] INFO Consuming list 8
Consuming list 9
14:56:34 nid00024 SmartSim[83263] INFO Consuming list 9
Consuming list 10
14:56:35 nid00024 SmartSim[83263] INFO Consuming list 10
Consuming list 11
14:56:36 nid00024 SmartSim[83263] INFO Consuming list 11
Consuming list 12
14:56:37 nid00024 SmartSim[83263] INFO Consuming list 12
Consuming list 13
14:56:38 nid00024 SmartSim[83263] INFO Consuming list 13
Consuming list 14
14:56:39 nid00024 SmartSim[83263] INFO Consuming list 14
Consuming list 15
14:56:40 nid00024 SmartSim[83263] INFO Consuming list 15
Consuming list 16
14:56:41 nid00024 SmartSim[83263] INFO Consuming list 16
Consuming list 17
14:56:42 nid00024 SmartSim[83263] INFO Consuming list 17
Consuming list 18
14:56:43 nid00024 SmartSim[83263] INFO Consuming list 18
Consuming list 19
14:56:44 nid00024 SmartSim[83263] INFO Consuming list 19
Consuming list 20
14:56:45 nid00024 SmartSim[83263] INFO Consuming list 20
Consuming list 21
14:56:46 nid00024 SmartSim[83263] INFO Consuming list 21
Consuming list 22
14:56:47 nid00024 SmartSim[83263] INFO Consuming list 22
Consuming list 23
14:56:48 nid00024 SmartSim[83263] INFO Consuming list 23
Consuming list 24
14:56:49 nid00024 SmartSim[83263] INFO Consuming list 24
Consuming list 25
14:56:50 nid00024 SmartSim[83263] INFO Consuming list 25
Consuming list 26
14:56:51 nid00024 SmartSim[83263] INFO Consuming list 26
Consuming list 27
14:56:52 nid00024 SmartSim[83263] INFO Consuming list 27
Consuming list 28
14:56:53 nid00024 SmartSim[83263] INFO Consuming list 28
Consuming list 29
14:56:54 nid00024 SmartSim[83263] INFO Consuming list 29
Consuming list 30
14:56:55 nid00024 SmartSim[83263] INFO Consuming list 30
Consuming list 31
14:56:56 nid00024 SmartSim[83263] INFO Consuming list 31
Consuming list 32
14:56:57 nid00024 SmartSim[83263] INFO Consuming list 32
Consuming list 33
14:56:58 nid00024 SmartSim[83263] INFO Consuming list 33
Consuming list 34
14:56:59 nid00024 SmartSim[83263] INFO Consuming list 34
Consuming list 35
14:57:00 nid00024 SmartSim[83263] INFO Consuming list 35
Consuming list 36
14:57:01 nid00024 SmartSim[83263] INFO Consuming list 36
Consuming list 37
14:57:02 nid00024 SmartSim[83263] INFO Consuming list 37
Consuming list 38
14:57:03 nid00024 SmartSim[83263] INFO Consuming list 38
Consuming list 39
14:57:04 nid00024 SmartSim[83263] INFO Consuming list 39
Consuming list 40
14:57:05 nid00024 SmartSim[83263] INFO Consuming list 40
Consuming list 41
14:57:06 nid00024 SmartSim[83263] INFO Consuming list 41
Consuming list 42
14:57:07 nid00024 SmartSim[83263] INFO Consuming list 42
Consuming list 43
14:57:08 nid00024 SmartSim[83263] INFO Consuming list 43
Consuming list 44
14:57:09 nid00024 SmartSim[83263] INFO Consuming list 44
Consuming list 45
14:57:10 nid00024 SmartSim[83263] INFO Consuming list 45
Consuming list 46
14:57:11 nid00024 SmartSim[83263] INFO Consuming list 46
Consuming list 47
14:57:12 nid00024 SmartSim[83263] INFO Consuming list 47
Consuming list 48
14:57:13 nid00024 SmartSim[83263] INFO Consuming list 48
Consuming list 49
14:57:14 nid00024 SmartSim[83263] INFO Consuming list 49
Consuming list 50
14:57:15 nid00024 SmartSim[83263] INFO Consuming list 50
Consuming list 51
14:57:16 nid00024 SmartSim[83263] INFO Consuming list 51
Consuming list 52
14:57:17 nid00024 SmartSim[83263] INFO Consuming list 52
Consuming list 53
14:57:18 nid00024 SmartSim[83263] INFO Consuming list 53
Consuming list 54
14:57:19 nid00024 SmartSim[83263] INFO Consuming list 54
Consuming list 55
14:57:20 nid00024 SmartSim[83263] INFO Consuming list 55
Consuming list 56
14:57:21 nid00024 SmartSim[83263] INFO Consuming list 56
Consuming list 57
14:57:22 nid00024 SmartSim[83263] INFO Consuming list 57
Consuming list 58
14:57:24 nid00024 SmartSim[83263] INFO Consuming list 58
Consuming list 59
14:57:24 nid00024 SmartSim[83263] INFO Consuming list 59
Consuming list 60
14:57:26 nid00024 SmartSim[83263] INFO Consuming list 60
Consuming list 61
14:57:26 nid00024 SmartSim[83263] INFO Consuming list 61
Consuming list 62
14:57:28 nid00024 SmartSim[83263] INFO Consuming list 62
Consuming list 63
14:57:29 nid00024 SmartSim[83263] INFO Consuming list 63
Consuming list 64
14:57:30 nid00024 SmartSim[83263] INFO Consuming list 64
Consuming list 65
14:57:31 nid00024 SmartSim[83263] INFO Consuming list 65
Consuming list 66
14:57:32 nid00024 SmartSim[83263] INFO Consuming list 66
Consuming list 67
14:57:33 nid00024 SmartSim[83263] INFO Consuming list 67
Consuming list 68
14:57:34 nid00024 SmartSim[83263] INFO Consuming list 68
Consuming list 69
14:57:35 nid00024 SmartSim[83263] INFO Consuming list 69
Consuming list 70
14:57:36 nid00024 SmartSim[83263] INFO Consuming list 70
Consuming list 71
14:57:37 nid00024 SmartSim[83263] INFO Consuming list 71
Consuming list 72
14:57:38 nid00024 SmartSim[83263] INFO Consuming list 72
Consuming list 73
14:57:39 nid00024 SmartSim[83263] INFO Consuming list 73
Consuming list 74
14:57:40 nid00024 SmartSim[83263] INFO Consuming list 74
Consuming list 75
14:57:41 nid00024 SmartSim[83263] INFO Consuming list 75
Consuming list 76
14:57:42 nid00024 SmartSim[83263] INFO Consuming list 76
Consuming list 77
14:57:43 nid00024 SmartSim[83263] INFO Consuming list 77
Consuming list 78
14:57:44 nid00024 SmartSim[83263] INFO Consuming list 78
Consuming list 79
14:57:45 nid00024 SmartSim[83263] INFO Consuming list 79
Consuming list 80
14:57:46 nid00024 SmartSim[83263] INFO Consuming list 80
Consuming list 81
14:57:47 nid00024 SmartSim[83263] INFO Consuming list 81
Consuming list 82
14:57:48 nid00024 SmartSim[83263] INFO Consuming list 82
Consuming list 83
14:57:49 nid00024 SmartSim[83263] INFO Consuming list 83
Consuming list 84
14:57:50 nid00024 SmartSim[83263] INFO Consuming list 84
Consuming list 85
14:57:51 nid00024 SmartSim[83263] INFO Consuming list 85
Consuming list 86
14:57:52 nid00024 SmartSim[83263] INFO Consuming list 86
Consuming list 87
14:57:53 nid00024 SmartSim[83263] INFO Consuming list 87
Consuming list 88
14:57:54 nid00024 SmartSim[83263] INFO Consuming list 88
Consuming list 89
14:57:55 nid00024 SmartSim[83263] INFO Consuming list 89
Consuming list 90
14:57:56 nid00024 SmartSim[83263] INFO Consuming list 90
Consuming list 91
14:57:57 nid00024 SmartSim[83263] INFO Consuming list 91
Consuming list 92
14:57:58 nid00024 SmartSim[83263] INFO Consuming list 92
Consuming list 93
14:57:59 nid00024 SmartSim[83263] INFO Consuming list 93
Consuming list 94
14:58:00 nid00024 SmartSim[83263] INFO Consuming list 94
Consuming list 95
14:58:01 nid00024 SmartSim[83263] INFO Consuming list 95
Consuming list 96
14:58:02 nid00024 SmartSim[83263] INFO Consuming list 96
Consuming list 97
14:58:03 nid00024 SmartSim[83263] INFO Consuming list 97
Consuming list 98
14:58:04 nid00024 SmartSim[83263] INFO Consuming list 98
Consuming list 99
14:58:05 nid00024 SmartSim[83263] INFO Consuming list 99
14:58:06 nid00024 SmartSim[83263] INFO Finished aggregation scaling py consumer.

Finished aggregation scaling py consumer.

