14:58:28 nid00040 SmartSim[80547] INFO Connecting clients
SmartRedis Library@14-58-28:WARNING: Environment variable SR_LOG_FILE is not set. Defaulting to stdout
SmartRedis Library@14-58-28:WARNING: Environment variable SR_LOG_LEVEL is not set. Defaulting to INFO
Connecting clients
Consuming list 0
14:58:28 nid00040 SmartSim[80547] INFO Consuming list 0
Consuming list 1
14:58:28 nid00040 SmartSim[80547] INFO Consuming list 1
Consuming list 2
14:58:30 nid00040 SmartSim[80547] INFO Consuming list 2
Consuming list 3
14:58:31 nid00040 SmartSim[80547] INFO Consuming list 3
Consuming list 4
14:58:32 nid00040 SmartSim[80547] INFO Consuming list 4
Consuming list 5
14:58:33 nid00040 SmartSim[80547] INFO Consuming list 5
Consuming list 6
14:58:34 nid00040 SmartSim[80547] INFO Consuming list 6
Consuming list 7
14:58:35 nid00040 SmartSim[80547] INFO Consuming list 7
Consuming list 8
14:58:36 nid00040 SmartSim[80547] INFO Consuming list 8
Consuming list 9
14:58:37 nid00040 SmartSim[80547] INFO Consuming list 9
Consuming list 10
14:58:38 nid00040 SmartSim[80547] INFO Consuming list 10
Consuming list 11
14:58:39 nid00040 SmartSim[80547] INFO Consuming list 11
Consuming list 12
14:58:40 nid00040 SmartSim[80547] INFO Consuming list 12
Consuming list 13
14:58:41 nid00040 SmartSim[80547] INFO Consuming list 13
Consuming list 14
14:58:42 nid00040 SmartSim[80547] INFO Consuming list 14
Consuming list 15
14:58:43 nid00040 SmartSim[80547] INFO Consuming list 15
Consuming list 16
14:58:44 nid00040 SmartSim[80547] INFO Consuming list 16
Consuming list 17
14:58:45 nid00040 SmartSim[80547] INFO Consuming list 17
Consuming list 18
14:58:46 nid00040 SmartSim[80547] INFO Consuming list 18
Consuming list 19
14:58:47 nid00040 SmartSim[80547] INFO Consuming list 19
Consuming list 20
14:58:48 nid00040 SmartSim[80547] INFO Consuming list 20
Consuming list 21
14:58:50 nid00040 SmartSim[80547] INFO Consuming list 21
Consuming list 22
14:58:51 nid00040 SmartSim[80547] INFO Consuming list 22
Consuming list 23
14:58:52 nid00040 SmartSim[80547] INFO Consuming list 23
Consuming list 24
14:58:53 nid00040 SmartSim[80547] INFO Consuming list 24
Consuming list 25
14:58:54 nid00040 SmartSim[80547] INFO Consuming list 25
Consuming list 26
14:58:55 nid00040 SmartSim[80547] INFO Consuming list 26
Consuming list 27
14:58:56 nid00040 SmartSim[80547] INFO Consuming list 27
Consuming list 28
14:58:57 nid00040 SmartSim[80547] INFO Consuming list 28
Consuming list 29
14:58:58 nid00040 SmartSim[80547] INFO Consuming list 29
Consuming list 30
14:58:59 nid00040 SmartSim[80547] INFO Consuming list 30
Consuming list 31
14:59:00 nid00040 SmartSim[80547] INFO Consuming list 31
Consuming list 32
14:59:02 nid00040 SmartSim[80547] INFO Consuming list 32
Consuming list 33
14:59:03 nid00040 SmartSim[80547] INFO Consuming list 33
Consuming list 34
14:59:04 nid00040 SmartSim[80547] INFO Consuming list 34
Consuming list 35
14:59:05 nid00040 SmartSim[80547] INFO Consuming list 35
Consuming list 36
14:59:06 nid00040 SmartSim[80547] INFO Consuming list 36
Consuming list 37
14:59:07 nid00040 SmartSim[80547] INFO Consuming list 37
Consuming list 38
14:59:08 nid00040 SmartSim[80547] INFO Consuming list 38
Consuming list 39
14:59:09 nid00040 SmartSim[80547] INFO Consuming list 39
Consuming list 40
14:59:10 nid00040 SmartSim[80547] INFO Consuming list 40
Consuming list 41
14:59:11 nid00040 SmartSim[80547] INFO Consuming list 41
Consuming list 42
14:59:12 nid00040 SmartSim[80547] INFO Consuming list 42
Consuming list 43
14:59:13 nid00040 SmartSim[80547] INFO Consuming list 43
Consuming list 44
14:59:14 nid00040 SmartSim[80547] INFO Consuming list 44
Consuming list 45
14:59:15 nid00040 SmartSim[80547] INFO Consuming list 45
Consuming list 46
14:59:16 nid00040 SmartSim[80547] INFO Consuming list 46
Consuming list 47
14:59:17 nid00040 SmartSim[80547] INFO Consuming list 47
Consuming list 48
14:59:18 nid00040 SmartSim[80547] INFO Consuming list 48
Consuming list 49
14:59:19 nid00040 SmartSim[80547] INFO Consuming list 49
Consuming list 50
14:59:20 nid00040 SmartSim[80547] INFO Consuming list 50
Consuming list 51
14:59:21 nid00040 SmartSim[80547] INFO Consuming list 51
Consuming list 52
14:59:23 nid00040 SmartSim[80547] INFO Consuming list 52
Consuming list 53
14:59:24 nid00040 SmartSim[80547] INFO Consuming list 53
Consuming list 54
14:59:25 nid00040 SmartSim[80547] INFO Consuming list 54
Consuming list 55
14:59:26 nid00040 SmartSim[80547] INFO Consuming list 55
Consuming list 56
14:59:27 nid00040 SmartSim[80547] INFO Consuming list 56
Consuming list 57
14:59:28 nid00040 SmartSim[80547] INFO Consuming list 57
Consuming list 58
14:59:29 nid00040 SmartSim[80547] INFO Consuming list 58
Consuming list 59
14:59:30 nid00040 SmartSim[80547] INFO Consuming list 59
Consuming list 60
14:59:31 nid00040 SmartSim[80547] INFO Consuming list 60
Consuming list 61
14:59:32 nid00040 SmartSim[80547] INFO Consuming list 61
Consuming list 62
14:59:33 nid00040 SmartSim[80547] INFO Consuming list 62
Consuming list 63
14:59:34 nid00040 SmartSim[80547] INFO Consuming list 63
Consuming list 64
14:59:35 nid00040 SmartSim[80547] INFO Consuming list 64
Consuming list 65
14:59:36 nid00040 SmartSim[80547] INFO Consuming list 65
Consuming list 66
14:59:37 nid00040 SmartSim[80547] INFO Consuming list 66
Consuming list 67
14:59:38 nid00040 SmartSim[80547] INFO Consuming list 67
Consuming list 68
14:59:39 nid00040 SmartSim[80547] INFO Consuming list 68
Consuming list 69
14:59:40 nid00040 SmartSim[80547] INFO Consuming list 69
Consuming list 70
14:59:41 nid00040 SmartSim[80547] INFO Consuming list 70
Consuming list 71
14:59:43 nid00040 SmartSim[80547] INFO Consuming list 71
Consuming list 72
14:59:44 nid00040 SmartSim[80547] INFO Consuming list 72
Consuming list 73
14:59:45 nid00040 SmartSim[80547] INFO Consuming list 73
Consuming list 74
14:59:46 nid00040 SmartSim[80547] INFO Consuming list 74
Consuming list 75
14:59:47 nid00040 SmartSim[80547] INFO Consuming list 75
Consuming list 76
14:59:48 nid00040 SmartSim[80547] INFO Consuming list 76
Consuming list 77
14:59:49 nid00040 SmartSim[80547] INFO Consuming list 77
Consuming list 78
14:59:50 nid00040 SmartSim[80547] INFO Consuming list 78
Consuming list 79
14:59:51 nid00040 SmartSim[80547] INFO Consuming list 79
Consuming list 80
14:59:52 nid00040 SmartSim[80547] INFO Consuming list 80
Consuming list 81
14:59:53 nid00040 SmartSim[80547] INFO Consuming list 81
Consuming list 82
14:59:54 nid00040 SmartSim[80547] INFO Consuming list 82
Consuming list 83
14:59:56 nid00040 SmartSim[80547] INFO Consuming list 83
Consuming list 84
14:59:57 nid00040 SmartSim[80547] INFO Consuming list 84
Consuming list 85
14:59:58 nid00040 SmartSim[80547] INFO Consuming list 85
Consuming list 86
14:59:59 nid00040 SmartSim[80547] INFO Consuming list 86
Consuming list 87
15:00:00 nid00040 SmartSim[80547] INFO Consuming list 87
Consuming list 88
15:00:01 nid00040 SmartSim[80547] INFO Consuming list 88
Consuming list 89
15:00:02 nid00040 SmartSim[80547] INFO Consuming list 89
Consuming list 90
15:00:03 nid00040 SmartSim[80547] INFO Consuming list 90
Consuming list 91
15:00:04 nid00040 SmartSim[80547] INFO Consuming list 91
Consuming list 92
15:00:06 nid00040 SmartSim[80547] INFO Consuming list 92
Consuming list 93
15:00:07 nid00040 SmartSim[80547] INFO Consuming list 93
Consuming list 94
15:00:07 nid00040 SmartSim[80547] INFO Consuming list 94
Consuming list 95
15:00:09 nid00040 SmartSim[80547] INFO Consuming list 95
Consuming list 96
15:00:10 nid00040 SmartSim[80547] INFO Consuming list 96
Consuming list 97
15:00:11 nid00040 SmartSim[80547] INFO Consuming list 97
Consuming list 98
15:00:12 nid00040 SmartSim[80547] INFO Consuming list 98
Consuming list 99
15:00:13 nid00040 SmartSim[80547] INFO Consuming list 99
15:00:14 nid00040 SmartSim[80547] INFO Finished aggregation scaling py consumer.

Finished aggregation scaling py consumer.

