15:25:11 nid00040 SmartSim[82177] INFO Connecting clients
SmartRedis Library@15-25-11:WARNING: Environment variable SR_LOG_FILE is not set. Defaulting to stdout
SmartRedis Library@15-25-11:WARNING: Environment variable SR_LOG_LEVEL is not set. Defaulting to INFO
Connecting clients
Consuming list 0
15:25:11 nid00040 SmartSim[82177] INFO Consuming list 0
Consuming list 1
15:25:11 nid00040 SmartSim[82177] INFO Consuming list 1
Consuming list 2
15:25:13 nid00040 SmartSim[82177] INFO Consuming list 2
Consuming list 3
15:25:15 nid00040 SmartSim[82177] INFO Consuming list 3
Consuming list 4
15:25:17 nid00040 SmartSim[82177] INFO Consuming list 4
Consuming list 5
15:25:17 nid00040 SmartSim[82177] INFO Consuming list 5
Consuming list 6
15:25:18 nid00040 SmartSim[82177] INFO Consuming list 6
Consuming list 7
15:25:19 nid00040 SmartSim[82177] INFO Consuming list 7
Consuming list 8
15:25:20 nid00040 SmartSim[82177] INFO Consuming list 8
Consuming list 9
15:25:21 nid00040 SmartSim[82177] INFO Consuming list 9
Consuming list 10
15:25:22 nid00040 SmartSim[82177] INFO Consuming list 10
Consuming list 11
15:25:23 nid00040 SmartSim[82177] INFO Consuming list 11
Consuming list 12
15:25:24 nid00040 SmartSim[82177] INFO Consuming list 12
Consuming list 13
15:25:24 nid00040 SmartSim[82177] INFO Consuming list 13
Consuming list 14
15:25:25 nid00040 SmartSim[82177] INFO Consuming list 14
Consuming list 15
15:25:26 nid00040 SmartSim[82177] INFO Consuming list 15
Consuming list 16
15:25:28 nid00040 SmartSim[82177] INFO Consuming list 16
Consuming list 17
15:25:28 nid00040 SmartSim[82177] INFO Consuming list 17
Consuming list 18
15:25:30 nid00040 SmartSim[82177] INFO Consuming list 18
Consuming list 19
15:25:31 nid00040 SmartSim[82177] INFO Consuming list 19
Consuming list 20
15:25:32 nid00040 SmartSim[82177] INFO Consuming list 20
Consuming list 21
15:25:33 nid00040 SmartSim[82177] INFO Consuming list 21
Consuming list 22
15:25:35 nid00040 SmartSim[82177] INFO Consuming list 22
Consuming list 23
15:25:37 nid00040 SmartSim[82177] INFO Consuming list 23
Consuming list 24
15:25:38 nid00040 SmartSim[82177] INFO Consuming list 24
Consuming list 25
15:25:39 nid00040 SmartSim[82177] INFO Consuming list 25
Consuming list 26
15:25:40 nid00040 SmartSim[82177] INFO Consuming list 26
Consuming list 27
15:25:41 nid00040 SmartSim[82177] INFO Consuming list 27
Consuming list 28
15:25:42 nid00040 SmartSim[82177] INFO Consuming list 28
Consuming list 29
15:25:43 nid00040 SmartSim[82177] INFO Consuming list 29
Consuming list 30
15:25:44 nid00040 SmartSim[82177] INFO Consuming list 30
Consuming list 31
15:25:45 nid00040 SmartSim[82177] INFO Consuming list 31
Consuming list 32
15:25:46 nid00040 SmartSim[82177] INFO Consuming list 32
Consuming list 33
15:25:47 nid00040 SmartSim[82177] INFO Consuming list 33
Consuming list 34
15:25:48 nid00040 SmartSim[82177] INFO Consuming list 34
Consuming list 35
15:25:49 nid00040 SmartSim[82177] INFO Consuming list 35
Consuming list 36
15:25:50 nid00040 SmartSim[82177] INFO Consuming list 36
Consuming list 37
15:25:51 nid00040 SmartSim[82177] INFO Consuming list 37
Consuming list 38
15:25:52 nid00040 SmartSim[82177] INFO Consuming list 38
Consuming list 39
15:25:53 nid00040 SmartSim[82177] INFO Consuming list 39
Consuming list 40
15:25:54 nid00040 SmartSim[82177] INFO Consuming list 40
Consuming list 41
15:25:55 nid00040 SmartSim[82177] INFO Consuming list 41
Consuming list 42
15:25:57 nid00040 SmartSim[82177] INFO Consuming list 42
Consuming list 43
15:25:59 nid00040 SmartSim[82177] INFO Consuming list 43
Consuming list 44
15:26:01 nid00040 SmartSim[82177] INFO Consuming list 44
Consuming list 45
15:26:02 nid00040 SmartSim[82177] INFO Consuming list 45
Consuming list 46
15:26:03 nid00040 SmartSim[82177] INFO Consuming list 46
Consuming list 47
15:26:04 nid00040 SmartSim[82177] INFO Consuming list 47
Consuming list 48
15:26:05 nid00040 SmartSim[82177] INFO Consuming list 48
Consuming list 49
15:26:06 nid00040 SmartSim[82177] INFO Consuming list 49
Consuming list 50
15:26:07 nid00040 SmartSim[82177] INFO Consuming list 50
Consuming list 51
15:26:08 nid00040 SmartSim[82177] INFO Consuming list 51
Consuming list 52
15:26:09 nid00040 SmartSim[82177] INFO Consuming list 52
Consuming list 53
15:26:10 nid00040 SmartSim[82177] INFO Consuming list 53
Consuming list 54
15:26:11 nid00040 SmartSim[82177] INFO Consuming list 54
Consuming list 55
15:26:12 nid00040 SmartSim[82177] INFO Consuming list 55
Consuming list 56
15:26:13 nid00040 SmartSim[82177] INFO Consuming list 56
Consuming list 57
15:26:14 nid00040 SmartSim[82177] INFO Consuming list 57
Consuming list 58
15:26:15 nid00040 SmartSim[82177] INFO Consuming list 58
Consuming list 59
15:26:16 nid00040 SmartSim[82177] INFO Consuming list 59
Consuming list 60
15:26:17 nid00040 SmartSim[82177] INFO Consuming list 60
Consuming list 61
15:26:19 nid00040 SmartSim[82177] INFO Consuming list 61
Consuming list 62
15:26:20 nid00040 SmartSim[82177] INFO Consuming list 62
Consuming list 63
15:26:21 nid00040 SmartSim[82177] INFO Consuming list 63
Consuming list 64
15:26:23 nid00040 SmartSim[82177] INFO Consuming list 64
Consuming list 65
15:26:24 nid00040 SmartSim[82177] INFO Consuming list 65
Consuming list 66
15:26:25 nid00040 SmartSim[82177] INFO Consuming list 66
Consuming list 67
15:26:26 nid00040 SmartSim[82177] INFO Consuming list 67
Consuming list 68
15:26:27 nid00040 SmartSim[82177] INFO Consuming list 68
Consuming list 69
15:26:28 nid00040 SmartSim[82177] INFO Consuming list 69
Consuming list 70
15:26:29 nid00040 SmartSim[82177] INFO Consuming list 70
Consuming list 71
15:26:30 nid00040 SmartSim[82177] INFO Consuming list 71
Consuming list 72
15:26:31 nid00040 SmartSim[82177] INFO Consuming list 72
Consuming list 73
15:26:32 nid00040 SmartSim[82177] INFO Consuming list 73
Consuming list 74
15:26:33 nid00040 SmartSim[82177] INFO Consuming list 74
Consuming list 75
15:26:34 nid00040 SmartSim[82177] INFO Consuming list 75
Consuming list 76
15:26:35 nid00040 SmartSim[82177] INFO Consuming list 76
Consuming list 77
15:26:36 nid00040 SmartSim[82177] INFO Consuming list 77
Consuming list 78
15:26:37 nid00040 SmartSim[82177] INFO Consuming list 78
Consuming list 79
15:26:38 nid00040 SmartSim[82177] INFO Consuming list 79
Consuming list 80
15:26:39 nid00040 SmartSim[82177] INFO Consuming list 80
Consuming list 81
15:26:40 nid00040 SmartSim[82177] INFO Consuming list 81
Consuming list 82
15:26:41 nid00040 SmartSim[82177] INFO Consuming list 82
Consuming list 83
15:26:42 nid00040 SmartSim[82177] INFO Consuming list 83
Consuming list 84
15:26:43 nid00040 SmartSim[82177] INFO Consuming list 84
Consuming list 85
15:26:44 nid00040 SmartSim[82177] INFO Consuming list 85
Consuming list 86
15:26:45 nid00040 SmartSim[82177] INFO Consuming list 86
Consuming list 87
15:26:46 nid00040 SmartSim[82177] INFO Consuming list 87
Consuming list 88
15:26:47 nid00040 SmartSim[82177] INFO Consuming list 88
Consuming list 89
15:26:48 nid00040 SmartSim[82177] INFO Consuming list 89
Consuming list 90
15:26:49 nid00040 SmartSim[82177] INFO Consuming list 90
Consuming list 91
15:26:50 nid00040 SmartSim[82177] INFO Consuming list 91
Consuming list 92
15:26:51 nid00040 SmartSim[82177] INFO Consuming list 92
Consuming list 93
15:26:52 nid00040 SmartSim[82177] INFO Consuming list 93
Consuming list 94
15:26:53 nid00040 SmartSim[82177] INFO Consuming list 94
Consuming list 95
15:26:54 nid00040 SmartSim[82177] INFO Consuming list 95
Consuming list 96
15:26:55 nid00040 SmartSim[82177] INFO Consuming list 96
Consuming list 97
15:26:56 nid00040 SmartSim[82177] INFO Consuming list 97
Consuming list 98
15:26:57 nid00040 SmartSim[82177] INFO Consuming list 98
Consuming list 99
15:26:58 nid00040 SmartSim[82177] INFO Consuming list 99
15:26:59 nid00040 SmartSim[82177] INFO Finished aggregation scaling py consumer.

Finished aggregation scaling py consumer.

