15:02:46 nid00234 SmartSim[6237] INFO Connecting clients
SmartRedis Library@15-02-46:WARNING: Environment variable SR_LOG_FILE is not set. Defaulting to stdout
SmartRedis Library@15-02-46:WARNING: Environment variable SR_LOG_LEVEL is not set. Defaulting to INFO
Connecting clients
Consuming list 0
15:02:46 nid00234 SmartSim[6237] INFO Consuming list 0
Consuming list 1
15:02:47 nid00234 SmartSim[6237] INFO Consuming list 1
Consuming list 2
15:02:48 nid00234 SmartSim[6237] INFO Consuming list 2
Consuming list 3
15:02:50 nid00234 SmartSim[6237] INFO Consuming list 3
Consuming list 4
15:02:52 nid00234 SmartSim[6237] INFO Consuming list 4
Consuming list 5
15:02:54 nid00234 SmartSim[6237] INFO Consuming list 5
Consuming list 6
15:02:55 nid00234 SmartSim[6237] INFO Consuming list 6
Consuming list 7
15:02:57 nid00234 SmartSim[6237] INFO Consuming list 7
Consuming list 8
15:02:58 nid00234 SmartSim[6237] INFO Consuming list 8
Consuming list 9
15:02:59 nid00234 SmartSim[6237] INFO Consuming list 9
Consuming list 10
15:03:00 nid00234 SmartSim[6237] INFO Consuming list 10
Consuming list 11
15:03:01 nid00234 SmartSim[6237] INFO Consuming list 11
Consuming list 12
15:03:02 nid00234 SmartSim[6237] INFO Consuming list 12
Consuming list 13
15:03:04 nid00234 SmartSim[6237] INFO Consuming list 13
Consuming list 14
15:03:05 nid00234 SmartSim[6237] INFO Consuming list 14
Consuming list 15
15:03:06 nid00234 SmartSim[6237] INFO Consuming list 15
Consuming list 16
15:03:07 nid00234 SmartSim[6237] INFO Consuming list 16
Consuming list 17
15:03:08 nid00234 SmartSim[6237] INFO Consuming list 17
Consuming list 18
15:03:10 nid00234 SmartSim[6237] INFO Consuming list 18
Consuming list 19
15:03:11 nid00234 SmartSim[6237] INFO Consuming list 19
Consuming list 20
15:03:12 nid00234 SmartSim[6237] INFO Consuming list 20
Consuming list 21
15:03:13 nid00234 SmartSim[6237] INFO Consuming list 21
Consuming list 22
15:03:15 nid00234 SmartSim[6237] INFO Consuming list 22
Consuming list 23
15:03:16 nid00234 SmartSim[6237] INFO Consuming list 23
Consuming list 24
15:03:17 nid00234 SmartSim[6237] INFO Consuming list 24
Consuming list 25
15:03:18 nid00234 SmartSim[6237] INFO Consuming list 25
Consuming list 26
15:03:19 nid00234 SmartSim[6237] INFO Consuming list 26
Consuming list 27
15:03:20 nid00234 SmartSim[6237] INFO Consuming list 27
Consuming list 28
15:03:21 nid00234 SmartSim[6237] INFO Consuming list 28
Consuming list 29
15:03:23 nid00234 SmartSim[6237] INFO Consuming list 29
Consuming list 30
15:03:24 nid00234 SmartSim[6237] INFO Consuming list 30
Consuming list 31
15:03:25 nid00234 SmartSim[6237] INFO Consuming list 31
Consuming list 32
15:03:26 nid00234 SmartSim[6237] INFO Consuming list 32
Consuming list 33
15:03:27 nid00234 SmartSim[6237] INFO Consuming list 33
Consuming list 34
15:03:29 nid00234 SmartSim[6237] INFO Consuming list 34
Consuming list 35
15:03:30 nid00234 SmartSim[6237] INFO Consuming list 35
Consuming list 36
15:03:31 nid00234 SmartSim[6237] INFO Consuming list 36
Consuming list 37
15:03:32 nid00234 SmartSim[6237] INFO Consuming list 37
Consuming list 38
15:03:34 nid00234 SmartSim[6237] INFO Consuming list 38
Consuming list 39
15:03:35 nid00234 SmartSim[6237] INFO Consuming list 39
Consuming list 40
15:03:36 nid00234 SmartSim[6237] INFO Consuming list 40
Consuming list 41
15:03:37 nid00234 SmartSim[6237] INFO Consuming list 41
Consuming list 42
15:03:38 nid00234 SmartSim[6237] INFO Consuming list 42
Consuming list 43
15:03:39 nid00234 SmartSim[6237] INFO Consuming list 43
Consuming list 44
15:03:41 nid00234 SmartSim[6237] INFO Consuming list 44
Consuming list 45
15:03:42 nid00234 SmartSim[6237] INFO Consuming list 45
Consuming list 46
15:03:43 nid00234 SmartSim[6237] INFO Consuming list 46
Consuming list 47
15:03:44 nid00234 SmartSim[6237] INFO Consuming list 47
Consuming list 48
15:03:45 nid00234 SmartSim[6237] INFO Consuming list 48
Consuming list 49
15:03:47 nid00234 SmartSim[6237] INFO Consuming list 49
Consuming list 50
15:03:48 nid00234 SmartSim[6237] INFO Consuming list 50
Consuming list 51
15:03:49 nid00234 SmartSim[6237] INFO Consuming list 51
Consuming list 52
15:03:50 nid00234 SmartSim[6237] INFO Consuming list 52
Consuming list 53
15:03:52 nid00234 SmartSim[6237] INFO Consuming list 53
Consuming list 54
15:03:53 nid00234 SmartSim[6237] INFO Consuming list 54
Consuming list 55
15:03:54 nid00234 SmartSim[6237] INFO Consuming list 55
Consuming list 56
15:03:55 nid00234 SmartSim[6237] INFO Consuming list 56
Consuming list 57
15:03:57 nid00234 SmartSim[6237] INFO Consuming list 57
Consuming list 58
15:03:58 nid00234 SmartSim[6237] INFO Consuming list 58
Consuming list 59
15:03:59 nid00234 SmartSim[6237] INFO Consuming list 59
Consuming list 60
15:04:00 nid00234 SmartSim[6237] INFO Consuming list 60
Consuming list 61
15:04:01 nid00234 SmartSim[6237] INFO Consuming list 61
Consuming list 62
15:04:02 nid00234 SmartSim[6237] INFO Consuming list 62
Consuming list 63
15:04:03 nid00234 SmartSim[6237] INFO Consuming list 63
Consuming list 64
15:04:05 nid00234 SmartSim[6237] INFO Consuming list 64
Consuming list 65
15:04:06 nid00234 SmartSim[6237] INFO Consuming list 65
Consuming list 66
15:04:07 nid00234 SmartSim[6237] INFO Consuming list 66
Consuming list 67
15:04:08 nid00234 SmartSim[6237] INFO Consuming list 67
Consuming list 68
15:04:09 nid00234 SmartSim[6237] INFO Consuming list 68
Consuming list 69
15:04:10 nid00234 SmartSim[6237] INFO Consuming list 69
Consuming list 70
15:04:12 nid00234 SmartSim[6237] INFO Consuming list 70
Consuming list 71
15:04:13 nid00234 SmartSim[6237] INFO Consuming list 71
Consuming list 72
15:04:15 nid00234 SmartSim[6237] INFO Consuming list 72
Consuming list 73
15:04:16 nid00234 SmartSim[6237] INFO Consuming list 73
Consuming list 74
15:04:17 nid00234 SmartSim[6237] INFO Consuming list 74
Consuming list 75
15:04:18 nid00234 SmartSim[6237] INFO Consuming list 75
Consuming list 76
15:04:19 nid00234 SmartSim[6237] INFO Consuming list 76
Consuming list 77
15:04:20 nid00234 SmartSim[6237] INFO Consuming list 77
Consuming list 78
15:04:22 nid00234 SmartSim[6237] INFO Consuming list 78
Consuming list 79
15:04:23 nid00234 SmartSim[6237] INFO Consuming list 79
Consuming list 80
15:04:24 nid00234 SmartSim[6237] INFO Consuming list 80
Consuming list 81
15:04:25 nid00234 SmartSim[6237] INFO Consuming list 81
Consuming list 82
15:04:26 nid00234 SmartSim[6237] INFO Consuming list 82
Consuming list 83
15:04:28 nid00234 SmartSim[6237] INFO Consuming list 83
Consuming list 84
15:04:29 nid00234 SmartSim[6237] INFO Consuming list 84
Consuming list 85
15:04:30 nid00234 SmartSim[6237] INFO Consuming list 85
Consuming list 86
15:04:31 nid00234 SmartSim[6237] INFO Consuming list 86
Consuming list 87
15:04:32 nid00234 SmartSim[6237] INFO Consuming list 87
Consuming list 88
15:04:33 nid00234 SmartSim[6237] INFO Consuming list 88
Consuming list 89
15:04:35 nid00234 SmartSim[6237] INFO Consuming list 89
Consuming list 90
15:04:36 nid00234 SmartSim[6237] INFO Consuming list 90
Consuming list 91
15:04:37 nid00234 SmartSim[6237] INFO Consuming list 91
Consuming list 92
15:04:38 nid00234 SmartSim[6237] INFO Consuming list 92
Consuming list 93
15:04:40 nid00234 SmartSim[6237] INFO Consuming list 93
Consuming list 94
15:04:41 nid00234 SmartSim[6237] INFO Consuming list 94
Consuming list 95
15:04:42 nid00234 SmartSim[6237] INFO Consuming list 95
Consuming list 96
15:04:43 nid00234 SmartSim[6237] INFO Consuming list 96
Consuming list 97
15:04:44 nid00234 SmartSim[6237] INFO Consuming list 97
Consuming list 98
15:04:45 nid00234 SmartSim[6237] INFO Consuming list 98
Consuming list 99
15:04:47 nid00234 SmartSim[6237] INFO Consuming list 99
15:04:48 nid00234 SmartSim[6237] INFO Finished aggregation scaling py consumer.

Finished aggregation scaling py consumer.

