----------   Running  Command   ---------- 
----------   Running  Command   ---------- 


COMMAND: /lus/cls01029/richaama/smartsim-scaling/SmartSim/smartsim/_core/bin/redis-server /lus/cls01029/richaama/smartsim-scaling/SmartSim/smartsim/_core/config/redis.conf --loadmodule /lus/cls01029/richaama/smartsim-scaling/SmartSim/smartsim/_core/lib/redisai.so --port 6780 --cluster-enabled yes --cluster-config-file nodes-orchestrator_10-6780.conf --bind 10.128.1.29 --bind-source-addr 10.128.1.29
COMMAND: /lus/cls01029/richaama/smartsim-scaling/SmartSim/smartsim/_core/bin/redis-server /lus/cls01029/richaama/smartsim-scaling/SmartSim/smartsim/_core/config/redis.conf --loadmodule /lus/cls01029/richaama/smartsim-scaling/SmartSim/smartsim/_core/lib/redisai.so --port 6780 --cluster-enabled yes --cluster-config-file nodes-orchestrator_11-6780.conf --bind 10.128.1.30 --bind-source-addr 10.128.1.30


IPADDRESS: 10.128.1.29
IPADDRESS: 10.128.1.30


NETWORK: ipogif0
NETWORK: ipogif0


------------------------------ 
------------------------------ 




----------   Output   ---------- 
----------   Output   ---------- 




54373:C 20 Jul 2023 15:18:12.520 # oO0OoO0OoO0Oo Redis is starting oO0OoO0OoO0Oo
54373:C 20 Jul 2023 15:18:12.520 # Redis version=7.0.5, bits=64, commit=1571907e, modified=0, pid=54373, just started
54373:C 20 Jul 2023 15:18:12.520 # Configuration loaded
54373:M 20 Jul 2023 15:18:12.520 * monotonic clock: POSIX clock_gettime
54803:C 20 Jul 2023 15:18:12.521 # oO0OoO0OoO0Oo Redis is starting oO0OoO0OoO0Oo
54803:C 20 Jul 2023 15:18:12.521 # Redis version=7.0.5, bits=64, commit=1571907e, modified=0, pid=54803, just started
54803:C 20 Jul 2023 15:18:12.521 # Configuration loaded
54803:M 20 Jul 2023 15:18:12.521 * monotonic clock: POSIX clock_gettime
54373:M 20 Jul 2023 15:18:12.523 * No cluster configuration found, I'm a86cf29d37c7d887cc33ccee8fa2ee7c16494118
54803:M 20 Jul 2023 15:18:12.523 * No cluster configuration found, I'm c0b9c70c723e7b7056bf4cb1585ae8c0a3ac5bf2
----------   Running  Command   ---------- 

COMMAND: /lus/cls01029/richaama/smartsim-scaling/SmartSim/smartsim/_core/bin/redis-server /lus/cls01029/richaama/smartsim-scaling/SmartSim/smartsim/_core/config/redis.conf --loadmodule /lus/cls01029/richaama/smartsim-scaling/SmartSim/smartsim/_core/lib/redisai.so --port 6780 --cluster-enabled yes --cluster-config-file nodes-orchestrator_5-6780.conf --bind 10.128.1.24 --bind-source-addr 10.128.1.24

IPADDRESS: 10.128.1.24

NETWORK: ipogif0

------------------------------ 


----------   Output   ---------- 


55441:C 20 Jul 2023 15:18:12.586 # oO0OoO0OoO0Oo Redis is starting oO0OoO0OoO0Oo
55441:C 20 Jul 2023 15:18:12.587 # Redis version=7.0.5, bits=64, commit=1571907e, modified=0, pid=55441, just started
55441:C 20 Jul 2023 15:18:12.587 # Configuration loaded
55441:M 20 Jul 2023 15:18:12.587 * monotonic clock: POSIX clock_gettime
55441:M 20 Jul 2023 15:18:12.605 * No cluster configuration found, I'm b7f807e7e787822dc2ceab4cc3d4b1ab05a3103d
                _._
           _.-``__ ''-._
      _.-``    `.  `_.  ''-._           Redis 7.0.5 (1571907e/0) 64 bit
  .-`` .-```.  ```\/    _.,_ ''-._
 (    '      ,       .-`  | `,    )     Running in cluster mode
 |`-._`-...-` __...-.``-._|'` _.-'|     Port: 6780
 |    `-._   `._    /     _.-'    |     PID: 54373
  `-._    `-._  `-./  _.-'    _.-'
 |`-._`-._    `-.__.-'    _.-'_.-'|
 |    `-._`-._        _.-'_.-'    |           https://redis.io
  `-._    `-._`-.__.-'_.-'    _.-'
 |`-._`-._    `-.__.-'    _.-'_.-'|
 |    `-._`-._        _.-'_.-'    |
  `-._    `-._`-.__.-'_.-'    _.-'
      `-._    `-.__.-'    _.-'
          `-._        _.-'
              `-.__.-'

54373:M 20 Jul 2023 15:18:12.626 # Server initialized
54373:M 20 Jul 2023 15:18:12.626 # WARNING overcommit_memory is set to 0! Background save may fail under low memory condition. To fix this issue add 'vm.overcommit_memory = 1' to /etc/sysctl.conf and then reboot or run the command 'sysctl vm.overcommit_memory=1' for this to take effect.
                _._
           _.-``__ ''-._
      _.-``    `.  `_.  ''-._           Redis 7.0.5 (1571907e/0) 64 bit
  .-`` .-```.  ```\/    _.,_ ''-._
 (    '      ,       .-`  | `,    )     Running in cluster mode
 |`-._`-...-` __...-.``-._|'` _.-'|     Port: 6780
 |    `-._   `._    /     _.-'    |     PID: 54803
  `-._    `-._  `-./  _.-'    _.-'
 |`-._`-._    `-.__.-'    _.-'_.-'|
 |    `-._`-._        _.-'_.-'    |           https://redis.io
  `-._    `-._`-.__.-'_.-'    _.-'
 |`-._`-._    `-.__.-'    _.-'_.-'|
 |    `-._`-._        _.-'_.-'    |
  `-._    `-._`-.__.-'_.-'    _.-'
      `-._    `-.__.-'    _.-'
          `-._        _.-'
              `-.__.-'

54803:M 20 Jul 2023 15:18:12.627 # Server initialized
54803:M 20 Jul 2023 15:18:12.627 # WARNING overcommit_memory is set to 0! Background save may fail under low memory condition. To fix this issue add 'vm.overcommit_memory = 1' to /etc/sysctl.conf and then reboot or run the command 'sysctl vm.overcommit_memory=1' for this to take effect.
                _._
           _.-``__ ''-._
      _.-``    `.  `_.  ''-._           Redis 7.0.5 (1571907e/0) 64 bit
  .-`` .-```.  ```\/    _.,_ ''-._
 (    '      ,       .-`  | `,    )     Running in cluster mode
 |`-._`-...-` __...-.``-._|'` _.-'|     Port: 6780
 |    `-._   `._    /     _.-'    |     PID: 55441
  `-._    `-._  `-./  _.-'    _.-'
 |`-._`-._    `-.__.-'    _.-'_.-'|
 |    `-._`-._        _.-'_.-'    |           https://redis.io
  `-._    `-._`-.__.-'_.-'    _.-'
 |`-._`-._    `-.__.-'    _.-'_.-'|
 |    `-._`-._        _.-'_.-'    |
  `-._    `-._`-.__.-'_.-'    _.-'
      `-._    `-.__.-'    _.-'
          `-._        _.-'
              `-.__.-'

55441:M 20 Jul 2023 15:18:12.640 # Server initialized
55441:M 20 Jul 2023 15:18:12.640 # WARNING overcommit_memory is set to 0! Background save may fail under low memory condition. To fix this issue add 'vm.overcommit_memory = 1' to /etc/sysctl.conf and then reboot or run the command 'sysctl vm.overcommit_memory=1' for this to take effect.
54803:M 20 Jul 2023 15:18:12.630 * <ai> Redis version found by RedisAI: 7.0.5 - oss
54803:M 20 Jul 2023 15:18:12.630 * <ai> RedisAI version 10207, git_sha=1bf38d86233ba06e1350ca9de794df2b07cdb274
54803:M 20 Jul 2023 15:18:12.630 * Module 'ai' loaded from /lus/cls01029/richaama/smartsim-scaling/SmartSim/smartsim/_core/lib/redisai.so
54373:M 20 Jul 2023 15:18:12.629 * <ai> Redis version found by RedisAI: 7.0.5 - oss
54803:M 20 Jul 2023 15:18:12.631 * Ready to accept connections
54373:M 20 Jul 2023 15:18:12.629 * <ai> RedisAI version 10207, git_sha=1bf38d86233ba06e1350ca9de794df2b07cdb274
54373:M 20 Jul 2023 15:18:12.630 * Module 'ai' loaded from /lus/cls01029/richaama/smartsim-scaling/SmartSim/smartsim/_core/lib/redisai.so
54373:M 20 Jul 2023 15:18:12.630 * Ready to accept connections
55441:M 20 Jul 2023 15:18:12.644 * <ai> Redis version found by RedisAI: 7.0.5 - oss
55441:M 20 Jul 2023 15:18:12.644 * <ai> RedisAI version 10207, git_sha=1bf38d86233ba06e1350ca9de794df2b07cdb274
55441:M 20 Jul 2023 15:18:12.645 * Module 'ai' loaded from /lus/cls01029/richaama/smartsim-scaling/SmartSim/smartsim/_core/lib/redisai.so
55441:M 20 Jul 2023 15:18:12.645 * Ready to accept connections
----------   Running  Command   ---------- 

COMMAND: /lus/cls01029/richaama/smartsim-scaling/SmartSim/smartsim/_core/bin/redis-server /lus/cls01029/richaama/smartsim-scaling/SmartSim/smartsim/_core/config/redis.conf --loadmodule /lus/cls01029/richaama/smartsim-scaling/SmartSim/smartsim/_core/lib/redisai.so --port 6780 --cluster-enabled yes --cluster-config-file nodes-orchestrator_6-6780.conf --bind 10.128.1.25 --bind-source-addr 10.128.1.25

IPADDRESS: 10.128.1.25

NETWORK: ipogif0

------------------------------ 


----------   Output   ---------- 


----------   Running  Command   ---------- 

COMMAND: /lus/cls01029/richaama/smartsim-scaling/SmartSim/smartsim/_core/bin/redis-server /lus/cls01029/richaama/smartsim-scaling/SmartSim/smartsim/_core/config/redis.conf --loadmodule /lus/cls01029/richaama/smartsim-scaling/SmartSim/smartsim/_core/lib/redisai.so --port 6780 --cluster-enabled yes --cluster-config-file nodes-orchestrator_15-6780.conf --bind 10.128.1.34 --bind-source-addr 10.128.1.34

IPADDRESS: 10.128.1.34

NETWORK: ipogif0

------------------------------ 


----------   Output   ---------- 


----------   Running  Command   ---------- 

COMMAND: /lus/cls01029/richaama/smartsim-scaling/SmartSim/smartsim/_core/bin/redis-server /lus/cls01029/richaama/smartsim-scaling/SmartSim/smartsim/_core/config/redis.conf --loadmodule /lus/cls01029/richaama/smartsim-scaling/SmartSim/smartsim/_core/lib/redisai.so --port 6780 --cluster-enabled yes --cluster-config-file nodes-orchestrator_4-6780.conf --bind 10.128.1.23 --bind-source-addr 10.128.1.23

IPADDRESS: 10.128.1.23

NETWORK: ipogif0

------------------------------ 


----------   Output   ---------- 


54765:C 20 Jul 2023 15:18:12.749 # oO0OoO0OoO0Oo Redis is starting oO0OoO0OoO0Oo
54765:C 20 Jul 2023 15:18:12.749 # Redis version=7.0.5, bits=64, commit=1571907e, modified=0, pid=54765, just started
54765:C 20 Jul 2023 15:18:12.749 # Configuration loaded
54765:M 20 Jul 2023 15:18:12.749 * monotonic clock: POSIX clock_gettime
56309:C 20 Jul 2023 15:18:12.750 # oO0OoO0OoO0Oo Redis is starting oO0OoO0OoO0Oo
56309:C 20 Jul 2023 15:18:12.750 # Redis version=7.0.5, bits=64, commit=1571907e, modified=0, pid=56309, just started
56309:C 20 Jul 2023 15:18:12.750 # Configuration loaded
56309:M 20 Jul 2023 15:18:12.751 * monotonic clock: POSIX clock_gettime
54765:M 20 Jul 2023 15:18:12.751 * No cluster configuration found, I'm 44dc72ca36a5f9c6df408411e823d9e61c7fae33
56309:M 20 Jul 2023 15:18:12.753 * No cluster configuration found, I'm 852be380afed27ca7acc6418a51708f10cca5b46
55199:C 20 Jul 2023 15:18:12.753 # oO0OoO0OoO0Oo Redis is starting oO0OoO0OoO0Oo
55199:C 20 Jul 2023 15:18:12.753 # Redis version=7.0.5, bits=64, commit=1571907e, modified=0, pid=55199, just started
55199:C 20 Jul 2023 15:18:12.753 # Configuration loaded
55199:M 20 Jul 2023 15:18:12.754 * monotonic clock: POSIX clock_gettime
----------   Running  Command   ---------- 

COMMAND: /lus/cls01029/richaama/smartsim-scaling/SmartSim/smartsim/_core/bin/redis-server /lus/cls01029/richaama/smartsim-scaling/SmartSim/smartsim/_core/config/redis.conf --loadmodule /lus/cls01029/richaama/smartsim-scaling/SmartSim/smartsim/_core/lib/redisai.so --port 6780 --cluster-enabled yes --cluster-config-file nodes-orchestrator_9-6780.conf --bind 10.128.1.28 --bind-source-addr 10.128.1.28

IPADDRESS: 10.128.1.28

NETWORK: ipogif0

------------------------------ 


----------   Output   ---------- 


55199:M 20 Jul 2023 15:18:12.756 * No cluster configuration found, I'm 28c48dd865751d50679e1cb141d27d12cd6f96ad
73279:C 20 Jul 2023 15:18:12.769 # oO0OoO0OoO0Oo Redis is starting oO0OoO0OoO0Oo
73279:C 20 Jul 2023 15:18:12.769 # Redis version=7.0.5, bits=64, commit=1571907e, modified=0, pid=73279, just started
73279:C 20 Jul 2023 15:18:12.769 # Configuration loaded
73279:M 20 Jul 2023 15:18:12.770 * monotonic clock: POSIX clock_gettime
73279:M 20 Jul 2023 15:18:12.772 * No cluster configuration found, I'm 740afdcf4073b588db973d280cf32901aaed29f8
----------   Running  Command   ---------- 

COMMAND: /lus/cls01029/richaama/smartsim-scaling/SmartSim/smartsim/_core/bin/redis-server /lus/cls01029/richaama/smartsim-scaling/SmartSim/smartsim/_core/config/redis.conf --loadmodule /lus/cls01029/richaama/smartsim-scaling/SmartSim/smartsim/_core/lib/redisai.so --port 6780 --cluster-enabled yes --cluster-config-file nodes-orchestrator_3-6780.conf --bind 10.128.1.22 --bind-source-addr 10.128.1.22
----------   Running  Command   ---------- 


IPADDRESS: 10.128.1.22
COMMAND: /lus/cls01029/richaama/smartsim-scaling/SmartSim/smartsim/_core/bin/redis-server /lus/cls01029/richaama/smartsim-scaling/SmartSim/smartsim/_core/config/redis.conf --loadmodule /lus/cls01029/richaama/smartsim-scaling/SmartSim/smartsim/_core/lib/redisai.so --port 6780 --cluster-enabled yes --cluster-config-file nodes-orchestrator_14-6780.conf --bind 10.128.1.33 --bind-source-addr 10.128.1.33


NETWORK: ipogif0
IPADDRESS: 10.128.1.33


------------------------------ 
NETWORK: ipogif0



------------------------------ 
----------   Running  Command   ---------- 
----------   Output   ---------- 




COMMAND: /lus/cls01029/richaama/smartsim-scaling/SmartSim/smartsim/_core/bin/redis-server /lus/cls01029/richaama/smartsim-scaling/SmartSim/smartsim/_core/config/redis.conf --loadmodule /lus/cls01029/richaama/smartsim-scaling/SmartSim/smartsim/_core/lib/redisai.so --port 6780 --cluster-enabled yes --cluster-config-file nodes-orchestrator_8-6780.conf --bind 10.128.1.27 --bind-source-addr 10.128.1.27

----------   Output   ---------- 


IPADDRESS: 10.128.1.27


NETWORK: ipogif0

------------------------------ 


----------   Output   ---------- 


                _._
           _.-``__ ''-._
      _.-``    `.  `_.  ''-._           Redis 7.0.5 (1571907e/0) 64 bit
  .-`` .-```.  ```\/    _.,_ ''-._
 (    '      ,       .-`  | `,    )     Running in cluster mode
 |`-._`-...-` __...-.``-._|'` _.-'|     Port: 6780
 |    `-._   `._    /     _.-'    |     PID: 54765
  `-._    `-._  `-./  _.-'    _.-'
 |`-._`-._    `-.__.-'    _.-'_.-'|
 |    `-._`-._        _.-'_.-'    |           https://redis.io
  `-._    `-._`-.__.-'_.-'    _.-'
 |`-._`-._    `-.__.-'    _.-'_.-'|
 |    `-._`-._        _.-'_.-'    |
  `-._    `-._`-.__.-'_.-'    _.-'
      `-._    `-.__.-'    _.-'
          `-._        _.-'
              `-.__.-'

54765:M 20 Jul 2023 15:18:12.806 # Server initialized
54765:M 20 Jul 2023 15:18:12.806 # WARNING overcommit_memory is set to 0! Background save may fail under low memory condition. To fix this issue add 'vm.overcommit_memory = 1' to /etc/sysctl.conf and then reboot or run the command 'sysctl vm.overcommit_memory=1' for this to take effect.
                _._
           _.-``__ ''-._
      _.-``    `.  `_.  ''-._           Redis 7.0.5 (1571907e/0) 64 bit
  .-`` .-```.  ```\/    _.,_ ''-._
 (    '      ,       .-`  | `,    )     Running in cluster mode
 |`-._`-...-` __...-.``-._|'` _.-'|     Port: 6780
 |    `-._   `._    /     _.-'    |     PID: 55199
  `-._    `-._  `-./  _.-'    _.-'
 |`-._`-._    `-.__.-'    _.-'_.-'|
 |    `-._`-._        _.-'_.-'    |           https://redis.io
  `-._    `-._`-.__.-'_.-'    _.-'
 |`-._`-._    `-.__.-'    _.-'_.-'|
 |    `-._`-._        _.-'_.-'    |
  `-._    `-._`-.__.-'_.-'    _.-'
      `-._    `-.__.-'    _.-'
          `-._        _.-'
              `-.__.-'

55199:M 20 Jul 2023 15:18:12.806 # Server initialized
55199:M 20 Jul 2023 15:18:12.806 # WARNING overcommit_memory is set to 0! Background save may fail under low memory condition. To fix this issue add 'vm.overcommit_memory = 1' to /etc/sysctl.conf and then reboot or run the command 'sysctl vm.overcommit_memory=1' for this to take effect.
55937:C 20 Jul 2023 15:18:12.808 # oO0OoO0OoO0Oo Redis is starting oO0OoO0OoO0Oo
55937:C 20 Jul 2023 15:18:12.809 # Redis version=7.0.5, bits=64, commit=1571907e, modified=0, pid=55937, just started
55937:C 20 Jul 2023 15:18:12.809 # Configuration loaded
55937:M 20 Jul 2023 15:18:12.809 * monotonic clock: POSIX clock_gettime
                _._
           _.-``__ ''-._
      _.-``    `.  `_.  ''-._           Redis 7.0.5 (1571907e/0) 64 bit
  .-`` .-```.  ```\/    _.,_ ''-._
 (    '      ,       .-`  | `,    )     Running in cluster mode
 |`-._`-...-` __...-.``-._|'` _.-'|     Port: 6780
 |    `-._   `._    /     _.-'    |     PID: 56309
  `-._    `-._  `-./  _.-'    _.-'
 |`-._`-._    `-.__.-'    _.-'_.-'|
 |    `-._`-._        _.-'_.-'    |           https://redis.io
  `-._    `-._`-.__.-'_.-'    _.-'
 |`-._`-._    `-.__.-'    _.-'_.-'|
 |    `-._`-._        _.-'_.-'    |
  `-._    `-._`-.__.-'_.-'    _.-'
      `-._    `-.__.-'    _.-'
          `-._        _.-'
              `-.__.-'

56309:M 20 Jul 2023 15:18:12.809 # Server initialized
56309:M 20 Jul 2023 15:18:12.809 # WARNING overcommit_memory is set to 0! Background save may fail under low memory condition. To fix this issue add 'vm.overcommit_memory = 1' to /etc/sysctl.conf and then reboot or run the command 'sysctl vm.overcommit_memory=1' for this to take effect.
54746:C 20 Jul 2023 15:18:12.810 # oO0OoO0OoO0Oo Redis is starting oO0OoO0OoO0Oo
54746:C 20 Jul 2023 15:18:12.810 # Redis version=7.0.5, bits=64, commit=1571907e, modified=0, pid=54746, just started
54746:C 20 Jul 2023 15:18:12.810 # Configuration loaded
54746:M 20 Jul 2023 15:18:12.810 * monotonic clock: POSIX clock_gettime
55937:M 20 Jul 2023 15:18:12.811 * No cluster configuration found, I'm c1d006263eeb8b048023d72fce0ee3c50b773d29
55884:C 20 Jul 2023 15:18:12.811 # oO0OoO0OoO0Oo Redis is starting oO0OoO0OoO0Oo
55884:C 20 Jul 2023 15:18:12.811 # Redis version=7.0.5, bits=64, commit=1571907e, modified=0, pid=55884, just started
55884:C 20 Jul 2023 15:18:12.811 # Configuration loaded
55884:M 20 Jul 2023 15:18:12.812 * monotonic clock: POSIX clock_gettime
54746:M 20 Jul 2023 15:18:12.812 * No cluster configuration found, I'm 27f6c3e39310aa3da525a2938fac61a45e000f28
55884:M 20 Jul 2023 15:18:12.814 * No cluster configuration found, I'm 3c95d72cb522232c9cff6b771286677261ade4e4
                _._
           _.-``__ ''-._
      _.-``    `.  `_.  ''-._           Redis 7.0.5 (1571907e/0) 64 bit
  .-`` .-```.  ```\/    _.,_ ''-._
 (    '      ,       .-`  | `,    )     Running in cluster mode
 |`-._`-...-` __...-.``-._|'` _.-'|     Port: 6780
 |    `-._   `._    /     _.-'    |     PID: 73279
  `-._    `-._  `-./  _.-'    _.-'
 |`-._`-._    `-.__.-'    _.-'_.-'|
 |    `-._`-._        _.-'_.-'    |           https://redis.io
  `-._    `-._`-.__.-'_.-'    _.-'
 |`-._`-._    `-.__.-'    _.-'_.-'|
 |    `-._`-._        _.-'_.-'    |
  `-._    `-._`-.__.-'_.-'    _.-'
      `-._    `-.__.-'    _.-'
          `-._        _.-'
              `-.__.-'

73279:M 20 Jul 2023 15:18:12.815 # Server initialized
73279:M 20 Jul 2023 15:18:12.815 # WARNING overcommit_memory is set to 0! Background save may fail under low memory condition. To fix this issue add 'vm.overcommit_memory = 1' to /etc/sysctl.conf and then reboot or run the command 'sysctl vm.overcommit_memory=1' for this to take effect.
                _._
           _.-``__ ''-._
      _.-``    `.  `_.  ''-._           Redis 7.0.5 (1571907e/0) 64 bit
                _._
  .-`` .-```.  ```\/    _.,_ ''-._
           _.-``__ ''-._
 (    '      ,       .-`  | `,    )     Running in cluster mode
      _.-``    `.  `_.  ''-._           Redis 7.0.5 (1571907e/0) 64 bit
 |`-._`-...-` __...-.``-._|'` _.-'|     Port: 6780
  .-`` .-```.  ```\/    _.,_ ''-._
 |    `-._   `._    /     _.-'    |     PID: 54746
 (    '      ,       .-`  | `,    )     Running in cluster mode
  `-._    `-._  `-./  _.-'    _.-'
 |`-._`-...-` __...-.``-._|'` _.-'|     Port: 6780
 |`-._`-._    `-.__.-'    _.-'_.-'|
 |    `-._   `._    /     _.-'    |     PID: 55884
 |    `-._`-._        _.-'_.-'    |           https://redis.io
  `-._    `-._  `-./  _.-'    _.-'
  `-._    `-._`-.__.-'_.-'    _.-'
 |`-._`-._    `-.__.-'    _.-'_.-'|
 |`-._`-._    `-.__.-'    _.-'_.-'|
 |    `-._`-._        _.-'_.-'    |           https://redis.io
 |    `-._`-._        _.-'_.-'    |
  `-._    `-._`-.__.-'_.-'    _.-'
  `-._    `-._`-.__.-'_.-'    _.-'
 |`-._`-._    `-.__.-'    _.-'_.-'|
      `-._    `-.__.-'    _.-'
 |    `-._`-._        _.-'_.-'    |
          `-._        _.-'
  `-._    `-._`-.__.-'_.-'    _.-'
              `-.__.-'
      `-._    `-.__.-'    _.-'

          `-._        _.-'
54746:M 20 Jul 2023 15:18:12.834 # Server initialized
              `-.__.-'
54746:M 20 Jul 2023 15:18:12.834 # WARNING overcommit_memory is set to 0! Background save may fail under low memory condition. To fix this issue add 'vm.overcommit_memory = 1' to /etc/sysctl.conf and then reboot or run the command 'sysctl vm.overcommit_memory=1' for this to take effect.

55884:M 20 Jul 2023 15:18:12.834 # Server initialized
55884:M 20 Jul 2023 15:18:12.834 # WARNING overcommit_memory is set to 0! Background save may fail under low memory condition. To fix this issue add 'vm.overcommit_memory = 1' to /etc/sysctl.conf and then reboot or run the command 'sysctl vm.overcommit_memory=1' for this to take effect.
----------   Running  Command   ---------- 

COMMAND: /lus/cls01029/richaama/smartsim-scaling/SmartSim/smartsim/_core/bin/redis-server /lus/cls01029/richaama/smartsim-scaling/SmartSim/smartsim/_core/config/redis.conf --loadmodule /lus/cls01029/richaama/smartsim-scaling/SmartSim/smartsim/_core/lib/redisai.so --port 6780 --cluster-enabled yes --cluster-config-file nodes-orchestrator_13-6780.conf --bind 10.128.1.32 --bind-source-addr 10.128.1.32

IPADDRESS: 10.128.1.32

NETWORK: ipogif0

------------------------------ 


----------   Output   ---------- 


54765:M 20 Jul 2023 15:18:12.810 * <ai> Redis version found by RedisAI: 7.0.5 - oss
55199:M 20 Jul 2023 15:18:12.810 * <ai> Redis version found by RedisAI: 7.0.5 - oss
54765:M 20 Jul 2023 15:18:12.810 * <ai> RedisAI version 10207, git_sha=1bf38d86233ba06e1350ca9de794df2b07cdb274
55199:M 20 Jul 2023 15:18:12.810 * <ai> RedisAI version 10207, git_sha=1bf38d86233ba06e1350ca9de794df2b07cdb274
54765:M 20 Jul 2023 15:18:12.810 * Module 'ai' loaded from /lus/cls01029/richaama/smartsim-scaling/SmartSim/smartsim/_core/lib/redisai.so
55199:M 20 Jul 2023 15:18:12.810 * Module 'ai' loaded from /lus/cls01029/richaama/smartsim-scaling/SmartSim/smartsim/_core/lib/redisai.so
54765:M 20 Jul 2023 15:18:12.811 * Ready to accept connections
55199:M 20 Jul 2023 15:18:12.810 * Ready to accept connections
----------   Running  Command   ---------- 

COMMAND: /lus/cls01029/richaama/smartsim-scaling/SmartSim/smartsim/_core/bin/redis-server /lus/cls01029/richaama/smartsim-scaling/SmartSim/smartsim/_core/config/redis.conf --loadmodule /lus/cls01029/richaama/smartsim-scaling/SmartSim/smartsim/_core/lib/redisai.so --port 6780 --cluster-enabled yes --cluster-config-file nodes-orchestrator_1-6780.conf --bind 10.128.1.20 --bind-source-addr 10.128.1.20

IPADDRESS: 10.128.1.20

NETWORK: ipogif0

------------------------------ 


----------   Output   ---------- 


                _._
           _.-``__ ''-._
      _.-``    `.  `_.  ''-._           Redis 7.0.5 (1571907e/0) 64 bit
  .-`` .-```.  ```\/    _.,_ ''-._
 (    '      ,       .-`  | `,    )     Running in cluster mode
 |`-._`-...-` __...-.``-._|'` _.-'|     Port: 6780
 |    `-._   `._    /     _.-'    |     PID: 55937
  `-._    `-._  `-./  _.-'    _.-'
 |`-._`-._    `-.__.-'    _.-'_.-'|
 |    `-._`-._        _.-'_.-'    |           https://redis.io
  `-._    `-._`-.__.-'_.-'    _.-'
 |`-._`-._    `-.__.-'    _.-'_.-'|
 |    `-._`-._        _.-'_.-'    |
  `-._    `-._`-.__.-'_.-'    _.-'
      `-._    `-.__.-'    _.-'
          `-._        _.-'
              `-.__.-'

55937:M 20 Jul 2023 15:18:12.851 # Server initialized
55937:M 20 Jul 2023 15:18:12.851 # WARNING overcommit_memory is set to 0! Background save may fail under low memory condition. To fix this issue add 'vm.overcommit_memory = 1' to /etc/sysctl.conf and then reboot or run the command 'sysctl vm.overcommit_memory=1' for this to take effect.
56309:M 20 Jul 2023 15:18:12.812 * <ai> Redis version found by RedisAI: 7.0.5 - oss
56309:M 20 Jul 2023 15:18:12.812 * <ai> RedisAI version 10207, git_sha=1bf38d86233ba06e1350ca9de794df2b07cdb274
56309:M 20 Jul 2023 15:18:12.812 * Module 'ai' loaded from /lus/cls01029/richaama/smartsim-scaling/SmartSim/smartsim/_core/lib/redisai.so
56309:M 20 Jul 2023 15:18:12.813 * Ready to accept connections
73279:M 20 Jul 2023 15:18:12.820 * <ai> Redis version found by RedisAI: 7.0.5 - oss
73279:M 20 Jul 2023 15:18:12.820 * <ai> RedisAI version 10207, git_sha=1bf38d86233ba06e1350ca9de794df2b07cdb274
73279:M 20 Jul 2023 15:18:12.820 * Module 'ai' loaded from /lus/cls01029/richaama/smartsim-scaling/SmartSim/smartsim/_core/lib/redisai.so
73279:M 20 Jul 2023 15:18:12.821 * Ready to accept connections
54971:C 20 Jul 2023 15:18:12.858 # oO0OoO0OoO0Oo Redis is starting oO0OoO0OoO0Oo
54971:C 20 Jul 2023 15:18:12.858 # Redis version=7.0.5, bits=64, commit=1571907e, modified=0, pid=54971, just started
54971:C 20 Jul 2023 15:18:12.858 # Configuration loaded
54971:M 20 Jul 2023 15:18:12.859 * monotonic clock: POSIX clock_gettime
54971:M 20 Jul 2023 15:18:12.861 * No cluster configuration found, I'm eb5e34bb690eef777a76eea735a0a460b4aadcb3
75846:C 20 Jul 2023 15:18:12.864 # oO0OoO0OoO0Oo Redis is starting oO0OoO0OoO0Oo
75846:C 20 Jul 2023 15:18:12.864 # Redis version=7.0.5, bits=64, commit=1571907e, modified=0, pid=75846, just started
75846:C 20 Jul 2023 15:18:12.864 # Configuration loaded
75846:M 20 Jul 2023 15:18:12.865 * monotonic clock: POSIX clock_gettime
75846:M 20 Jul 2023 15:18:12.867 * No cluster configuration found, I'm e6ad5114a06ee6e2278915854aef9c9846da818e
                _._
           _.-``__ ''-._
      _.-``    `.  `_.  ''-._           Redis 7.0.5 (1571907e/0) 64 bit
  .-`` .-```.  ```\/    _.,_ ''-._
 (    '      ,       .-`  | `,    )     Running in cluster mode
 |`-._`-...-` __...-.``-._|'` _.-'|     Port: 6780
 |    `-._   `._    /     _.-'    |     PID: 75846
  `-._    `-._  `-./  _.-'    _.-'
 |`-._`-._    `-.__.-'    _.-'_.-'|
 |    `-._`-._        _.-'_.-'    |           https://redis.io
  `-._    `-._`-.__.-'_.-'    _.-'
 |`-._`-._    `-.__.-'    _.-'_.-'|
 |    `-._`-._        _.-'_.-'    |
  `-._    `-._`-.__.-'_.-'    _.-'
      `-._    `-.__.-'    _.-'
          `-._        _.-'
              `-.__.-'

75846:M 20 Jul 2023 15:18:12.871 # Server initialized
75846:M 20 Jul 2023 15:18:12.871 # WARNING overcommit_memory is set to 0! Background save may fail under low memory condition. To fix this issue add 'vm.overcommit_memory = 1' to /etc/sysctl.conf and then reboot or run the command 'sysctl vm.overcommit_memory=1' for this to take effect.
55884:M 20 Jul 2023 15:18:12.838 * <ai> Redis version found by RedisAI: 7.0.5 - oss
54746:M 20 Jul 2023 15:18:12.837 * <ai> Redis version found by RedisAI: 7.0.5 - oss
55884:M 20 Jul 2023 15:18:12.838 * <ai> RedisAI version 10207, git_sha=1bf38d86233ba06e1350ca9de794df2b07cdb274
54746:M 20 Jul 2023 15:18:12.837 * <ai> RedisAI version 10207, git_sha=1bf38d86233ba06e1350ca9de794df2b07cdb274
55884:M 20 Jul 2023 15:18:12.838 * Module 'ai' loaded from /lus/cls01029/richaama/smartsim-scaling/SmartSim/smartsim/_core/lib/redisai.so
54746:M 20 Jul 2023 15:18:12.838 * Module 'ai' loaded from /lus/cls01029/richaama/smartsim-scaling/SmartSim/smartsim/_core/lib/redisai.so
55884:M 20 Jul 2023 15:18:12.839 * Ready to accept connections
54746:M 20 Jul 2023 15:18:12.838 * Ready to accept connections
                _._
           _.-``__ ''-._
      _.-``    `.  `_.  ''-._           Redis 7.0.5 (1571907e/0) 64 bit
  .-`` .-```.  ```\/    _.,_ ''-._
 (    '      ,       .-`  | `,    )     Running in cluster mode
 |`-._`-...-` __...-.``-._|'` _.-'|     Port: 6780
 |    `-._   `._    /     _.-'    |     PID: 54971
  `-._    `-._  `-./  _.-'    _.-'
 |`-._`-._    `-.__.-'    _.-'_.-'|
 |    `-._`-._        _.-'_.-'    |           https://redis.io
  `-._    `-._`-.__.-'_.-'    _.-'
 |`-._`-._    `-.__.-'    _.-'_.-'|
 |    `-._`-._        _.-'_.-'    |
  `-._    `-._`-.__.-'_.-'    _.-'
      `-._    `-.__.-'    _.-'
          `-._        _.-'
              `-.__.-'

54971:M 20 Jul 2023 15:18:12.878 # Server initialized
54971:M 20 Jul 2023 15:18:12.878 # WARNING overcommit_memory is set to 0! Background save may fail under low memory condition. To fix this issue add 'vm.overcommit_memory = 1' to /etc/sysctl.conf and then reboot or run the command 'sysctl vm.overcommit_memory=1' for this to take effect.
55937:M 20 Jul 2023 15:18:12.856 * <ai> Redis version found by RedisAI: 7.0.5 - oss
55937:M 20 Jul 2023 15:18:12.856 * <ai> RedisAI version 10207, git_sha=1bf38d86233ba06e1350ca9de794df2b07cdb274
55937:M 20 Jul 2023 15:18:12.857 * Module 'ai' loaded from /lus/cls01029/richaama/smartsim-scaling/SmartSim/smartsim/_core/lib/redisai.so
55937:M 20 Jul 2023 15:18:12.857 * Ready to accept connections
75846:M 20 Jul 2023 15:18:12.875 * <ai> Redis version found by RedisAI: 7.0.5 - oss
75846:M 20 Jul 2023 15:18:12.875 * <ai> RedisAI version 10207, git_sha=1bf38d86233ba06e1350ca9de794df2b07cdb274
75846:M 20 Jul 2023 15:18:12.876 * Module 'ai' loaded from /lus/cls01029/richaama/smartsim-scaling/SmartSim/smartsim/_core/lib/redisai.so
75846:M 20 Jul 2023 15:18:12.876 * Ready to accept connections
54971:M 20 Jul 2023 15:18:12.883 * <ai> Redis version found by RedisAI: 7.0.5 - oss
54971:M 20 Jul 2023 15:18:12.883 * <ai> RedisAI version 10207, git_sha=1bf38d86233ba06e1350ca9de794df2b07cdb274
54971:M 20 Jul 2023 15:18:12.884 * Module 'ai' loaded from /lus/cls01029/richaama/smartsim-scaling/SmartSim/smartsim/_core/lib/redisai.so
54971:M 20 Jul 2023 15:18:12.884 * Ready to accept connections
----------   Running  Command   ---------- 

COMMAND: /lus/cls01029/richaama/smartsim-scaling/SmartSim/smartsim/_core/bin/redis-server /lus/cls01029/richaama/smartsim-scaling/SmartSim/smartsim/_core/config/redis.conf --loadmodule /lus/cls01029/richaama/smartsim-scaling/SmartSim/smartsim/_core/lib/redisai.so --port 6780 --cluster-enabled yes --cluster-config-file nodes-orchestrator_12-6780.conf --bind 10.128.1.31 --bind-source-addr 10.128.1.31

IPADDRESS: 10.128.1.31

NETWORK: ipogif0

------------------------------ 


----------   Output   ---------- 


54598:C 20 Jul 2023 15:18:13.009 # oO0OoO0OoO0Oo Redis is starting oO0OoO0OoO0Oo
54598:C 20 Jul 2023 15:18:13.009 # Redis version=7.0.5, bits=64, commit=1571907e, modified=0, pid=54598, just started
54598:C 20 Jul 2023 15:18:13.009 # Configuration loaded
54598:M 20 Jul 2023 15:18:13.010 * monotonic clock: POSIX clock_gettime
54598:M 20 Jul 2023 15:18:13.012 * No cluster configuration found, I'm 929b9c917d178e575ec85c343ce0fdf43f8abbf2
                _._
           _.-``__ ''-._
      _.-``    `.  `_.  ''-._           Redis 7.0.5 (1571907e/0) 64 bit
  .-`` .-```.  ```\/    _.,_ ''-._
 (    '      ,       .-`  | `,    )     Running in cluster mode
 |`-._`-...-` __...-.``-._|'` _.-'|     Port: 6780
 |    `-._   `._    /     _.-'    |     PID: 54598
  `-._    `-._  `-./  _.-'    _.-'
 |`-._`-._    `-.__.-'    _.-'_.-'|
 |    `-._`-._        _.-'_.-'    |           https://redis.io
  `-._    `-._`-.__.-'_.-'    _.-'
 |`-._`-._    `-.__.-'    _.-'_.-'|
 |    `-._`-._        _.-'_.-'    |
  `-._    `-._`-.__.-'_.-'    _.-'
      `-._    `-.__.-'    _.-'
          `-._        _.-'
              `-.__.-'

54598:M 20 Jul 2023 15:18:13.071 # Server initialized
54598:M 20 Jul 2023 15:18:13.071 # WARNING overcommit_memory is set to 0! Background save may fail under low memory condition. To fix this issue add 'vm.overcommit_memory = 1' to /etc/sysctl.conf and then reboot or run the command 'sysctl vm.overcommit_memory=1' for this to take effect.
54598:M 20 Jul 2023 15:18:13.075 * <ai> Redis version found by RedisAI: 7.0.5 - oss
54598:M 20 Jul 2023 15:18:13.076 * <ai> RedisAI version 10207, git_sha=1bf38d86233ba06e1350ca9de794df2b07cdb274
54598:M 20 Jul 2023 15:18:13.076 * Module 'ai' loaded from /lus/cls01029/richaama/smartsim-scaling/SmartSim/smartsim/_core/lib/redisai.so
54598:M 20 Jul 2023 15:18:13.077 * Ready to accept connections
----------   Running  Command   ---------- 

COMMAND: /lus/cls01029/richaama/smartsim-scaling/SmartSim/smartsim/_core/bin/redis-server /lus/cls01029/richaama/smartsim-scaling/SmartSim/smartsim/_core/config/redis.conf --loadmodule /lus/cls01029/richaama/smartsim-scaling/SmartSim/smartsim/_core/lib/redisai.so --port 6780 --cluster-enabled yes --cluster-config-file nodes-orchestrator_0-6780.conf --bind 10.128.1.19 --bind-source-addr 10.128.1.19

IPADDRESS: 10.128.1.19

NETWORK: ipogif0

------------------------------ 


----------   Output   ---------- 


94792:C 20 Jul 2023 15:18:13.142 # oO0OoO0OoO0Oo Redis is starting oO0OoO0OoO0Oo
94792:C 20 Jul 2023 15:18:13.142 # Redis version=7.0.5, bits=64, commit=1571907e, modified=0, pid=94792, just started
94792:C 20 Jul 2023 15:18:13.142 # Configuration loaded
94792:M 20 Jul 2023 15:18:13.142 * monotonic clock: POSIX clock_gettime
94792:M 20 Jul 2023 15:18:13.144 * No cluster configuration found, I'm 5cbea11ba390d12496b73a06c673c31439c60998
                _._
           _.-``__ ''-._
      _.-``    `.  `_.  ''-._           Redis 7.0.5 (1571907e/0) 64 bit
  .-`` .-```.  ```\/    _.,_ ''-._
 (    '      ,       .-`  | `,    )     Running in cluster mode
 |`-._`-...-` __...-.``-._|'` _.-'|     Port: 6780
 |    `-._   `._    /     _.-'    |     PID: 94792
  `-._    `-._  `-./  _.-'    _.-'
 |`-._`-._    `-.__.-'    _.-'_.-'|
 |    `-._`-._        _.-'_.-'    |           https://redis.io
  `-._    `-._`-.__.-'_.-'    _.-'
 |`-._`-._    `-.__.-'    _.-'_.-'|
 |    `-._`-._        _.-'_.-'    |
  `-._    `-._`-.__.-'_.-'    _.-'
      `-._    `-.__.-'    _.-'
          `-._        _.-'
              `-.__.-'

94792:M 20 Jul 2023 15:18:13.190 # Server initialized
94792:M 20 Jul 2023 15:18:13.190 # WARNING overcommit_memory is set to 0! Background save may fail under low memory condition. To fix this issue add 'vm.overcommit_memory = 1' to /etc/sysctl.conf and then reboot or run the command 'sysctl vm.overcommit_memory=1' for this to take effect.
94792:M 20 Jul 2023 15:18:13.194 * <ai> Redis version found by RedisAI: 7.0.5 - oss
94792:M 20 Jul 2023 15:18:13.194 * <ai> RedisAI version 10207, git_sha=1bf38d86233ba06e1350ca9de794df2b07cdb274
94792:M 20 Jul 2023 15:18:13.195 * Module 'ai' loaded from /lus/cls01029/richaama/smartsim-scaling/SmartSim/smartsim/_core/lib/redisai.so
94792:M 20 Jul 2023 15:18:13.196 * Ready to accept connections
----------   Running  Command   ---------- 

COMMAND: /lus/cls01029/richaama/smartsim-scaling/SmartSim/smartsim/_core/bin/redis-server /lus/cls01029/richaama/smartsim-scaling/SmartSim/smartsim/_core/config/redis.conf --loadmodule /lus/cls01029/richaama/smartsim-scaling/SmartSim/smartsim/_core/lib/redisai.so --port 6780 --cluster-enabled yes --cluster-config-file nodes-orchestrator_7-6780.conf --bind 10.128.1.26 --bind-source-addr 10.128.1.26

IPADDRESS: 10.128.1.26

NETWORK: ipogif0

------------------------------ 


----------   Output   ---------- 


55282:C 20 Jul 2023 15:18:13.315 # oO0OoO0OoO0Oo Redis is starting oO0OoO0OoO0Oo
55282:C 20 Jul 2023 15:18:13.315 # Redis version=7.0.5, bits=64, commit=1571907e, modified=0, pid=55282, just started
55282:C 20 Jul 2023 15:18:13.315 # Configuration loaded
55282:M 20 Jul 2023 15:18:13.316 * monotonic clock: POSIX clock_gettime
55282:M 20 Jul 2023 15:18:13.319 * No cluster configuration found, I'm 2a4d7fa2ded6972ff22da773913a1d555714c9aa
                _._
           _.-``__ ''-._
      _.-``    `.  `_.  ''-._           Redis 7.0.5 (1571907e/0) 64 bit
  .-`` .-```.  ```\/    _.,_ ''-._
 (    '      ,       .-`  | `,    )     Running in cluster mode
 |`-._`-...-` __...-.``-._|'` _.-'|     Port: 6780
 |    `-._   `._    /     _.-'    |     PID: 55282
  `-._    `-._  `-./  _.-'    _.-'
 |`-._`-._    `-.__.-'    _.-'_.-'|
 |    `-._`-._        _.-'_.-'    |           https://redis.io
  `-._    `-._`-.__.-'_.-'    _.-'
 |`-._`-._    `-.__.-'    _.-'_.-'|
 |    `-._`-._        _.-'_.-'    |
  `-._    `-._`-.__.-'_.-'    _.-'
      `-._    `-.__.-'    _.-'
          `-._        _.-'
              `-.__.-'

55282:M 20 Jul 2023 15:18:13.365 # Server initialized
55282:M 20 Jul 2023 15:18:13.365 # WARNING overcommit_memory is set to 0! Background save may fail under low memory condition. To fix this issue add 'vm.overcommit_memory = 1' to /etc/sysctl.conf and then reboot or run the command 'sysctl vm.overcommit_memory=1' for this to take effect.
55282:M 20 Jul 2023 15:18:13.373 * <ai> Redis version found by RedisAI: 7.0.5 - oss
55282:M 20 Jul 2023 15:18:13.373 * <ai> RedisAI version 10207, git_sha=1bf38d86233ba06e1350ca9de794df2b07cdb274
55282:M 20 Jul 2023 15:18:13.373 * Module 'ai' loaded from /lus/cls01029/richaama/smartsim-scaling/SmartSim/smartsim/_core/lib/redisai.so
55282:M 20 Jul 2023 15:18:13.375 * Ready to accept connections
----------   Running  Command   ---------- 

COMMAND: /lus/cls01029/richaama/smartsim-scaling/SmartSim/smartsim/_core/bin/redis-server /lus/cls01029/richaama/smartsim-scaling/SmartSim/smartsim/_core/config/redis.conf --loadmodule /lus/cls01029/richaama/smartsim-scaling/SmartSim/smartsim/_core/lib/redisai.so --port 6780 --cluster-enabled yes --cluster-config-file nodes-orchestrator_2-6780.conf --bind 10.128.1.21 --bind-source-addr 10.128.1.21

IPADDRESS: 10.128.1.21

NETWORK: ipogif0

------------------------------ 


----------   Output   ---------- 


54827:C 20 Jul 2023 15:18:13.498 # oO0OoO0OoO0Oo Redis is starting oO0OoO0OoO0Oo
54827:C 20 Jul 2023 15:18:13.498 # Redis version=7.0.5, bits=64, commit=1571907e, modified=0, pid=54827, just started
54827:C 20 Jul 2023 15:18:13.498 # Configuration loaded
54827:M 20 Jul 2023 15:18:13.499 * monotonic clock: POSIX clock_gettime
54827:M 20 Jul 2023 15:18:13.502 * No cluster configuration found, I'm 0cbaa76c2fb77cd3add66c8787a83e0fd6563905
                _._
           _.-``__ ''-._
      _.-``    `.  `_.  ''-._           Redis 7.0.5 (1571907e/0) 64 bit
  .-`` .-```.  ```\/    _.,_ ''-._
 (    '      ,       .-`  | `,    )     Running in cluster mode
 |`-._`-...-` __...-.``-._|'` _.-'|     Port: 6780
 |    `-._   `._    /     _.-'    |     PID: 54827
  `-._    `-._  `-./  _.-'    _.-'
 |`-._`-._    `-.__.-'    _.-'_.-'|
 |    `-._`-._        _.-'_.-'    |           https://redis.io
  `-._    `-._`-.__.-'_.-'    _.-'
 |`-._`-._    `-.__.-'    _.-'_.-'|
 |    `-._`-._        _.-'_.-'    |
  `-._    `-._`-.__.-'_.-'    _.-'
      `-._    `-.__.-'    _.-'
          `-._        _.-'
              `-.__.-'

54827:M 20 Jul 2023 15:18:13.587 # Server initialized
54827:M 20 Jul 2023 15:18:13.587 # WARNING overcommit_memory is set to 0! Background save may fail under low memory condition. To fix this issue add 'vm.overcommit_memory = 1' to /etc/sysctl.conf and then reboot or run the command 'sysctl vm.overcommit_memory=1' for this to take effect.
54827:M 20 Jul 2023 15:18:13.594 * <ai> Redis version found by RedisAI: 7.0.5 - oss
54827:M 20 Jul 2023 15:18:13.594 * <ai> RedisAI version 10207, git_sha=1bf38d86233ba06e1350ca9de794df2b07cdb274
54827:M 20 Jul 2023 15:18:13.595 * Module 'ai' loaded from /lus/cls01029/richaama/smartsim-scaling/SmartSim/smartsim/_core/lib/redisai.so
54827:M 20 Jul 2023 15:18:13.597 * Ready to accept connections
54803:M 20 Jul 2023 15:18:30.152 # configEpoch set to 1 via CLUSTER SET-CONFIG-EPOCH
54373:M 20 Jul 2023 15:18:30.153 # configEpoch set to 2 via CLUSTER SET-CONFIG-EPOCH
55441:M 20 Jul 2023 15:18:30.154 # configEpoch set to 3 via CLUSTER SET-CONFIG-EPOCH
54765:M 20 Jul 2023 15:18:30.154 # configEpoch set to 4 via CLUSTER SET-CONFIG-EPOCH
56309:M 20 Jul 2023 15:18:30.155 # configEpoch set to 5 via CLUSTER SET-CONFIG-EPOCH
55199:M 20 Jul 2023 15:18:30.156 # configEpoch set to 6 via CLUSTER SET-CONFIG-EPOCH
73279:M 20 Jul 2023 15:18:30.157 # configEpoch set to 7 via CLUSTER SET-CONFIG-EPOCH
55937:M 20 Jul 2023 15:18:30.158 # configEpoch set to 8 via CLUSTER SET-CONFIG-EPOCH
55884:M 20 Jul 2023 15:18:30.159 # configEpoch set to 9 via CLUSTER SET-CONFIG-EPOCH
54746:M 20 Jul 2023 15:18:30.160 # configEpoch set to 10 via CLUSTER SET-CONFIG-EPOCH
54971:M 20 Jul 2023 15:18:30.161 # configEpoch set to 11 via CLUSTER SET-CONFIG-EPOCH
75846:M 20 Jul 2023 15:18:30.162 # configEpoch set to 12 via CLUSTER SET-CONFIG-EPOCH
54598:M 20 Jul 2023 15:18:30.163 # configEpoch set to 13 via CLUSTER SET-CONFIG-EPOCH
94792:M 20 Jul 2023 15:18:30.164 # configEpoch set to 14 via CLUSTER SET-CONFIG-EPOCH
55282:M 20 Jul 2023 15:18:30.165 # configEpoch set to 15 via CLUSTER SET-CONFIG-EPOCH
54827:M 20 Jul 2023 15:18:30.166 # configEpoch set to 16 via CLUSTER SET-CONFIG-EPOCH
54803:M 20 Jul 2023 15:18:30.169 # IP address for this node updated to 10.128.1.29
54598:M 20 Jul 2023 15:18:30.270 # IP address for this node updated to 10.128.1.31
54746:M 20 Jul 2023 15:18:30.270 # IP address for this node updated to 10.128.1.27
94792:M 20 Jul 2023 15:18:30.270 # IP address for this node updated to 10.128.1.19
54373:M 20 Jul 2023 15:18:30.270 # IP address for this node updated to 10.128.1.30
55282:M 20 Jul 2023 15:18:30.270 # IP address for this node updated to 10.128.1.26
55441:M 20 Jul 2023 15:18:30.271 # IP address for this node updated to 10.128.1.24
73279:M 20 Jul 2023 15:18:30.270 # IP address for this node updated to 10.128.1.28
55199:M 20 Jul 2023 15:18:30.270 # IP address for this node updated to 10.128.1.23
55884:M 20 Jul 2023 15:18:30.270 # IP address for this node updated to 10.128.1.33
54971:M 20 Jul 2023 15:18:30.271 # IP address for this node updated to 10.128.1.32
75846:M 20 Jul 2023 15:18:30.271 # IP address for this node updated to 10.128.1.20
54827:M 20 Jul 2023 15:18:30.271 # IP address for this node updated to 10.128.1.21
56309:M 20 Jul 2023 15:18:30.271 # IP address for this node updated to 10.128.1.34
55937:M 20 Jul 2023 15:18:30.271 # IP address for this node updated to 10.128.1.22
54765:M 20 Jul 2023 15:18:30.271 # IP address for this node updated to 10.128.1.25
56309:M 20 Jul 2023 15:18:35.088 # Cluster state changed: ok
54803:M 20 Jul 2023 15:18:35.096 # Cluster state changed: ok
54827:M 20 Jul 2023 15:18:38.411 # Cluster state changed: ok
55282:M 20 Jul 2023 15:18:38.452 # Cluster state changed: ok
55884:M 20 Jul 2023 15:18:38.798 # Cluster state changed: ok
54971:M 20 Jul 2023 15:18:39.965 # Cluster state changed: ok
55937:M 20 Jul 2023 15:18:41.950 # Cluster state changed: ok
54746:M 20 Jul 2023 15:18:42.991 # Cluster state changed: ok
54598:M 20 Jul 2023 15:18:43.160 # Cluster state changed: ok
54765:M 20 Jul 2023 15:18:43.639 # Cluster state changed: ok
54373:M 20 Jul 2023 15:18:43.657 # Cluster state changed: ok
73279:M 20 Jul 2023 15:18:45.670 # Cluster state changed: ok
55199:M 20 Jul 2023 15:18:48.541 # Cluster state changed: ok
94792:M 20 Jul 2023 15:18:48.601 # Cluster state changed: ok
55441:M 20 Jul 2023 15:18:48.777 # Cluster state changed: ok
75846:M 20 Jul 2023 15:18:51.293 # Cluster state changed: ok
54373:signal-handler (1689885118) Received SIGTERM scheduling shutdown...
54373:signal-handler (1689885118) Received SIGTERM scheduling shutdown...
54373:signal-handler (1689885118) Received SIGTERM scheduling shutdown...
54746:signal-handler (1689885118) Received SIGTERM scheduling shutdown...
54746:signal-handler (1689885118) Received SIGTERM scheduling shutdown...
55282:signal-handler (1689885118) Received SIGTERM scheduling shutdown...
54971:signal-handler (1689885118) Received SIGTERM scheduling shutdown...
55282:signal-handler (1689885118) Received SIGTERM scheduling shutdown...
75846:signal-handler (1689885118) Received SIGTERM scheduling shutdown...
54971:signal-handler (1689885118) Received SIGTERM scheduling shutdown...
75846:signal-handler (1689885118) Received SIGTERM scheduling shutdown...
54971:signal-handler (1689885118) Received SIGTERM scheduling shutdown...
75846:signal-handler (1689885118) Received SIGTERM scheduling shutdown...
54827:signal-handler (1689885118) Received SIGTERM scheduling shutdown...
54803:signal-handler (1689885118) Received SIGTERM scheduling shutdown...
54827:signal-handler (1689885118) Received SIGTERM scheduling shutdown...
55199:signal-handler (1689885118) Received SIGTERM scheduling shutdown...
54803:signal-handler (1689885118) Received SIGTERM scheduling shutdown...
55199:signal-handler (1689885118) Received SIGTERM scheduling shutdown...
54598:signal-handler (1689885118) Received SIGTERM scheduling shutdown...
55441:signal-handler (1689885118) Received SIGTERM scheduling shutdown...
55937:signal-handler (1689885118) Received SIGTERM scheduling shutdown...
54598:signal-handler (1689885118) Received SIGTERM scheduling shutdown...
55441:signal-handler (1689885118) Received SIGTERM scheduling shutdown...
55937:signal-handler (1689885118) Received SIGTERM scheduling shutdown...
56309:signal-handler (1689885118) Received SIGTERM scheduling shutdown...
56309:signal-handler (1689885118) Received SIGTERM scheduling shutdown...
55884:signal-handler (1689885118) Received SIGTERM scheduling shutdown...
54765:signal-handler (1689885118) Received SIGTERM scheduling shutdown...
55884:M 20 Jul 2023 15:31:58.024 # User requested shutdown...
73279:signal-handler (1689885118) Received SIGTERM scheduling shutdown...
54765:signal-handler (1689885118) Received SIGTERM scheduling shutdown...
55884:M 20 Jul 2023 15:31:58.024 * <ai> Clearing resources on shutdown
73279:signal-handler (1689885118) Received SIGTERM scheduling shutdown...
54765:signal-handler (1689885118) Received SIGTERM scheduling shutdown...
55884:M 20 Jul 2023 15:31:58.024 * Removing the pid file.
55884:signal-handler (1689885118) Received SIGTERM scheduling shutdown...
55884:M 20 Jul 2023 15:31:58.025 # Redis is now ready to exit, bye bye...
94792:signal-handler (1689885118) Received SIGTERM scheduling shutdown...
94792:signal-handler (1689885118) Received SIGTERM scheduling shutdown...
54373:M 20 Jul 2023 15:31:58.025 # User requested shutdown...
54373:M 20 Jul 2023 15:31:58.025 * <ai> Clearing resources on shutdown
54373:M 20 Jul 2023 15:31:58.025 * Removing the pid file.
54373:M 20 Jul 2023 15:31:58.026 # Redis is now ready to exit, bye bye...
55441:M 20 Jul 2023 15:31:58.028 # User requested shutdown...
55441:M 20 Jul 2023 15:31:58.028 * <ai> Clearing resources on shutdown
55441:M 20 Jul 2023 15:31:58.028 * Removing the pid file.
55441:M 20 Jul 2023 15:31:58.028 # Redis is now ready to exit, bye bye...
73279:M 20 Jul 2023 15:31:58.030 # User requested shutdown...
73279:M 20 Jul 2023 15:31:58.030 * <ai> Clearing resources on shutdown
73279:M 20 Jul 2023 15:31:58.030 * Removing the pid file.
73279:M 20 Jul 2023 15:31:58.030 # Redis is now ready to exit, bye bye...
56309:M 20 Jul 2023 15:31:58.031 # User requested shutdown...
56309:M 20 Jul 2023 15:31:58.031 * <ai> Clearing resources on shutdown
56309:M 20 Jul 2023 15:31:58.031 * Removing the pid file.
55282:M 20 Jul 2023 15:31:58.031 # User requested shutdown...
55282:M 20 Jul 2023 15:31:58.031 * <ai> Clearing resources on shutdown
55282:M 20 Jul 2023 15:31:58.031 * Removing the pid file.
55282:M 20 Jul 2023 15:31:58.031 # Redis is now ready to exit, bye bye...
56309:M 20 Jul 2023 15:31:58.031 # Redis is now ready to exit, bye bye...
