15:29:44 nid00234 SmartSim[7160] INFO Connecting clients
SmartRedis Library@15-29-44:WARNING: Environment variable SR_LOG_FILE is not set. Defaulting to stdout
SmartRedis Library@15-29-44:WARNING: Environment variable SR_LOG_LEVEL is not set. Defaulting to INFO
Connecting clients
Consuming list 0
15:29:44 nid00234 SmartSim[7160] INFO Consuming list 0
Consuming list 1
15:29:44 nid00234 SmartSim[7160] INFO Consuming list 1
Consuming list 2
15:29:46 nid00234 SmartSim[7160] INFO Consuming list 2
Consuming list 3
15:29:48 nid00234 SmartSim[7160] INFO Consuming list 3
Consuming list 4
15:29:50 nid00234 SmartSim[7160] INFO Consuming list 4
Consuming list 5
15:29:51 nid00234 SmartSim[7160] INFO Consuming list 5
Consuming list 6
15:29:52 nid00234 SmartSim[7160] INFO Consuming list 6
Consuming list 7
15:29:53 nid00234 SmartSim[7160] INFO Consuming list 7
Consuming list 8
15:29:54 nid00234 SmartSim[7160] INFO Consuming list 8
Consuming list 9
15:29:55 nid00234 SmartSim[7160] INFO Consuming list 9
Consuming list 10
15:29:57 nid00234 SmartSim[7160] INFO Consuming list 10
Consuming list 11
15:29:58 nid00234 SmartSim[7160] INFO Consuming list 11
Consuming list 12
15:29:59 nid00234 SmartSim[7160] INFO Consuming list 12
Consuming list 13
15:30:00 nid00234 SmartSim[7160] INFO Consuming list 13
Consuming list 14
15:30:01 nid00234 SmartSim[7160] INFO Consuming list 14
Consuming list 15
15:30:02 nid00234 SmartSim[7160] INFO Consuming list 15
Consuming list 16
15:30:03 nid00234 SmartSim[7160] INFO Consuming list 16
Consuming list 17
15:30:05 nid00234 SmartSim[7160] INFO Consuming list 17
Consuming list 18
15:30:06 nid00234 SmartSim[7160] INFO Consuming list 18
Consuming list 19
15:30:06 nid00234 SmartSim[7160] INFO Consuming list 19
Consuming list 20
15:30:07 nid00234 SmartSim[7160] INFO Consuming list 20
Consuming list 21
15:30:11 nid00234 SmartSim[7160] INFO Consuming list 21
Consuming list 22
15:30:13 nid00234 SmartSim[7160] INFO Consuming list 22
Consuming list 23
15:30:17 nid00234 SmartSim[7160] INFO Consuming list 23
Consuming list 24
15:30:19 nid00234 SmartSim[7160] INFO Consuming list 24
Consuming list 25
15:30:21 nid00234 SmartSim[7160] INFO Consuming list 25
Consuming list 26
15:30:22 nid00234 SmartSim[7160] INFO Consuming list 26
Consuming list 27
15:30:23 nid00234 SmartSim[7160] INFO Consuming list 27
Consuming list 28
15:30:24 nid00234 SmartSim[7160] INFO Consuming list 28
Consuming list 29
15:30:25 nid00234 SmartSim[7160] INFO Consuming list 29
Consuming list 30
15:30:26 nid00234 SmartSim[7160] INFO Consuming list 30
Consuming list 31
15:30:27 nid00234 SmartSim[7160] INFO Consuming list 31
Consuming list 32
15:30:29 nid00234 SmartSim[7160] INFO Consuming list 32
Consuming list 33
15:30:30 nid00234 SmartSim[7160] INFO Consuming list 33
Consuming list 34
15:30:32 nid00234 SmartSim[7160] INFO Consuming list 34
Consuming list 35
15:30:32 nid00234 SmartSim[7160] INFO Consuming list 35
Consuming list 36
15:30:34 nid00234 SmartSim[7160] INFO Consuming list 36
Consuming list 37
15:30:35 nid00234 SmartSim[7160] INFO Consuming list 37
Consuming list 38
15:30:36 nid00234 SmartSim[7160] INFO Consuming list 38
Consuming list 39
15:30:37 nid00234 SmartSim[7160] INFO Consuming list 39
Consuming list 40
15:30:38 nid00234 SmartSim[7160] INFO Consuming list 40
Consuming list 41
15:30:40 nid00234 SmartSim[7160] INFO Consuming list 41
Consuming list 42
15:30:42 nid00234 SmartSim[7160] INFO Consuming list 42
Consuming list 43
15:30:44 nid00234 SmartSim[7160] INFO Consuming list 43
Consuming list 44
15:30:46 nid00234 SmartSim[7160] INFO Consuming list 44
Consuming list 45
15:30:46 nid00234 SmartSim[7160] INFO Consuming list 45
Consuming list 46
15:30:47 nid00234 SmartSim[7160] INFO Consuming list 46
Consuming list 47
15:30:48 nid00234 SmartSim[7160] INFO Consuming list 47
Consuming list 48
15:30:49 nid00234 SmartSim[7160] INFO Consuming list 48
Consuming list 49
15:30:50 nid00234 SmartSim[7160] INFO Consuming list 49
Consuming list 50
15:30:51 nid00234 SmartSim[7160] INFO Consuming list 50
Consuming list 51
15:30:52 nid00234 SmartSim[7160] INFO Consuming list 51
Consuming list 52
15:30:54 nid00234 SmartSim[7160] INFO Consuming list 52
Consuming list 53
15:30:55 nid00234 SmartSim[7160] INFO Consuming list 53
Consuming list 54
15:30:56 nid00234 SmartSim[7160] INFO Consuming list 54
Consuming list 55
15:30:57 nid00234 SmartSim[7160] INFO Consuming list 55
Consuming list 56
15:30:58 nid00234 SmartSim[7160] INFO Consuming list 56
Consuming list 57
15:30:59 nid00234 SmartSim[7160] INFO Consuming list 57
Consuming list 58
15:31:00 nid00234 SmartSim[7160] INFO Consuming list 58
Consuming list 59
15:31:01 nid00234 SmartSim[7160] INFO Consuming list 59
Consuming list 60
15:31:02 nid00234 SmartSim[7160] INFO Consuming list 60
Consuming list 61
15:31:04 nid00234 SmartSim[7160] INFO Consuming list 61
Consuming list 62
15:31:06 nid00234 SmartSim[7160] INFO Consuming list 62
Consuming list 63
15:31:07 nid00234 SmartSim[7160] INFO Consuming list 63
Consuming list 64
15:31:09 nid00234 SmartSim[7160] INFO Consuming list 64
Consuming list 65
15:31:10 nid00234 SmartSim[7160] INFO Consuming list 65
Consuming list 66
15:31:11 nid00234 SmartSim[7160] INFO Consuming list 66
Consuming list 67
15:31:12 nid00234 SmartSim[7160] INFO Consuming list 67
Consuming list 68
15:31:13 nid00234 SmartSim[7160] INFO Consuming list 68
Consuming list 69
15:31:14 nid00234 SmartSim[7160] INFO Consuming list 69
Consuming list 70
15:31:15 nid00234 SmartSim[7160] INFO Consuming list 70
Consuming list 71
15:31:16 nid00234 SmartSim[7160] INFO Consuming list 71
Consuming list 72
15:31:17 nid00234 SmartSim[7160] INFO Consuming list 72
Consuming list 73
15:31:18 nid00234 SmartSim[7160] INFO Consuming list 73
Consuming list 74
15:31:19 nid00234 SmartSim[7160] INFO Consuming list 74
Consuming list 75
15:31:20 nid00234 SmartSim[7160] INFO Consuming list 75
Consuming list 76
15:31:22 nid00234 SmartSim[7160] INFO Consuming list 76
Consuming list 77
15:31:23 nid00234 SmartSim[7160] INFO Consuming list 77
Consuming list 78
15:31:24 nid00234 SmartSim[7160] INFO Consuming list 78
Consuming list 79
15:31:25 nid00234 SmartSim[7160] INFO Consuming list 79
Consuming list 80
15:31:26 nid00234 SmartSim[7160] INFO Consuming list 80
Consuming list 81
15:31:27 nid00234 SmartSim[7160] INFO Consuming list 81
Consuming list 82
15:31:28 nid00234 SmartSim[7160] INFO Consuming list 82
Consuming list 83
15:31:29 nid00234 SmartSim[7160] INFO Consuming list 83
Consuming list 84
15:31:30 nid00234 SmartSim[7160] INFO Consuming list 84
Consuming list 85
15:31:31 nid00234 SmartSim[7160] INFO Consuming list 85
Consuming list 86
15:31:32 nid00234 SmartSim[7160] INFO Consuming list 86
Consuming list 87
15:31:33 nid00234 SmartSim[7160] INFO Consuming list 87
Consuming list 88
15:31:34 nid00234 SmartSim[7160] INFO Consuming list 88
Consuming list 89
15:31:35 nid00234 SmartSim[7160] INFO Consuming list 89
Consuming list 90
15:31:36 nid00234 SmartSim[7160] INFO Consuming list 90
Consuming list 91
15:31:37 nid00234 SmartSim[7160] INFO Consuming list 91
Consuming list 92
15:31:38 nid00234 SmartSim[7160] INFO Consuming list 92
Consuming list 93
15:31:39 nid00234 SmartSim[7160] INFO Consuming list 93
Consuming list 94
15:31:40 nid00234 SmartSim[7160] INFO Consuming list 94
Consuming list 95
15:31:42 nid00234 SmartSim[7160] INFO Consuming list 95
Consuming list 96
15:31:43 nid00234 SmartSim[7160] INFO Consuming list 96
Consuming list 97
15:31:44 nid00234 SmartSim[7160] INFO Consuming list 97
Consuming list 98
15:31:45 nid00234 SmartSim[7160] INFO Consuming list 98
Consuming list 99
15:31:46 nid00234 SmartSim[7160] INFO Consuming list 99
15:31:47 nid00234 SmartSim[7160] INFO Finished aggregation scaling py consumer.

Finished aggregation scaling py consumer.

