15:05:37 nid00004 SmartSim[53468] INFO Connecting clients
SmartRedis Library@15-05-37:WARNING: Environment variable SR_LOG_FILE is not set. Defaulting to stdout
SmartRedis Library@15-05-37:WARNING: Environment variable SR_LOG_LEVEL is not set. Defaulting to INFO
Connecting clients
Consuming list 0
15:05:37 nid00004 SmartSim[53468] INFO Consuming list 0
Consuming list 1
15:05:37 nid00004 SmartSim[53468] INFO Consuming list 1
Consuming list 2
15:05:37 nid00004 SmartSim[53468] INFO Consuming list 2
Consuming list 3
15:05:38 nid00004 SmartSim[53468] INFO Consuming list 3
Consuming list 4
15:05:39 nid00004 SmartSim[53468] INFO Consuming list 4
Consuming list 5
15:05:40 nid00004 SmartSim[53468] INFO Consuming list 5
Consuming list 6
15:05:41 nid00004 SmartSim[53468] INFO Consuming list 6
Consuming list 7
15:05:42 nid00004 SmartSim[53468] INFO Consuming list 7
Consuming list 8
15:05:43 nid00004 SmartSim[53468] INFO Consuming list 8
Consuming list 9
15:05:44 nid00004 SmartSim[53468] INFO Consuming list 9
Consuming list 10
15:05:45 nid00004 SmartSim[53468] INFO Consuming list 10
Consuming list 11
15:05:46 nid00004 SmartSim[53468] INFO Consuming list 11
Consuming list 12
15:05:47 nid00004 SmartSim[53468] INFO Consuming list 12
Consuming list 13
15:05:48 nid00004 SmartSim[53468] INFO Consuming list 13
Consuming list 14
15:05:49 nid00004 SmartSim[53468] INFO Consuming list 14
Consuming list 15
15:05:50 nid00004 SmartSim[53468] INFO Consuming list 15
Consuming list 16
15:05:51 nid00004 SmartSim[53468] INFO Consuming list 16
Consuming list 17
15:05:52 nid00004 SmartSim[53468] INFO Consuming list 17
Consuming list 18
15:05:53 nid00004 SmartSim[53468] INFO Consuming list 18
Consuming list 19
15:05:54 nid00004 SmartSim[53468] INFO Consuming list 19
Consuming list 20
15:05:55 nid00004 SmartSim[53468] INFO Consuming list 20
Consuming list 21
15:05:56 nid00004 SmartSim[53468] INFO Consuming list 21
Consuming list 22
15:05:57 nid00004 SmartSim[53468] INFO Consuming list 22
Consuming list 23
15:05:58 nid00004 SmartSim[53468] INFO Consuming list 23
Consuming list 24
15:05:59 nid00004 SmartSim[53468] INFO Consuming list 24
Consuming list 25
15:06:00 nid00004 SmartSim[53468] INFO Consuming list 25
Consuming list 26
15:06:01 nid00004 SmartSim[53468] INFO Consuming list 26
Consuming list 27
15:06:02 nid00004 SmartSim[53468] INFO Consuming list 27
Consuming list 28
15:06:03 nid00004 SmartSim[53468] INFO Consuming list 28
Consuming list 29
15:06:04 nid00004 SmartSim[53468] INFO Consuming list 29
Consuming list 30
15:06:05 nid00004 SmartSim[53468] INFO Consuming list 30
Consuming list 31
15:06:06 nid00004 SmartSim[53468] INFO Consuming list 31
Consuming list 32
15:06:07 nid00004 SmartSim[53468] INFO Consuming list 32
Consuming list 33
15:06:08 nid00004 SmartSim[53468] INFO Consuming list 33
Consuming list 34
15:06:09 nid00004 SmartSim[53468] INFO Consuming list 34
Consuming list 35
15:06:10 nid00004 SmartSim[53468] INFO Consuming list 35
Consuming list 36
15:06:11 nid00004 SmartSim[53468] INFO Consuming list 36
Consuming list 37
15:06:12 nid00004 SmartSim[53468] INFO Consuming list 37
Consuming list 38
15:06:13 nid00004 SmartSim[53468] INFO Consuming list 38
Consuming list 39
15:06:14 nid00004 SmartSim[53468] INFO Consuming list 39
Consuming list 40
15:06:15 nid00004 SmartSim[53468] INFO Consuming list 40
Consuming list 41
15:06:16 nid00004 SmartSim[53468] INFO Consuming list 41
Consuming list 42
15:06:17 nid00004 SmartSim[53468] INFO Consuming list 42
Consuming list 43
15:06:18 nid00004 SmartSim[53468] INFO Consuming list 43
Consuming list 44
15:06:19 nid00004 SmartSim[53468] INFO Consuming list 44
Consuming list 45
15:06:20 nid00004 SmartSim[53468] INFO Consuming list 45
Consuming list 46
15:06:21 nid00004 SmartSim[53468] INFO Consuming list 46
Consuming list 47
15:06:22 nid00004 SmartSim[53468] INFO Consuming list 47
Consuming list 48
15:06:23 nid00004 SmartSim[53468] INFO Consuming list 48
Consuming list 49
15:06:24 nid00004 SmartSim[53468] INFO Consuming list 49
Consuming list 50
15:06:25 nid00004 SmartSim[53468] INFO Consuming list 50
Consuming list 51
15:06:26 nid00004 SmartSim[53468] INFO Consuming list 51
Consuming list 52
15:06:27 nid00004 SmartSim[53468] INFO Consuming list 52
Consuming list 53
15:06:28 nid00004 SmartSim[53468] INFO Consuming list 53
Consuming list 54
15:06:29 nid00004 SmartSim[53468] INFO Consuming list 54
Consuming list 55
15:06:30 nid00004 SmartSim[53468] INFO Consuming list 55
Consuming list 56
15:06:31 nid00004 SmartSim[53468] INFO Consuming list 56
Consuming list 57
15:06:32 nid00004 SmartSim[53468] INFO Consuming list 57
Consuming list 58
15:06:33 nid00004 SmartSim[53468] INFO Consuming list 58
Consuming list 59
15:06:34 nid00004 SmartSim[53468] INFO Consuming list 59
Consuming list 60
15:06:35 nid00004 SmartSim[53468] INFO Consuming list 60
Consuming list 61
15:06:36 nid00004 SmartSim[53468] INFO Consuming list 61
Consuming list 62
15:06:37 nid00004 SmartSim[53468] INFO Consuming list 62
Consuming list 63
15:06:38 nid00004 SmartSim[53468] INFO Consuming list 63
Consuming list 64
15:06:39 nid00004 SmartSim[53468] INFO Consuming list 64
Consuming list 65
15:06:40 nid00004 SmartSim[53468] INFO Consuming list 65
Consuming list 66
15:06:41 nid00004 SmartSim[53468] INFO Consuming list 66
Consuming list 67
15:06:42 nid00004 SmartSim[53468] INFO Consuming list 67
Consuming list 68
15:06:43 nid00004 SmartSim[53468] INFO Consuming list 68
Consuming list 69
15:06:44 nid00004 SmartSim[53468] INFO Consuming list 69
Consuming list 70
15:06:45 nid00004 SmartSim[53468] INFO Consuming list 70
Consuming list 71
15:06:46 nid00004 SmartSim[53468] INFO Consuming list 71
Consuming list 72
15:06:47 nid00004 SmartSim[53468] INFO Consuming list 72
Consuming list 73
15:06:48 nid00004 SmartSim[53468] INFO Consuming list 73
Consuming list 74
15:06:49 nid00004 SmartSim[53468] INFO Consuming list 74
Consuming list 75
15:06:50 nid00004 SmartSim[53468] INFO Consuming list 75
Consuming list 76
15:06:51 nid00004 SmartSim[53468] INFO Consuming list 76
Consuming list 77
15:06:52 nid00004 SmartSim[53468] INFO Consuming list 77
Consuming list 78
15:06:53 nid00004 SmartSim[53468] INFO Consuming list 78
Consuming list 79
15:06:54 nid00004 SmartSim[53468] INFO Consuming list 79
Consuming list 80
15:06:55 nid00004 SmartSim[53468] INFO Consuming list 80
Consuming list 81
15:06:56 nid00004 SmartSim[53468] INFO Consuming list 81
Consuming list 82
15:06:57 nid00004 SmartSim[53468] INFO Consuming list 82
Consuming list 83
15:06:58 nid00004 SmartSim[53468] INFO Consuming list 83
Consuming list 84
15:06:59 nid00004 SmartSim[53468] INFO Consuming list 84
Consuming list 85
15:07:00 nid00004 SmartSim[53468] INFO Consuming list 85
Consuming list 86
15:07:01 nid00004 SmartSim[53468] INFO Consuming list 86
Consuming list 87
15:07:02 nid00004 SmartSim[53468] INFO Consuming list 87
Consuming list 88
15:07:03 nid00004 SmartSim[53468] INFO Consuming list 88
Consuming list 89
15:07:04 nid00004 SmartSim[53468] INFO Consuming list 89
Consuming list 90
15:07:05 nid00004 SmartSim[53468] INFO Consuming list 90
Consuming list 91
15:07:06 nid00004 SmartSim[53468] INFO Consuming list 91
Consuming list 92
15:07:07 nid00004 SmartSim[53468] INFO Consuming list 92
Consuming list 93
15:07:08 nid00004 SmartSim[53468] INFO Consuming list 93
Consuming list 94
15:07:09 nid00004 SmartSim[53468] INFO Consuming list 94
Consuming list 95
15:07:10 nid00004 SmartSim[53468] INFO Consuming list 95
Consuming list 96
15:07:11 nid00004 SmartSim[53468] INFO Consuming list 96
Consuming list 97
15:07:12 nid00004 SmartSim[53468] INFO Consuming list 97
Consuming list 98
15:07:13 nid00004 SmartSim[53468] INFO Consuming list 98
Consuming list 99
15:07:14 nid00004 SmartSim[53468] INFO Consuming list 99
15:07:15 nid00004 SmartSim[53468] INFO Finished aggregation scaling py consumer.

Finished aggregation scaling py consumer.

