15:00:35 nid00088 SmartSim[70191] INFO Connecting clients
SmartRedis Library@15-00-35:WARNING: Environment variable SR_LOG_FILE is not set. Defaulting to stdout
SmartRedis Library@15-00-35:WARNING: Environment variable SR_LOG_LEVEL is not set. Defaulting to INFO
Connecting clients
Consuming list 0
15:00:35 nid00088 SmartSim[70191] INFO Consuming list 0
Consuming list 1
15:00:35 nid00088 SmartSim[70191] INFO Consuming list 1
Consuming list 2
15:00:37 nid00088 SmartSim[70191] INFO Consuming list 2
Consuming list 3
15:00:39 nid00088 SmartSim[70191] INFO Consuming list 3
Consuming list 4
15:00:41 nid00088 SmartSim[70191] INFO Consuming list 4
Consuming list 5
15:00:42 nid00088 SmartSim[70191] INFO Consuming list 5
Consuming list 6
15:00:43 nid00088 SmartSim[70191] INFO Consuming list 6
Consuming list 7
15:00:44 nid00088 SmartSim[70191] INFO Consuming list 7
Consuming list 8
15:00:45 nid00088 SmartSim[70191] INFO Consuming list 8
Consuming list 9
15:00:46 nid00088 SmartSim[70191] INFO Consuming list 9
Consuming list 10
15:00:48 nid00088 SmartSim[70191] INFO Consuming list 10
Consuming list 11
15:00:49 nid00088 SmartSim[70191] INFO Consuming list 11
Consuming list 12
15:00:50 nid00088 SmartSim[70191] INFO Consuming list 12
Consuming list 13
15:00:51 nid00088 SmartSim[70191] INFO Consuming list 13
Consuming list 14
15:00:52 nid00088 SmartSim[70191] INFO Consuming list 14
Consuming list 15
15:00:53 nid00088 SmartSim[70191] INFO Consuming list 15
Consuming list 16
15:00:55 nid00088 SmartSim[70191] INFO Consuming list 16
Consuming list 17
15:00:56 nid00088 SmartSim[70191] INFO Consuming list 17
Consuming list 18
15:00:57 nid00088 SmartSim[70191] INFO Consuming list 18
Consuming list 19
15:00:58 nid00088 SmartSim[70191] INFO Consuming list 19
Consuming list 20
15:00:59 nid00088 SmartSim[70191] INFO Consuming list 20
Consuming list 21
15:01:00 nid00088 SmartSim[70191] INFO Consuming list 21
Consuming list 22
15:01:02 nid00088 SmartSim[70191] INFO Consuming list 22
Consuming list 23
15:01:03 nid00088 SmartSim[70191] INFO Consuming list 23
Consuming list 24
15:01:04 nid00088 SmartSim[70191] INFO Consuming list 24
Consuming list 25
15:01:05 nid00088 SmartSim[70191] INFO Consuming list 25
Consuming list 26
15:01:06 nid00088 SmartSim[70191] INFO Consuming list 26
Consuming list 27
15:01:07 nid00088 SmartSim[70191] INFO Consuming list 27
Consuming list 28
15:01:08 nid00088 SmartSim[70191] INFO Consuming list 28
Consuming list 29
15:01:09 nid00088 SmartSim[70191] INFO Consuming list 29
Consuming list 30
15:01:10 nid00088 SmartSim[70191] INFO Consuming list 30
Consuming list 31
15:01:11 nid00088 SmartSim[70191] INFO Consuming list 31
Consuming list 32
15:01:12 nid00088 SmartSim[70191] INFO Consuming list 32
Consuming list 33
15:01:13 nid00088 SmartSim[70191] INFO Consuming list 33
Consuming list 34
15:01:14 nid00088 SmartSim[70191] INFO Consuming list 34
Consuming list 35
15:01:16 nid00088 SmartSim[70191] INFO Consuming list 35
Consuming list 36
15:01:17 nid00088 SmartSim[70191] INFO Consuming list 36
Consuming list 37
15:01:18 nid00088 SmartSim[70191] INFO Consuming list 37
Consuming list 38
15:01:19 nid00088 SmartSim[70191] INFO Consuming list 38
Consuming list 39
15:01:20 nid00088 SmartSim[70191] INFO Consuming list 39
Consuming list 40
15:01:21 nid00088 SmartSim[70191] INFO Consuming list 40
Consuming list 41
15:01:22 nid00088 SmartSim[70191] INFO Consuming list 41
Consuming list 42
15:01:24 nid00088 SmartSim[70191] INFO Consuming list 42
Consuming list 43
15:01:25 nid00088 SmartSim[70191] INFO Consuming list 43
Consuming list 44
15:01:26 nid00088 SmartSim[70191] INFO Consuming list 44
Consuming list 45
15:01:27 nid00088 SmartSim[70191] INFO Consuming list 45
Consuming list 46
15:01:28 nid00088 SmartSim[70191] INFO Consuming list 46
Consuming list 47
15:01:29 nid00088 SmartSim[70191] INFO Consuming list 47
Consuming list 48
15:01:30 nid00088 SmartSim[70191] INFO Consuming list 48
Consuming list 49
15:01:31 nid00088 SmartSim[70191] INFO Consuming list 49
Consuming list 50
15:01:32 nid00088 SmartSim[70191] INFO Consuming list 50
Consuming list 51
15:01:34 nid00088 SmartSim[70191] INFO Consuming list 51
Consuming list 52
15:01:35 nid00088 SmartSim[70191] INFO Consuming list 52
Consuming list 53
15:01:36 nid00088 SmartSim[70191] INFO Consuming list 53
Consuming list 54
15:01:37 nid00088 SmartSim[70191] INFO Consuming list 54
Consuming list 55
15:01:38 nid00088 SmartSim[70191] INFO Consuming list 55
Consuming list 56
15:01:39 nid00088 SmartSim[70191] INFO Consuming list 56
Consuming list 57
15:01:40 nid00088 SmartSim[70191] INFO Consuming list 57
Consuming list 58
15:01:42 nid00088 SmartSim[70191] INFO Consuming list 58
Consuming list 59
15:01:43 nid00088 SmartSim[70191] INFO Consuming list 59
Consuming list 60
15:01:44 nid00088 SmartSim[70191] INFO Consuming list 60
Consuming list 61
15:01:45 nid00088 SmartSim[70191] INFO Consuming list 61
Consuming list 62
15:01:46 nid00088 SmartSim[70191] INFO Consuming list 62
Consuming list 63
15:01:47 nid00088 SmartSim[70191] INFO Consuming list 63
Consuming list 64
15:01:48 nid00088 SmartSim[70191] INFO Consuming list 64
Consuming list 65
15:01:49 nid00088 SmartSim[70191] INFO Consuming list 65
Consuming list 66
15:01:51 nid00088 SmartSim[70191] INFO Consuming list 66
Consuming list 67
15:01:52 nid00088 SmartSim[70191] INFO Consuming list 67
Consuming list 68
15:01:53 nid00088 SmartSim[70191] INFO Consuming list 68
Consuming list 69
15:01:54 nid00088 SmartSim[70191] INFO Consuming list 69
Consuming list 70
15:01:56 nid00088 SmartSim[70191] INFO Consuming list 70
Consuming list 71
15:01:56 nid00088 SmartSim[70191] INFO Consuming list 71
Consuming list 72
15:01:58 nid00088 SmartSim[70191] INFO Consuming list 72
Consuming list 73
15:01:59 nid00088 SmartSim[70191] INFO Consuming list 73
Consuming list 74
15:02:00 nid00088 SmartSim[70191] INFO Consuming list 74
Consuming list 75
15:02:01 nid00088 SmartSim[70191] INFO Consuming list 75
Consuming list 76
15:02:03 nid00088 SmartSim[70191] INFO Consuming list 76
Consuming list 77
15:02:04 nid00088 SmartSim[70191] INFO Consuming list 77
Consuming list 78
15:02:05 nid00088 SmartSim[70191] INFO Consuming list 78
Consuming list 79
15:02:06 nid00088 SmartSim[70191] INFO Consuming list 79
Consuming list 80
15:02:07 nid00088 SmartSim[70191] INFO Consuming list 80
Consuming list 81
15:02:08 nid00088 SmartSim[70191] INFO Consuming list 81
Consuming list 82
15:02:09 nid00088 SmartSim[70191] INFO Consuming list 82
Consuming list 83
15:02:11 nid00088 SmartSim[70191] INFO Consuming list 83
Consuming list 84
15:02:12 nid00088 SmartSim[70191] INFO Consuming list 84
Consuming list 85
15:02:13 nid00088 SmartSim[70191] INFO Consuming list 85
Consuming list 86
15:02:14 nid00088 SmartSim[70191] INFO Consuming list 86
Consuming list 87
15:02:15 nid00088 SmartSim[70191] INFO Consuming list 87
Consuming list 88
15:02:16 nid00088 SmartSim[70191] INFO Consuming list 88
Consuming list 89
15:02:17 nid00088 SmartSim[70191] INFO Consuming list 89
Consuming list 90
15:02:18 nid00088 SmartSim[70191] INFO Consuming list 90
Consuming list 91
15:02:19 nid00088 SmartSim[70191] INFO Consuming list 91
Consuming list 92
15:02:21 nid00088 SmartSim[70191] INFO Consuming list 92
Consuming list 93
15:02:22 nid00088 SmartSim[70191] INFO Consuming list 93
Consuming list 94
15:02:23 nid00088 SmartSim[70191] INFO Consuming list 94
Consuming list 95
15:02:24 nid00088 SmartSim[70191] INFO Consuming list 95
Consuming list 96
15:02:25 nid00088 SmartSim[70191] INFO Consuming list 96
Consuming list 97
15:02:26 nid00088 SmartSim[70191] INFO Consuming list 97
Consuming list 98
15:02:28 nid00088 SmartSim[70191] INFO Consuming list 98
Consuming list 99
15:02:29 nid00088 SmartSim[70191] INFO Consuming list 99
15:02:30 nid00088 SmartSim[70191] INFO Finished aggregation scaling py consumer.

Finished aggregation scaling py consumer.

