15:11:42 nid00040 SmartSim[81358] INFO Connecting clients
SmartRedis Library@15-11-42:WARNING: Environment variable SR_LOG_FILE is not set. Defaulting to stdout
SmartRedis Library@15-11-42:WARNING: Environment variable SR_LOG_LEVEL is not set. Defaulting to INFO
Connecting clients
Consuming list 0
15:11:42 nid00040 SmartSim[81358] INFO Consuming list 0
Consuming list 1
15:11:42 nid00040 SmartSim[81358] INFO Consuming list 1
Consuming list 2
15:11:42 nid00040 SmartSim[81358] INFO Consuming list 2
Consuming list 3
15:11:44 nid00040 SmartSim[81358] INFO Consuming list 3
Consuming list 4
15:11:45 nid00040 SmartSim[81358] INFO Consuming list 4
Consuming list 5
15:11:46 nid00040 SmartSim[81358] INFO Consuming list 5
Consuming list 6
15:11:47 nid00040 SmartSim[81358] INFO Consuming list 6
Consuming list 7
15:11:48 nid00040 SmartSim[81358] INFO Consuming list 7
Consuming list 8
15:11:49 nid00040 SmartSim[81358] INFO Consuming list 8
Consuming list 9
15:11:50 nid00040 SmartSim[81358] INFO Consuming list 9
Consuming list 10
15:11:51 nid00040 SmartSim[81358] INFO Consuming list 10
Consuming list 11
15:11:52 nid00040 SmartSim[81358] INFO Consuming list 11
Consuming list 12
15:11:53 nid00040 SmartSim[81358] INFO Consuming list 12
Consuming list 13
15:11:54 nid00040 SmartSim[81358] INFO Consuming list 13
Consuming list 14
15:11:55 nid00040 SmartSim[81358] INFO Consuming list 14
Consuming list 15
15:11:56 nid00040 SmartSim[81358] INFO Consuming list 15
Consuming list 16
15:11:57 nid00040 SmartSim[81358] INFO Consuming list 16
Consuming list 17
15:11:58 nid00040 SmartSim[81358] INFO Consuming list 17
Consuming list 18
15:11:59 nid00040 SmartSim[81358] INFO Consuming list 18
Consuming list 19
15:12:00 nid00040 SmartSim[81358] INFO Consuming list 19
Consuming list 20
15:12:01 nid00040 SmartSim[81358] INFO Consuming list 20
Consuming list 21
15:12:02 nid00040 SmartSim[81358] INFO Consuming list 21
Consuming list 22
15:12:03 nid00040 SmartSim[81358] INFO Consuming list 22
Consuming list 23
15:12:04 nid00040 SmartSim[81358] INFO Consuming list 23
Consuming list 24
15:12:05 nid00040 SmartSim[81358] INFO Consuming list 24
Consuming list 25
15:12:06 nid00040 SmartSim[81358] INFO Consuming list 25
Consuming list 26
15:12:07 nid00040 SmartSim[81358] INFO Consuming list 26
Consuming list 27
15:12:08 nid00040 SmartSim[81358] INFO Consuming list 27
Consuming list 28
15:12:09 nid00040 SmartSim[81358] INFO Consuming list 28
Consuming list 29
15:12:10 nid00040 SmartSim[81358] INFO Consuming list 29
Consuming list 30
15:12:11 nid00040 SmartSim[81358] INFO Consuming list 30
Consuming list 31
15:12:12 nid00040 SmartSim[81358] INFO Consuming list 31
Consuming list 32
15:12:13 nid00040 SmartSim[81358] INFO Consuming list 32
Consuming list 33
15:12:14 nid00040 SmartSim[81358] INFO Consuming list 33
Consuming list 34
15:12:15 nid00040 SmartSim[81358] INFO Consuming list 34
Consuming list 35
15:12:16 nid00040 SmartSim[81358] INFO Consuming list 35
Consuming list 36
15:12:17 nid00040 SmartSim[81358] INFO Consuming list 36
Consuming list 37
15:12:18 nid00040 SmartSim[81358] INFO Consuming list 37
Consuming list 38
15:12:19 nid00040 SmartSim[81358] INFO Consuming list 38
Consuming list 39
15:12:20 nid00040 SmartSim[81358] INFO Consuming list 39
Consuming list 40
15:12:21 nid00040 SmartSim[81358] INFO Consuming list 40
Consuming list 41
15:12:23 nid00040 SmartSim[81358] INFO Consuming list 41
Consuming list 42
15:12:24 nid00040 SmartSim[81358] INFO Consuming list 42
Consuming list 43
15:12:26 nid00040 SmartSim[81358] INFO Consuming list 43
Consuming list 44
15:12:27 nid00040 SmartSim[81358] INFO Consuming list 44
Consuming list 45
15:12:28 nid00040 SmartSim[81358] INFO Consuming list 45
Consuming list 46
15:12:29 nid00040 SmartSim[81358] INFO Consuming list 46
Consuming list 47
15:12:30 nid00040 SmartSim[81358] INFO Consuming list 47
Consuming list 48
15:12:31 nid00040 SmartSim[81358] INFO Consuming list 48
Consuming list 49
15:12:32 nid00040 SmartSim[81358] INFO Consuming list 49
Consuming list 50
15:12:33 nid00040 SmartSim[81358] INFO Consuming list 50
Consuming list 51
15:12:34 nid00040 SmartSim[81358] INFO Consuming list 51
Consuming list 52
15:12:35 nid00040 SmartSim[81358] INFO Consuming list 52
Consuming list 53
15:12:36 nid00040 SmartSim[81358] INFO Consuming list 53
Consuming list 54
15:12:37 nid00040 SmartSim[81358] INFO Consuming list 54
Consuming list 55
15:12:38 nid00040 SmartSim[81358] INFO Consuming list 55
Consuming list 56
15:12:39 nid00040 SmartSim[81358] INFO Consuming list 56
Consuming list 57
15:12:40 nid00040 SmartSim[81358] INFO Consuming list 57
Consuming list 58
15:12:41 nid00040 SmartSim[81358] INFO Consuming list 58
Consuming list 59
15:12:42 nid00040 SmartSim[81358] INFO Consuming list 59
Consuming list 60
15:12:43 nid00040 SmartSim[81358] INFO Consuming list 60
Consuming list 61
15:12:44 nid00040 SmartSim[81358] INFO Consuming list 61
Consuming list 62
15:12:45 nid00040 SmartSim[81358] INFO Consuming list 62
Consuming list 63
15:12:46 nid00040 SmartSim[81358] INFO Consuming list 63
Consuming list 64
15:12:47 nid00040 SmartSim[81358] INFO Consuming list 64
Consuming list 65
15:12:48 nid00040 SmartSim[81358] INFO Consuming list 65
Consuming list 66
15:12:49 nid00040 SmartSim[81358] INFO Consuming list 66
Consuming list 67
15:12:50 nid00040 SmartSim[81358] INFO Consuming list 67
Consuming list 68
15:12:51 nid00040 SmartSim[81358] INFO Consuming list 68
Consuming list 69
15:12:52 nid00040 SmartSim[81358] INFO Consuming list 69
Consuming list 70
15:12:53 nid00040 SmartSim[81358] INFO Consuming list 70
Consuming list 71
15:12:54 nid00040 SmartSim[81358] INFO Consuming list 71
Consuming list 72
15:12:55 nid00040 SmartSim[81358] INFO Consuming list 72
Consuming list 73
15:12:56 nid00040 SmartSim[81358] INFO Consuming list 73
Consuming list 74
15:12:57 nid00040 SmartSim[81358] INFO Consuming list 74
Consuming list 75
15:12:58 nid00040 SmartSim[81358] INFO Consuming list 75
Consuming list 76
15:12:59 nid00040 SmartSim[81358] INFO Consuming list 76
Consuming list 77
15:13:00 nid00040 SmartSim[81358] INFO Consuming list 77
Consuming list 78
15:13:01 nid00040 SmartSim[81358] INFO Consuming list 78
Consuming list 79
15:13:02 nid00040 SmartSim[81358] INFO Consuming list 79
Consuming list 80
15:13:03 nid00040 SmartSim[81358] INFO Consuming list 80
Consuming list 81
15:13:04 nid00040 SmartSim[81358] INFO Consuming list 81
Consuming list 82
15:13:05 nid00040 SmartSim[81358] INFO Consuming list 82
Consuming list 83
15:13:06 nid00040 SmartSim[81358] INFO Consuming list 83
Consuming list 84
15:13:07 nid00040 SmartSim[81358] INFO Consuming list 84
Consuming list 85
15:13:08 nid00040 SmartSim[81358] INFO Consuming list 85
Consuming list 86
15:13:09 nid00040 SmartSim[81358] INFO Consuming list 86
Consuming list 87
15:13:10 nid00040 SmartSim[81358] INFO Consuming list 87
Consuming list 88
15:13:12 nid00040 SmartSim[81358] INFO Consuming list 88
Consuming list 89
15:13:12 nid00040 SmartSim[81358] INFO Consuming list 89
Consuming list 90
15:13:13 nid00040 SmartSim[81358] INFO Consuming list 90
Consuming list 91
15:13:14 nid00040 SmartSim[81358] INFO Consuming list 91
Consuming list 92
15:13:15 nid00040 SmartSim[81358] INFO Consuming list 92
Consuming list 93
15:13:17 nid00040 SmartSim[81358] INFO Consuming list 93
Consuming list 94
15:13:18 nid00040 SmartSim[81358] INFO Consuming list 94
Consuming list 95
15:13:19 nid00040 SmartSim[81358] INFO Consuming list 95
Consuming list 96
15:13:20 nid00040 SmartSim[81358] INFO Consuming list 96
Consuming list 97
15:13:21 nid00040 SmartSim[81358] INFO Consuming list 97
Consuming list 98
15:13:22 nid00040 SmartSim[81358] INFO Consuming list 98
Consuming list 99
15:13:23 nid00040 SmartSim[81358] INFO Consuming list 99
15:13:24 nid00040 SmartSim[81358] INFO Finished aggregation scaling py consumer.

Finished aggregation scaling py consumer.

