----------   Running  Command   ---------- 

COMMAND: /lus/cls01029/richaama/smartsim-scaling/SmartSim/smartsim/_core/bin/redis-server /lus/cls01029/richaama/smartsim-scaling/SmartSim/smartsim/_core/config/redis.conf --loadmodule /lus/cls01029/richaama/smartsim-scaling/SmartSim/smartsim/_core/lib/redisai.so --port 6780 --cluster-enabled yes --cluster-config-file nodes-orchestrator_4-6780.conf --bind 10.128.1.23 --bind-source-addr 10.128.1.23

IPADDRESS: 10.128.1.23

NETWORK: ipogif0

------------------------------ 


----------   Output   ---------- 


53636:C 20 Jul 2023 14:29:52.110 # oO0OoO0OoO0Oo Redis is starting oO0OoO0OoO0Oo
53636:C 20 Jul 2023 14:29:52.110 # Redis version=7.0.5, bits=64, commit=1571907e, modified=0, pid=53636, just started
53636:C 20 Jul 2023 14:29:52.110 # Configuration loaded
53636:M 20 Jul 2023 14:29:52.110 * monotonic clock: POSIX clock_gettime
53636:M 20 Jul 2023 14:29:52.113 * No cluster configuration found, I'm 86b0e33238ca6ce506c18c6259c203c2e4306fbc
----------   Running  Command   ---------- 

COMMAND: /lus/cls01029/richaama/smartsim-scaling/SmartSim/smartsim/_core/bin/redis-server /lus/cls01029/richaama/smartsim-scaling/SmartSim/smartsim/_core/config/redis.conf --loadmodule /lus/cls01029/richaama/smartsim-scaling/SmartSim/smartsim/_core/lib/redisai.so --port 6780 --cluster-enabled yes --cluster-config-file nodes-orchestrator_11-6780.conf --bind 10.128.1.30 --bind-source-addr 10.128.1.30

IPADDRESS: 10.128.1.30

NETWORK: ipogif0

------------------------------ 


----------   Output   ---------- 


----------   Running  Command   ---------- 

COMMAND: /lus/cls01029/richaama/smartsim-scaling/SmartSim/smartsim/_core/bin/redis-server /lus/cls01029/richaama/smartsim-scaling/SmartSim/smartsim/_core/config/redis.conf --loadmodule /lus/cls01029/richaama/smartsim-scaling/SmartSim/smartsim/_core/lib/redisai.so --port 6780 --cluster-enabled yes --cluster-config-file nodes-orchestrator_10-6780.conf --bind 10.128.1.29 --bind-source-addr 10.128.1.29

IPADDRESS: 10.128.1.29

NETWORK: ipogif0

------------------------------ 


----------   Output   ---------- 


52802:C 20 Jul 2023 14:29:52.127 # oO0OoO0OoO0Oo Redis is starting oO0OoO0OoO0Oo
52802:C 20 Jul 2023 14:29:52.127 # Redis version=7.0.5, bits=64, commit=1571907e, modified=0, pid=52802, just started
52802:C 20 Jul 2023 14:29:52.127 # Configuration loaded
52802:M 20 Jul 2023 14:29:52.127 * monotonic clock: POSIX clock_gettime
52802:M 20 Jul 2023 14:29:52.130 * No cluster configuration found, I'm 0bcb05817bb18cf137c8d1837a21e00cf8d83d29
53242:C 20 Jul 2023 14:29:52.134 # oO0OoO0OoO0Oo Redis is starting oO0OoO0OoO0Oo
53242:C 20 Jul 2023 14:29:52.134 # Redis version=7.0.5, bits=64, commit=1571907e, modified=0, pid=53242, just started
53242:C 20 Jul 2023 14:29:52.134 # Configuration loaded
53242:M 20 Jul 2023 14:29:52.134 * monotonic clock: POSIX clock_gettime
53242:M 20 Jul 2023 14:29:52.137 * No cluster configuration found, I'm 435416cabfbb82c779a8f0b17e29ed5d9a7d1871
----------   Running  Command   ---------- 

COMMAND: /lus/cls01029/richaama/smartsim-scaling/SmartSim/smartsim/_core/bin/redis-server /lus/cls01029/richaama/smartsim-scaling/SmartSim/smartsim/_core/config/redis.conf --loadmodule /lus/cls01029/richaama/smartsim-scaling/SmartSim/smartsim/_core/lib/redisai.so --port 6780 --cluster-enabled yes --cluster-config-file nodes-orchestrator_5-6780.conf --bind 10.128.1.24 --bind-source-addr 10.128.1.24

IPADDRESS: 10.128.1.24

NETWORK: ipogif0

------------------------------ 


----------   Output   ---------- 


53873:C 20 Jul 2023 14:29:52.154 # oO0OoO0OoO0Oo Redis is starting oO0OoO0OoO0Oo
53873:C 20 Jul 2023 14:29:52.154 # Redis version=7.0.5, bits=64, commit=1571907e, modified=0, pid=53873, just started
53873:C 20 Jul 2023 14:29:52.154 # Configuration loaded
53873:M 20 Jul 2023 14:29:52.155 * monotonic clock: POSIX clock_gettime
53873:M 20 Jul 2023 14:29:52.157 * No cluster configuration found, I'm d308a7acfa76f444a875c591c577aff76b14459a
                _._
           _.-``__ ''-._
      _.-``    `.  `_.  ''-._           Redis 7.0.5 (1571907e/0) 64 bit
  .-`` .-```.  ```\/    _.,_ ''-._
 (    '      ,       .-`  | `,    )     Running in cluster mode
 |`-._`-...-` __...-.``-._|'` _.-'|     Port: 6780
 |    `-._   `._    /     _.-'    |     PID: 52802
  `-._    `-._  `-./  _.-'    _.-'
 |`-._`-._    `-.__.-'    _.-'_.-'|
 |    `-._`-._        _.-'_.-'    |           https://redis.io
  `-._    `-._`-.__.-'_.-'    _.-'
 |`-._`-._    `-.__.-'    _.-'_.-'|
 |    `-._`-._        _.-'_.-'    |
  `-._    `-._`-.__.-'_.-'    _.-'
      `-._    `-.__.-'    _.-'
          `-._        _.-'
              `-.__.-'

52802:M 20 Jul 2023 14:29:52.211 # Server initialized
52802:M 20 Jul 2023 14:29:52.211 # WARNING overcommit_memory is set to 0! Background save may fail under low memory condition. To fix this issue add 'vm.overcommit_memory = 1' to /etc/sysctl.conf and then reboot or run the command 'sysctl vm.overcommit_memory=1' for this to take effect.
                _._
           _.-``__ ''-._
      _.-``    `.  `_.  ''-._           Redis 7.0.5 (1571907e/0) 64 bit
  .-`` .-```.  ```\/    _.,_ ''-._
 (    '      ,       .-`  | `,    )     Running in cluster mode
 |`-._`-...-` __...-.``-._|'` _.-'|     Port: 6780
 |    `-._   `._    /     _.-'    |     PID: 53242
  `-._    `-._  `-./  _.-'    _.-'
 |`-._`-._    `-.__.-'    _.-'_.-'|
 |    `-._`-._        _.-'_.-'    |           https://redis.io
  `-._    `-._`-.__.-'_.-'    _.-'
                _._
 |`-._`-._    `-.__.-'    _.-'_.-'|
           _.-``__ ''-._
 |    `-._`-._        _.-'_.-'    |
      _.-``    `.  `_.  ''-._           Redis 7.0.5 (1571907e/0) 64 bit
  `-._    `-._`-.__.-'_.-'    _.-'
  .-`` .-```.  ```\/    _.,_ ''-._
      `-._    `-.__.-'    _.-'
 (    '      ,       .-`  | `,    )     Running in cluster mode
          `-._        _.-'
 |`-._`-...-` __...-.``-._|'` _.-'|     Port: 6780
              `-.__.-'
 |    `-._   `._    /     _.-'    |     PID: 53636

  `-._    `-._  `-./  _.-'    _.-'
53242:M 20 Jul 2023 14:29:52.212 # Server initialized
 |`-._`-._    `-.__.-'    _.-'_.-'|
53242:M 20 Jul 2023 14:29:52.212 # WARNING overcommit_memory is set to 0! Background save may fail under low memory condition. To fix this issue add 'vm.overcommit_memory = 1' to /etc/sysctl.conf and then reboot or run the command 'sysctl vm.overcommit_memory=1' for this to take effect.
 |    `-._`-._        _.-'_.-'    |           https://redis.io
  `-._    `-._`-.__.-'_.-'    _.-'
 |`-._`-._    `-.__.-'    _.-'_.-'|
 |    `-._`-._        _.-'_.-'    |
  `-._    `-._`-.__.-'_.-'    _.-'
      `-._    `-.__.-'    _.-'
          `-._        _.-'
              `-.__.-'

53636:M 20 Jul 2023 14:29:52.212 # Server initialized
53636:M 20 Jul 2023 14:29:52.212 # WARNING overcommit_memory is set to 0! Background save may fail under low memory condition. To fix this issue add 'vm.overcommit_memory = 1' to /etc/sysctl.conf and then reboot or run the command 'sysctl vm.overcommit_memory=1' for this to take effect.
                _._
           _.-``__ ''-._
      _.-``    `.  `_.  ''-._           Redis 7.0.5 (1571907e/0) 64 bit
  .-`` .-```.  ```\/    _.,_ ''-._
 (    '      ,       .-`  | `,    )     Running in cluster mode
 |`-._`-...-` __...-.``-._|'` _.-'|     Port: 6780
 |    `-._   `._    /     _.-'    |     PID: 53873
  `-._    `-._  `-./  _.-'    _.-'
 |`-._`-._    `-.__.-'    _.-'_.-'|
 |    `-._`-._        _.-'_.-'    |           https://redis.io
  `-._    `-._`-.__.-'_.-'    _.-'
 |`-._`-._    `-.__.-'    _.-'_.-'|
 |    `-._`-._        _.-'_.-'    |
  `-._    `-._`-.__.-'_.-'    _.-'
      `-._    `-.__.-'    _.-'
          `-._        _.-'
              `-.__.-'

53873:M 20 Jul 2023 14:29:52.214 # Server initialized
53873:M 20 Jul 2023 14:29:52.214 # WARNING overcommit_memory is set to 0! Background save may fail under low memory condition. To fix this issue add 'vm.overcommit_memory = 1' to /etc/sysctl.conf and then reboot or run the command 'sysctl vm.overcommit_memory=1' for this to take effect.
52802:M 20 Jul 2023 14:29:52.214 * <ai> Redis version found by RedisAI: 7.0.5 - oss
52802:M 20 Jul 2023 14:29:52.214 * <ai> RedisAI version 10207, git_sha=1bf38d86233ba06e1350ca9de794df2b07cdb274
52802:M 20 Jul 2023 14:29:52.214 * Module 'ai' loaded from /lus/cls01029/richaama/smartsim-scaling/SmartSim/smartsim/_core/lib/redisai.so
52802:M 20 Jul 2023 14:29:52.215 * Ready to accept connections
53873:M 20 Jul 2023 14:29:52.216 * <ai> Redis version found by RedisAI: 7.0.5 - oss
53636:M 20 Jul 2023 14:29:52.215 * <ai> Redis version found by RedisAI: 7.0.5 - oss
53873:M 20 Jul 2023 14:29:52.216 * <ai> RedisAI version 10207, git_sha=1bf38d86233ba06e1350ca9de794df2b07cdb274
53242:M 20 Jul 2023 14:29:52.215 * <ai> Redis version found by RedisAI: 7.0.5 - oss
53636:M 20 Jul 2023 14:29:52.215 * <ai> RedisAI version 10207, git_sha=1bf38d86233ba06e1350ca9de794df2b07cdb274
53873:M 20 Jul 2023 14:29:52.217 * Module 'ai' loaded from /lus/cls01029/richaama/smartsim-scaling/SmartSim/smartsim/_core/lib/redisai.so
53242:M 20 Jul 2023 14:29:52.215 * <ai> RedisAI version 10207, git_sha=1bf38d86233ba06e1350ca9de794df2b07cdb274
53636:M 20 Jul 2023 14:29:52.216 * Module 'ai' loaded from /lus/cls01029/richaama/smartsim-scaling/SmartSim/smartsim/_core/lib/redisai.so
53873:M 20 Jul 2023 14:29:52.217 * Ready to accept connections
53242:M 20 Jul 2023 14:29:52.215 * Module 'ai' loaded from /lus/cls01029/richaama/smartsim-scaling/SmartSim/smartsim/_core/lib/redisai.so
53636:M 20 Jul 2023 14:29:52.216 * Ready to accept connections
53242:M 20 Jul 2023 14:29:52.216 * Ready to accept connections
----------   Running  Command   ---------- 

COMMAND: /lus/cls01029/richaama/smartsim-scaling/SmartSim/smartsim/_core/bin/redis-server /lus/cls01029/richaama/smartsim-scaling/SmartSim/smartsim/_core/config/redis.conf --loadmodule /lus/cls01029/richaama/smartsim-scaling/SmartSim/smartsim/_core/lib/redisai.so --port 6780 --cluster-enabled yes --cluster-config-file nodes-orchestrator_6-6780.conf --bind 10.128.1.25 --bind-source-addr 10.128.1.25

IPADDRESS: 10.128.1.25

NETWORK: ipogif0

------------------------------ 


----------   Output   ---------- 


----------   Running  Command   ---------- 

COMMAND: /lus/cls01029/richaama/smartsim-scaling/SmartSim/smartsim/_core/bin/redis-server /lus/cls01029/richaama/smartsim-scaling/SmartSim/smartsim/_core/config/redis.conf --loadmodule /lus/cls01029/richaama/smartsim-scaling/SmartSim/smartsim/_core/lib/redisai.so --port 6780 --cluster-enabled yes --cluster-config-file nodes-orchestrator_2-6780.conf --bind 10.128.1.21 --bind-source-addr 10.128.1.21

IPADDRESS: 10.128.1.21

NETWORK: ipogif0

------------------------------ 


----------   Output   ---------- 


----------   Running  Command   ---------- 

COMMAND: /lus/cls01029/richaama/smartsim-scaling/SmartSim/smartsim/_core/bin/redis-server /lus/cls01029/richaama/smartsim-scaling/SmartSim/smartsim/_core/config/redis.conf --loadmodule /lus/cls01029/richaama/smartsim-scaling/SmartSim/smartsim/_core/lib/redisai.so --port 6780 --cluster-enabled yes --cluster-config-file nodes-orchestrator_15-6780.conf --bind 10.128.1.34 --bind-source-addr 10.128.1.34

IPADDRESS: 10.128.1.34

----------   Running  Command   ---------- 
NETWORK: ipogif0


COMMAND: /lus/cls01029/richaama/smartsim-scaling/SmartSim/smartsim/_core/bin/redis-server /lus/cls01029/richaama/smartsim-scaling/SmartSim/smartsim/_core/config/redis.conf --loadmodule /lus/cls01029/richaama/smartsim-scaling/SmartSim/smartsim/_core/lib/redisai.so --port 6780 --cluster-enabled yes --cluster-config-file nodes-orchestrator_7-6780.conf --bind 10.128.1.26 --bind-source-addr 10.128.1.26
------------------------------ 
----------   Running  Command   ---------- 



IPADDRESS: 10.128.1.26

COMMAND: /lus/cls01029/richaama/smartsim-scaling/SmartSim/smartsim/_core/bin/redis-server /lus/cls01029/richaama/smartsim-scaling/SmartSim/smartsim/_core/config/redis.conf --loadmodule /lus/cls01029/richaama/smartsim-scaling/SmartSim/smartsim/_core/lib/redisai.so --port 6780 --cluster-enabled yes --cluster-config-file nodes-orchestrator_12-6780.conf --bind 10.128.1.31 --bind-source-addr 10.128.1.31

----------   Output   ---------- 

NETWORK: ipogif0

IPADDRESS: 10.128.1.31



------------------------------ 
NETWORK: ipogif0



------------------------------ 
----------   Output   ---------- 




----------   Output   ---------- 


53197:C 20 Jul 2023 14:29:52.363 # oO0OoO0OoO0Oo Redis is starting oO0OoO0OoO0Oo
53197:C 20 Jul 2023 14:29:52.363 # Redis version=7.0.5, bits=64, commit=1571907e, modified=0, pid=53197, just started
53197:C 20 Jul 2023 14:29:52.363 # Configuration loaded
53197:M 20 Jul 2023 14:29:52.363 * monotonic clock: POSIX clock_gettime
53197:M 20 Jul 2023 14:29:52.366 * No cluster configuration found, I'm ba8754091d7d4e9008355a521446f0376f8707b3
53711:C 20 Jul 2023 14:29:52.369 # oO0OoO0OoO0Oo Redis is starting oO0OoO0OoO0Oo
53711:C 20 Jul 2023 14:29:52.369 # Redis version=7.0.5, bits=64, commit=1571907e, modified=0, pid=53711, just started
53711:C 20 Jul 2023 14:29:52.369 # Configuration loaded
53711:M 20 Jul 2023 14:29:52.369 * monotonic clock: POSIX clock_gettime
53029:C 20 Jul 2023 14:29:52.370 # oO0OoO0OoO0Oo Redis is starting oO0OoO0OoO0Oo
53029:C 20 Jul 2023 14:29:52.370 # Redis version=7.0.5, bits=64, commit=1571907e, modified=0, pid=53029, just started
53029:C 20 Jul 2023 14:29:52.370 # Configuration loaded
53029:M 20 Jul 2023 14:29:52.371 * monotonic clock: POSIX clock_gettime
53711:M 20 Jul 2023 14:29:52.371 * No cluster configuration found, I'm 11fd149571053a871faa243566133c3f66c72b76
54743:C 20 Jul 2023 14:29:52.371 # oO0OoO0OoO0Oo Redis is starting oO0OoO0OoO0Oo
54743:C 20 Jul 2023 14:29:52.372 # Redis version=7.0.5, bits=64, commit=1571907e, modified=0, pid=54743, just started
54743:C 20 Jul 2023 14:29:52.372 # Configuration loaded
54743:M 20 Jul 2023 14:29:52.372 * monotonic clock: POSIX clock_gettime
53029:M 20 Jul 2023 14:29:52.373 * No cluster configuration found, I'm 24411d739f23bd24dcb232513fa459e9e31c285d
53269:C 20 Jul 2023 14:29:52.373 # oO0OoO0OoO0Oo Redis is starting oO0OoO0OoO0Oo
53269:C 20 Jul 2023 14:29:52.373 # Redis version=7.0.5, bits=64, commit=1571907e, modified=0, pid=53269, just started
53269:C 20 Jul 2023 14:29:52.373 # Configuration loaded
53269:M 20 Jul 2023 14:29:52.374 * monotonic clock: POSIX clock_gettime
54743:M 20 Jul 2023 14:29:52.374 * No cluster configuration found, I'm 2dbab8967248183a4b8228a5f35f9af366a4e1f7
53269:M 20 Jul 2023 14:29:52.375 * No cluster configuration found, I'm 06322b4f72d79a02e7e8bfdd44fa8b5746cda2cf
----------   Running  Command   ---------- 

COMMAND: /lus/cls01029/richaama/smartsim-scaling/SmartSim/smartsim/_core/bin/redis-server /lus/cls01029/richaama/smartsim-scaling/SmartSim/smartsim/_core/config/redis.conf --loadmodule /lus/cls01029/richaama/smartsim-scaling/SmartSim/smartsim/_core/lib/redisai.so --port 6780 --cluster-enabled yes --cluster-config-file nodes-orchestrator_8-6780.conf --bind 10.128.1.27 --bind-source-addr 10.128.1.27

IPADDRESS: 10.128.1.27

NETWORK: ipogif0

------------------------------ 


----------   Output   ---------- 


                _._
                _._
           _.-``__ ''-._
           _.-``__ ''-._
      _.-``    `.  `_.  ''-._           Redis 7.0.5 (1571907e/0) 64 bit
      _.-``    `.  `_.  ''-._           Redis 7.0.5 (1571907e/0) 64 bit
  .-`` .-```.  ```\/    _.,_ ''-._
  .-`` .-```.  ```\/    _.,_ ''-._
 (    '      ,       .-`  | `,    )     Running in cluster mode
 (    '      ,       .-`  | `,    )     Running in cluster mode
                _._
 |`-._`-...-` __...-.``-._|'` _.-'|     Port: 6780
 |`-._`-...-` __...-.``-._|'` _.-'|     Port: 6780
                _._
           _.-``__ ''-._
 |    `-._   `._    /     _.-'    |     PID: 53269
 |    `-._   `._    /     _.-'    |     PID: 53711
           _.-``__ ''-._
      _.-``    `.  `_.  ''-._           Redis 7.0.5 (1571907e/0) 64 bit
  `-._    `-._  `-./  _.-'    _.-'
  `-._    `-._  `-./  _.-'    _.-'
      _.-``    `.  `_.  ''-._           Redis 7.0.5 (1571907e/0) 64 bit
  .-`` .-```.  ```\/    _.,_ ''-._
 |`-._`-._    `-.__.-'    _.-'_.-'|
 |`-._`-._    `-.__.-'    _.-'_.-'|
  .-`` .-```.  ```\/    _.,_ ''-._
 (    '      ,       .-`  | `,    )     Running in cluster mode
 |    `-._`-._        _.-'_.-'    |           https://redis.io
 |    `-._`-._        _.-'_.-'    |           https://redis.io
 (    '      ,       .-`  | `,    )     Running in cluster mode
 |`-._`-...-` __...-.``-._|'` _.-'|     Port: 6780
  `-._    `-._`-.__.-'_.-'    _.-'
  `-._    `-._`-.__.-'_.-'    _.-'
 |`-._`-...-` __...-.``-._|'` _.-'|     Port: 6780
 |    `-._   `._    /     _.-'    |     PID: 54743
 |`-._`-._    `-.__.-'    _.-'_.-'|
 |`-._`-._    `-.__.-'    _.-'_.-'|
 |    `-._   `._    /     _.-'    |     PID: 53029
  `-._    `-._  `-./  _.-'    _.-'
 |    `-._`-._        _.-'_.-'    |
 |    `-._`-._        _.-'_.-'    |
  `-._    `-._  `-./  _.-'    _.-'
 |`-._`-._    `-.__.-'    _.-'_.-'|
  `-._    `-._`-.__.-'_.-'    _.-'
  `-._    `-._`-.__.-'_.-'    _.-'
 |`-._`-._    `-.__.-'    _.-'_.-'|
 |    `-._`-._        _.-'_.-'    |           https://redis.io
      `-._    `-.__.-'    _.-'
      `-._    `-.__.-'    _.-'
 |    `-._`-._        _.-'_.-'    |           https://redis.io
  `-._    `-._`-.__.-'_.-'    _.-'
          `-._        _.-'
          `-._        _.-'
  `-._    `-._`-.__.-'_.-'    _.-'
 |`-._`-._    `-.__.-'    _.-'_.-'|
              `-.__.-'
              `-.__.-'
 |`-._`-._    `-.__.-'    _.-'_.-'|
 |    `-._`-._        _.-'_.-'    |


 |    `-._`-._        _.-'_.-'    |
  `-._    `-._`-.__.-'_.-'    _.-'
53269:M 20 Jul 2023 14:29:52.416 # Server initialized
53711:M 20 Jul 2023 14:29:52.416 # Server initialized
  `-._    `-._`-.__.-'_.-'    _.-'
      `-._    `-.__.-'    _.-'
53269:M 20 Jul 2023 14:29:52.416 # WARNING overcommit_memory is set to 0! Background save may fail under low memory condition. To fix this issue add 'vm.overcommit_memory = 1' to /etc/sysctl.conf and then reboot or run the command 'sysctl vm.overcommit_memory=1' for this to take effect.
53711:M 20 Jul 2023 14:29:52.416 # WARNING overcommit_memory is set to 0! Background save may fail under low memory condition. To fix this issue add 'vm.overcommit_memory = 1' to /etc/sysctl.conf and then reboot or run the command 'sysctl vm.overcommit_memory=1' for this to take effect.
      `-._    `-.__.-'    _.-'
          `-._        _.-'
          `-._        _.-'
              `-.__.-'
              `-.__.-'


54743:M 20 Jul 2023 14:29:52.416 # Server initialized
53029:M 20 Jul 2023 14:29:52.416 # Server initialized
54743:M 20 Jul 2023 14:29:52.416 # WARNING overcommit_memory is set to 0! Background save may fail under low memory condition. To fix this issue add 'vm.overcommit_memory = 1' to /etc/sysctl.conf and then reboot or run the command 'sysctl vm.overcommit_memory=1' for this to take effect.
53029:M 20 Jul 2023 14:29:52.416 # WARNING overcommit_memory is set to 0! Background save may fail under low memory condition. To fix this issue add 'vm.overcommit_memory = 1' to /etc/sysctl.conf and then reboot or run the command 'sysctl vm.overcommit_memory=1' for this to take effect.
53184:C 20 Jul 2023 14:29:52.421 # oO0OoO0OoO0Oo Redis is starting oO0OoO0OoO0Oo
53184:C 20 Jul 2023 14:29:52.421 # Redis version=7.0.5, bits=64, commit=1571907e, modified=0, pid=53184, just started
53184:C 20 Jul 2023 14:29:52.421 # Configuration loaded
53184:M 20 Jul 2023 14:29:52.421 * monotonic clock: POSIX clock_gettime
53184:M 20 Jul 2023 14:29:52.424 * No cluster configuration found, I'm 052c046733fff61311cc32f6ae732605d034f28d
----------   Running  Command   ---------- 

COMMAND: /lus/cls01029/richaama/smartsim-scaling/SmartSim/smartsim/_core/bin/redis-server /lus/cls01029/richaama/smartsim-scaling/SmartSim/smartsim/_core/config/redis.conf --loadmodule /lus/cls01029/richaama/smartsim-scaling/SmartSim/smartsim/_core/lib/redisai.so --port 6780 --cluster-enabled yes --cluster-config-file nodes-orchestrator_13-6780.conf --bind 10.128.1.32 --bind-source-addr 10.128.1.32

IPADDRESS: 10.128.1.32

NETWORK: ipogif0

------------------------------ 


----------   Output   ---------- 


                _._
           _.-``__ ''-._
      _.-``    `.  `_.  ''-._           Redis 7.0.5 (1571907e/0) 64 bit
  .-`` .-```.  ```\/    _.,_ ''-._
 (    '      ,       .-`  | `,    )     Running in cluster mode
 |`-._`-...-` __...-.``-._|'` _.-'|     Port: 6780
 |    `-._   `._    /     _.-'    |     PID: 53197
  `-._    `-._  `-./  _.-'    _.-'
 |`-._`-._    `-.__.-'    _.-'_.-'|
 |    `-._`-._        _.-'_.-'    |           https://redis.io
  `-._    `-._`-.__.-'_.-'    _.-'
 |`-._`-._    `-.__.-'    _.-'_.-'|
 |    `-._`-._        _.-'_.-'    |
  `-._    `-._`-.__.-'_.-'    _.-'
      `-._    `-.__.-'    _.-'
          `-._        _.-'
              `-.__.-'

53197:M 20 Jul 2023 14:29:52.433 # Server initialized
53197:M 20 Jul 2023 14:29:52.433 # WARNING overcommit_memory is set to 0! Background save may fail under low memory condition. To fix this issue add 'vm.overcommit_memory = 1' to /etc/sysctl.conf and then reboot or run the command 'sysctl vm.overcommit_memory=1' for this to take effect.
----------   Running  Command   ---------- 

COMMAND: /lus/cls01029/richaama/smartsim-scaling/SmartSim/smartsim/_core/bin/redis-server /lus/cls01029/richaama/smartsim-scaling/SmartSim/smartsim/_core/config/redis.conf --loadmodule /lus/cls01029/richaama/smartsim-scaling/SmartSim/smartsim/_core/lib/redisai.so --port 6780 --cluster-enabled yes --cluster-config-file nodes-orchestrator_14-6780.conf --bind 10.128.1.33 --bind-source-addr 10.128.1.33

IPADDRESS: 10.128.1.33

NETWORK: ipogif0

------------------------------ 


----------   Output   ---------- 


                _._
           _.-``__ ''-._
      _.-``    `.  `_.  ''-._           Redis 7.0.5 (1571907e/0) 64 bit
  .-`` .-```.  ```\/    _.,_ ''-._
 (    '      ,       .-`  | `,    )     Running in cluster mode
 |`-._`-...-` __...-.``-._|'` _.-'|     Port: 6780
 |    `-._   `._    /     _.-'    |     PID: 53184
  `-._    `-._  `-./  _.-'    _.-'
 |`-._`-._    `-.__.-'    _.-'_.-'|
 |    `-._`-._        _.-'_.-'    |           https://redis.io
  `-._    `-._`-.__.-'_.-'    _.-'
 |`-._`-._    `-.__.-'    _.-'_.-'|
 |    `-._`-._        _.-'_.-'    |
  `-._    `-._`-.__.-'_.-'    _.-'
      `-._    `-.__.-'    _.-'
          `-._        _.-'
              `-.__.-'

53184:M 20 Jul 2023 14:29:52.439 # Server initialized
53184:M 20 Jul 2023 14:29:52.439 # WARNING overcommit_memory is set to 0! Background save may fail under low memory condition. To fix this issue add 'vm.overcommit_memory = 1' to /etc/sysctl.conf and then reboot or run the command 'sysctl vm.overcommit_memory=1' for this to take effect.
53399:C 20 Jul 2023 14:29:52.447 # oO0OoO0OoO0Oo Redis is starting oO0OoO0OoO0Oo
53399:C 20 Jul 2023 14:29:52.447 # Redis version=7.0.5, bits=64, commit=1571907e, modified=0, pid=53399, just started
53399:C 20 Jul 2023 14:29:52.447 # Configuration loaded
53399:M 20 Jul 2023 14:29:52.447 * monotonic clock: POSIX clock_gettime
53399:M 20 Jul 2023 14:29:52.450 * No cluster configuration found, I'm f83227355cc04dde179ad408584079f8897b3841
54325:C 20 Jul 2023 14:29:52.452 # oO0OoO0OoO0Oo Redis is starting oO0OoO0OoO0Oo
54325:C 20 Jul 2023 14:29:52.452 # Redis version=7.0.5, bits=64, commit=1571907e, modified=0, pid=54325, just started
54325:C 20 Jul 2023 14:29:52.452 # Configuration loaded
54325:M 20 Jul 2023 14:29:52.453 * monotonic clock: POSIX clock_gettime
----------   Running  Command   ---------- 

COMMAND: /lus/cls01029/richaama/smartsim-scaling/SmartSim/smartsim/_core/bin/redis-server /lus/cls01029/richaama/smartsim-scaling/SmartSim/smartsim/_core/config/redis.conf --loadmodule /lus/cls01029/richaama/smartsim-scaling/SmartSim/smartsim/_core/lib/redisai.so --port 6780 --cluster-enabled yes --cluster-config-file nodes-orchestrator_9-6780.conf --bind 10.128.1.28 --bind-source-addr 10.128.1.28

IPADDRESS: 10.128.1.28

NETWORK: ipogif0

------------------------------ 


----------   Output   ---------- 


54325:M 20 Jul 2023 14:29:52.455 * No cluster configuration found, I'm ac6a921266ea8325cdd8795f59171955633c4e72
                _._
           _.-``__ ''-._
      _.-``    `.  `_.  ''-._           Redis 7.0.5 (1571907e/0) 64 bit
  .-`` .-```.  ```\/    _.,_ ''-._
                _._
 (    '      ,       .-`  | `,    )     Running in cluster mode
           _.-``__ ''-._
 |`-._`-...-` __...-.``-._|'` _.-'|     Port: 6780
      _.-``    `.  `_.  ''-._           Redis 7.0.5 (1571907e/0) 64 bit
 |    `-._   `._    /     _.-'    |     PID: 53399
  .-`` .-```.  ```\/    _.,_ ''-._
  `-._    `-._  `-./  _.-'    _.-'
 (    '      ,       .-`  | `,    )     Running in cluster mode
 |`-._`-._    `-.__.-'    _.-'_.-'|
 |`-._`-...-` __...-.``-._|'` _.-'|     Port: 6780
 |    `-._`-._        _.-'_.-'    |           https://redis.io
 |    `-._   `._    /     _.-'    |     PID: 54325
  `-._    `-._`-.__.-'_.-'    _.-'
  `-._    `-._  `-./  _.-'    _.-'
 |`-._`-._    `-.__.-'    _.-'_.-'|
 |`-._`-._    `-.__.-'    _.-'_.-'|
 |    `-._`-._        _.-'_.-'    |
 |    `-._`-._        _.-'_.-'    |           https://redis.io
  `-._    `-._`-.__.-'_.-'    _.-'
  `-._    `-._`-.__.-'_.-'    _.-'
      `-._    `-.__.-'    _.-'
 |`-._`-._    `-.__.-'    _.-'_.-'|
          `-._        _.-'
 |    `-._`-._        _.-'_.-'    |
              `-.__.-'
  `-._    `-._`-.__.-'_.-'    _.-'

      `-._    `-.__.-'    _.-'
53399:M 20 Jul 2023 14:29:52.459 # Server initialized
          `-._        _.-'
53399:M 20 Jul 2023 14:29:52.459 # WARNING overcommit_memory is set to 0! Background save may fail under low memory condition. To fix this issue add 'vm.overcommit_memory = 1' to /etc/sysctl.conf and then reboot or run the command 'sysctl vm.overcommit_memory=1' for this to take effect.
              `-.__.-'

54325:M 20 Jul 2023 14:29:52.459 # Server initialized
54325:M 20 Jul 2023 14:29:52.459 # WARNING overcommit_memory is set to 0! Background save may fail under low memory condition. To fix this issue add 'vm.overcommit_memory = 1' to /etc/sysctl.conf and then reboot or run the command 'sysctl vm.overcommit_memory=1' for this to take effect.
53029:M 20 Jul 2023 14:29:52.419 * <ai> Redis version found by RedisAI: 7.0.5 - oss
53029:M 20 Jul 2023 14:29:52.419 * <ai> RedisAI version 10207, git_sha=1bf38d86233ba06e1350ca9de794df2b07cdb274
53029:M 20 Jul 2023 14:29:52.420 * Module 'ai' loaded from /lus/cls01029/richaama/smartsim-scaling/SmartSim/smartsim/_core/lib/redisai.so
54743:M 20 Jul 2023 14:29:52.419 * <ai> Redis version found by RedisAI: 7.0.5 - oss
53029:M 20 Jul 2023 14:29:52.420 * Ready to accept connections
54743:M 20 Jul 2023 14:29:52.419 * <ai> RedisAI version 10207, git_sha=1bf38d86233ba06e1350ca9de794df2b07cdb274
54743:M 20 Jul 2023 14:29:52.419 * Module 'ai' loaded from /lus/cls01029/richaama/smartsim-scaling/SmartSim/smartsim/_core/lib/redisai.so
54743:M 20 Jul 2023 14:29:52.420 * Ready to accept connections
53711:M 20 Jul 2023 14:29:52.419 * <ai> Redis version found by RedisAI: 7.0.5 - oss
53269:M 20 Jul 2023 14:29:52.420 * <ai> Redis version found by RedisAI: 7.0.5 - oss
53711:M 20 Jul 2023 14:29:52.419 * <ai> RedisAI version 10207, git_sha=1bf38d86233ba06e1350ca9de794df2b07cdb274
53269:M 20 Jul 2023 14:29:52.420 * <ai> RedisAI version 10207, git_sha=1bf38d86233ba06e1350ca9de794df2b07cdb274
53711:M 20 Jul 2023 14:29:52.419 * Module 'ai' loaded from /lus/cls01029/richaama/smartsim-scaling/SmartSim/smartsim/_core/lib/redisai.so
53269:M 20 Jul 2023 14:29:52.420 * Module 'ai' loaded from /lus/cls01029/richaama/smartsim-scaling/SmartSim/smartsim/_core/lib/redisai.so
53711:M 20 Jul 2023 14:29:52.420 * Ready to accept connections
53269:M 20 Jul 2023 14:29:52.421 * Ready to accept connections
71698:C 20 Jul 2023 14:29:52.468 # oO0OoO0OoO0Oo Redis is starting oO0OoO0OoO0Oo
71698:C 20 Jul 2023 14:29:52.468 # Redis version=7.0.5, bits=64, commit=1571907e, modified=0, pid=71698, just started
71698:C 20 Jul 2023 14:29:52.468 # Configuration loaded
71698:M 20 Jul 2023 14:29:52.468 * monotonic clock: POSIX clock_gettime
71698:M 20 Jul 2023 14:29:52.471 * No cluster configuration found, I'm 4a9820f25a19a7ff9c26496accc200a4bf3ce58d
                _._
           _.-``__ ''-._
      _.-``    `.  `_.  ''-._           Redis 7.0.5 (1571907e/0) 64 bit
  .-`` .-```.  ```\/    _.,_ ''-._
 (    '      ,       .-`  | `,    )     Running in cluster mode
 |`-._`-...-` __...-.``-._|'` _.-'|     Port: 6780
 |    `-._   `._    /     _.-'    |     PID: 71698
  `-._    `-._  `-./  _.-'    _.-'
 |`-._`-._    `-.__.-'    _.-'_.-'|
 |    `-._`-._        _.-'_.-'    |           https://redis.io
  `-._    `-._`-.__.-'_.-'    _.-'
 |`-._`-._    `-.__.-'    _.-'_.-'|
 |    `-._`-._        _.-'_.-'    |
  `-._    `-._`-.__.-'_.-'    _.-'
      `-._    `-.__.-'    _.-'
          `-._        _.-'
              `-.__.-'

71698:M 20 Jul 2023 14:29:52.475 # Server initialized
71698:M 20 Jul 2023 14:29:52.475 # WARNING overcommit_memory is set to 0! Background save may fail under low memory condition. To fix this issue add 'vm.overcommit_memory = 1' to /etc/sysctl.conf and then reboot or run the command 'sysctl vm.overcommit_memory=1' for this to take effect.
53197:M 20 Jul 2023 14:29:52.438 * <ai> Redis version found by RedisAI: 7.0.5 - oss
53197:M 20 Jul 2023 14:29:52.438 * <ai> RedisAI version 10207, git_sha=1bf38d86233ba06e1350ca9de794df2b07cdb274
53197:M 20 Jul 2023 14:29:52.439 * Module 'ai' loaded from /lus/cls01029/richaama/smartsim-scaling/SmartSim/smartsim/_core/lib/redisai.so
53197:M 20 Jul 2023 14:29:52.440 * Ready to accept connections
53184:M 20 Jul 2023 14:29:52.443 * <ai> Redis version found by RedisAI: 7.0.5 - oss
53184:M 20 Jul 2023 14:29:52.443 * <ai> RedisAI version 10207, git_sha=1bf38d86233ba06e1350ca9de794df2b07cdb274
53184:M 20 Jul 2023 14:29:52.444 * Module 'ai' loaded from /lus/cls01029/richaama/smartsim-scaling/SmartSim/smartsim/_core/lib/redisai.so
53184:M 20 Jul 2023 14:29:52.444 * Ready to accept connections
53399:M 20 Jul 2023 14:29:52.463 * <ai> Redis version found by RedisAI: 7.0.5 - oss
53399:M 20 Jul 2023 14:29:52.463 * <ai> RedisAI version 10207, git_sha=1bf38d86233ba06e1350ca9de794df2b07cdb274
53399:M 20 Jul 2023 14:29:52.463 * Module 'ai' loaded from /lus/cls01029/richaama/smartsim-scaling/SmartSim/smartsim/_core/lib/redisai.so
53399:M 20 Jul 2023 14:29:52.464 * Ready to accept connections
54325:M 20 Jul 2023 14:29:52.462 * <ai> Redis version found by RedisAI: 7.0.5 - oss
54325:M 20 Jul 2023 14:29:52.462 * <ai> RedisAI version 10207, git_sha=1bf38d86233ba06e1350ca9de794df2b07cdb274
54325:M 20 Jul 2023 14:29:52.463 * Module 'ai' loaded from /lus/cls01029/richaama/smartsim-scaling/SmartSim/smartsim/_core/lib/redisai.so
54325:M 20 Jul 2023 14:29:52.463 * Ready to accept connections
71698:M 20 Jul 2023 14:29:52.480 * <ai> Redis version found by RedisAI: 7.0.5 - oss
71698:M 20 Jul 2023 14:29:52.480 * <ai> RedisAI version 10207, git_sha=1bf38d86233ba06e1350ca9de794df2b07cdb274
71698:M 20 Jul 2023 14:29:52.481 * Module 'ai' loaded from /lus/cls01029/richaama/smartsim-scaling/SmartSim/smartsim/_core/lib/redisai.so
71698:M 20 Jul 2023 14:29:52.482 * Ready to accept connections
----------   Running  Command   ---------- 

COMMAND: /lus/cls01029/richaama/smartsim-scaling/SmartSim/smartsim/_core/bin/redis-server /lus/cls01029/richaama/smartsim-scaling/SmartSim/smartsim/_core/config/redis.conf --loadmodule /lus/cls01029/richaama/smartsim-scaling/SmartSim/smartsim/_core/lib/redisai.so --port 6780 --cluster-enabled yes --cluster-config-file nodes-orchestrator_3-6780.conf --bind 10.128.1.22 --bind-source-addr 10.128.1.22

IPADDRESS: 10.128.1.22

NETWORK: ipogif0

------------------------------ 


----------   Output   ---------- 


54369:C 20 Jul 2023 14:29:52.638 # oO0OoO0OoO0Oo Redis is starting oO0OoO0OoO0Oo
54369:C 20 Jul 2023 14:29:52.639 # Redis version=7.0.5, bits=64, commit=1571907e, modified=0, pid=54369, just started
54369:C 20 Jul 2023 14:29:52.639 # Configuration loaded
54369:M 20 Jul 2023 14:29:52.639 * monotonic clock: POSIX clock_gettime
54369:M 20 Jul 2023 14:29:52.641 * No cluster configuration found, I'm 42602940724c54aeb2b32c2ea1d38c0f8aca4bc7
                _._
           _.-``__ ''-._
      _.-``    `.  `_.  ''-._           Redis 7.0.5 (1571907e/0) 64 bit
  .-`` .-```.  ```\/    _.,_ ''-._
 (    '      ,       .-`  | `,    )     Running in cluster mode
 |`-._`-...-` __...-.``-._|'` _.-'|     Port: 6780
 |    `-._   `._    /     _.-'    |     PID: 54369
  `-._    `-._  `-./  _.-'    _.-'
 |`-._`-._    `-.__.-'    _.-'_.-'|
 |    `-._`-._        _.-'_.-'    |           https://redis.io
  `-._    `-._`-.__.-'_.-'    _.-'
 |`-._`-._    `-.__.-'    _.-'_.-'|
 |    `-._`-._        _.-'_.-'    |
  `-._    `-._`-.__.-'_.-'    _.-'
      `-._    `-.__.-'    _.-'
          `-._        _.-'
              `-.__.-'

54369:M 20 Jul 2023 14:29:52.648 # Server initialized
54369:M 20 Jul 2023 14:29:52.648 # WARNING overcommit_memory is set to 0! Background save may fail under low memory condition. To fix this issue add 'vm.overcommit_memory = 1' to /etc/sysctl.conf and then reboot or run the command 'sysctl vm.overcommit_memory=1' for this to take effect.
54369:M 20 Jul 2023 14:29:52.653 * <ai> Redis version found by RedisAI: 7.0.5 - oss
54369:M 20 Jul 2023 14:29:52.653 * <ai> RedisAI version 10207, git_sha=1bf38d86233ba06e1350ca9de794df2b07cdb274
54369:M 20 Jul 2023 14:29:52.654 * Module 'ai' loaded from /lus/cls01029/richaama/smartsim-scaling/SmartSim/smartsim/_core/lib/redisai.so
54369:M 20 Jul 2023 14:29:52.655 * Ready to accept connections
----------   Running  Command   ---------- 

COMMAND: /lus/cls01029/richaama/smartsim-scaling/SmartSim/smartsim/_core/bin/redis-server /lus/cls01029/richaama/smartsim-scaling/SmartSim/smartsim/_core/config/redis.conf --loadmodule /lus/cls01029/richaama/smartsim-scaling/SmartSim/smartsim/_core/lib/redisai.so --port 6780 --cluster-enabled yes --cluster-config-file nodes-orchestrator_0-6780.conf --bind 10.128.1.19 --bind-source-addr 10.128.1.19

IPADDRESS: 10.128.1.19

NETWORK: ipogif0

------------------------------ 


----------   Output   ---------- 


93127:C 20 Jul 2023 14:29:52.712 # oO0OoO0OoO0Oo Redis is starting oO0OoO0OoO0Oo
93127:C 20 Jul 2023 14:29:52.712 # Redis version=7.0.5, bits=64, commit=1571907e, modified=0, pid=93127, just started
93127:C 20 Jul 2023 14:29:52.712 # Configuration loaded
93127:M 20 Jul 2023 14:29:52.712 * monotonic clock: POSIX clock_gettime
93127:M 20 Jul 2023 14:29:52.715 * No cluster configuration found, I'm b5f13c02656d9ba3b3a86f4c0d79903a2f7fec9d
                _._
           _.-``__ ''-._
      _.-``    `.  `_.  ''-._           Redis 7.0.5 (1571907e/0) 64 bit
  .-`` .-```.  ```\/    _.,_ ''-._
 (    '      ,       .-`  | `,    )     Running in cluster mode
 |`-._`-...-` __...-.``-._|'` _.-'|     Port: 6780
 |    `-._   `._    /     _.-'    |     PID: 93127
  `-._    `-._  `-./  _.-'    _.-'
 |`-._`-._    `-.__.-'    _.-'_.-'|
 |    `-._`-._        _.-'_.-'    |           https://redis.io
  `-._    `-._`-.__.-'_.-'    _.-'
 |`-._`-._    `-.__.-'    _.-'_.-'|
 |    `-._`-._        _.-'_.-'    |
  `-._    `-._`-.__.-'_.-'    _.-'
      `-._    `-.__.-'    _.-'
          `-._        _.-'
              `-.__.-'

93127:M 20 Jul 2023 14:29:52.721 # Server initialized
93127:M 20 Jul 2023 14:29:52.721 # WARNING overcommit_memory is set to 0! Background save may fail under low memory condition. To fix this issue add 'vm.overcommit_memory = 1' to /etc/sysctl.conf and then reboot or run the command 'sysctl vm.overcommit_memory=1' for this to take effect.
93127:M 20 Jul 2023 14:29:52.726 * <ai> Redis version found by RedisAI: 7.0.5 - oss
93127:M 20 Jul 2023 14:29:52.726 * <ai> RedisAI version 10207, git_sha=1bf38d86233ba06e1350ca9de794df2b07cdb274
93127:M 20 Jul 2023 14:29:52.726 * Module 'ai' loaded from /lus/cls01029/richaama/smartsim-scaling/SmartSim/smartsim/_core/lib/redisai.so
93127:M 20 Jul 2023 14:29:52.727 * Ready to accept connections
----------   Running  Command   ---------- 

COMMAND: /lus/cls01029/richaama/smartsim-scaling/SmartSim/smartsim/_core/bin/redis-server /lus/cls01029/richaama/smartsim-scaling/SmartSim/smartsim/_core/config/redis.conf --loadmodule /lus/cls01029/richaama/smartsim-scaling/SmartSim/smartsim/_core/lib/redisai.so --port 6780 --cluster-enabled yes --cluster-config-file nodes-orchestrator_1-6780.conf --bind 10.128.1.20 --bind-source-addr 10.128.1.20

IPADDRESS: 10.128.1.20

NETWORK: ipogif0

------------------------------ 


----------   Output   ---------- 


74274:C 20 Jul 2023 14:29:52.902 # oO0OoO0OoO0Oo Redis is starting oO0OoO0OoO0Oo
74274:C 20 Jul 2023 14:29:52.902 # Redis version=7.0.5, bits=64, commit=1571907e, modified=0, pid=74274, just started
74274:C 20 Jul 2023 14:29:52.902 # Configuration loaded
74274:M 20 Jul 2023 14:29:52.902 * monotonic clock: POSIX clock_gettime
74274:M 20 Jul 2023 14:29:52.906 * No cluster configuration found, I'm 4867ccadae5ef04fb791c176119507af08dc869d
                _._
           _.-``__ ''-._
      _.-``    `.  `_.  ''-._           Redis 7.0.5 (1571907e/0) 64 bit
  .-`` .-```.  ```\/    _.,_ ''-._
 (    '      ,       .-`  | `,    )     Running in cluster mode
 |`-._`-...-` __...-.``-._|'` _.-'|     Port: 6780
 |    `-._   `._    /     _.-'    |     PID: 74274
  `-._    `-._  `-./  _.-'    _.-'
 |`-._`-._    `-.__.-'    _.-'_.-'|
 |    `-._`-._        _.-'_.-'    |           https://redis.io
  `-._    `-._`-.__.-'_.-'    _.-'
 |`-._`-._    `-.__.-'    _.-'_.-'|
 |    `-._`-._        _.-'_.-'    |
  `-._    `-._`-.__.-'_.-'    _.-'
      `-._    `-.__.-'    _.-'
          `-._        _.-'
              `-.__.-'

74274:M 20 Jul 2023 14:29:52.976 # Server initialized
74274:M 20 Jul 2023 14:29:52.976 # WARNING overcommit_memory is set to 0! Background save may fail under low memory condition. To fix this issue add 'vm.overcommit_memory = 1' to /etc/sysctl.conf and then reboot or run the command 'sysctl vm.overcommit_memory=1' for this to take effect.
74274:M 20 Jul 2023 14:29:52.983 * <ai> Redis version found by RedisAI: 7.0.5 - oss
74274:M 20 Jul 2023 14:29:52.983 * <ai> RedisAI version 10207, git_sha=1bf38d86233ba06e1350ca9de794df2b07cdb274
74274:M 20 Jul 2023 14:29:52.984 * Module 'ai' loaded from /lus/cls01029/richaama/smartsim-scaling/SmartSim/smartsim/_core/lib/redisai.so
74274:M 20 Jul 2023 14:29:52.985 * Ready to accept connections
53636:M 20 Jul 2023 14:30:09.718 # configEpoch set to 1 via CLUSTER SET-CONFIG-EPOCH
52802:M 20 Jul 2023 14:30:09.719 # configEpoch set to 2 via CLUSTER SET-CONFIG-EPOCH
53242:M 20 Jul 2023 14:30:09.720 # configEpoch set to 3 via CLUSTER SET-CONFIG-EPOCH
53873:M 20 Jul 2023 14:30:09.721 # configEpoch set to 4 via CLUSTER SET-CONFIG-EPOCH
53197:M 20 Jul 2023 14:30:09.722 # configEpoch set to 5 via CLUSTER SET-CONFIG-EPOCH
53269:M 20 Jul 2023 14:30:09.723 # configEpoch set to 6 via CLUSTER SET-CONFIG-EPOCH
54743:M 20 Jul 2023 14:30:09.724 # configEpoch set to 7 via CLUSTER SET-CONFIG-EPOCH
53711:M 20 Jul 2023 14:30:09.725 # configEpoch set to 8 via CLUSTER SET-CONFIG-EPOCH
53029:M 20 Jul 2023 14:30:09.726 # configEpoch set to 9 via CLUSTER SET-CONFIG-EPOCH
53184:M 20 Jul 2023 14:30:09.728 # configEpoch set to 10 via CLUSTER SET-CONFIG-EPOCH
53399:M 20 Jul 2023 14:30:09.729 # configEpoch set to 11 via CLUSTER SET-CONFIG-EPOCH
54325:M 20 Jul 2023 14:30:09.730 # configEpoch set to 12 via CLUSTER SET-CONFIG-EPOCH
71698:M 20 Jul 2023 14:30:09.731 # configEpoch set to 13 via CLUSTER SET-CONFIG-EPOCH
54369:M 20 Jul 2023 14:30:09.732 # configEpoch set to 14 via CLUSTER SET-CONFIG-EPOCH
93127:M 20 Jul 2023 14:30:09.733 # configEpoch set to 15 via CLUSTER SET-CONFIG-EPOCH
74274:M 20 Jul 2023 14:30:09.734 # configEpoch set to 16 via CLUSTER SET-CONFIG-EPOCH
53636:M 20 Jul 2023 14:30:09.754 # IP address for this node updated to 10.128.1.23
52802:M 20 Jul 2023 14:30:09.755 # IP address for this node updated to 10.128.1.30
53873:M 20 Jul 2023 14:30:09.856 # IP address for this node updated to 10.128.1.24
93127:M 20 Jul 2023 14:30:09.856 # IP address for this node updated to 10.128.1.19
53197:M 20 Jul 2023 14:30:09.856 # IP address for this node updated to 10.128.1.25
53184:M 20 Jul 2023 14:30:09.856 # IP address for this node updated to 10.128.1.27
74274:M 20 Jul 2023 14:30:09.856 # IP address for this node updated to 10.128.1.20
54369:M 20 Jul 2023 14:30:09.856 # IP address for this node updated to 10.128.1.22
71698:M 20 Jul 2023 14:30:09.856 # IP address for this node updated to 10.128.1.28
53399:M 20 Jul 2023 14:30:09.856 # IP address for this node updated to 10.128.1.32
54743:M 20 Jul 2023 14:30:09.856 # IP address for this node updated to 10.128.1.34
53269:M 20 Jul 2023 14:30:09.856 # IP address for this node updated to 10.128.1.21
53029:M 20 Jul 2023 14:30:09.856 # IP address for this node updated to 10.128.1.31
53242:M 20 Jul 2023 14:30:09.856 # IP address for this node updated to 10.128.1.29
53711:M 20 Jul 2023 14:30:09.856 # IP address for this node updated to 10.128.1.26
54325:M 20 Jul 2023 14:30:09.856 # IP address for this node updated to 10.128.1.33
53636:M 20 Jul 2023 14:30:14.689 # Cluster state changed: ok
54369:M 20 Jul 2023 14:30:16.735 # Cluster state changed: ok
53242:M 20 Jul 2023 14:30:16.789 # Cluster state changed: ok
53029:M 20 Jul 2023 14:30:16.815 # Cluster state changed: ok
54743:M 20 Jul 2023 14:30:16.847 # Cluster state changed: ok
53399:M 20 Jul 2023 14:30:17.324 # Cluster state changed: ok
53873:M 20 Jul 2023 14:30:17.424 # Cluster state changed: ok
53269:M 20 Jul 2023 14:30:17.712 # Cluster state changed: ok
53184:M 20 Jul 2023 14:30:18.259 # Cluster state changed: ok
54325:M 20 Jul 2023 14:30:18.680 # Cluster state changed: ok
53197:M 20 Jul 2023 14:30:19.659 # Cluster state changed: ok
71698:M 20 Jul 2023 14:30:19.682 # Cluster state changed: ok
53711:M 20 Jul 2023 14:30:20.086 # Cluster state changed: ok
52802:M 20 Jul 2023 14:30:20.110 # Cluster state changed: ok
74274:M 20 Jul 2023 14:30:20.676 # Cluster state changed: ok
93127:M 20 Jul 2023 14:30:21.911 # Cluster state changed: ok
53029:signal-handler (1689882253) Received SIGTERM scheduling shutdown...
53029:signal-handler (1689882253) Received SIGTERM scheduling shutdown...
54369:signal-handler (1689882253) Received SIGTERM scheduling shutdown...
54369:signal-handler (1689882253) Received SIGTERM scheduling shutdown...
54325:signal-handler (1689882253) Received SIGTERM scheduling shutdown...
54325:signal-handler (1689882253) Received SIGTERM scheduling shutdown...
53242:signal-handler (1689882253) Received SIGTERM scheduling shutdown...
53242:signal-handler (1689882253) Received SIGTERM scheduling shutdown...
53242:signal-handler (1689882253) Received SIGTERM scheduling shutdown...
53711:signal-handler (1689882253) Received SIGTERM scheduling shutdown...
53711:signal-handler (1689882253) Received SIGTERM scheduling shutdown...
53636:signal-handler (1689882253) Received SIGTERM scheduling shutdown...
53269:signal-handler (1689882253) Received SIGTERM scheduling shutdown...
53636:signal-handler (1689882253) Received SIGTERM scheduling shutdown...
53399:signal-handler (1689882253) Received SIGTERM scheduling shutdown...
53269:signal-handler (1689882253) Received SIGTERM scheduling shutdown...
53399:signal-handler (1689882253) Received SIGTERM scheduling shutdown...
54743:signal-handler (1689882253) Received SIGTERM scheduling shutdown...
54743:signal-handler (1689882253) Received SIGTERM scheduling shutdown...
52802:signal-handler (1689882253) Received SIGTERM scheduling shutdown...
53184:signal-handler (1689882253) Received SIGTERM scheduling shutdown...
52802:signal-handler (1689882253) Received SIGTERM scheduling shutdown...
53184:signal-handler (1689882253) Received SIGTERM scheduling shutdown...
93127:signal-handler (1689882253) Received SIGTERM scheduling shutdown...
53197:signal-handler (1689882253) Received SIGTERM scheduling shutdown...
71698:signal-handler (1689882253) Received SIGTERM scheduling shutdown...
53873:signal-handler (1689882253) Received SIGTERM scheduling shutdown...
93127:signal-handler (1689882253) Received SIGTERM scheduling shutdown...
53197:signal-handler (1689882253) Received SIGTERM scheduling shutdown...
71698:signal-handler (1689882253) Received SIGTERM scheduling shutdown...
53873:signal-handler (1689882253) Received SIGTERM scheduling shutdown...
74274:signal-handler (1689882253) Received SIGTERM scheduling shutdown...
74274:signal-handler (1689882253) Received SIGTERM scheduling shutdown...
74274:signal-handler (1689882253) Received SIGTERM scheduling shutdown...
53184:M 20 Jul 2023 14:44:13.856 # User requested shutdown...
53184:M 20 Jul 2023 14:44:13.856 * <ai> Clearing resources on shutdown
53184:M 20 Jul 2023 14:44:13.856 * Removing the pid file.
53184:M 20 Jul 2023 14:44:13.857 # Redis is now ready to exit, bye bye...
