15:09:41 nid00024 SmartSim[84254] INFO Connecting clients
SmartRedis Library@15-09-41:WARNING: Environment variable SR_LOG_FILE is not set. Defaulting to stdout
SmartRedis Library@15-09-41:WARNING: Environment variable SR_LOG_LEVEL is not set. Defaulting to INFO
Connecting clients
Consuming list 0
15:09:41 nid00024 SmartSim[84254] INFO Consuming list 0
Consuming list 1
15:09:41 nid00024 SmartSim[84254] INFO Consuming list 1
Consuming list 2
15:09:41 nid00024 SmartSim[84254] INFO Consuming list 2
Consuming list 3
15:09:42 nid00024 SmartSim[84254] INFO Consuming list 3
Consuming list 4
15:09:43 nid00024 SmartSim[84254] INFO Consuming list 4
Consuming list 5
15:09:44 nid00024 SmartSim[84254] INFO Consuming list 5
Consuming list 6
15:09:45 nid00024 SmartSim[84254] INFO Consuming list 6
Consuming list 7
15:09:46 nid00024 SmartSim[84254] INFO Consuming list 7
Consuming list 8
15:09:47 nid00024 SmartSim[84254] INFO Consuming list 8
Consuming list 9
15:09:48 nid00024 SmartSim[84254] INFO Consuming list 9
Consuming list 10
15:09:49 nid00024 SmartSim[84254] INFO Consuming list 10
Consuming list 11
15:09:50 nid00024 SmartSim[84254] INFO Consuming list 11
Consuming list 12
15:09:51 nid00024 SmartSim[84254] INFO Consuming list 12
Consuming list 13
15:09:52 nid00024 SmartSim[84254] INFO Consuming list 13
Consuming list 14
15:09:53 nid00024 SmartSim[84254] INFO Consuming list 14
Consuming list 15
15:09:54 nid00024 SmartSim[84254] INFO Consuming list 15
Consuming list 16
15:09:55 nid00024 SmartSim[84254] INFO Consuming list 16
Consuming list 17
15:09:56 nid00024 SmartSim[84254] INFO Consuming list 17
Consuming list 18
15:09:57 nid00024 SmartSim[84254] INFO Consuming list 18
Consuming list 19
15:09:58 nid00024 SmartSim[84254] INFO Consuming list 19
Consuming list 20
15:09:59 nid00024 SmartSim[84254] INFO Consuming list 20
Consuming list 21
15:10:00 nid00024 SmartSim[84254] INFO Consuming list 21
Consuming list 22
15:10:01 nid00024 SmartSim[84254] INFO Consuming list 22
Consuming list 23
15:10:02 nid00024 SmartSim[84254] INFO Consuming list 23
Consuming list 24
15:10:03 nid00024 SmartSim[84254] INFO Consuming list 24
Consuming list 25
15:10:04 nid00024 SmartSim[84254] INFO Consuming list 25
Consuming list 26
15:10:05 nid00024 SmartSim[84254] INFO Consuming list 26
Consuming list 27
15:10:06 nid00024 SmartSim[84254] INFO Consuming list 27
Consuming list 28
15:10:07 nid00024 SmartSim[84254] INFO Consuming list 28
Consuming list 29
15:10:08 nid00024 SmartSim[84254] INFO Consuming list 29
Consuming list 30
15:10:09 nid00024 SmartSim[84254] INFO Consuming list 30
Consuming list 31
15:10:10 nid00024 SmartSim[84254] INFO Consuming list 31
Consuming list 32
15:10:11 nid00024 SmartSim[84254] INFO Consuming list 32
Consuming list 33
15:10:12 nid00024 SmartSim[84254] INFO Consuming list 33
Consuming list 34
15:10:13 nid00024 SmartSim[84254] INFO Consuming list 34
Consuming list 35
15:10:14 nid00024 SmartSim[84254] INFO Consuming list 35
Consuming list 36
15:10:15 nid00024 SmartSim[84254] INFO Consuming list 36
Consuming list 37
15:10:16 nid00024 SmartSim[84254] INFO Consuming list 37
Consuming list 38
15:10:17 nid00024 SmartSim[84254] INFO Consuming list 38
Consuming list 39
15:10:18 nid00024 SmartSim[84254] INFO Consuming list 39
Consuming list 40
15:10:19 nid00024 SmartSim[84254] INFO Consuming list 40
Consuming list 41
15:10:20 nid00024 SmartSim[84254] INFO Consuming list 41
Consuming list 42
15:10:21 nid00024 SmartSim[84254] INFO Consuming list 42
Consuming list 43
15:10:22 nid00024 SmartSim[84254] INFO Consuming list 43
Consuming list 44
15:10:23 nid00024 SmartSim[84254] INFO Consuming list 44
Consuming list 45
15:10:24 nid00024 SmartSim[84254] INFO Consuming list 45
Consuming list 46
15:10:25 nid00024 SmartSim[84254] INFO Consuming list 46
Consuming list 47
15:10:26 nid00024 SmartSim[84254] INFO Consuming list 47
Consuming list 48
15:10:27 nid00024 SmartSim[84254] INFO Consuming list 48
Consuming list 49
15:10:28 nid00024 SmartSim[84254] INFO Consuming list 49
Consuming list 50
15:10:29 nid00024 SmartSim[84254] INFO Consuming list 50
Consuming list 51
15:10:30 nid00024 SmartSim[84254] INFO Consuming list 51
Consuming list 52
15:10:31 nid00024 SmartSim[84254] INFO Consuming list 52
Consuming list 53
15:10:32 nid00024 SmartSim[84254] INFO Consuming list 53
Consuming list 54
15:10:33 nid00024 SmartSim[84254] INFO Consuming list 54
Consuming list 55
15:10:34 nid00024 SmartSim[84254] INFO Consuming list 55
Consuming list 56
15:10:35 nid00024 SmartSim[84254] INFO Consuming list 56
Consuming list 57
15:10:36 nid00024 SmartSim[84254] INFO Consuming list 57
Consuming list 58
15:10:37 nid00024 SmartSim[84254] INFO Consuming list 58
Consuming list 59
15:10:38 nid00024 SmartSim[84254] INFO Consuming list 59
Consuming list 60
15:10:39 nid00024 SmartSim[84254] INFO Consuming list 60
Consuming list 61
15:10:40 nid00024 SmartSim[84254] INFO Consuming list 61
Consuming list 62
15:10:41 nid00024 SmartSim[84254] INFO Consuming list 62
Consuming list 63
15:10:42 nid00024 SmartSim[84254] INFO Consuming list 63
Consuming list 64
15:10:43 nid00024 SmartSim[84254] INFO Consuming list 64
Consuming list 65
15:10:44 nid00024 SmartSim[84254] INFO Consuming list 65
Consuming list 66
15:10:45 nid00024 SmartSim[84254] INFO Consuming list 66
Consuming list 67
15:10:46 nid00024 SmartSim[84254] INFO Consuming list 67
Consuming list 68
15:10:47 nid00024 SmartSim[84254] INFO Consuming list 68
Consuming list 69
15:10:48 nid00024 SmartSim[84254] INFO Consuming list 69
Consuming list 70
15:10:49 nid00024 SmartSim[84254] INFO Consuming list 70
Consuming list 71
15:10:50 nid00024 SmartSim[84254] INFO Consuming list 71
Consuming list 72
15:10:51 nid00024 SmartSim[84254] INFO Consuming list 72
Consuming list 73
15:10:52 nid00024 SmartSim[84254] INFO Consuming list 73
Consuming list 74
15:10:53 nid00024 SmartSim[84254] INFO Consuming list 74
Consuming list 75
15:10:54 nid00024 SmartSim[84254] INFO Consuming list 75
Consuming list 76
15:10:55 nid00024 SmartSim[84254] INFO Consuming list 76
Consuming list 77
15:10:56 nid00024 SmartSim[84254] INFO Consuming list 77
Consuming list 78
15:10:57 nid00024 SmartSim[84254] INFO Consuming list 78
Consuming list 79
15:10:58 nid00024 SmartSim[84254] INFO Consuming list 79
Consuming list 80
15:10:59 nid00024 SmartSim[84254] INFO Consuming list 80
Consuming list 81
15:11:00 nid00024 SmartSim[84254] INFO Consuming list 81
Consuming list 82
15:11:01 nid00024 SmartSim[84254] INFO Consuming list 82
Consuming list 83
15:11:02 nid00024 SmartSim[84254] INFO Consuming list 83
Consuming list 84
15:11:03 nid00024 SmartSim[84254] INFO Consuming list 84
Consuming list 85
15:11:04 nid00024 SmartSim[84254] INFO Consuming list 85
Consuming list 86
15:11:05 nid00024 SmartSim[84254] INFO Consuming list 86
Consuming list 87
15:11:06 nid00024 SmartSim[84254] INFO Consuming list 87
Consuming list 88
15:11:07 nid00024 SmartSim[84254] INFO Consuming list 88
Consuming list 89
15:11:08 nid00024 SmartSim[84254] INFO Consuming list 89
Consuming list 90
15:11:09 nid00024 SmartSim[84254] INFO Consuming list 90
Consuming list 91
15:11:10 nid00024 SmartSim[84254] INFO Consuming list 91
Consuming list 92
15:11:11 nid00024 SmartSim[84254] INFO Consuming list 92
Consuming list 93
15:11:12 nid00024 SmartSim[84254] INFO Consuming list 93
Consuming list 94
15:11:13 nid00024 SmartSim[84254] INFO Consuming list 94
Consuming list 95
15:11:14 nid00024 SmartSim[84254] INFO Consuming list 95
Consuming list 96
15:11:15 nid00024 SmartSim[84254] INFO Consuming list 96
Consuming list 97
15:11:17 nid00024 SmartSim[84254] INFO Consuming list 97
Consuming list 98
15:11:18 nid00024 SmartSim[84254] INFO Consuming list 98
Consuming list 99
15:11:18 nid00024 SmartSim[84254] INFO Consuming list 99
15:11:20 nid00024 SmartSim[84254] INFO Finished aggregation scaling py consumer.

Finished aggregation scaling py consumer.

