14:54:25 nid00008 SmartSim[38609] INFO Connecting clients
SmartRedis Library@14-54-25:WARNING: Environment variable SR_LOG_FILE is not set. Defaulting to stdout
SmartRedis Library@14-54-25:WARNING: Environment variable SR_LOG_LEVEL is not set. Defaulting to INFO
Connecting clients
Consuming list 0
14:54:25 nid00008 SmartSim[38609] INFO Consuming list 0
Consuming list 1
14:54:25 nid00008 SmartSim[38609] INFO Consuming list 1
Consuming list 2
14:54:25 nid00008 SmartSim[38609] INFO Consuming list 2
Consuming list 3
14:54:26 nid00008 SmartSim[38609] INFO Consuming list 3
Consuming list 4
14:54:27 nid00008 SmartSim[38609] INFO Consuming list 4
Consuming list 5
14:54:28 nid00008 SmartSim[38609] INFO Consuming list 5
Consuming list 6
14:54:29 nid00008 SmartSim[38609] INFO Consuming list 6
Consuming list 7
14:54:30 nid00008 SmartSim[38609] INFO Consuming list 7
Consuming list 8
14:54:31 nid00008 SmartSim[38609] INFO Consuming list 8
Consuming list 9
14:54:32 nid00008 SmartSim[38609] INFO Consuming list 9
Consuming list 10
14:54:33 nid00008 SmartSim[38609] INFO Consuming list 10
Consuming list 11
14:54:34 nid00008 SmartSim[38609] INFO Consuming list 11
Consuming list 12
14:54:35 nid00008 SmartSim[38609] INFO Consuming list 12
Consuming list 13
14:54:36 nid00008 SmartSim[38609] INFO Consuming list 13
Consuming list 14
14:54:37 nid00008 SmartSim[38609] INFO Consuming list 14
Consuming list 15
14:54:38 nid00008 SmartSim[38609] INFO Consuming list 15
Consuming list 16
14:54:39 nid00008 SmartSim[38609] INFO Consuming list 16
Consuming list 17
14:54:40 nid00008 SmartSim[38609] INFO Consuming list 17
Consuming list 18
14:54:41 nid00008 SmartSim[38609] INFO Consuming list 18
Consuming list 19
14:54:42 nid00008 SmartSim[38609] INFO Consuming list 19
Consuming list 20
14:54:43 nid00008 SmartSim[38609] INFO Consuming list 20
Consuming list 21
14:54:44 nid00008 SmartSim[38609] INFO Consuming list 21
Consuming list 22
14:54:45 nid00008 SmartSim[38609] INFO Consuming list 22
Consuming list 23
14:54:46 nid00008 SmartSim[38609] INFO Consuming list 23
Consuming list 24
14:54:47 nid00008 SmartSim[38609] INFO Consuming list 24
Consuming list 25
14:54:48 nid00008 SmartSim[38609] INFO Consuming list 25
Consuming list 26
14:54:49 nid00008 SmartSim[38609] INFO Consuming list 26
Consuming list 27
14:54:50 nid00008 SmartSim[38609] INFO Consuming list 27
Consuming list 28
14:54:51 nid00008 SmartSim[38609] INFO Consuming list 28
Consuming list 29
14:54:52 nid00008 SmartSim[38609] INFO Consuming list 29
Consuming list 30
14:54:53 nid00008 SmartSim[38609] INFO Consuming list 30
Consuming list 31
14:54:54 nid00008 SmartSim[38609] INFO Consuming list 31
Consuming list 32
14:54:55 nid00008 SmartSim[38609] INFO Consuming list 32
Consuming list 33
14:54:56 nid00008 SmartSim[38609] INFO Consuming list 33
Consuming list 34
14:54:57 nid00008 SmartSim[38609] INFO Consuming list 34
Consuming list 35
14:54:58 nid00008 SmartSim[38609] INFO Consuming list 35
Consuming list 36
14:54:59 nid00008 SmartSim[38609] INFO Consuming list 36
Consuming list 37
14:55:00 nid00008 SmartSim[38609] INFO Consuming list 37
Consuming list 38
14:55:01 nid00008 SmartSim[38609] INFO Consuming list 38
Consuming list 39
14:55:02 nid00008 SmartSim[38609] INFO Consuming list 39
Consuming list 40
14:55:03 nid00008 SmartSim[38609] INFO Consuming list 40
Consuming list 41
14:55:04 nid00008 SmartSim[38609] INFO Consuming list 41
Consuming list 42
14:55:05 nid00008 SmartSim[38609] INFO Consuming list 42
Consuming list 43
14:55:06 nid00008 SmartSim[38609] INFO Consuming list 43
Consuming list 44
14:55:07 nid00008 SmartSim[38609] INFO Consuming list 44
Consuming list 45
14:55:08 nid00008 SmartSim[38609] INFO Consuming list 45
Consuming list 46
14:55:09 nid00008 SmartSim[38609] INFO Consuming list 46
Consuming list 47
14:55:10 nid00008 SmartSim[38609] INFO Consuming list 47
Consuming list 48
14:55:11 nid00008 SmartSim[38609] INFO Consuming list 48
Consuming list 49
14:55:12 nid00008 SmartSim[38609] INFO Consuming list 49
Consuming list 50
14:55:13 nid00008 SmartSim[38609] INFO Consuming list 50
Consuming list 51
14:55:14 nid00008 SmartSim[38609] INFO Consuming list 51
Consuming list 52
14:55:15 nid00008 SmartSim[38609] INFO Consuming list 52
Consuming list 53
14:55:16 nid00008 SmartSim[38609] INFO Consuming list 53
Consuming list 54
14:55:17 nid00008 SmartSim[38609] INFO Consuming list 54
Consuming list 55
14:55:18 nid00008 SmartSim[38609] INFO Consuming list 55
Consuming list 56
14:55:19 nid00008 SmartSim[38609] INFO Consuming list 56
Consuming list 57
14:55:20 nid00008 SmartSim[38609] INFO Consuming list 57
Consuming list 58
14:55:21 nid00008 SmartSim[38609] INFO Consuming list 58
Consuming list 59
14:55:22 nid00008 SmartSim[38609] INFO Consuming list 59
Consuming list 60
14:55:23 nid00008 SmartSim[38609] INFO Consuming list 60
Consuming list 61
14:55:24 nid00008 SmartSim[38609] INFO Consuming list 61
Consuming list 62
14:55:25 nid00008 SmartSim[38609] INFO Consuming list 62
Consuming list 63
14:55:26 nid00008 SmartSim[38609] INFO Consuming list 63
Consuming list 64
14:55:27 nid00008 SmartSim[38609] INFO Consuming list 64
Consuming list 65
14:55:28 nid00008 SmartSim[38609] INFO Consuming list 65
Consuming list 66
14:55:29 nid00008 SmartSim[38609] INFO Consuming list 66
Consuming list 67
14:55:30 nid00008 SmartSim[38609] INFO Consuming list 67
Consuming list 68
14:55:31 nid00008 SmartSim[38609] INFO Consuming list 68
Consuming list 69
14:55:32 nid00008 SmartSim[38609] INFO Consuming list 69
Consuming list 70
14:55:33 nid00008 SmartSim[38609] INFO Consuming list 70
Consuming list 71
14:55:34 nid00008 SmartSim[38609] INFO Consuming list 71
Consuming list 72
14:55:35 nid00008 SmartSim[38609] INFO Consuming list 72
Consuming list 73
14:55:36 nid00008 SmartSim[38609] INFO Consuming list 73
Consuming list 74
14:55:37 nid00008 SmartSim[38609] INFO Consuming list 74
Consuming list 75
14:55:38 nid00008 SmartSim[38609] INFO Consuming list 75
Consuming list 76
14:55:39 nid00008 SmartSim[38609] INFO Consuming list 76
Consuming list 77
14:55:40 nid00008 SmartSim[38609] INFO Consuming list 77
Consuming list 78
14:55:41 nid00008 SmartSim[38609] INFO Consuming list 78
Consuming list 79
14:55:42 nid00008 SmartSim[38609] INFO Consuming list 79
Consuming list 80
14:55:43 nid00008 SmartSim[38609] INFO Consuming list 80
Consuming list 81
14:55:44 nid00008 SmartSim[38609] INFO Consuming list 81
Consuming list 82
14:55:45 nid00008 SmartSim[38609] INFO Consuming list 82
Consuming list 83
14:55:46 nid00008 SmartSim[38609] INFO Consuming list 83
Consuming list 84
14:55:47 nid00008 SmartSim[38609] INFO Consuming list 84
Consuming list 85
14:55:48 nid00008 SmartSim[38609] INFO Consuming list 85
Consuming list 86
14:55:49 nid00008 SmartSim[38609] INFO Consuming list 86
Consuming list 87
14:55:50 nid00008 SmartSim[38609] INFO Consuming list 87
Consuming list 88
14:55:51 nid00008 SmartSim[38609] INFO Consuming list 88
Consuming list 89
14:55:52 nid00008 SmartSim[38609] INFO Consuming list 89
Consuming list 90
14:55:53 nid00008 SmartSim[38609] INFO Consuming list 90
Consuming list 91
14:55:54 nid00008 SmartSim[38609] INFO Consuming list 91
Consuming list 92
14:55:55 nid00008 SmartSim[38609] INFO Consuming list 92
Consuming list 93
14:55:56 nid00008 SmartSim[38609] INFO Consuming list 93
Consuming list 94
14:55:57 nid00008 SmartSim[38609] INFO Consuming list 94
Consuming list 95
14:55:58 nid00008 SmartSim[38609] INFO Consuming list 95
Consuming list 96
14:55:59 nid00008 SmartSim[38609] INFO Consuming list 96
Consuming list 97
14:56:00 nid00008 SmartSim[38609] INFO Consuming list 97
Consuming list 98
14:56:01 nid00008 SmartSim[38609] INFO Consuming list 98
Consuming list 99
14:56:02 nid00008 SmartSim[38609] INFO Consuming list 99
14:56:03 nid00008 SmartSim[38609] INFO Finished aggregation scaling py consumer.

Finished aggregation scaling py consumer.

