----------   Running  Command   ---------- 
----------   Running  Command   ---------- 


COMMAND: /lus/cls01029/richaama/smartsim-scaling/SmartSim/smartsim/_core/bin/redis-server /lus/cls01029/richaama/smartsim-scaling/SmartSim/smartsim/_core/config/redis.conf --loadmodule /lus/cls01029/richaama/smartsim-scaling/SmartSim/smartsim/_core/lib/redisai.so THREADS_PER_QUEUE 1 --port 6780 --cluster-enabled yes --cluster-config-file nodes-orchestrator_0-6780.conf --bind 10.128.0.153 --bind-source-addr 10.128.0.153
COMMAND: /lus/cls01029/richaama/smartsim-scaling/SmartSim/smartsim/_core/bin/redis-server /lus/cls01029/richaama/smartsim-scaling/SmartSim/smartsim/_core/config/redis.conf --loadmodule /lus/cls01029/richaama/smartsim-scaling/SmartSim/smartsim/_core/lib/redisai.so THREADS_PER_QUEUE 1 --port 6780 --cluster-enabled yes --cluster-config-file nodes-orchestrator_3-6780.conf --bind 10.128.0.156 --bind-source-addr 10.128.0.156


IPADDRESS: 10.128.0.153
IPADDRESS: 10.128.0.156


NETWORK: ipogif0
NETWORK: ipogif0


------------------------------ 


----------   Output   ---------- 
------------------------------ 




----------   Output   ---------- 


6773:C 12 Aug 2023 21:00:21.318 # oO0OoO0OoO0Oo Redis is starting oO0OoO0OoO0Oo
6773:C 12 Aug 2023 21:00:21.318 # Redis version=7.0.5, bits=64, commit=1571907e, modified=0, pid=6773, just started
6773:C 12 Aug 2023 21:00:21.318 # Configuration loaded
6773:M 12 Aug 2023 21:00:21.319 * monotonic clock: POSIX clock_gettime
19912:C 12 Aug 2023 21:00:21.319 # oO0OoO0OoO0Oo Redis is starting oO0OoO0OoO0Oo
19912:C 12 Aug 2023 21:00:21.319 # Redis version=7.0.5, bits=64, commit=1571907e, modified=0, pid=19912, just started
19912:C 12 Aug 2023 21:00:21.319 # Configuration loaded
19912:M 12 Aug 2023 21:00:21.320 * monotonic clock: POSIX clock_gettime
6773:M 12 Aug 2023 21:00:21.322 * No cluster configuration found, I'm 6fd38cab03b07b782d445b336a5d8f6b37c6c227
19912:M 12 Aug 2023 21:00:21.322 * No cluster configuration found, I'm fa33b0ff5c84903e529792cc3a6fe7a13b07850f
                _._
           _.-``__ ''-._
                _._
      _.-``    `.  `_.  ''-._           Redis 7.0.5 (1571907e/0) 64 bit
           _.-``__ ''-._
  .-`` .-```.  ```\/    _.,_ ''-._
      _.-``    `.  `_.  ''-._           Redis 7.0.5 (1571907e/0) 64 bit
 (    '      ,       .-`  | `,    )     Running in cluster mode
  .-`` .-```.  ```\/    _.,_ ''-._
 |`-._`-...-` __...-.``-._|'` _.-'|     Port: 6780
 (    '      ,       .-`  | `,    )     Running in cluster mode
 |    `-._   `._    /     _.-'    |     PID: 19912
 |`-._`-...-` __...-.``-._|'` _.-'|     Port: 6780
  `-._    `-._  `-./  _.-'    _.-'
 |    `-._   `._    /     _.-'    |     PID: 6773
 |`-._`-._    `-.__.-'    _.-'_.-'|
  `-._    `-._  `-./  _.-'    _.-'
 |    `-._`-._        _.-'_.-'    |           https://redis.io
 |`-._`-._    `-.__.-'    _.-'_.-'|
 |    `-._`-._        _.-'_.-'    |           https://redis.io
  `-._    `-._`-.__.-'_.-'    _.-'
  `-._    `-._`-.__.-'_.-'    _.-'
 |`-._`-._    `-.__.-'    _.-'_.-'|
 |`-._`-._    `-.__.-'    _.-'_.-'|
 |    `-._`-._        _.-'_.-'    |
 |    `-._`-._        _.-'_.-'    |
  `-._    `-._`-.__.-'_.-'    _.-'
  `-._    `-._`-.__.-'_.-'    _.-'
      `-._    `-.__.-'    _.-'
      `-._    `-.__.-'    _.-'
          `-._        _.-'
          `-._        _.-'
              `-.__.-'
              `-.__.-'


19912:M 12 Aug 2023 21:00:21.405 # Server initialized
6773:M 12 Aug 2023 21:00:21.406 # Server initialized
19912:M 12 Aug 2023 21:00:21.405 # WARNING overcommit_memory is set to 0! Background save may fail under low memory condition. To fix this issue add 'vm.overcommit_memory = 1' to /etc/sysctl.conf and then reboot or run the command 'sysctl vm.overcommit_memory=1' for this to take effect.
6773:M 12 Aug 2023 21:00:21.406 # WARNING overcommit_memory is set to 0! Background save may fail under low memory condition. To fix this issue add 'vm.overcommit_memory = 1' to /etc/sysctl.conf and then reboot or run the command 'sysctl vm.overcommit_memory=1' for this to take effect.
19912:M 12 Aug 2023 21:00:21.411 * <ai> Redis version found by RedisAI: 7.0.5 - oss
19912:M 12 Aug 2023 21:00:21.411 * <ai> RedisAI version 10207, git_sha=1bf38d86233ba06e1350ca9de794df2b07cdb274
19912:M 12 Aug 2023 21:00:21.412 * <ai> Setting THREADS_PER_QUEUE parameter to: 1
19912:M 12 Aug 2023 21:00:21.412 * Module 'ai' loaded from /lus/cls01029/richaama/smartsim-scaling/SmartSim/smartsim/_core/lib/redisai.so
19912:M 12 Aug 2023 21:00:21.412 * Ready to accept connections
6773:M 12 Aug 2023 21:00:21.411 * <ai> Redis version found by RedisAI: 7.0.5 - oss
6773:M 12 Aug 2023 21:00:21.411 * <ai> RedisAI version 10207, git_sha=1bf38d86233ba06e1350ca9de794df2b07cdb274
6773:M 12 Aug 2023 21:00:21.411 * <ai> Setting THREADS_PER_QUEUE parameter to: 1
6773:M 12 Aug 2023 21:00:21.411 * Module 'ai' loaded from /lus/cls01029/richaama/smartsim-scaling/SmartSim/smartsim/_core/lib/redisai.so
6773:M 12 Aug 2023 21:00:21.412 * Ready to accept connections
----------   Running  Command   ---------- 

COMMAND: /lus/cls01029/richaama/smartsim-scaling/SmartSim/smartsim/_core/bin/redis-server /lus/cls01029/richaama/smartsim-scaling/SmartSim/smartsim/_core/config/redis.conf --loadmodule /lus/cls01029/richaama/smartsim-scaling/SmartSim/smartsim/_core/lib/redisai.so THREADS_PER_QUEUE 1 --port 6780 --cluster-enabled yes --cluster-config-file nodes-orchestrator_2-6780.conf --bind 10.128.0.155 --bind-source-addr 10.128.0.155

IPADDRESS: 10.128.0.155

NETWORK: ipogif0

------------------------------ 


----------   Output   ---------- 


1939:C 12 Aug 2023 21:00:21.475 # oO0OoO0OoO0Oo Redis is starting oO0OoO0OoO0Oo
1939:C 12 Aug 2023 21:00:21.475 # Redis version=7.0.5, bits=64, commit=1571907e, modified=0, pid=1939, just started
1939:C 12 Aug 2023 21:00:21.475 # Configuration loaded
1939:M 12 Aug 2023 21:00:21.475 * monotonic clock: POSIX clock_gettime
1939:M 12 Aug 2023 21:00:21.478 * No cluster configuration found, I'm 7c99f258b86ac9a192a37ee53d9922abd9f2eabd
----------   Running  Command   ---------- 

COMMAND: /lus/cls01029/richaama/smartsim-scaling/SmartSim/smartsim/_core/bin/redis-server /lus/cls01029/richaama/smartsim-scaling/SmartSim/smartsim/_core/config/redis.conf --loadmodule /lus/cls01029/richaama/smartsim-scaling/SmartSim/smartsim/_core/lib/redisai.so THREADS_PER_QUEUE 1 --port 6780 --cluster-enabled yes --cluster-config-file nodes-orchestrator_1-6780.conf --bind 10.128.0.154 --bind-source-addr 10.128.0.154

IPADDRESS: 10.128.0.154

NETWORK: ipogif0

------------------------------ 


----------   Output   ---------- 


21810:C 12 Aug 2023 21:00:21.501 # oO0OoO0OoO0Oo Redis is starting oO0OoO0OoO0Oo
21810:C 12 Aug 2023 21:00:21.501 # Redis version=7.0.5, bits=64, commit=1571907e, modified=0, pid=21810, just started
21810:C 12 Aug 2023 21:00:21.501 # Configuration loaded
21810:M 12 Aug 2023 21:00:21.501 * monotonic clock: POSIX clock_gettime
21810:M 12 Aug 2023 21:00:21.505 * No cluster configuration found, I'm c4666ce6848d4ece8c9124cc79d7bd09f2662b88
                _._
           _.-``__ ''-._
      _.-``    `.  `_.  ''-._           Redis 7.0.5 (1571907e/0) 64 bit
  .-`` .-```.  ```\/    _.,_ ''-._
 (    '      ,       .-`  | `,    )     Running in cluster mode
 |`-._`-...-` __...-.``-._|'` _.-'|     Port: 6780
 |    `-._   `._    /     _.-'    |     PID: 1939
  `-._    `-._  `-./  _.-'    _.-'
 |`-._`-._    `-.__.-'    _.-'_.-'|
 |    `-._`-._        _.-'_.-'    |           https://redis.io
  `-._    `-._`-.__.-'_.-'    _.-'
 |`-._`-._    `-.__.-'    _.-'_.-'|
 |    `-._`-._        _.-'_.-'    |
  `-._    `-._`-.__.-'_.-'    _.-'
      `-._    `-.__.-'    _.-'
          `-._        _.-'
              `-.__.-'

1939:M 12 Aug 2023 21:00:21.530 # Server initialized
1939:M 12 Aug 2023 21:00:21.530 # WARNING overcommit_memory is set to 0! Background save may fail under low memory condition. To fix this issue add 'vm.overcommit_memory = 1' to /etc/sysctl.conf and then reboot or run the command 'sysctl vm.overcommit_memory=1' for this to take effect.
1939:M 12 Aug 2023 21:00:21.537 * <ai> Redis version found by RedisAI: 7.0.5 - oss
1939:M 12 Aug 2023 21:00:21.537 * <ai> RedisAI version 10207, git_sha=1bf38d86233ba06e1350ca9de794df2b07cdb274
1939:M 12 Aug 2023 21:00:21.537 * <ai> Setting THREADS_PER_QUEUE parameter to: 1
1939:M 12 Aug 2023 21:00:21.537 * Module 'ai' loaded from /lus/cls01029/richaama/smartsim-scaling/SmartSim/smartsim/_core/lib/redisai.so
1939:M 12 Aug 2023 21:00:21.539 * Ready to accept connections
                _._
           _.-``__ ''-._
      _.-``    `.  `_.  ''-._           Redis 7.0.5 (1571907e/0) 64 bit
  .-`` .-```.  ```\/    _.,_ ''-._
 (    '      ,       .-`  | `,    )     Running in cluster mode
 |`-._`-...-` __...-.``-._|'` _.-'|     Port: 6780
 |    `-._   `._    /     _.-'    |     PID: 21810
  `-._    `-._  `-./  _.-'    _.-'
 |`-._`-._    `-.__.-'    _.-'_.-'|
 |    `-._`-._        _.-'_.-'    |           https://redis.io
  `-._    `-._`-.__.-'_.-'    _.-'
 |`-._`-._    `-.__.-'    _.-'_.-'|
 |    `-._`-._        _.-'_.-'    |
  `-._    `-._`-.__.-'_.-'    _.-'
      `-._    `-.__.-'    _.-'
          `-._        _.-'
              `-.__.-'

21810:M 12 Aug 2023 21:00:21.546 # Server initialized
21810:M 12 Aug 2023 21:00:21.546 # WARNING overcommit_memory is set to 0! Background save may fail under low memory condition. To fix this issue add 'vm.overcommit_memory = 1' to /etc/sysctl.conf and then reboot or run the command 'sysctl vm.overcommit_memory=1' for this to take effect.
21810:M 12 Aug 2023 21:00:21.554 * <ai> Redis version found by RedisAI: 7.0.5 - oss
21810:M 12 Aug 2023 21:00:21.554 * <ai> RedisAI version 10207, git_sha=1bf38d86233ba06e1350ca9de794df2b07cdb274
21810:M 12 Aug 2023 21:00:21.555 * <ai> Setting THREADS_PER_QUEUE parameter to: 1
21810:M 12 Aug 2023 21:00:21.555 * Module 'ai' loaded from /lus/cls01029/richaama/smartsim-scaling/SmartSim/smartsim/_core/lib/redisai.so
21810:M 12 Aug 2023 21:00:21.556 * Ready to accept connections
6773:M 12 Aug 2023 21:00:42.000 # configEpoch set to 1 via CLUSTER SET-CONFIG-EPOCH
19912:M 12 Aug 2023 21:00:42.001 # configEpoch set to 2 via CLUSTER SET-CONFIG-EPOCH
1939:M 12 Aug 2023 21:00:42.002 # configEpoch set to 3 via CLUSTER SET-CONFIG-EPOCH
21810:M 12 Aug 2023 21:00:42.003 # configEpoch set to 4 via CLUSTER SET-CONFIG-EPOCH
6773:M 12 Aug 2023 21:00:42.055 # IP address for this node updated to 10.128.0.153
1939:M 12 Aug 2023 21:00:42.156 # IP address for this node updated to 10.128.0.155
21810:M 12 Aug 2023 21:00:42.156 # IP address for this node updated to 10.128.0.154
19912:M 12 Aug 2023 21:00:42.156 # IP address for this node updated to 10.128.0.156
6773:M 12 Aug 2023 21:00:46.971 # Cluster state changed: ok
19912:M 12 Aug 2023 21:00:46.977 # Cluster state changed: ok
21810:M 12 Aug 2023 21:00:47.019 # Cluster state changed: ok
1939:M 12 Aug 2023 21:00:47.048 # Cluster state changed: ok
6773:M 12 Aug 2023 21:00:58.209 # <ai> backend TORCH not loaded, will try loading default backend
6773:M 12 Aug 2023 21:01:03.918 * <ai> TORCH backend loaded from /lus/cls01029/richaama/smartsim-scaling/SmartSim/smartsim/_core/lib/backends/redisai_torch/redisai_torch.so
19912:M 12 Aug 2023 21:01:11.722 # <ai> backend TORCH not loaded, will try loading default backend
19912:M 12 Aug 2023 21:01:16.690 * <ai> TORCH backend loaded from /lus/cls01029/richaama/smartsim-scaling/SmartSim/smartsim/_core/lib/backends/redisai_torch/redisai_torch.so
1939:M 12 Aug 2023 21:01:24.695 # <ai> backend TORCH not loaded, will try loading default backend
1939:M 12 Aug 2023 21:01:29.502 * <ai> TORCH backend loaded from /lus/cls01029/richaama/smartsim-scaling/SmartSim/smartsim/_core/lib/backends/redisai_torch/redisai_torch.so
21810:M 12 Aug 2023 21:01:37.275 # <ai> backend TORCH not loaded, will try loading default backend
21810:M 12 Aug 2023 21:01:41.153 * <ai> TORCH backend loaded from /lus/cls01029/richaama/smartsim-scaling/SmartSim/smartsim/_core/lib/backends/redisai_torch/redisai_torch.so
