15:23:13 nid00024 SmartSim[85253] INFO Connecting clients
SmartRedis Library@15-23-13:WARNING: Environment variable SR_LOG_FILE is not set. Defaulting to stdout
SmartRedis Library@15-23-13:WARNING: Environment variable SR_LOG_LEVEL is not set. Defaulting to INFO
Connecting clients
Consuming list 0
15:23:13 nid00024 SmartSim[85253] INFO Consuming list 0
Consuming list 1
15:23:13 nid00024 SmartSim[85253] INFO Consuming list 1
Consuming list 2
15:23:14 nid00024 SmartSim[85253] INFO Consuming list 2
Consuming list 3
15:23:15 nid00024 SmartSim[85253] INFO Consuming list 3
Consuming list 4
15:23:16 nid00024 SmartSim[85253] INFO Consuming list 4
Consuming list 5
15:23:17 nid00024 SmartSim[85253] INFO Consuming list 5
Consuming list 6
15:23:18 nid00024 SmartSim[85253] INFO Consuming list 6
Consuming list 7
15:23:19 nid00024 SmartSim[85253] INFO Consuming list 7
Consuming list 8
15:23:20 nid00024 SmartSim[85253] INFO Consuming list 8
Consuming list 9
15:23:21 nid00024 SmartSim[85253] INFO Consuming list 9
Consuming list 10
15:23:22 nid00024 SmartSim[85253] INFO Consuming list 10
Consuming list 11
15:23:23 nid00024 SmartSim[85253] INFO Consuming list 11
Consuming list 12
15:23:24 nid00024 SmartSim[85253] INFO Consuming list 12
Consuming list 13
15:23:25 nid00024 SmartSim[85253] INFO Consuming list 13
Consuming list 14
15:23:26 nid00024 SmartSim[85253] INFO Consuming list 14
Consuming list 15
15:23:27 nid00024 SmartSim[85253] INFO Consuming list 15
Consuming list 16
15:23:28 nid00024 SmartSim[85253] INFO Consuming list 16
Consuming list 17
15:23:29 nid00024 SmartSim[85253] INFO Consuming list 17
Consuming list 18
15:23:30 nid00024 SmartSim[85253] INFO Consuming list 18
Consuming list 19
15:23:31 nid00024 SmartSim[85253] INFO Consuming list 19
Consuming list 20
15:23:32 nid00024 SmartSim[85253] INFO Consuming list 20
Consuming list 21
15:23:33 nid00024 SmartSim[85253] INFO Consuming list 21
Consuming list 22
15:23:34 nid00024 SmartSim[85253] INFO Consuming list 22
Consuming list 23
15:23:35 nid00024 SmartSim[85253] INFO Consuming list 23
Consuming list 24
15:23:36 nid00024 SmartSim[85253] INFO Consuming list 24
Consuming list 25
15:23:37 nid00024 SmartSim[85253] INFO Consuming list 25
Consuming list 26
15:23:38 nid00024 SmartSim[85253] INFO Consuming list 26
Consuming list 27
15:23:39 nid00024 SmartSim[85253] INFO Consuming list 27
Consuming list 28
15:23:40 nid00024 SmartSim[85253] INFO Consuming list 28
Consuming list 29
15:23:41 nid00024 SmartSim[85253] INFO Consuming list 29
Consuming list 30
15:23:42 nid00024 SmartSim[85253] INFO Consuming list 30
Consuming list 31
15:23:43 nid00024 SmartSim[85253] INFO Consuming list 31
Consuming list 32
15:23:44 nid00024 SmartSim[85253] INFO Consuming list 32
Consuming list 33
15:23:45 nid00024 SmartSim[85253] INFO Consuming list 33
Consuming list 34
15:23:46 nid00024 SmartSim[85253] INFO Consuming list 34
Consuming list 35
15:23:47 nid00024 SmartSim[85253] INFO Consuming list 35
Consuming list 36
15:23:48 nid00024 SmartSim[85253] INFO Consuming list 36
Consuming list 37
15:23:49 nid00024 SmartSim[85253] INFO Consuming list 37
Consuming list 38
15:23:50 nid00024 SmartSim[85253] INFO Consuming list 38
Consuming list 39
15:23:51 nid00024 SmartSim[85253] INFO Consuming list 39
Consuming list 40
15:23:52 nid00024 SmartSim[85253] INFO Consuming list 40
Consuming list 41
15:23:53 nid00024 SmartSim[85253] INFO Consuming list 41
Consuming list 42
15:23:54 nid00024 SmartSim[85253] INFO Consuming list 42
Consuming list 43
15:23:55 nid00024 SmartSim[85253] INFO Consuming list 43
Consuming list 44
15:23:56 nid00024 SmartSim[85253] INFO Consuming list 44
Consuming list 45
15:23:57 nid00024 SmartSim[85253] INFO Consuming list 45
Consuming list 46
15:23:58 nid00024 SmartSim[85253] INFO Consuming list 46
Consuming list 47
15:23:59 nid00024 SmartSim[85253] INFO Consuming list 47
Consuming list 48
15:24:00 nid00024 SmartSim[85253] INFO Consuming list 48
Consuming list 49
15:24:01 nid00024 SmartSim[85253] INFO Consuming list 49
Consuming list 50
15:24:02 nid00024 SmartSim[85253] INFO Consuming list 50
Consuming list 51
15:24:03 nid00024 SmartSim[85253] INFO Consuming list 51
Consuming list 52
15:24:04 nid00024 SmartSim[85253] INFO Consuming list 52
Consuming list 53
15:24:05 nid00024 SmartSim[85253] INFO Consuming list 53
Consuming list 54
15:24:06 nid00024 SmartSim[85253] INFO Consuming list 54
Consuming list 55
15:24:07 nid00024 SmartSim[85253] INFO Consuming list 55
Consuming list 56
15:24:08 nid00024 SmartSim[85253] INFO Consuming list 56
Consuming list 57
15:24:09 nid00024 SmartSim[85253] INFO Consuming list 57
Consuming list 58
15:24:10 nid00024 SmartSim[85253] INFO Consuming list 58
Consuming list 59
15:24:11 nid00024 SmartSim[85253] INFO Consuming list 59
Consuming list 60
15:24:12 nid00024 SmartSim[85253] INFO Consuming list 60
Consuming list 61
15:24:13 nid00024 SmartSim[85253] INFO Consuming list 61
Consuming list 62
15:24:14 nid00024 SmartSim[85253] INFO Consuming list 62
Consuming list 63
15:24:15 nid00024 SmartSim[85253] INFO Consuming list 63
Consuming list 64
15:24:17 nid00024 SmartSim[85253] INFO Consuming list 64
Consuming list 65
15:24:18 nid00024 SmartSim[85253] INFO Consuming list 65
Consuming list 66
15:24:18 nid00024 SmartSim[85253] INFO Consuming list 66
Consuming list 67
15:24:19 nid00024 SmartSim[85253] INFO Consuming list 67
Consuming list 68
15:24:20 nid00024 SmartSim[85253] INFO Consuming list 68
Consuming list 69
15:24:21 nid00024 SmartSim[85253] INFO Consuming list 69
Consuming list 70
15:24:22 nid00024 SmartSim[85253] INFO Consuming list 70
Consuming list 71
15:24:24 nid00024 SmartSim[85253] INFO Consuming list 71
Consuming list 72
15:24:24 nid00024 SmartSim[85253] INFO Consuming list 72
Consuming list 73
15:24:25 nid00024 SmartSim[85253] INFO Consuming list 73
Consuming list 74
15:24:26 nid00024 SmartSim[85253] INFO Consuming list 74
Consuming list 75
15:24:27 nid00024 SmartSim[85253] INFO Consuming list 75
Consuming list 76
15:24:28 nid00024 SmartSim[85253] INFO Consuming list 76
Consuming list 77
15:24:30 nid00024 SmartSim[85253] INFO Consuming list 77
Consuming list 78
15:24:31 nid00024 SmartSim[85253] INFO Consuming list 78
Consuming list 79
15:24:31 nid00024 SmartSim[85253] INFO Consuming list 79
Consuming list 80
15:24:32 nid00024 SmartSim[85253] INFO Consuming list 80
Consuming list 81
15:24:33 nid00024 SmartSim[85253] INFO Consuming list 81
Consuming list 82
15:24:34 nid00024 SmartSim[85253] INFO Consuming list 82
Consuming list 83
15:24:35 nid00024 SmartSim[85253] INFO Consuming list 83
Consuming list 84
15:24:36 nid00024 SmartSim[85253] INFO Consuming list 84
Consuming list 85
15:24:38 nid00024 SmartSim[85253] INFO Consuming list 85
Consuming list 86
15:24:38 nid00024 SmartSim[85253] INFO Consuming list 86
Consuming list 87
15:24:40 nid00024 SmartSim[85253] INFO Consuming list 87
Consuming list 88
15:24:41 nid00024 SmartSim[85253] INFO Consuming list 88
Consuming list 89
15:24:41 nid00024 SmartSim[85253] INFO Consuming list 89
Consuming list 90
15:24:43 nid00024 SmartSim[85253] INFO Consuming list 90
Consuming list 91
15:24:44 nid00024 SmartSim[85253] INFO Consuming list 91
Consuming list 92
15:24:44 nid00024 SmartSim[85253] INFO Consuming list 92
Consuming list 93
15:24:46 nid00024 SmartSim[85253] INFO Consuming list 93
Consuming list 94
15:24:47 nid00024 SmartSim[85253] INFO Consuming list 94
Consuming list 95
15:24:48 nid00024 SmartSim[85253] INFO Consuming list 95
Consuming list 96
15:24:49 nid00024 SmartSim[85253] INFO Consuming list 96
Consuming list 97
15:24:50 nid00024 SmartSim[85253] INFO Consuming list 97
Consuming list 98
15:24:51 nid00024 SmartSim[85253] INFO Consuming list 98
Consuming list 99
15:24:52 nid00024 SmartSim[85253] INFO Consuming list 99
15:24:53 nid00024 SmartSim[85253] INFO Finished aggregation scaling py consumer.

Finished aggregation scaling py consumer.

