15:19:10 nid00004 SmartSim[54856] INFO Connecting clients
SmartRedis Library@15-19-10:WARNING: Environment variable SR_LOG_FILE is not set. Defaulting to stdout
SmartRedis Library@15-19-10:WARNING: Environment variable SR_LOG_LEVEL is not set. Defaulting to INFO
Connecting clients
Consuming list 0
15:19:10 nid00004 SmartSim[54856] INFO Consuming list 0
Consuming list 1
15:19:10 nid00004 SmartSim[54856] INFO Consuming list 1
Consuming list 2
15:19:11 nid00004 SmartSim[54856] INFO Consuming list 2
Consuming list 3
15:19:12 nid00004 SmartSim[54856] INFO Consuming list 3
Consuming list 4
15:19:13 nid00004 SmartSim[54856] INFO Consuming list 4
Consuming list 5
15:19:14 nid00004 SmartSim[54856] INFO Consuming list 5
Consuming list 6
15:19:15 nid00004 SmartSim[54856] INFO Consuming list 6
Consuming list 7
15:19:16 nid00004 SmartSim[54856] INFO Consuming list 7
Consuming list 8
15:19:17 nid00004 SmartSim[54856] INFO Consuming list 8
Consuming list 9
15:19:17 nid00004 SmartSim[54856] INFO Consuming list 9
Consuming list 10
15:19:18 nid00004 SmartSim[54856] INFO Consuming list 10
Consuming list 11
15:19:19 nid00004 SmartSim[54856] INFO Consuming list 11
Consuming list 12
15:19:20 nid00004 SmartSim[54856] INFO Consuming list 12
Consuming list 13
15:19:21 nid00004 SmartSim[54856] INFO Consuming list 13
Consuming list 14
15:19:22 nid00004 SmartSim[54856] INFO Consuming list 14
Consuming list 15
15:19:23 nid00004 SmartSim[54856] INFO Consuming list 15
Consuming list 16
15:19:24 nid00004 SmartSim[54856] INFO Consuming list 16
Consuming list 17
15:19:25 nid00004 SmartSim[54856] INFO Consuming list 17
Consuming list 18
15:19:26 nid00004 SmartSim[54856] INFO Consuming list 18
Consuming list 19
15:19:27 nid00004 SmartSim[54856] INFO Consuming list 19
Consuming list 20
15:19:28 nid00004 SmartSim[54856] INFO Consuming list 20
Consuming list 21
15:19:29 nid00004 SmartSim[54856] INFO Consuming list 21
Consuming list 22
15:19:30 nid00004 SmartSim[54856] INFO Consuming list 22
Consuming list 23
15:19:31 nid00004 SmartSim[54856] INFO Consuming list 23
Consuming list 24
15:19:32 nid00004 SmartSim[54856] INFO Consuming list 24
Consuming list 25
15:19:33 nid00004 SmartSim[54856] INFO Consuming list 25
Consuming list 26
15:19:34 nid00004 SmartSim[54856] INFO Consuming list 26
Consuming list 27
15:19:35 nid00004 SmartSim[54856] INFO Consuming list 27
Consuming list 28
15:19:36 nid00004 SmartSim[54856] INFO Consuming list 28
Consuming list 29
15:19:37 nid00004 SmartSim[54856] INFO Consuming list 29
Consuming list 30
15:19:38 nid00004 SmartSim[54856] INFO Consuming list 30
Consuming list 31
15:19:39 nid00004 SmartSim[54856] INFO Consuming list 31
Consuming list 32
15:19:40 nid00004 SmartSim[54856] INFO Consuming list 32
Consuming list 33
15:19:41 nid00004 SmartSim[54856] INFO Consuming list 33
Consuming list 34
15:19:42 nid00004 SmartSim[54856] INFO Consuming list 34
Consuming list 35
15:19:43 nid00004 SmartSim[54856] INFO Consuming list 35
Consuming list 36
15:19:44 nid00004 SmartSim[54856] INFO Consuming list 36
Consuming list 37
15:19:45 nid00004 SmartSim[54856] INFO Consuming list 37
Consuming list 38
15:19:46 nid00004 SmartSim[54856] INFO Consuming list 38
Consuming list 39
15:19:47 nid00004 SmartSim[54856] INFO Consuming list 39
Consuming list 40
15:19:48 nid00004 SmartSim[54856] INFO Consuming list 40
Consuming list 41
15:19:49 nid00004 SmartSim[54856] INFO Consuming list 41
Consuming list 42
15:19:50 nid00004 SmartSim[54856] INFO Consuming list 42
Consuming list 43
15:19:51 nid00004 SmartSim[54856] INFO Consuming list 43
Consuming list 44
15:19:52 nid00004 SmartSim[54856] INFO Consuming list 44
Consuming list 45
15:19:53 nid00004 SmartSim[54856] INFO Consuming list 45
Consuming list 46
15:19:54 nid00004 SmartSim[54856] INFO Consuming list 46
Consuming list 47
15:19:55 nid00004 SmartSim[54856] INFO Consuming list 47
Consuming list 48
15:19:56 nid00004 SmartSim[54856] INFO Consuming list 48
Consuming list 49
15:19:57 nid00004 SmartSim[54856] INFO Consuming list 49
Consuming list 50
15:19:58 nid00004 SmartSim[54856] INFO Consuming list 50
Consuming list 51
15:19:59 nid00004 SmartSim[54856] INFO Consuming list 51
Consuming list 52
15:20:00 nid00004 SmartSim[54856] INFO Consuming list 52
Consuming list 53
15:20:01 nid00004 SmartSim[54856] INFO Consuming list 53
Consuming list 54
15:20:02 nid00004 SmartSim[54856] INFO Consuming list 54
Consuming list 55
15:20:03 nid00004 SmartSim[54856] INFO Consuming list 55
Consuming list 56
15:20:04 nid00004 SmartSim[54856] INFO Consuming list 56
Consuming list 57
15:20:05 nid00004 SmartSim[54856] INFO Consuming list 57
Consuming list 58
15:20:06 nid00004 SmartSim[54856] INFO Consuming list 58
Consuming list 59
15:20:07 nid00004 SmartSim[54856] INFO Consuming list 59
Consuming list 60
15:20:08 nid00004 SmartSim[54856] INFO Consuming list 60
Consuming list 61
15:20:09 nid00004 SmartSim[54856] INFO Consuming list 61
Consuming list 62
15:20:10 nid00004 SmartSim[54856] INFO Consuming list 62
Consuming list 63
15:20:11 nid00004 SmartSim[54856] INFO Consuming list 63
Consuming list 64
15:20:12 nid00004 SmartSim[54856] INFO Consuming list 64
Consuming list 65
15:20:13 nid00004 SmartSim[54856] INFO Consuming list 65
Consuming list 66
15:20:14 nid00004 SmartSim[54856] INFO Consuming list 66
Consuming list 67
15:20:15 nid00004 SmartSim[54856] INFO Consuming list 67
Consuming list 68
15:20:16 nid00004 SmartSim[54856] INFO Consuming list 68
Consuming list 69
15:20:17 nid00004 SmartSim[54856] INFO Consuming list 69
Consuming list 70
15:20:18 nid00004 SmartSim[54856] INFO Consuming list 70
Consuming list 71
15:20:19 nid00004 SmartSim[54856] INFO Consuming list 71
Consuming list 72
15:20:20 nid00004 SmartSim[54856] INFO Consuming list 72
Consuming list 73
15:20:21 nid00004 SmartSim[54856] INFO Consuming list 73
Consuming list 74
15:20:22 nid00004 SmartSim[54856] INFO Consuming list 74
Consuming list 75
15:20:23 nid00004 SmartSim[54856] INFO Consuming list 75
Consuming list 76
15:20:24 nid00004 SmartSim[54856] INFO Consuming list 76
Consuming list 77
15:20:25 nid00004 SmartSim[54856] INFO Consuming list 77
Consuming list 78
15:20:26 nid00004 SmartSim[54856] INFO Consuming list 78
Consuming list 79
15:20:27 nid00004 SmartSim[54856] INFO Consuming list 79
Consuming list 80
15:20:28 nid00004 SmartSim[54856] INFO Consuming list 80
Consuming list 81
15:20:29 nid00004 SmartSim[54856] INFO Consuming list 81
Consuming list 82
15:20:30 nid00004 SmartSim[54856] INFO Consuming list 82
Consuming list 83
15:20:31 nid00004 SmartSim[54856] INFO Consuming list 83
Consuming list 84
15:20:32 nid00004 SmartSim[54856] INFO Consuming list 84
Consuming list 85
15:20:33 nid00004 SmartSim[54856] INFO Consuming list 85
Consuming list 86
15:20:34 nid00004 SmartSim[54856] INFO Consuming list 86
Consuming list 87
15:20:35 nid00004 SmartSim[54856] INFO Consuming list 87
Consuming list 88
15:20:36 nid00004 SmartSim[54856] INFO Consuming list 88
Consuming list 89
15:20:37 nid00004 SmartSim[54856] INFO Consuming list 89
Consuming list 90
15:20:38 nid00004 SmartSim[54856] INFO Consuming list 90
Consuming list 91
15:20:39 nid00004 SmartSim[54856] INFO Consuming list 91
Consuming list 92
15:20:40 nid00004 SmartSim[54856] INFO Consuming list 92
Consuming list 93
15:20:41 nid00004 SmartSim[54856] INFO Consuming list 93
Consuming list 94
15:20:42 nid00004 SmartSim[54856] INFO Consuming list 94
Consuming list 95
15:20:43 nid00004 SmartSim[54856] INFO Consuming list 95
Consuming list 96
15:20:44 nid00004 SmartSim[54856] INFO Consuming list 96
Consuming list 97
15:20:45 nid00004 SmartSim[54856] INFO Consuming list 97
Consuming list 98
15:20:46 nid00004 SmartSim[54856] INFO Consuming list 98
Consuming list 99
15:20:47 nid00004 SmartSim[54856] INFO Consuming list 99
15:20:48 nid00004 SmartSim[54856] INFO Finished aggregation scaling py consumer.

Finished aggregation scaling py consumer.

