21:12:00 horizon SmartSim[23531] DEBUG Experiment and Results folder created
21:12:00 horizon SmartSim[23531] INFO Running name with value: run-2023-08-12-21:12:00
21:12:00 horizon SmartSim[23531] INFO Running path with value: results/inference-standard-scaling/run-2023-08-12-21:12:00
21:12:00 horizon SmartSim[23531] INFO Running smartsim_version with value: 0.5.0
21:12:00 horizon SmartSim[23531] INFO Running smartredis_version with value: 0.3.1
21:12:00 horizon SmartSim[23531] INFO Running db with value: redis-server
21:12:00 horizon SmartSim[23531] INFO Running date with value: 2023-08-12
21:12:00 horizon SmartSim[23531] INFO Running language with value: ['fortran']
21:12:00 horizon SmartSim[23531] INFO Running colocated with value: 0
21:12:00 horizon SmartSim[23531] INFO Running client_per_node with value: [18]
21:12:00 horizon SmartSim[23531] INFO Running client_nodes with value: [4]
21:12:00 horizon SmartSim[23531] INFO Running database_hosts with value: []
21:12:00 horizon SmartSim[23531] INFO Running database_nodes with value: [4]
21:12:00 horizon SmartSim[23531] INFO Running database_cpus with value: [8]
21:12:00 horizon SmartSim[23531] INFO Running database_port with value: 6780
21:12:00 horizon SmartSim[23531] INFO Running batch_size with value: [1000]
21:12:00 horizon SmartSim[23531] INFO Running device with value: GPU
21:12:00 horizon SmartSim[23531] INFO Running num_devices with value: 1
21:12:00 horizon SmartSim[23531] INFO Running iterations with value: 100
21:12:00 horizon SmartSim[23531] INFO Running language with value: ['fortran']
21:12:00 horizon SmartSim[23531] INFO Running db_node_feature with value: {'constraint': 'P100'}
21:12:00 horizon SmartSim[23531] INFO Running node_feature with value: {'constraint': 'SK48'}
21:12:00 horizon SmartSim[23531] INFO Running wall_time with value: 15:00:00
21:12:00 horizon SmartSim[23531] INFO Executing 1 permutations
21:12:00 horizon SmartSim[23531] INFO Running permutation 1 of 1
21:12:00 horizon SmartSim[23531] INFO Working in previously created experiment
21:12:00 horizon SmartSim[23531] DEBUG Running on allocation 4037071 gleaned from user environment
21:12:04 horizon SmartSim[23531] DEBUG Launching orchestrator
21:12:26 horizon SmartSim[23531] DEBUG [29;1m>>> Performing hash slots allocation on 4 nodes...
[0mMaster[0] -> Slots 0 - 4095
Master[1] -> Slots 4096 - 8191
Master[2] -> Slots 8192 - 12287
Master[3] -> Slots 12288 - 16383
M: 4619f3b0cd419105295cf0656b6995a0469a0a83 10.128.0.153:6780
   slots:[0-4095] (4096 slots) master
M: 08c98b7904124c189de996e37fb337c6768fffef 10.128.0.155:6780
   slots:[4096-8191] (4096 slots) master
M: 8e677d2e41584376bf7fb4640438f901b7446c69 10.128.0.156:6780
   slots:[8192-12287] (4096 slots) master
M: 4a99411e47a4ff6befc12c00ba3c5ba6d32b312a 10.128.0.154:6780
   slots:[12288-16383] (4096 slots) master
Can I set the above configuration? (type 'yes' to accept): [29;1m>>> Nodes configuration updated
[0m[29;1m>>> Assign a different config epoch to each node
[0m[29;1m>>> Sending CLUSTER MEET messages to join the cluster
[0mWaiting for the cluster to join
.
[29;1m>>> Performing Cluster Check (using node 10.128.0.153:6780)
[0mM: 4619f3b0cd419105295cf0656b6995a0469a0a83 10.128.0.153:6780
   slots:[0-4095] (4096 slots) master
M: 08c98b7904124c189de996e37fb337c6768fffef 10.128.0.155:6780
   slots:[4096-8191] (4096 slots) master
M: 8e677d2e41584376bf7fb4640438f901b7446c69 10.128.0.156:6780
   slots:[8192-12287] (4096 slots) master
M: 4a99411e47a4ff6befc12c00ba3c5ba6d32b312a 10.128.0.154:6780
   slots:[12288-16383] (4096 slots) master
[32;1m[OK] All nodes agree about slots configuration.
[0m[29;1m>>> Check for open slots...
[0m[29;1m>>> Check slots coverage...
[0m[32;1m[OK] All 16384 slots covered.
[0m
21:12:26 horizon SmartSim[23531] DEBUG Beginning database cluster status check...
21:12:31 horizon SmartSim[23531] DEBUG Cluster status verified
21:12:31 horizon SmartSim[23531] INFO Database cluster created with 4 shards
21:12:31 horizon SmartSim[23531] DEBUG Orchestrator launched on nodes: ['10.128.0.153', '10.128.0.155', '10.128.0.156', '10.128.0.154']
21:12:31 horizon SmartSim[23531] DEBUG Starting Job Manager
21:12:31 horizon SmartSim[23531] INFO Orchestrator Database created and running
21:12:31 horizon SmartSim[23531] INFO Working in previously created experiment
21:12:31 horizon SmartSim[23531] DEBUG Configuring model infer-sess-fortran-N4-T18-DBN4-DBCPU8-ITER100-DBTPQ1-ffbb with params {}
21:12:31 horizon SmartSim[23531] DEBUG Inference session created
21:12:31 horizon SmartSim[23531] DEBUG Beginning database cluster status check...
21:12:36 horizon SmartSim[23531] DEBUG Cluster status verified
21:12:36 horizon SmartSim[23531] INFO Resnet Model and Script in Orchestrator on device GPU
21:12:36 horizon SmartSim[23531] DEBUG Resnet model set
21:12:36 horizon SmartSim[23531] INFO 

=== Launch Summary ===
Experiment: results/inference-standard-scaling/run-2023-08-12-21:12:00
Experiment Path: /lus/cls01029/richaama/smartsim-scaling/SmartSim-Scaling/results/inference-standard-scaling/run-2023-08-12-21:12:00
Launcher: slurm
Models: 1
Database Status: active

=== Models ===
infer-sess-fortran-N4-T18-DBN4-DBCPU8-ITER100-DBTPQ1-ffbb
Executable: /lus/cls01029/richaama/smartsim-scaling/SmartSim-Scaling/fortran-inference/build/run_resnet_inference
Executable Arguments: 
Run Command: /opt/slurm/20.11.5/bin/srun
Run Arguments:
	constraint = SK48
	nodes = 4
	ntasks-per-node = 18
	ntasks = 72



21:12:36 horizon SmartSim[23531] DEBUG Beginning database cluster status check...
21:12:41 horizon SmartSim[23531] DEBUG Cluster status verified
21:12:41 horizon SmartSim[23531] DEBUG Adding DBModel named resnet_model
21:13:27 horizon SmartSim[23531] DEBUG Adding DBScript named resnet_script
21:13:27 horizon SmartSim[23531] DEBUG Running on allocation 4037071 gleaned from user environment
21:13:30 horizon SmartSim[23531] DEBUG Launching infer-sess-fortran-N4-T18-DBN4-DBCPU8-ITER100-DBTPQ1-ffbb
21:13:35 horizon SmartSim[23531] INFO infer-sess-fortran-N4-T18-DBN4-DBCPU8-ITER100-DBTPQ1-ffbb(4037071.7): New
21:13:40 horizon SmartSim[23531] INFO infer-sess-fortran-N4-T18-DBN4-DBCPU8-ITER100-DBTPQ1-ffbb(4037071.7): Running
21:13:45 horizon SmartSim[23531] INFO infer-sess-fortran-N4-T18-DBN4-DBCPU8-ITER100-DBTPQ1-ffbb(4037071.7): Running
21:13:50 horizon SmartSim[23531] INFO infer-sess-fortran-N4-T18-DBN4-DBCPU8-ITER100-DBTPQ1-ffbb(4037071.7): Running
21:13:55 horizon SmartSim[23531] INFO infer-sess-fortran-N4-T18-DBN4-DBCPU8-ITER100-DBTPQ1-ffbb(4037071.7): Running
21:14:00 horizon SmartSim[23531] INFO infer-sess-fortran-N4-T18-DBN4-DBCPU8-ITER100-DBTPQ1-ffbb(4037071.7): Running
21:14:05 horizon SmartSim[23531] INFO infer-sess-fortran-N4-T18-DBN4-DBCPU8-ITER100-DBTPQ1-ffbb(4037071.7): Running
21:14:10 horizon SmartSim[23531] INFO infer-sess-fortran-N4-T18-DBN4-DBCPU8-ITER100-DBTPQ1-ffbb(4037071.7): Running
21:14:15 horizon SmartSim[23531] INFO infer-sess-fortran-N4-T18-DBN4-DBCPU8-ITER100-DBTPQ1-ffbb(4037071.7): Running
21:14:20 horizon SmartSim[23531] INFO infer-sess-fortran-N4-T18-DBN4-DBCPU8-ITER100-DBTPQ1-ffbb(4037071.7): Running
21:14:25 horizon SmartSim[23531] INFO infer-sess-fortran-N4-T18-DBN4-DBCPU8-ITER100-DBTPQ1-ffbb(4037071.7): Running
21:14:30 horizon SmartSim[23531] INFO infer-sess-fortran-N4-T18-DBN4-DBCPU8-ITER100-DBTPQ1-ffbb(4037071.7): Running
21:14:35 horizon SmartSim[23531] INFO infer-sess-fortran-N4-T18-DBN4-DBCPU8-ITER100-DBTPQ1-ffbb(4037071.7): Running
21:14:40 horizon SmartSim[23531] INFO infer-sess-fortran-N4-T18-DBN4-DBCPU8-ITER100-DBTPQ1-ffbb(4037071.7): Running
21:14:45 horizon SmartSim[23531] INFO infer-sess-fortran-N4-T18-DBN4-DBCPU8-ITER100-DBTPQ1-ffbb(4037071.7): Running
21:14:50 horizon SmartSim[23531] INFO infer-sess-fortran-N4-T18-DBN4-DBCPU8-ITER100-DBTPQ1-ffbb(4037071.7): Running
21:14:55 horizon SmartSim[23531] INFO infer-sess-fortran-N4-T18-DBN4-DBCPU8-ITER100-DBTPQ1-ffbb(4037071.7): Running
21:15:00 horizon SmartSim[23531] INFO infer-sess-fortran-N4-T18-DBN4-DBCPU8-ITER100-DBTPQ1-ffbb(4037071.7): Running
21:15:05 horizon SmartSim[23531] INFO infer-sess-fortran-N4-T18-DBN4-DBCPU8-ITER100-DBTPQ1-ffbb(4037071.7): Running
21:15:10 horizon SmartSim[23531] INFO infer-sess-fortran-N4-T18-DBN4-DBCPU8-ITER100-DBTPQ1-ffbb(4037071.7): Running
21:15:15 horizon SmartSim[23531] INFO infer-sess-fortran-N4-T18-DBN4-DBCPU8-ITER100-DBTPQ1-ffbb(4037071.7): Running
21:15:20 horizon SmartSim[23531] INFO infer-sess-fortran-N4-T18-DBN4-DBCPU8-ITER100-DBTPQ1-ffbb(4037071.7): Running
21:15:25 horizon SmartSim[23531] INFO infer-sess-fortran-N4-T18-DBN4-DBCPU8-ITER100-DBTPQ1-ffbb(4037071.7): Running
21:15:30 horizon SmartSim[23531] INFO infer-sess-fortran-N4-T18-DBN4-DBCPU8-ITER100-DBTPQ1-ffbb(4037071.7): Running
21:15:35 horizon SmartSim[23531] INFO infer-sess-fortran-N4-T18-DBN4-DBCPU8-ITER100-DBTPQ1-ffbb(4037071.7): Running
21:15:40 horizon SmartSim[23531] INFO infer-sess-fortran-N4-T18-DBN4-DBCPU8-ITER100-DBTPQ1-ffbb(4037071.7): Running
21:15:45 horizon SmartSim[23531] INFO infer-sess-fortran-N4-T18-DBN4-DBCPU8-ITER100-DBTPQ1-ffbb(4037071.7): Running
21:15:50 horizon SmartSim[23531] INFO infer-sess-fortran-N4-T18-DBN4-DBCPU8-ITER100-DBTPQ1-ffbb(4037071.7): Running
21:15:55 horizon SmartSim[23531] INFO infer-sess-fortran-N4-T18-DBN4-DBCPU8-ITER100-DBTPQ1-ffbb(4037071.7): Running
21:16:00 horizon SmartSim[23531] INFO infer-sess-fortran-N4-T18-DBN4-DBCPU8-ITER100-DBTPQ1-ffbb(4037071.7): Running
21:16:06 horizon SmartSim[23531] INFO infer-sess-fortran-N4-T18-DBN4-DBCPU8-ITER100-DBTPQ1-ffbb(4037071.7): Running
21:16:11 horizon SmartSim[23531] INFO infer-sess-fortran-N4-T18-DBN4-DBCPU8-ITER100-DBTPQ1-ffbb(4037071.7): Running
21:16:16 horizon SmartSim[23531] INFO infer-sess-fortran-N4-T18-DBN4-DBCPU8-ITER100-DBTPQ1-ffbb(4037071.7): Running
21:16:21 horizon SmartSim[23531] INFO infer-sess-fortran-N4-T18-DBN4-DBCPU8-ITER100-DBTPQ1-ffbb(4037071.7): Running
21:16:26 horizon SmartSim[23531] INFO infer-sess-fortran-N4-T18-DBN4-DBCPU8-ITER100-DBTPQ1-ffbb(4037071.7): Running
21:16:31 horizon SmartSim[23531] INFO infer-sess-fortran-N4-T18-DBN4-DBCPU8-ITER100-DBTPQ1-ffbb(4037071.7): Running
21:16:36 horizon SmartSim[23531] INFO infer-sess-fortran-N4-T18-DBN4-DBCPU8-ITER100-DBTPQ1-ffbb(4037071.7): Running
21:16:41 horizon SmartSim[23531] INFO infer-sess-fortran-N4-T18-DBN4-DBCPU8-ITER100-DBTPQ1-ffbb(4037071.7): Running
21:16:46 horizon SmartSim[23531] INFO infer-sess-fortran-N4-T18-DBN4-DBCPU8-ITER100-DBTPQ1-ffbb(4037071.7): Running
21:16:51 horizon SmartSim[23531] INFO infer-sess-fortran-N4-T18-DBN4-DBCPU8-ITER100-DBTPQ1-ffbb(4037071.7): Running
21:16:56 horizon SmartSim[23531] INFO infer-sess-fortran-N4-T18-DBN4-DBCPU8-ITER100-DBTPQ1-ffbb(4037071.7): Running
21:17:01 horizon SmartSim[23531] INFO infer-sess-fortran-N4-T18-DBN4-DBCPU8-ITER100-DBTPQ1-ffbb(4037071.7): Running
21:17:06 horizon SmartSim[23531] INFO infer-sess-fortran-N4-T18-DBN4-DBCPU8-ITER100-DBTPQ1-ffbb(4037071.7): Running
21:17:11 horizon SmartSim[23531] INFO infer-sess-fortran-N4-T18-DBN4-DBCPU8-ITER100-DBTPQ1-ffbb(4037071.7): Running
21:17:16 horizon SmartSim[23531] INFO infer-sess-fortran-N4-T18-DBN4-DBCPU8-ITER100-DBTPQ1-ffbb(4037071.7): Running
21:17:21 horizon SmartSim[23531] INFO infer-sess-fortran-N4-T18-DBN4-DBCPU8-ITER100-DBTPQ1-ffbb(4037071.7): Running
21:17:26 horizon SmartSim[23531] INFO infer-sess-fortran-N4-T18-DBN4-DBCPU8-ITER100-DBTPQ1-ffbb(4037071.7): Running
21:17:31 horizon SmartSim[23531] INFO infer-sess-fortran-N4-T18-DBN4-DBCPU8-ITER100-DBTPQ1-ffbb(4037071.7): Running
21:17:36 horizon SmartSim[23531] INFO infer-sess-fortran-N4-T18-DBN4-DBCPU8-ITER100-DBTPQ1-ffbb(4037071.7): Running
21:17:41 horizon SmartSim[23531] INFO infer-sess-fortran-N4-T18-DBN4-DBCPU8-ITER100-DBTPQ1-ffbb(4037071.7): Running
21:17:46 horizon SmartSim[23531] INFO infer-sess-fortran-N4-T18-DBN4-DBCPU8-ITER100-DBTPQ1-ffbb(4037071.7): Running
21:17:51 horizon SmartSim[23531] INFO infer-sess-fortran-N4-T18-DBN4-DBCPU8-ITER100-DBTPQ1-ffbb(4037071.7): Running
21:17:56 horizon SmartSim[23531] INFO infer-sess-fortran-N4-T18-DBN4-DBCPU8-ITER100-DBTPQ1-ffbb(4037071.7): Running
21:18:01 horizon SmartSim[23531] INFO infer-sess-fortran-N4-T18-DBN4-DBCPU8-ITER100-DBTPQ1-ffbb(4037071.7): Running
21:18:06 horizon SmartSim[23531] INFO infer-sess-fortran-N4-T18-DBN4-DBCPU8-ITER100-DBTPQ1-ffbb(4037071.7): Running
21:18:11 horizon SmartSim[23531] INFO infer-sess-fortran-N4-T18-DBN4-DBCPU8-ITER100-DBTPQ1-ffbb(4037071.7): Running
21:18:16 horizon SmartSim[23531] INFO infer-sess-fortran-N4-T18-DBN4-DBCPU8-ITER100-DBTPQ1-ffbb(4037071.7): Running
21:18:21 horizon SmartSim[23531] INFO infer-sess-fortran-N4-T18-DBN4-DBCPU8-ITER100-DBTPQ1-ffbb(4037071.7): Running
21:18:26 horizon SmartSim[23531] INFO infer-sess-fortran-N4-T18-DBN4-DBCPU8-ITER100-DBTPQ1-ffbb(4037071.7): Running
21:18:31 horizon SmartSim[23531] INFO infer-sess-fortran-N4-T18-DBN4-DBCPU8-ITER100-DBTPQ1-ffbb(4037071.7): Running
21:18:36 horizon SmartSim[23531] INFO infer-sess-fortran-N4-T18-DBN4-DBCPU8-ITER100-DBTPQ1-ffbb(4037071.7): Running
21:18:41 horizon SmartSim[23531] INFO infer-sess-fortran-N4-T18-DBN4-DBCPU8-ITER100-DBTPQ1-ffbb(4037071.7): Running
21:18:46 horizon SmartSim[23531] INFO infer-sess-fortran-N4-T18-DBN4-DBCPU8-ITER100-DBTPQ1-ffbb(4037071.7): Running
21:18:51 horizon SmartSim[23531] INFO infer-sess-fortran-N4-T18-DBN4-DBCPU8-ITER100-DBTPQ1-ffbb(4037071.7): Running
21:18:56 horizon SmartSim[23531] INFO infer-sess-fortran-N4-T18-DBN4-DBCPU8-ITER100-DBTPQ1-ffbb(4037071.7): Running
21:19:01 horizon SmartSim[23531] INFO infer-sess-fortran-N4-T18-DBN4-DBCPU8-ITER100-DBTPQ1-ffbb(4037071.7): Running
21:19:06 horizon SmartSim[23531] INFO infer-sess-fortran-N4-T18-DBN4-DBCPU8-ITER100-DBTPQ1-ffbb(4037071.7): Running
21:19:11 horizon SmartSim[23531] INFO infer-sess-fortran-N4-T18-DBN4-DBCPU8-ITER100-DBTPQ1-ffbb(4037071.7): Running
21:19:16 horizon SmartSim[23531] INFO infer-sess-fortran-N4-T18-DBN4-DBCPU8-ITER100-DBTPQ1-ffbb(4037071.7): Running
21:19:21 horizon SmartSim[23531] INFO infer-sess-fortran-N4-T18-DBN4-DBCPU8-ITER100-DBTPQ1-ffbb(4037071.7): Running
21:19:26 horizon SmartSim[23531] INFO infer-sess-fortran-N4-T18-DBN4-DBCPU8-ITER100-DBTPQ1-ffbb(4037071.7): Running
21:19:31 horizon SmartSim[23531] INFO infer-sess-fortran-N4-T18-DBN4-DBCPU8-ITER100-DBTPQ1-ffbb(4037071.7): Running
21:19:36 horizon SmartSim[23531] INFO infer-sess-fortran-N4-T18-DBN4-DBCPU8-ITER100-DBTPQ1-ffbb(4037071.7): Running
21:19:41 horizon SmartSim[23531] INFO infer-sess-fortran-N4-T18-DBN4-DBCPU8-ITER100-DBTPQ1-ffbb(4037071.7): Running
21:19:46 horizon SmartSim[23531] INFO infer-sess-fortran-N4-T18-DBN4-DBCPU8-ITER100-DBTPQ1-ffbb(4037071.7): Running
21:19:51 horizon SmartSim[23531] INFO infer-sess-fortran-N4-T18-DBN4-DBCPU8-ITER100-DBTPQ1-ffbb(4037071.7): Running
21:19:56 horizon SmartSim[23531] INFO infer-sess-fortran-N4-T18-DBN4-DBCPU8-ITER100-DBTPQ1-ffbb(4037071.7): Running
21:20:01 horizon SmartSim[23531] INFO infer-sess-fortran-N4-T18-DBN4-DBCPU8-ITER100-DBTPQ1-ffbb(4037071.7): Running
21:20:06 horizon SmartSim[23531] INFO infer-sess-fortran-N4-T18-DBN4-DBCPU8-ITER100-DBTPQ1-ffbb(4037071.7): Running
21:20:11 horizon SmartSim[23531] INFO infer-sess-fortran-N4-T18-DBN4-DBCPU8-ITER100-DBTPQ1-ffbb(4037071.7): Running
21:20:16 horizon SmartSim[23531] INFO infer-sess-fortran-N4-T18-DBN4-DBCPU8-ITER100-DBTPQ1-ffbb(4037071.7): Running
21:20:21 horizon SmartSim[23531] INFO infer-sess-fortran-N4-T18-DBN4-DBCPU8-ITER100-DBTPQ1-ffbb(4037071.7): Running
21:20:26 horizon SmartSim[23531] INFO infer-sess-fortran-N4-T18-DBN4-DBCPU8-ITER100-DBTPQ1-ffbb(4037071.7): Running
21:20:31 horizon SmartSim[23531] INFO infer-sess-fortran-N4-T18-DBN4-DBCPU8-ITER100-DBTPQ1-ffbb(4037071.7): Running
21:20:36 horizon SmartSim[23531] INFO infer-sess-fortran-N4-T18-DBN4-DBCPU8-ITER100-DBTPQ1-ffbb(4037071.7): Running
21:20:41 horizon SmartSim[23531] INFO infer-sess-fortran-N4-T18-DBN4-DBCPU8-ITER100-DBTPQ1-ffbb(4037071.7): Running
21:20:46 horizon SmartSim[23531] INFO infer-sess-fortran-N4-T18-DBN4-DBCPU8-ITER100-DBTPQ1-ffbb(4037071.7): Running
21:20:51 horizon SmartSim[23531] INFO infer-sess-fortran-N4-T18-DBN4-DBCPU8-ITER100-DBTPQ1-ffbb(4037071.7): Running
21:20:56 horizon SmartSim[23531] INFO infer-sess-fortran-N4-T18-DBN4-DBCPU8-ITER100-DBTPQ1-ffbb(4037071.7): Running
21:21:01 horizon SmartSim[23531] INFO infer-sess-fortran-N4-T18-DBN4-DBCPU8-ITER100-DBTPQ1-ffbb(4037071.7): Running
21:21:06 horizon SmartSim[23531] INFO infer-sess-fortran-N4-T18-DBN4-DBCPU8-ITER100-DBTPQ1-ffbb(4037071.7): Running
21:21:11 horizon SmartSim[23531] INFO infer-sess-fortran-N4-T18-DBN4-DBCPU8-ITER100-DBTPQ1-ffbb(4037071.7): Running
21:21:16 horizon SmartSim[23531] INFO infer-sess-fortran-N4-T18-DBN4-DBCPU8-ITER100-DBTPQ1-ffbb(4037071.7): Running
21:21:21 horizon SmartSim[23531] INFO infer-sess-fortran-N4-T18-DBN4-DBCPU8-ITER100-DBTPQ1-ffbb(4037071.7): Running
21:21:26 horizon SmartSim[23531] INFO infer-sess-fortran-N4-T18-DBN4-DBCPU8-ITER100-DBTPQ1-ffbb(4037071.7): Running
21:21:31 horizon SmartSim[23531] INFO infer-sess-fortran-N4-T18-DBN4-DBCPU8-ITER100-DBTPQ1-ffbb(4037071.7): Running
21:21:36 horizon SmartSim[23531] INFO infer-sess-fortran-N4-T18-DBN4-DBCPU8-ITER100-DBTPQ1-ffbb(4037071.7): Running
21:21:41 horizon SmartSim[23531] INFO infer-sess-fortran-N4-T18-DBN4-DBCPU8-ITER100-DBTPQ1-ffbb(4037071.7): Running
21:21:46 horizon SmartSim[23531] INFO infer-sess-fortran-N4-T18-DBN4-DBCPU8-ITER100-DBTPQ1-ffbb(4037071.7): Running
21:21:51 horizon SmartSim[23531] INFO infer-sess-fortran-N4-T18-DBN4-DBCPU8-ITER100-DBTPQ1-ffbb(4037071.7): Running
21:21:56 horizon SmartSim[23531] INFO infer-sess-fortran-N4-T18-DBN4-DBCPU8-ITER100-DBTPQ1-ffbb(4037071.7): Running
21:22:01 horizon SmartSim[23531] INFO infer-sess-fortran-N4-T18-DBN4-DBCPU8-ITER100-DBTPQ1-ffbb(4037071.7): Running
21:22:06 horizon SmartSim[23531] INFO infer-sess-fortran-N4-T18-DBN4-DBCPU8-ITER100-DBTPQ1-ffbb(4037071.7): Running
21:22:11 horizon SmartSim[23531] INFO infer-sess-fortran-N4-T18-DBN4-DBCPU8-ITER100-DBTPQ1-ffbb(4037071.7): Running
21:22:16 horizon SmartSim[23531] INFO infer-sess-fortran-N4-T18-DBN4-DBCPU8-ITER100-DBTPQ1-ffbb(4037071.7): Running
21:22:21 horizon SmartSim[23531] INFO infer-sess-fortran-N4-T18-DBN4-DBCPU8-ITER100-DBTPQ1-ffbb(4037071.7): Running
21:22:26 horizon SmartSim[23531] INFO infer-sess-fortran-N4-T18-DBN4-DBCPU8-ITER100-DBTPQ1-ffbb(4037071.7): Running
21:22:31 horizon SmartSim[23531] INFO infer-sess-fortran-N4-T18-DBN4-DBCPU8-ITER100-DBTPQ1-ffbb(4037071.7): Running
21:22:36 horizon SmartSim[23531] INFO infer-sess-fortran-N4-T18-DBN4-DBCPU8-ITER100-DBTPQ1-ffbb(4037071.7): Running
21:22:41 horizon SmartSim[23531] INFO infer-sess-fortran-N4-T18-DBN4-DBCPU8-ITER100-DBTPQ1-ffbb(4037071.7): Running
21:22:46 horizon SmartSim[23531] INFO infer-sess-fortran-N4-T18-DBN4-DBCPU8-ITER100-DBTPQ1-ffbb(4037071.7): Running
21:22:51 horizon SmartSim[23531] INFO infer-sess-fortran-N4-T18-DBN4-DBCPU8-ITER100-DBTPQ1-ffbb(4037071.7): Running
21:22:56 horizon SmartSim[23531] INFO infer-sess-fortran-N4-T18-DBN4-DBCPU8-ITER100-DBTPQ1-ffbb(4037071.7): Running
21:23:01 horizon SmartSim[23531] INFO infer-sess-fortran-N4-T18-DBN4-DBCPU8-ITER100-DBTPQ1-ffbb(4037071.7): Running
21:23:06 horizon SmartSim[23531] INFO infer-sess-fortran-N4-T18-DBN4-DBCPU8-ITER100-DBTPQ1-ffbb(4037071.7): Running
21:23:11 horizon SmartSim[23531] INFO infer-sess-fortran-N4-T18-DBN4-DBCPU8-ITER100-DBTPQ1-ffbb(4037071.7): Running
21:23:16 horizon SmartSim[23531] INFO infer-sess-fortran-N4-T18-DBN4-DBCPU8-ITER100-DBTPQ1-ffbb(4037071.7): Running
21:23:21 horizon SmartSim[23531] INFO infer-sess-fortran-N4-T18-DBN4-DBCPU8-ITER100-DBTPQ1-ffbb(4037071.7): Running
21:23:26 horizon SmartSim[23531] INFO infer-sess-fortran-N4-T18-DBN4-DBCPU8-ITER100-DBTPQ1-ffbb(4037071.7): Running
21:23:31 horizon SmartSim[23531] INFO infer-sess-fortran-N4-T18-DBN4-DBCPU8-ITER100-DBTPQ1-ffbb(4037071.7): Running
21:23:36 horizon SmartSim[23531] INFO infer-sess-fortran-N4-T18-DBN4-DBCPU8-ITER100-DBTPQ1-ffbb(4037071.7): Running
21:23:41 horizon SmartSim[23531] INFO infer-sess-fortran-N4-T18-DBN4-DBCPU8-ITER100-DBTPQ1-ffbb(4037071.7): Running
21:23:46 horizon SmartSim[23531] INFO infer-sess-fortran-N4-T18-DBN4-DBCPU8-ITER100-DBTPQ1-ffbb(4037071.7): Running
21:23:51 horizon SmartSim[23531] INFO infer-sess-fortran-N4-T18-DBN4-DBCPU8-ITER100-DBTPQ1-ffbb(4037071.7): Running
21:23:56 horizon SmartSim[23531] INFO infer-sess-fortran-N4-T18-DBN4-DBCPU8-ITER100-DBTPQ1-ffbb(4037071.7): Running
21:24:01 horizon SmartSim[23531] INFO infer-sess-fortran-N4-T18-DBN4-DBCPU8-ITER100-DBTPQ1-ffbb(4037071.7): Running
21:24:06 horizon SmartSim[23531] INFO infer-sess-fortran-N4-T18-DBN4-DBCPU8-ITER100-DBTPQ1-ffbb(4037071.7): Running
21:24:11 horizon SmartSim[23531] INFO infer-sess-fortran-N4-T18-DBN4-DBCPU8-ITER100-DBTPQ1-ffbb(4037071.7): Running
21:24:16 horizon SmartSim[23531] INFO infer-sess-fortran-N4-T18-DBN4-DBCPU8-ITER100-DBTPQ1-ffbb(4037071.7): Running
21:24:21 horizon SmartSim[23531] INFO infer-sess-fortran-N4-T18-DBN4-DBCPU8-ITER100-DBTPQ1-ffbb(4037071.7): Running
21:24:26 horizon SmartSim[23531] INFO infer-sess-fortran-N4-T18-DBN4-DBCPU8-ITER100-DBTPQ1-ffbb(4037071.7): Running
21:24:31 horizon SmartSim[23531] INFO infer-sess-fortran-N4-T18-DBN4-DBCPU8-ITER100-DBTPQ1-ffbb(4037071.7): Running
21:24:36 horizon SmartSim[23531] INFO infer-sess-fortran-N4-T18-DBN4-DBCPU8-ITER100-DBTPQ1-ffbb(4037071.7): Running
21:24:41 horizon SmartSim[23531] INFO infer-sess-fortran-N4-T18-DBN4-DBCPU8-ITER100-DBTPQ1-ffbb(4037071.7): Running
21:24:46 horizon SmartSim[23531] INFO infer-sess-fortran-N4-T18-DBN4-DBCPU8-ITER100-DBTPQ1-ffbb(4037071.7): Running
21:24:51 horizon SmartSim[23531] INFO infer-sess-fortran-N4-T18-DBN4-DBCPU8-ITER100-DBTPQ1-ffbb(4037071.7): Running
21:24:56 horizon SmartSim[23531] INFO infer-sess-fortran-N4-T18-DBN4-DBCPU8-ITER100-DBTPQ1-ffbb(4037071.7): Running
21:25:01 horizon SmartSim[23531] INFO infer-sess-fortran-N4-T18-DBN4-DBCPU8-ITER100-DBTPQ1-ffbb(4037071.7): Running
21:25:06 horizon SmartSim[23531] INFO infer-sess-fortran-N4-T18-DBN4-DBCPU8-ITER100-DBTPQ1-ffbb(4037071.7): Running
21:25:11 horizon SmartSim[23531] INFO infer-sess-fortran-N4-T18-DBN4-DBCPU8-ITER100-DBTPQ1-ffbb(4037071.7): Running
21:25:16 horizon SmartSim[23531] INFO infer-sess-fortran-N4-T18-DBN4-DBCPU8-ITER100-DBTPQ1-ffbb(4037071.7): Running
21:25:21 horizon SmartSim[23531] INFO infer-sess-fortran-N4-T18-DBN4-DBCPU8-ITER100-DBTPQ1-ffbb(4037071.7): Running
21:25:26 horizon SmartSim[23531] INFO infer-sess-fortran-N4-T18-DBN4-DBCPU8-ITER100-DBTPQ1-ffbb(4037071.7): Running
21:25:31 horizon SmartSim[23531] INFO infer-sess-fortran-N4-T18-DBN4-DBCPU8-ITER100-DBTPQ1-ffbb(4037071.7): Running
21:25:36 horizon SmartSim[23531] INFO infer-sess-fortran-N4-T18-DBN4-DBCPU8-ITER100-DBTPQ1-ffbb(4037071.7): Running
21:25:41 horizon SmartSim[23531] INFO infer-sess-fortran-N4-T18-DBN4-DBCPU8-ITER100-DBTPQ1-ffbb(4037071.7): Running
21:25:46 horizon SmartSim[23531] INFO infer-sess-fortran-N4-T18-DBN4-DBCPU8-ITER100-DBTPQ1-ffbb(4037071.7): Running
21:25:51 horizon SmartSim[23531] INFO infer-sess-fortran-N4-T18-DBN4-DBCPU8-ITER100-DBTPQ1-ffbb(4037071.7): Running
21:25:56 horizon SmartSim[23531] INFO infer-sess-fortran-N4-T18-DBN4-DBCPU8-ITER100-DBTPQ1-ffbb(4037071.7): Running
21:26:01 horizon SmartSim[23531] INFO infer-sess-fortran-N4-T18-DBN4-DBCPU8-ITER100-DBTPQ1-ffbb(4037071.7): Running
21:26:06 horizon SmartSim[23531] INFO infer-sess-fortran-N4-T18-DBN4-DBCPU8-ITER100-DBTPQ1-ffbb(4037071.7): Running
21:26:11 horizon SmartSim[23531] INFO infer-sess-fortran-N4-T18-DBN4-DBCPU8-ITER100-DBTPQ1-ffbb(4037071.7): Running
21:26:16 horizon SmartSim[23531] INFO infer-sess-fortran-N4-T18-DBN4-DBCPU8-ITER100-DBTPQ1-ffbb(4037071.7): Running
21:26:21 horizon SmartSim[23531] INFO infer-sess-fortran-N4-T18-DBN4-DBCPU8-ITER100-DBTPQ1-ffbb(4037071.7): Running
21:26:26 horizon SmartSim[23531] INFO infer-sess-fortran-N4-T18-DBN4-DBCPU8-ITER100-DBTPQ1-ffbb(4037071.7): Running
21:26:31 horizon SmartSim[23531] INFO infer-sess-fortran-N4-T18-DBN4-DBCPU8-ITER100-DBTPQ1-ffbb(4037071.7): Running
21:26:36 horizon SmartSim[23531] INFO infer-sess-fortran-N4-T18-DBN4-DBCPU8-ITER100-DBTPQ1-ffbb(4037071.7): Running
21:26:41 horizon SmartSim[23531] INFO infer-sess-fortran-N4-T18-DBN4-DBCPU8-ITER100-DBTPQ1-ffbb(4037071.7): Running
21:26:46 horizon SmartSim[23531] INFO infer-sess-fortran-N4-T18-DBN4-DBCPU8-ITER100-DBTPQ1-ffbb(4037071.7): Running
21:26:51 horizon SmartSim[23531] INFO infer-sess-fortran-N4-T18-DBN4-DBCPU8-ITER100-DBTPQ1-ffbb(4037071.7): Running
21:26:56 horizon SmartSim[23531] INFO infer-sess-fortran-N4-T18-DBN4-DBCPU8-ITER100-DBTPQ1-ffbb(4037071.7): Running
21:27:01 horizon SmartSim[23531] INFO infer-sess-fortran-N4-T18-DBN4-DBCPU8-ITER100-DBTPQ1-ffbb(4037071.7): Running
21:27:06 horizon SmartSim[23531] INFO infer-sess-fortran-N4-T18-DBN4-DBCPU8-ITER100-DBTPQ1-ffbb(4037071.7): Running
21:27:11 horizon SmartSim[23531] INFO infer-sess-fortran-N4-T18-DBN4-DBCPU8-ITER100-DBTPQ1-ffbb(4037071.7): Running
21:27:16 horizon SmartSim[23531] INFO infer-sess-fortran-N4-T18-DBN4-DBCPU8-ITER100-DBTPQ1-ffbb(4037071.7): Running
21:27:21 horizon SmartSim[23531] INFO infer-sess-fortran-N4-T18-DBN4-DBCPU8-ITER100-DBTPQ1-ffbb(4037071.7): Running
21:27:26 horizon SmartSim[23531] INFO infer-sess-fortran-N4-T18-DBN4-DBCPU8-ITER100-DBTPQ1-ffbb(4037071.7): Running
21:27:31 horizon SmartSim[23531] INFO infer-sess-fortran-N4-T18-DBN4-DBCPU8-ITER100-DBTPQ1-ffbb(4037071.7): Running
21:27:36 horizon SmartSim[23531] INFO infer-sess-fortran-N4-T18-DBN4-DBCPU8-ITER100-DBTPQ1-ffbb(4037071.7): Running
21:27:41 horizon SmartSim[23531] INFO infer-sess-fortran-N4-T18-DBN4-DBCPU8-ITER100-DBTPQ1-ffbb(4037071.7): Running
21:27:46 horizon SmartSim[23531] INFO infer-sess-fortran-N4-T18-DBN4-DBCPU8-ITER100-DBTPQ1-ffbb(4037071.7): Running
21:27:51 horizon SmartSim[23531] INFO infer-sess-fortran-N4-T18-DBN4-DBCPU8-ITER100-DBTPQ1-ffbb(4037071.7): Running
21:27:56 horizon SmartSim[23531] INFO infer-sess-fortran-N4-T18-DBN4-DBCPU8-ITER100-DBTPQ1-ffbb(4037071.7): Running
21:28:01 horizon SmartSim[23531] INFO infer-sess-fortran-N4-T18-DBN4-DBCPU8-ITER100-DBTPQ1-ffbb(4037071.7): Running
21:28:06 horizon SmartSim[23531] INFO infer-sess-fortran-N4-T18-DBN4-DBCPU8-ITER100-DBTPQ1-ffbb(4037071.7): Running
21:28:11 horizon SmartSim[23531] INFO infer-sess-fortran-N4-T18-DBN4-DBCPU8-ITER100-DBTPQ1-ffbb(4037071.7): Running
21:28:16 horizon SmartSim[23531] INFO infer-sess-fortran-N4-T18-DBN4-DBCPU8-ITER100-DBTPQ1-ffbb(4037071.7): Running
21:28:21 horizon SmartSim[23531] INFO infer-sess-fortran-N4-T18-DBN4-DBCPU8-ITER100-DBTPQ1-ffbb(4037071.7): Running
21:28:26 horizon SmartSim[23531] INFO infer-sess-fortran-N4-T18-DBN4-DBCPU8-ITER100-DBTPQ1-ffbb(4037071.7): Running
21:28:31 horizon SmartSim[23531] INFO infer-sess-fortran-N4-T18-DBN4-DBCPU8-ITER100-DBTPQ1-ffbb(4037071.7): Running
21:28:36 horizon SmartSim[23531] INFO infer-sess-fortran-N4-T18-DBN4-DBCPU8-ITER100-DBTPQ1-ffbb(4037071.7): Running
21:28:41 horizon SmartSim[23531] INFO infer-sess-fortran-N4-T18-DBN4-DBCPU8-ITER100-DBTPQ1-ffbb(4037071.7): Running
21:28:46 horizon SmartSim[23531] INFO infer-sess-fortran-N4-T18-DBN4-DBCPU8-ITER100-DBTPQ1-ffbb(4037071.7): Running
21:28:51 horizon SmartSim[23531] INFO infer-sess-fortran-N4-T18-DBN4-DBCPU8-ITER100-DBTPQ1-ffbb(4037071.7): Running
21:28:56 horizon SmartSim[23531] INFO infer-sess-fortran-N4-T18-DBN4-DBCPU8-ITER100-DBTPQ1-ffbb(4037071.7): Running
21:29:01 horizon SmartSim[23531] INFO infer-sess-fortran-N4-T18-DBN4-DBCPU8-ITER100-DBTPQ1-ffbb(4037071.7): Running
21:29:06 horizon SmartSim[23531] INFO infer-sess-fortran-N4-T18-DBN4-DBCPU8-ITER100-DBTPQ1-ffbb(4037071.7): Running
21:29:11 horizon SmartSim[23531] INFO infer-sess-fortran-N4-T18-DBN4-DBCPU8-ITER100-DBTPQ1-ffbb(4037071.7): Running
21:29:16 horizon SmartSim[23531] INFO infer-sess-fortran-N4-T18-DBN4-DBCPU8-ITER100-DBTPQ1-ffbb(4037071.7): Running
21:29:21 horizon SmartSim[23531] INFO infer-sess-fortran-N4-T18-DBN4-DBCPU8-ITER100-DBTPQ1-ffbb(4037071.7): Running
21:29:26 horizon SmartSim[23531] INFO infer-sess-fortran-N4-T18-DBN4-DBCPU8-ITER100-DBTPQ1-ffbb(4037071.7): Running
21:29:31 horizon SmartSim[23531] INFO infer-sess-fortran-N4-T18-DBN4-DBCPU8-ITER100-DBTPQ1-ffbb(4037071.7): Running
21:29:36 horizon SmartSim[23531] INFO infer-sess-fortran-N4-T18-DBN4-DBCPU8-ITER100-DBTPQ1-ffbb(4037071.7): Running
21:29:41 horizon SmartSim[23531] INFO infer-sess-fortran-N4-T18-DBN4-DBCPU8-ITER100-DBTPQ1-ffbb(4037071.7): Running
21:29:46 horizon SmartSim[23531] INFO infer-sess-fortran-N4-T18-DBN4-DBCPU8-ITER100-DBTPQ1-ffbb(4037071.7): Running
21:29:51 horizon SmartSim[23531] INFO infer-sess-fortran-N4-T18-DBN4-DBCPU8-ITER100-DBTPQ1-ffbb(4037071.7): Running
21:29:56 horizon SmartSim[23531] INFO infer-sess-fortran-N4-T18-DBN4-DBCPU8-ITER100-DBTPQ1-ffbb(4037071.7): Running
21:30:01 horizon SmartSim[23531] INFO infer-sess-fortran-N4-T18-DBN4-DBCPU8-ITER100-DBTPQ1-ffbb(4037071.7): Running
21:30:06 horizon SmartSim[23531] INFO infer-sess-fortran-N4-T18-DBN4-DBCPU8-ITER100-DBTPQ1-ffbb(4037071.7): Running
21:30:10 horizon SmartSim[23531] INFO infer-sess-fortran-N4-T18-DBN4-DBCPU8-ITER100-DBTPQ1-ffbb(4037071.7): Completed
21:30:11 horizon SmartSim[23531] INFO Stopping model orchestrator with job name orchestrator-CUR1WXZZJHER
21:30:12 horizon SmartSim[23531] DEBUG Process terminated with kill 23594
21:30:12 horizon SmartSim[23531] DEBUG Process terminated with kill 23595
21:30:12 horizon SmartSim[23531] DEBUG Running with final_stat_dir: results/inference-standard-scaling/stats
21:30:12 horizon SmartSim[23531] DEBUG Running with run_folders: ['run-2023-08-12-21:12:00', 'run-2023-08-12-21:00:18']
21:30:12 horizon SmartSim[23531] DEBUG Running with run_list: [PosixPath('results/inference-standard-scaling/run-2023-08-12-21:12:00')] for run_folder: run-2023-08-12-21:12:00
21:30:12 horizon SmartSim[23531] DEBUG Running with run_list: [PosixPath('results/inference-standard-scaling/run-2023-08-12-21:12:00'), PosixPath('results/inference-standard-scaling/run-2023-08-12-21:00:18')] for run_folder: run-2023-08-12-21:00:18
21:30:12 horizon SmartSim[23531] WARNING Skipping results/inference-standard-scaling/run-2023-08-12-21:12:00: could not plot performance results
21:30:12 horizon SmartSim[23531] ERROR [Errno 2] No such file or directory: 'results/inference-standard-scaling/stats/run-2023-08-12-21:12:00/dataframe.csv.gz'
21:30:12 horizon SmartSim[23531] WARNING Skipping results/inference-standard-scaling/run-2023-08-12-21:00:18: could not plot performance results
21:30:12 horizon SmartSim[23531] ERROR [Errno 2] No such file or directory: 'results/inference-standard-scaling/stats/run-2023-08-12-21:00:18/dataframe.csv.gz'
